[1.810s] Invoking command in '/home/eddy/ros2_ws/build/scout_robot': PYTHONPATH=/home/eddy/ros2_ws/build/scout_robot/prefix_override:/usr/lib/python3/dist-packages/colcon_core/task/python/colcon_distutils_commands:/home/eddy/ros2_ws/install/scout_robot/lib/python3.10/site-packages:${PYTHONPATH} /usr/bin/python3 -W ignore:setup.py install is deprecated -W ignore:easy_install command is deprecated setup.py develop --editable --build-directory /home/eddy/ros2_ws/build/scout_robot/build --no-deps symlink_data
[2.125s] running develop
[2.341s] running egg_info
[2.341s] creating scout_robot.egg-info
[2.341s] writing scout_robot.egg-info/PKG-INFO
[2.341s] writing dependency_links to scout_robot.egg-info/dependency_links.txt
[2.341s] writing entry points to scout_robot.egg-info/entry_points.txt
[2.341s] writing requirements to scout_robot.egg-info/requires.txt
[2.342s] writing top-level names to scout_robot.egg-info/top_level.txt
[2.342s] writing manifest file 'scout_robot.egg-info/SOURCES.txt'
[2.343s] reading manifest file 'scout_robot.egg-info/SOURCES.txt'
[2.344s] writing manifest file 'scout_robot.egg-info/SOURCES.txt'
[2.345s] running build_ext
[2.345s] Creating /home/eddy/ros2_ws/install/scout_robot/lib/python3.10/site-packages/scout-robot.egg-link (link to .)
[2.346s] Installing aruco_detector script to /home/eddy/ros2_ws/install/scout_robot/lib/scout_robot
[2.346s] Installing assign_order_node script to /home/eddy/ros2_ws/install/scout_robot/lib/scout_robot
[2.347s] Installing nav2_commander script to /home/eddy/ros2_ws/install/scout_robot/lib/scout_robot
[2.356s] Installing qr_detector script to /home/eddy/ros2_ws/install/scout_robot/lib/scout_robot
[2.357s] 
[2.357s] Installed /home/eddy/ros2_ws/build/scout_robot
[2.357s] running symlink_data
[2.358s] creating /home/eddy/ros2_ws/install/scout_robot/share/ament_index
[2.358s] creating /home/eddy/ros2_ws/install/scout_robot/share/ament_index/resource_index
[2.358s] creating /home/eddy/ros2_ws/install/scout_robot/share/ament_index/resource_index/packages
[2.358s] symbolically linking /home/eddy/ros2_ws/build/scout_robot/resource/scout_robot -> /home/eddy/ros2_ws/install/scout_robot/share/ament_index/resource_index/packages
[2.359s] symbolically linking /home/eddy/ros2_ws/build/scout_robot/package.xml -> /home/eddy/ros2_ws/install/scout_robot/share/scout_robot
[2.359s] symbolically linking /home/eddy/ros2_ws/build/scout_robot/rooms.yaml -> /home/eddy/ros2_ws/install/scout_robot/share/scout_robot
[2.359s] creating /home/eddy/ros2_ws/install/scout_robot/share/scout_robot/launch
[2.359s] symbolically linking /home/eddy/ros2_ws/build/scout_robot/launch/scout_main_launch.py -> /home/eddy/ros2_ws/install/scout_robot/share/scout_robot/launch
[2.389s] Invoked command in '/home/eddy/ros2_ws/build/scout_robot' returned '0': PYTHONPATH=/home/eddy/ros2_ws/build/scout_robot/prefix_override:/usr/lib/python3/dist-packages/colcon_core/task/python/colcon_distutils_commands:/home/eddy/ros2_ws/install/scout_robot/lib/python3.10/site-packages:${PYTHONPATH} /usr/bin/python3 -W ignore:setup.py install is deprecated -W ignore:easy_install command is deprecated setup.py develop --editable --build-directory /home/eddy/ros2_ws/build/scout_robot/build --no-deps symlink_data
