[0.012s] Invoking command in '/home/eddy/ros2_ws/build/image_publisher': CMAKE_PREFIX_PATH=${CMAKE_PREFIX_PATH}:/opt/ros/humble /usr/bin/cmake /home/eddy/ros2_ws/src/image_pipeline/image_publisher -DCMAKE_INSTALL_PREFIX=/home/eddy/ros2_ws/install/image_publisher
[0.079s] -- The C compiler identification is GNU 11.4.0
[0.154s] -- The CXX compiler identification is GNU 11.4.0
[0.163s] -- Detecting C compiler ABI info
[0.243s] -- Detecting C compiler ABI info - done
[0.253s] -- Check for working C compiler: /usr/bin/cc - skipped
[0.253s] -- Detecting C compile features
[0.255s] -- Detecting C compile features - done
[0.258s] -- Detecting CXX compiler ABI info
[0.351s] -- Detecting CXX compiler ABI info - done
[0.361s] -- Check for working CXX compiler: /usr/bin/c++ - skipped
[0.361s] -- Detecting CXX compile features
[0.363s] -- Detecting CXX compile features - done
[0.370s] -- Found ament_cmake_auto: 1.3.12 (/opt/ros/humble/share/ament_cmake_auto/cmake)
[0.547s] -- Found Python3: /usr/bin/python3 (found version "3.10.12") found components: Interpreter 
[0.679s] -- Found camera_info_manager: 3.1.12 (/opt/ros/humble/share/camera_info_manager/cmake)
[0.748s] -- Found rosidl_generator_c: 3.1.7 (/opt/ros/humble/share/rosidl_generator_c/cmake)
[0.757s] -- Found rosidl_adapter: 3.1.7 (/opt/ros/humble/share/rosidl_adapter/cmake)
[0.768s] -- Found rosidl_generator_cpp: 3.1.7 (/opt/ros/humble/share/rosidl_generator_cpp/cmake)
[0.784s] -- Using all available rosidl_typesupport_c: rosidl_typesupport_fastrtps_c;rosidl_typesupport_introspection_c
[0.805s] -- Using all available rosidl_typesupport_cpp: rosidl_typesupport_fastrtps_cpp;rosidl_typesupport_introspection_cpp
[0.871s] -- Found rmw_implementation_cmake: 6.1.2 (/opt/ros/humble/share/rmw_implementation_cmake/cmake)
[0.876s] -- Found rmw_cyclonedds_cpp: 1.3.4 (/opt/ros/humble/share/rmw_cyclonedds_cpp/cmake)
[0.905s] -- Using RMW implementation 'rmw_cyclonedds_cpp' as default
[0.919s] -- Looking for pthread.h
[1.003s] -- Looking for pthread.h - found
[1.003s] -- Performing Test CMAKE_HAVE_LIBC_PTHREAD
[1.102s] -- Performing Test CMAKE_HAVE_LIBC_PTHREAD - Success
[1.105s] -- Found Threads: TRUE  
[1.429s] -- Found OpenCV: /usr (found version "4.5.4") found components: core imgcodecs videoio 
[1.429s] -- opencv version 4.5.4
[1.439s] -- Found ament_lint_auto: 0.12.14 (/opt/ros/humble/share/ament_lint_auto/cmake)
[1.464s] [0mIn this package, headers install destination is set to `include` by ament_auto_package. It is recommended to install `include/image_publisher` instead and will be the default behavior of ament_auto_package from ROS 2 Kilted Kaiju. On distributions before Kilted, ament_auto_package behaves the same way when you use USE_SCOPED_HEADER_INSTALL_DIR option.[0m
[1.469s] -- Added test 'copyright' to check source files copyright and LICENSE
[1.471s] -- Added test 'cppcheck' to perform static code analysis on C / C++ code
[1.471s] -- Configured cppcheck include dirs: /home/eddy/ros2_ws/src/image_pipeline/image_publisher/include
[1.472s] -- Configured cppcheck exclude dirs and/or files: 
[1.473s] -- Added test 'cpplint' to check C / C++ code against the Google style
[1.473s] -- Configured cpplint exclude dirs and/or files: 
[1.475s] -- Added test 'flake8' to check Python code syntax and style conventions
[1.475s] -- Added test 'lint_cmake' to check CMake code style
[1.476s] -- Added test 'pep257' to check Python code against some of the docstring style conventions in PEP 257
[1.477s] -- Added test 'uncrustify' to check C / C++ code style
[1.478s] -- Configured uncrustify additional arguments: 
[1.480s] -- Added test 'xmllint' to check XML markup files
[1.482s] -- Configuring done
[1.514s] -- Generating done
[1.526s] -- Build files have been written to: /home/eddy/ros2_ws/build/image_publisher
[1.539s] Invoked command in '/home/eddy/ros2_ws/build/image_publisher' returned '0': CMAKE_PREFIX_PATH=${CMAKE_PREFIX_PATH}:/opt/ros/humble /usr/bin/cmake /home/eddy/ros2_ws/src/image_pipeline/image_publisher -DCMAKE_INSTALL_PREFIX=/home/eddy/ros2_ws/install/image_publisher
[1.543s] Invoking command in '/home/eddy/ros2_ws/build/image_publisher': CMAKE_PREFIX_PATH=${CMAKE_PREFIX_PATH}:/opt/ros/humble /usr/bin/cmake --build /home/eddy/ros2_ws/build/image_publisher -- -j2 -l2
[1.608s] [ 25%] [32mBuilding CXX object CMakeFiles/image_publisher.dir/src/image_publisher.cpp.o[0m
[6.951s] [ 50%] [32m[1mLinking CXX shared library libimage_publisher.so[0m
[7.213s] [ 50%] Built target image_publisher
[7.240s] [ 75%] [32mBuilding CXX object CMakeFiles/image_publisher_node.dir/src/image_publisher_node.cpp.o[0m
[11.834s] [100%] [32m[1mLinking CXX executable image_publisher_node[0m
[12.567s] [100%] Built target image_publisher_node
[12.584s] Invoked command in '/home/eddy/ros2_ws/build/image_publisher' returned '0': CMAKE_PREFIX_PATH=${CMAKE_PREFIX_PATH}:/opt/ros/humble /usr/bin/cmake --build /home/eddy/ros2_ws/build/image_publisher -- -j2 -l2
[12.584s] Invoking command in '/home/eddy/ros2_ws/build/image_publisher': CMAKE_PREFIX_PATH=${CMAKE_PREFIX_PATH}:/opt/ros/humble /usr/bin/cmake --install /home/eddy/ros2_ws/build/image_publisher
[12.597s] -- Install configuration: ""
[12.597s] -- Installing: /home/eddy/ros2_ws/install/image_publisher/include
[12.597s] -- Installing: /home/eddy/ros2_ws/install/image_publisher/include/image_publisher
[12.597s] -- Installing: /home/eddy/ros2_ws/install/image_publisher/include/image_publisher/visibility.h
[12.598s] -- Installing: /home/eddy/ros2_ws/install/image_publisher/include/image_publisher/image_publisher.hpp
[12.598s] -- Installing: /home/eddy/ros2_ws/install/image_publisher/share/image_publisher/environment/library_path.sh
[12.599s] -- Installing: /home/eddy/ros2_ws/install/image_publisher/share/image_publisher/environment/library_path.dsv
[12.599s] -- Installing: /home/eddy/ros2_ws/install/image_publisher/lib/libimage_publisher.so
[12.601s] -- Set runtime path of "/home/eddy/ros2_ws/install/image_publisher/lib/libimage_publisher.so" to ""
[12.602s] -- Installing: /home/eddy/ros2_ws/install/image_publisher/lib/image_publisher/image_publisher_node
[12.602s] -- Set runtime path of "/home/eddy/ros2_ws/install/image_publisher/lib/image_publisher/image_publisher_node" to ""
[12.602s] -- Installing: /home/eddy/ros2_ws/install/image_publisher/share/image_publisher/launch
[12.602s] -- Installing: /home/eddy/ros2_ws/install/image_publisher/share/image_publisher/launch/image_publisher_file.launch.py
[12.603s] -- Installing: /home/eddy/ros2_ws/install/image_publisher/share/image_publisher/launch/splash.png
[12.604s] -- Installing: /home/eddy/ros2_ws/install/image_publisher/share/image_publisher/launch/image_publisher_stereo.launch.py
[12.604s] -- Installing: /home/eddy/ros2_ws/install/image_publisher/share/image_publisher/launch/image_publisher_mono.launch.py
[12.606s] -- Installing: /home/eddy/ros2_ws/install/image_publisher/share/ament_index/resource_index/package_run_dependencies/image_publisher
[12.606s] -- Installing: /home/eddy/ros2_ws/install/image_publisher/share/ament_index/resource_index/parent_prefix_path/image_publisher
[12.606s] -- Installing: /home/eddy/ros2_ws/install/image_publisher/share/image_publisher/environment/ament_prefix_path.sh
[12.607s] -- Installing: /home/eddy/ros2_ws/install/image_publisher/share/image_publisher/environment/ament_prefix_path.dsv
[12.607s] -- Installing: /home/eddy/ros2_ws/install/image_publisher/share/image_publisher/environment/path.sh
[12.607s] -- Installing: /home/eddy/ros2_ws/install/image_publisher/share/image_publisher/environment/path.dsv
[12.607s] -- Installing: /home/eddy/ros2_ws/install/image_publisher/share/image_publisher/local_setup.bash
[12.608s] -- Installing: /home/eddy/ros2_ws/install/image_publisher/share/image_publisher/local_setup.sh
[12.608s] -- Installing: /home/eddy/ros2_ws/install/image_publisher/share/image_publisher/local_setup.zsh
[12.609s] -- Installing: /home/eddy/ros2_ws/install/image_publisher/share/image_publisher/local_setup.dsv
[12.609s] -- Installing: /home/eddy/ros2_ws/install/image_publisher/share/image_publisher/package.dsv
[12.611s] -- Installing: /home/eddy/ros2_ws/install/image_publisher/share/ament_index/resource_index/packages/image_publisher
[12.612s] -- Installing: /home/eddy/ros2_ws/install/image_publisher/share/ament_index/resource_index/rclcpp_components/image_publisher
[12.612s] -- Installing: /home/eddy/ros2_ws/install/image_publisher/share/image_publisher/cmake/ament_cmake_export_dependencies-extras.cmake
[12.613s] -- Installing: /home/eddy/ros2_ws/install/image_publisher/share/image_publisher/cmake/ament_cmake_export_include_directories-extras.cmake
[12.613s] -- Installing: /home/eddy/ros2_ws/install/image_publisher/share/image_publisher/cmake/ament_cmake_export_libraries-extras.cmake
[12.613s] -- Installing: /home/eddy/ros2_ws/install/image_publisher/share/image_publisher/cmake/image_publisherConfig.cmake
[12.614s] -- Installing: /home/eddy/ros2_ws/install/image_publisher/share/image_publisher/cmake/image_publisherConfig-version.cmake
[12.614s] -- Installing: /home/eddy/ros2_ws/install/image_publisher/share/image_publisher/package.xml
[12.619s] Invoked command in '/home/eddy/ros2_ws/build/image_publisher' returned '0': CMAKE_PREFIX_PATH=${CMAKE_PREFIX_PATH}:/opt/ros/humble /usr/bin/cmake --install /home/eddy/ros2_ws/build/image_publisher
