[0.011s] Invoking command in '/home/eddy/ros2_ws/build/scout_msgs': CMAKE_PREFIX_PATH=/home/eddy/ros2_ws/install/scout_base:/home/eddy/ros2_ws/install/scout_navigation2:/home/eddy/ros2_ws/install/rfid_serial_node:/home/eddy/ros2_ws/install/my_nav2_controller:/home/eddy/ros2_ws/install/camera_calibration:/opt/ros/humble:/home/eddy/ros2_ws/install/ugv_sdk:/home/eddy/ros2_ws/install/image_pipeline:/home/eddy/ros2_ws/install/stereo_image_proc:/home/eddy/ros2_ws/install/image_proc:/home/eddy/ros2_ws/install/tracetools_image_pipeline:/home/eddy/ros2_ws/install/scout_msgs:/home/eddy/ros2_ws/install/scout_description:/home/eddy/ros2_ws/install/rplidar_ros:/home/eddy/ros2_ws/install/image_view:/home/eddy/ros2_ws/install/image_rotate:/home/eddy/ros2_ws/install/image_publisher:/home/eddy/ros2_ws/install/depth_image_proc /usr/bin/cmake --build /home/eddy/ros2_ws/build/scout_msgs -- -j2 -l2
[0.093s] [35m[1mConsolidate compiler generated dependencies of target scout_msgs__rosidl_generator_c[0m
[0.115s] [  1%] Built target scout_msgs__cpp
[0.115s] [ 12%] Built target scout_msgs__rosidl_generator_c
[0.156s] [35m[1mConsolidate compiler generated dependencies of target scout_msgs__rosidl_typesupport_cpp[0m
[0.176s] [ 23%] Built target scout_msgs__rosidl_typesupport_cpp
[0.210s] [ 23%] Built target ament_cmake_python_copy_scout_msgs
[0.212s] [35m[1mConsolidate compiler generated dependencies of target scout_msgs__rosidl_typesupport_fastrtps_c[0m
[0.251s] [35m[1mConsolidate compiler generated dependencies of target scout_msgs__rosidl_typesupport_fastrtps_cpp[0m
[0.254s] [ 34%] Built target scout_msgs__rosidl_typesupport_fastrtps_c
[0.284s] [ 46%] Built target scout_msgs__rosidl_typesupport_fastrtps_cpp
[0.291s] [35m[1mConsolidate compiler generated dependencies of target scout_msgs__rosidl_typesupport_introspection_c[0m
[0.309s] [35m[1mConsolidate compiler generated dependencies of target scout_msgs__rosidl_typesupport_c[0m
[0.312s] [ 57%] Built target scout_msgs__rosidl_typesupport_introspection_c
[0.324s] [ 68%] Built target scout_msgs__rosidl_typesupport_c
[0.340s] [35m[1mConsolidate compiler generated dependencies of target scout_msgs__rosidl_typesupport_introspection_cpp[0m
[0.367s] [ 79%] Built target scout_msgs__rosidl_typesupport_introspection_cpp
[0.420s] [ 79%] Built target scout_msgs
[0.461s] [ 80%] Built target scout_msgs__py
[0.492s] [35m[1mConsolidate compiler generated dependencies of target scout_msgs__rosidl_generator_py[0m
[0.523s] [ 90%] Built target scout_msgs__rosidl_generator_py
[0.547s] [35m[1mConsolidate compiler generated dependencies of target scout_msgs__rosidl_typesupport_fastrtps_c__pyext[0m
[0.575s] [ 93%] Built target scout_msgs__rosidl_typesupport_fastrtps_c__pyext
[0.610s] [35m[1mConsolidate compiler generated dependencies of target scout_msgs__rosidl_typesupport_introspection_c__pyext[0m
[0.644s] [ 96%] Built target scout_msgs__rosidl_typesupport_introspection_c__pyext
[0.682s] [35m[1mConsolidate compiler generated dependencies of target scout_msgs__rosidl_typesupport_c__pyext[0m
[0.715s] [100%] Built target scout_msgs__rosidl_typesupport_c__pyext
[0.793s] running egg_info
[0.797s] writing scout_msgs.egg-info/PKG-INFO
[0.797s] writing dependency_links to scout_msgs.egg-info/dependency_links.txt
[0.798s] writing top-level names to scout_msgs.egg-info/top_level.txt
[0.803s] reading manifest file 'scout_msgs.egg-info/SOURCES.txt'
[0.804s] writing manifest file 'scout_msgs.egg-info/SOURCES.txt'
[0.842s] [100%] Built target ament_cmake_python_build_scout_msgs_egg
[0.857s] Invoked command in '/home/eddy/ros2_ws/build/scout_msgs' returned '0': CMAKE_PREFIX_PATH=/home/eddy/ros2_ws/install/scout_base:/home/eddy/ros2_ws/install/scout_navigation2:/home/eddy/ros2_ws/install/rfid_serial_node:/home/eddy/ros2_ws/install/my_nav2_controller:/home/eddy/ros2_ws/install/camera_calibration:/opt/ros/humble:/home/eddy/ros2_ws/install/ugv_sdk:/home/eddy/ros2_ws/install/image_pipeline:/home/eddy/ros2_ws/install/stereo_image_proc:/home/eddy/ros2_ws/install/image_proc:/home/eddy/ros2_ws/install/tracetools_image_pipeline:/home/eddy/ros2_ws/install/scout_msgs:/home/eddy/ros2_ws/install/scout_description:/home/eddy/ros2_ws/install/rplidar_ros:/home/eddy/ros2_ws/install/image_view:/home/eddy/ros2_ws/install/image_rotate:/home/eddy/ros2_ws/install/image_publisher:/home/eddy/ros2_ws/install/depth_image_proc /usr/bin/cmake --build /home/eddy/ros2_ws/build/scout_msgs -- -j2 -l2
[0.863s] Invoking command in '/home/eddy/ros2_ws/build/scout_msgs': CMAKE_PREFIX_PATH=/home/eddy/ros2_ws/install/scout_base:/home/eddy/ros2_ws/install/scout_navigation2:/home/eddy/ros2_ws/install/rfid_serial_node:/home/eddy/ros2_ws/install/my_nav2_controller:/home/eddy/ros2_ws/install/camera_calibration:/opt/ros/humble:/home/eddy/ros2_ws/install/ugv_sdk:/home/eddy/ros2_ws/install/image_pipeline:/home/eddy/ros2_ws/install/stereo_image_proc:/home/eddy/ros2_ws/install/image_proc:/home/eddy/ros2_ws/install/tracetools_image_pipeline:/home/eddy/ros2_ws/install/scout_msgs:/home/eddy/ros2_ws/install/scout_description:/home/eddy/ros2_ws/install/rplidar_ros:/home/eddy/ros2_ws/install/image_view:/home/eddy/ros2_ws/install/image_rotate:/home/eddy/ros2_ws/install/image_publisher:/home/eddy/ros2_ws/install/depth_image_proc /usr/bin/cmake --install /home/eddy/ros2_ws/build/scout_msgs
[0.871s] -- Install configuration: ""
[0.871s] -- Up-to-date: /home/eddy/ros2_ws/install/scout_msgs/share/ament_index/resource_index/rosidl_interfaces/scout_msgs
[0.871s] -- Up-to-date: /home/eddy/ros2_ws/install/scout_msgs/include/scout_msgs/scout_msgs
[0.872s] -- Up-to-date: /home/eddy/ros2_ws/install/scout_msgs/include/scout_msgs/scout_msgs/msg
[0.872s] -- Up-to-date: /home/eddy/ros2_ws/install/scout_msgs/include/scout_msgs/scout_msgs/msg/rosidl_generator_c__visibility_control.h
[0.872s] -- Up-to-date: /home/eddy/ros2_ws/install/scout_msgs/include/scout_msgs/scout_msgs/msg/scout_status.h
[0.872s] -- Up-to-date: /home/eddy/ros2_ws/install/scout_msgs/include/scout_msgs/scout_msgs/msg/scout_light_state.h
[0.872s] -- Up-to-date: /home/eddy/ros2_ws/install/scout_msgs/include/scout_msgs/scout_msgs/msg/scout_rc_state.h
[0.873s] -- Up-to-date: /home/eddy/ros2_ws/install/scout_msgs/include/scout_msgs/scout_msgs/msg/scout_light_cmd.h
[0.873s] -- Up-to-date: /home/eddy/ros2_ws/install/scout_msgs/include/scout_msgs/scout_msgs/msg/detail
[0.874s] -- Up-to-date: /home/eddy/ros2_ws/install/scout_msgs/include/scout_msgs/scout_msgs/msg/detail/scout_light_cmd__struct.h
[0.874s] -- Up-to-date: /home/eddy/ros2_ws/install/scout_msgs/include/scout_msgs/scout_msgs/msg/detail/scout_light_state__struct.h
[0.874s] -- Up-to-date: /home/eddy/ros2_ws/install/scout_msgs/include/scout_msgs/scout_msgs/msg/detail/scout_status__functions.h
[0.874s] -- Up-to-date: /home/eddy/ros2_ws/install/scout_msgs/include/scout_msgs/scout_msgs/msg/detail/scout_rc_state__functions.c
[0.875s] -- Up-to-date: /home/eddy/ros2_ws/install/scout_msgs/include/scout_msgs/scout_msgs/msg/detail/scout_light_cmd__functions.c
[0.875s] -- Up-to-date: /home/eddy/ros2_ws/install/scout_msgs/include/scout_msgs/scout_msgs/msg/detail/scout_light_state__functions.h
[0.875s] -- Up-to-date: /home/eddy/ros2_ws/install/scout_msgs/include/scout_msgs/scout_msgs/msg/detail/scout_status__struct.h
[0.876s] -- Up-to-date: /home/eddy/ros2_ws/install/scout_msgs/include/scout_msgs/scout_msgs/msg/detail/scout_status__type_support.h
[0.876s] -- Up-to-date: /home/eddy/ros2_ws/install/scout_msgs/include/scout_msgs/scout_msgs/msg/detail/scout_rc_state__struct.h
[0.876s] -- Up-to-date: /home/eddy/ros2_ws/install/scout_msgs/include/scout_msgs/scout_msgs/msg/detail/scout_rc_state__type_support.h
[0.876s] -- Up-to-date: /home/eddy/ros2_ws/install/scout_msgs/include/scout_msgs/scout_msgs/msg/detail/scout_actuator_state__type_support.h
[0.876s] -- Up-to-date: /home/eddy/ros2_ws/install/scout_msgs/include/scout_msgs/scout_msgs/msg/detail/scout_light_cmd__type_support.h
[0.877s] -- Up-to-date: /home/eddy/ros2_ws/install/scout_msgs/include/scout_msgs/scout_msgs/msg/detail/scout_light_state__functions.c
[0.877s] -- Up-to-date: /home/eddy/ros2_ws/install/scout_msgs/include/scout_msgs/scout_msgs/msg/detail/scout_status__functions.c
[0.877s] -- Up-to-date: /home/eddy/ros2_ws/install/scout_msgs/include/scout_msgs/scout_msgs/msg/detail/scout_light_state__type_support.h
[0.877s] -- Up-to-date: /home/eddy/ros2_ws/install/scout_msgs/include/scout_msgs/scout_msgs/msg/detail/scout_actuator_state__struct.h
[0.878s] -- Up-to-date: /home/eddy/ros2_ws/install/scout_msgs/include/scout_msgs/scout_msgs/msg/detail/scout_actuator_state__functions.h
[0.879s] -- Up-to-date: /home/eddy/ros2_ws/install/scout_msgs/include/scout_msgs/scout_msgs/msg/detail/scout_rc_state__functions.h
[0.879s] -- Up-to-date: /home/eddy/ros2_ws/install/scout_msgs/include/scout_msgs/scout_msgs/msg/detail/scout_light_cmd__functions.h
[0.879s] -- Up-to-date: /home/eddy/ros2_ws/install/scout_msgs/include/scout_msgs/scout_msgs/msg/detail/scout_actuator_state__functions.c
[0.879s] -- Up-to-date: /home/eddy/ros2_ws/install/scout_msgs/include/scout_msgs/scout_msgs/msg/scout_actuator_state.h
[0.879s] -- Up-to-date: /home/eddy/ros2_ws/install/scout_msgs/share/scout_msgs/environment/library_path.sh
[0.879s] -- Up-to-date: /home/eddy/ros2_ws/install/scout_msgs/share/scout_msgs/environment/library_path.dsv
[0.879s] -- Up-to-date: /home/eddy/ros2_ws/install/scout_msgs/lib/libscout_msgs__rosidl_generator_c.so
[0.879s] -- Up-to-date: /home/eddy/ros2_ws/install/scout_msgs/include/scout_msgs/scout_msgs
[0.881s] -- Up-to-date: /home/eddy/ros2_ws/install/scout_msgs/include/scout_msgs/scout_msgs/msg
[0.881s] -- Up-to-date: /home/eddy/ros2_ws/install/scout_msgs/include/scout_msgs/scout_msgs/msg/detail
[0.881s] -- Up-to-date: /home/eddy/ros2_ws/install/scout_msgs/include/scout_msgs/scout_msgs/msg/detail/scout_light_state__rosidl_typesupport_fastrtps_c.h
[0.881s] -- Up-to-date: /home/eddy/ros2_ws/install/scout_msgs/include/scout_msgs/scout_msgs/msg/detail/scout_light_cmd__rosidl_typesupport_fastrtps_c.h
[0.881s] -- Up-to-date: /home/eddy/ros2_ws/install/scout_msgs/include/scout_msgs/scout_msgs/msg/detail/scout_rc_state__rosidl_typesupport_fastrtps_c.h
[0.881s] -- Up-to-date: /home/eddy/ros2_ws/install/scout_msgs/include/scout_msgs/scout_msgs/msg/detail/scout_actuator_state__rosidl_typesupport_fastrtps_c.h
[0.881s] -- Up-to-date: /home/eddy/ros2_ws/install/scout_msgs/include/scout_msgs/scout_msgs/msg/detail/scout_status__rosidl_typesupport_fastrtps_c.h
[0.881s] -- Up-to-date: /home/eddy/ros2_ws/install/scout_msgs/include/scout_msgs/scout_msgs/msg/rosidl_typesupport_fastrtps_c__visibility_control.h
[0.881s] -- Up-to-date: /home/eddy/ros2_ws/install/scout_msgs/lib/libscout_msgs__rosidl_typesupport_fastrtps_c.so
[0.881s] -- Up-to-date: /home/eddy/ros2_ws/install/scout_msgs/include/scout_msgs/scout_msgs
[0.881s] -- Up-to-date: /home/eddy/ros2_ws/install/scout_msgs/include/scout_msgs/scout_msgs/msg
[0.881s] -- Up-to-date: /home/eddy/ros2_ws/install/scout_msgs/include/scout_msgs/scout_msgs/msg/rosidl_generator_cpp__visibility_control.hpp
[0.882s] -- Up-to-date: /home/eddy/ros2_ws/install/scout_msgs/include/scout_msgs/scout_msgs/msg/detail
[0.882s] -- Up-to-date: /home/eddy/ros2_ws/install/scout_msgs/include/scout_msgs/scout_msgs/msg/detail/scout_light_cmd__type_support.hpp
[0.882s] -- Up-to-date: /home/eddy/ros2_ws/install/scout_msgs/include/scout_msgs/scout_msgs/msg/detail/scout_light_cmd__traits.hpp
[0.882s] -- Up-to-date: /home/eddy/ros2_ws/install/scout_msgs/include/scout_msgs/scout_msgs/msg/detail/scout_status__builder.hpp
[0.882s] -- Up-to-date: /home/eddy/ros2_ws/install/scout_msgs/include/scout_msgs/scout_msgs/msg/detail/scout_actuator_state__builder.hpp
[0.884s] -- Up-to-date: /home/eddy/ros2_ws/install/scout_msgs/include/scout_msgs/scout_msgs/msg/detail/scout_rc_state__builder.hpp
[0.884s] -- Up-to-date: /home/eddy/ros2_ws/install/scout_msgs/include/scout_msgs/scout_msgs/msg/detail/scout_status__traits.hpp
[0.884s] -- Up-to-date: /home/eddy/ros2_ws/install/scout_msgs/include/scout_msgs/scout_msgs/msg/detail/scout_rc_state__type_support.hpp
[0.884s] -- Up-to-date: /home/eddy/ros2_ws/install/scout_msgs/include/scout_msgs/scout_msgs/msg/detail/scout_actuator_state__type_support.hpp
[0.884s] -- Up-to-date: /home/eddy/ros2_ws/install/scout_msgs/include/scout_msgs/scout_msgs/msg/detail/scout_light_state__type_support.hpp
[0.885s] -- Up-to-date: /home/eddy/ros2_ws/install/scout_msgs/include/scout_msgs/scout_msgs/msg/detail/scout_rc_state__struct.hpp
[0.885s] -- Up-to-date: /home/eddy/ros2_ws/install/scout_msgs/include/scout_msgs/scout_msgs/msg/detail/scout_light_state__struct.hpp
[0.885s] -- Up-to-date: /home/eddy/ros2_ws/install/scout_msgs/include/scout_msgs/scout_msgs/msg/detail/scout_light_cmd__builder.hpp
[0.885s] -- Up-to-date: /home/eddy/ros2_ws/install/scout_msgs/include/scout_msgs/scout_msgs/msg/detail/scout_status__type_support.hpp
[0.885s] -- Up-to-date: /home/eddy/ros2_ws/install/scout_msgs/include/scout_msgs/scout_msgs/msg/detail/scout_status__struct.hpp
[0.885s] -- Up-to-date: /home/eddy/ros2_ws/install/scout_msgs/include/scout_msgs/scout_msgs/msg/detail/scout_rc_state__traits.hpp
[0.885s] -- Up-to-date: /home/eddy/ros2_ws/install/scout_msgs/include/scout_msgs/scout_msgs/msg/detail/scout_actuator_state__struct.hpp
[0.885s] -- Up-to-date: /home/eddy/ros2_ws/install/scout_msgs/include/scout_msgs/scout_msgs/msg/detail/scout_light_cmd__struct.hpp
[0.886s] -- Up-to-date: /home/eddy/ros2_ws/install/scout_msgs/include/scout_msgs/scout_msgs/msg/detail/scout_light_state__traits.hpp
[0.886s] -- Up-to-date: /home/eddy/ros2_ws/install/scout_msgs/include/scout_msgs/scout_msgs/msg/detail/scout_light_state__builder.hpp
[0.886s] -- Up-to-date: /home/eddy/ros2_ws/install/scout_msgs/include/scout_msgs/scout_msgs/msg/detail/scout_actuator_state__traits.hpp
[0.886s] -- Up-to-date: /home/eddy/ros2_ws/install/scout_msgs/include/scout_msgs/scout_msgs/msg/scout_actuator_state.hpp
[0.887s] -- Up-to-date: /home/eddy/ros2_ws/install/scout_msgs/include/scout_msgs/scout_msgs/msg/scout_rc_state.hpp
[0.887s] -- Up-to-date: /home/eddy/ros2_ws/install/scout_msgs/include/scout_msgs/scout_msgs/msg/scout_light_state.hpp
[0.887s] -- Up-to-date: /home/eddy/ros2_ws/install/scout_msgs/include/scout_msgs/scout_msgs/msg/scout_status.hpp
[0.888s] -- Up-to-date: /home/eddy/ros2_ws/install/scout_msgs/include/scout_msgs/scout_msgs/msg/scout_light_cmd.hpp
[0.888s] -- Up-to-date: /home/eddy/ros2_ws/install/scout_msgs/include/scout_msgs/scout_msgs
[0.888s] -- Up-to-date: /home/eddy/ros2_ws/install/scout_msgs/include/scout_msgs/scout_msgs/msg
[0.888s] -- Up-to-date: /home/eddy/ros2_ws/install/scout_msgs/include/scout_msgs/scout_msgs/msg/rosidl_typesupport_fastrtps_cpp__visibility_control.h
[0.888s] -- Up-to-date: /home/eddy/ros2_ws/install/scout_msgs/include/scout_msgs/scout_msgs/msg/detail
[0.888s] -- Up-to-date: /home/eddy/ros2_ws/install/scout_msgs/include/scout_msgs/scout_msgs/msg/detail/scout_light_cmd__rosidl_typesupport_fastrtps_cpp.hpp
[0.888s] -- Up-to-date: /home/eddy/ros2_ws/install/scout_msgs/include/scout_msgs/scout_msgs/msg/detail/scout_rc_state__rosidl_typesupport_fastrtps_cpp.hpp
[0.888s] -- Up-to-date: /home/eddy/ros2_ws/install/scout_msgs/include/scout_msgs/scout_msgs/msg/detail/scout_light_state__rosidl_typesupport_fastrtps_cpp.hpp
[0.888s] -- Up-to-date: /home/eddy/ros2_ws/install/scout_msgs/include/scout_msgs/scout_msgs/msg/detail/dds_fastrtps
[0.888s] -- Up-to-date: /home/eddy/ros2_ws/install/scout_msgs/include/scout_msgs/scout_msgs/msg/detail/scout_actuator_state__rosidl_typesupport_fastrtps_cpp.hpp
[0.888s] -- Up-to-date: /home/eddy/ros2_ws/install/scout_msgs/include/scout_msgs/scout_msgs/msg/detail/scout_status__rosidl_typesupport_fastrtps_cpp.hpp
[0.888s] -- Up-to-date: /home/eddy/ros2_ws/install/scout_msgs/lib/libscout_msgs__rosidl_typesupport_fastrtps_cpp.so
[0.888s] -- Up-to-date: /home/eddy/ros2_ws/install/scout_msgs/include/scout_msgs/scout_msgs
[0.888s] -- Up-to-date: /home/eddy/ros2_ws/install/scout_msgs/include/scout_msgs/scout_msgs/msg
[0.888s] -- Up-to-date: /home/eddy/ros2_ws/install/scout_msgs/include/scout_msgs/scout_msgs/msg/detail
[0.888s] -- Up-to-date: /home/eddy/ros2_ws/install/scout_msgs/include/scout_msgs/scout_msgs/msg/detail/scout_light_state__rosidl_typesupport_introspection_c.h
[0.888s] -- Up-to-date: /home/eddy/ros2_ws/install/scout_msgs/include/scout_msgs/scout_msgs/msg/detail/scout_status__rosidl_typesupport_introspection_c.h
[0.889s] -- Up-to-date: /home/eddy/ros2_ws/install/scout_msgs/include/scout_msgs/scout_msgs/msg/detail/scout_actuator_state__rosidl_typesupport_introspection_c.h
[0.889s] -- Up-to-date: /home/eddy/ros2_ws/install/scout_msgs/include/scout_msgs/scout_msgs/msg/detail/scout_light_cmd__rosidl_typesupport_introspection_c.h
[0.889s] -- Up-to-date: /home/eddy/ros2_ws/install/scout_msgs/include/scout_msgs/scout_msgs/msg/detail/scout_status__type_support.c
[0.889s] -- Up-to-date: /home/eddy/ros2_ws/install/scout_msgs/include/scout_msgs/scout_msgs/msg/detail/scout_actuator_state__type_support.c
[0.889s] -- Up-to-date: /home/eddy/ros2_ws/install/scout_msgs/include/scout_msgs/scout_msgs/msg/detail/scout_rc_state__rosidl_typesupport_introspection_c.h
[0.889s] -- Up-to-date: /home/eddy/ros2_ws/install/scout_msgs/include/scout_msgs/scout_msgs/msg/detail/scout_rc_state__type_support.c
[0.889s] -- Up-to-date: /home/eddy/ros2_ws/install/scout_msgs/include/scout_msgs/scout_msgs/msg/detail/scout_light_cmd__type_support.c
[0.889s] -- Up-to-date: /home/eddy/ros2_ws/install/scout_msgs/include/scout_msgs/scout_msgs/msg/detail/scout_light_state__type_support.c
[0.889s] -- Up-to-date: /home/eddy/ros2_ws/install/scout_msgs/include/scout_msgs/scout_msgs/msg/rosidl_typesupport_introspection_c__visibility_control.h
[0.891s] -- Up-to-date: /home/eddy/ros2_ws/install/scout_msgs/lib/libscout_msgs__rosidl_typesupport_introspection_c.so
[0.892s] -- Up-to-date: /home/eddy/ros2_ws/install/scout_msgs/lib/libscout_msgs__rosidl_typesupport_c.so
[0.892s] -- Up-to-date: /home/eddy/ros2_ws/install/scout_msgs/include/scout_msgs/scout_msgs
[0.893s] -- Up-to-date: /home/eddy/ros2_ws/install/scout_msgs/include/scout_msgs/scout_msgs/msg
[0.893s] -- Up-to-date: /home/eddy/ros2_ws/install/scout_msgs/include/scout_msgs/scout_msgs/msg/detail
[0.893s] -- Up-to-date: /home/eddy/ros2_ws/install/scout_msgs/include/scout_msgs/scout_msgs/msg/detail/scout_light_cmd__type_support.cpp
[0.893s] -- Up-to-date: /home/eddy/ros2_ws/install/scout_msgs/include/scout_msgs/scout_msgs/msg/detail/scout_status__rosidl_typesupport_introspection_cpp.hpp
[0.894s] -- Up-to-date: /home/eddy/ros2_ws/install/scout_msgs/include/scout_msgs/scout_msgs/msg/detail/scout_light_state__type_support.cpp
[0.894s] -- Up-to-date: /home/eddy/ros2_ws/install/scout_msgs/include/scout_msgs/scout_msgs/msg/detail/scout_actuator_state__rosidl_typesupport_introspection_cpp.hpp
[0.894s] -- Up-to-date: /home/eddy/ros2_ws/install/scout_msgs/include/scout_msgs/scout_msgs/msg/detail/scout_status__type_support.cpp
[0.894s] -- Up-to-date: /home/eddy/ros2_ws/install/scout_msgs/include/scout_msgs/scout_msgs/msg/detail/scout_rc_state__type_support.cpp
[0.894s] -- Up-to-date: /home/eddy/ros2_ws/install/scout_msgs/include/scout_msgs/scout_msgs/msg/detail/scout_light_state__rosidl_typesupport_introspection_cpp.hpp
[0.894s] -- Up-to-date: /home/eddy/ros2_ws/install/scout_msgs/include/scout_msgs/scout_msgs/msg/detail/scout_rc_state__rosidl_typesupport_introspection_cpp.hpp
[0.894s] -- Up-to-date: /home/eddy/ros2_ws/install/scout_msgs/include/scout_msgs/scout_msgs/msg/detail/scout_actuator_state__type_support.cpp
[0.895s] -- Up-to-date: /home/eddy/ros2_ws/install/scout_msgs/include/scout_msgs/scout_msgs/msg/detail/scout_light_cmd__rosidl_typesupport_introspection_cpp.hpp
[0.896s] -- Up-to-date: /home/eddy/ros2_ws/install/scout_msgs/lib/libscout_msgs__rosidl_typesupport_introspection_cpp.so
[0.900s] -- Up-to-date: /home/eddy/ros2_ws/install/scout_msgs/lib/libscout_msgs__rosidl_typesupport_cpp.so
[0.901s] -- Up-to-date: /home/eddy/ros2_ws/install/scout_msgs/share/scout_msgs/environment/pythonpath.sh
[0.901s] -- Up-to-date: /home/eddy/ros2_ws/install/scout_msgs/share/scout_msgs/environment/pythonpath.dsv
[0.902s] -- Up-to-date: /home/eddy/ros2_ws/install/scout_msgs/local/lib/python3.10/dist-packages/scout_msgs-0.1.0-py3.10.egg-info
[0.902s] -- Installing: /home/eddy/ros2_ws/install/scout_msgs/local/lib/python3.10/dist-packages/scout_msgs-0.1.0-py3.10.egg-info/PKG-INFO
[0.904s] -- Installing: /home/eddy/ros2_ws/install/scout_msgs/local/lib/python3.10/dist-packages/scout_msgs-0.1.0-py3.10.egg-info/dependency_links.txt
[0.905s] -- Installing: /home/eddy/ros2_ws/install/scout_msgs/local/lib/python3.10/dist-packages/scout_msgs-0.1.0-py3.10.egg-info/top_level.txt
[0.905s] -- Installing: /home/eddy/ros2_ws/install/scout_msgs/local/lib/python3.10/dist-packages/scout_msgs-0.1.0-py3.10.egg-info/SOURCES.txt
[0.905s] -- Up-to-date: /home/eddy/ros2_ws/install/scout_msgs/local/lib/python3.10/dist-packages/scout_msgs
[0.905s] -- Up-to-date: /home/eddy/ros2_ws/install/scout_msgs/local/lib/python3.10/dist-packages/scout_msgs/_scout_msgs_s.ep.rosidl_typesupport_c.c
[0.905s] -- Up-to-date: /home/eddy/ros2_ws/install/scout_msgs/local/lib/python3.10/dist-packages/scout_msgs/msg
[0.905s] -- Up-to-date: /home/eddy/ros2_ws/install/scout_msgs/local/lib/python3.10/dist-packages/scout_msgs/msg/_scout_status.py
[0.906s] -- Up-to-date: /home/eddy/ros2_ws/install/scout_msgs/local/lib/python3.10/dist-packages/scout_msgs/msg/_scout_light_cmd_s.c
[0.906s] -- Up-to-date: /home/eddy/ros2_ws/install/scout_msgs/local/lib/python3.10/dist-packages/scout_msgs/msg/_scout_rc_state.py
[0.906s] -- Up-to-date: /home/eddy/ros2_ws/install/scout_msgs/local/lib/python3.10/dist-packages/scout_msgs/msg/_scout_status_s.c
[0.906s] -- Up-to-date: /home/eddy/ros2_ws/install/scout_msgs/local/lib/python3.10/dist-packages/scout_msgs/msg/_scout_light_state.py
[0.906s] -- Up-to-date: /home/eddy/ros2_ws/install/scout_msgs/local/lib/python3.10/dist-packages/scout_msgs/msg/_scout_actuator_state.py
[0.906s] -- Up-to-date: /home/eddy/ros2_ws/install/scout_msgs/local/lib/python3.10/dist-packages/scout_msgs/msg/_scout_actuator_state_s.c
[0.906s] -- Up-to-date: /home/eddy/ros2_ws/install/scout_msgs/local/lib/python3.10/dist-packages/scout_msgs/msg/_scout_rc_state_s.c
[0.906s] -- Up-to-date: /home/eddy/ros2_ws/install/scout_msgs/local/lib/python3.10/dist-packages/scout_msgs/msg/__init__.py
[0.906s] -- Up-to-date: /home/eddy/ros2_ws/install/scout_msgs/local/lib/python3.10/dist-packages/scout_msgs/msg/_scout_light_state_s.c
[0.906s] -- Up-to-date: /home/eddy/ros2_ws/install/scout_msgs/local/lib/python3.10/dist-packages/scout_msgs/msg/_scout_light_cmd.py
[0.906s] -- Up-to-date: /home/eddy/ros2_ws/install/scout_msgs/local/lib/python3.10/dist-packages/scout_msgs/_scout_msgs_s.ep.rosidl_typesupport_introspection_c.c
[0.906s] -- Up-to-date: /home/eddy/ros2_ws/install/scout_msgs/local/lib/python3.10/dist-packages/scout_msgs/scout_msgs_s__rosidl_typesupport_introspection_c.cpython-310-x86_64-linux-gnu.so
[0.906s] -- Up-to-date: /home/eddy/ros2_ws/install/scout_msgs/local/lib/python3.10/dist-packages/scout_msgs/libscout_msgs__rosidl_generator_py.so
[0.907s] -- Up-to-date: /home/eddy/ros2_ws/install/scout_msgs/local/lib/python3.10/dist-packages/scout_msgs/_scout_msgs_s.ep.rosidl_typesupport_fastrtps_c.c
[0.907s] -- Up-to-date: /home/eddy/ros2_ws/install/scout_msgs/local/lib/python3.10/dist-packages/scout_msgs/scout_msgs_s__rosidl_typesupport_c.cpython-310-x86_64-linux-gnu.so
[0.907s] -- Up-to-date: /home/eddy/ros2_ws/install/scout_msgs/local/lib/python3.10/dist-packages/scout_msgs/__init__.py
[0.907s] -- Up-to-date: /home/eddy/ros2_ws/install/scout_msgs/local/lib/python3.10/dist-packages/scout_msgs/scout_msgs_s__rosidl_typesupport_fastrtps_c.cpython-310-x86_64-linux-gnu.so
[0.954s] Listing '/home/eddy/ros2_ws/install/scout_msgs/local/lib/python3.10/dist-packages/scout_msgs'...
[0.954s] Listing '/home/eddy/ros2_ws/install/scout_msgs/local/lib/python3.10/dist-packages/scout_msgs/msg'...
[0.961s] -- Up-to-date: /home/eddy/ros2_ws/install/scout_msgs/local/lib/python3.10/dist-packages/scout_msgs/scout_msgs_s__rosidl_typesupport_fastrtps_c.cpython-310-x86_64-linux-gnu.so
[0.963s] -- Up-to-date: /home/eddy/ros2_ws/install/scout_msgs/local/lib/python3.10/dist-packages/scout_msgs/scout_msgs_s__rosidl_typesupport_introspection_c.cpython-310-x86_64-linux-gnu.so
[0.966s] -- Up-to-date: /home/eddy/ros2_ws/install/scout_msgs/local/lib/python3.10/dist-packages/scout_msgs/scout_msgs_s__rosidl_typesupport_c.cpython-310-x86_64-linux-gnu.so
[0.969s] -- Up-to-date: /home/eddy/ros2_ws/install/scout_msgs/lib/libscout_msgs__rosidl_generator_py.so
[0.970s] -- Up-to-date: /home/eddy/ros2_ws/install/scout_msgs/share/scout_msgs/msg/ScoutActuatorState.idl
[0.970s] -- Up-to-date: /home/eddy/ros2_ws/install/scout_msgs/share/scout_msgs/msg/ScoutLightCmd.idl
[0.970s] -- Up-to-date: /home/eddy/ros2_ws/install/scout_msgs/share/scout_msgs/msg/ScoutLightState.idl
[0.970s] -- Up-to-date: /home/eddy/ros2_ws/install/scout_msgs/share/scout_msgs/msg/ScoutRCState.idl
[0.971s] -- Up-to-date: /home/eddy/ros2_ws/install/scout_msgs/share/scout_msgs/msg/ScoutStatus.idl
[0.971s] -- Up-to-date: /home/eddy/ros2_ws/install/scout_msgs/share/scout_msgs/msg/ScoutActuatorState.msg
[0.971s] -- Up-to-date: /home/eddy/ros2_ws/install/scout_msgs/share/scout_msgs/msg/ScoutLightCmd.msg
[0.971s] -- Up-to-date: /home/eddy/ros2_ws/install/scout_msgs/share/scout_msgs/msg/ScoutLightState.msg
[0.972s] -- Up-to-date: /home/eddy/ros2_ws/install/scout_msgs/share/scout_msgs/msg/ScoutRCState.msg
[0.972s] -- Up-to-date: /home/eddy/ros2_ws/install/scout_msgs/share/scout_msgs/msg/ScoutStatus.msg
[0.972s] -- Up-to-date: /home/eddy/ros2_ws/install/scout_msgs/share/ament_index/resource_index/package_run_dependencies/scout_msgs
[0.973s] -- Up-to-date: /home/eddy/ros2_ws/install/scout_msgs/share/ament_index/resource_index/parent_prefix_path/scout_msgs
[0.974s] -- Up-to-date: /home/eddy/ros2_ws/install/scout_msgs/share/scout_msgs/environment/ament_prefix_path.sh
[0.975s] -- Up-to-date: /home/eddy/ros2_ws/install/scout_msgs/share/scout_msgs/environment/ament_prefix_path.dsv
[0.975s] -- Up-to-date: /home/eddy/ros2_ws/install/scout_msgs/share/scout_msgs/environment/path.sh
[0.975s] -- Up-to-date: /home/eddy/ros2_ws/install/scout_msgs/share/scout_msgs/environment/path.dsv
[0.975s] -- Up-to-date: /home/eddy/ros2_ws/install/scout_msgs/share/scout_msgs/local_setup.bash
[0.977s] -- Up-to-date: /home/eddy/ros2_ws/install/scout_msgs/share/scout_msgs/local_setup.sh
[0.977s] -- Up-to-date: /home/eddy/ros2_ws/install/scout_msgs/share/scout_msgs/local_setup.zsh
[0.977s] -- Up-to-date: /home/eddy/ros2_ws/install/scout_msgs/share/scout_msgs/local_setup.dsv
[0.977s] -- Installing: /home/eddy/ros2_ws/install/scout_msgs/share/scout_msgs/package.dsv
[0.978s] -- Up-to-date: /home/eddy/ros2_ws/install/scout_msgs/share/ament_index/resource_index/packages/scout_msgs
[0.978s] -- Up-to-date: /home/eddy/ros2_ws/install/scout_msgs/share/scout_msgs/cmake/export_scout_msgs__rosidl_generator_cExport.cmake
[0.978s] -- Up-to-date: /home/eddy/ros2_ws/install/scout_msgs/share/scout_msgs/cmake/export_scout_msgs__rosidl_generator_cExport-noconfig.cmake
[0.983s] -- Up-to-date: /home/eddy/ros2_ws/install/scout_msgs/share/scout_msgs/cmake/export_scout_msgs__rosidl_typesupport_fastrtps_cExport.cmake
[0.983s] -- Up-to-date: /home/eddy/ros2_ws/install/scout_msgs/share/scout_msgs/cmake/export_scout_msgs__rosidl_typesupport_fastrtps_cExport-noconfig.cmake
[0.983s] -- Up-to-date: /home/eddy/ros2_ws/install/scout_msgs/share/scout_msgs/cmake/export_scout_msgs__rosidl_generator_cppExport.cmake
[0.984s] -- Up-to-date: /home/eddy/ros2_ws/install/scout_msgs/share/scout_msgs/cmake/export_scout_msgs__rosidl_typesupport_fastrtps_cppExport.cmake
[0.984s] -- Up-to-date: /home/eddy/ros2_ws/install/scout_msgs/share/scout_msgs/cmake/export_scout_msgs__rosidl_typesupport_fastrtps_cppExport-noconfig.cmake
[0.985s] -- Up-to-date: /home/eddy/ros2_ws/install/scout_msgs/share/scout_msgs/cmake/scout_msgs__rosidl_typesupport_introspection_cExport.cmake
[0.985s] -- Up-to-date: /home/eddy/ros2_ws/install/scout_msgs/share/scout_msgs/cmake/scout_msgs__rosidl_typesupport_introspection_cExport-noconfig.cmake
[0.985s] -- Up-to-date: /home/eddy/ros2_ws/install/scout_msgs/share/scout_msgs/cmake/scout_msgs__rosidl_typesupport_cExport.cmake
[0.986s] -- Up-to-date: /home/eddy/ros2_ws/install/scout_msgs/share/scout_msgs/cmake/scout_msgs__rosidl_typesupport_cExport-noconfig.cmake
[0.987s] -- Up-to-date: /home/eddy/ros2_ws/install/scout_msgs/share/scout_msgs/cmake/scout_msgs__rosidl_typesupport_introspection_cppExport.cmake
[0.988s] -- Up-to-date: /home/eddy/ros2_ws/install/scout_msgs/share/scout_msgs/cmake/scout_msgs__rosidl_typesupport_introspection_cppExport-noconfig.cmake
[0.991s] -- Up-to-date: /home/eddy/ros2_ws/install/scout_msgs/share/scout_msgs/cmake/scout_msgs__rosidl_typesupport_cppExport.cmake
[0.992s] -- Up-to-date: /home/eddy/ros2_ws/install/scout_msgs/share/scout_msgs/cmake/scout_msgs__rosidl_typesupport_cppExport-noconfig.cmake
[0.993s] -- Up-to-date: /home/eddy/ros2_ws/install/scout_msgs/share/scout_msgs/cmake/export_scout_msgs__rosidl_generator_pyExport.cmake
[0.993s] -- Up-to-date: /home/eddy/ros2_ws/install/scout_msgs/share/scout_msgs/cmake/export_scout_msgs__rosidl_generator_pyExport-noconfig.cmake
[0.993s] -- Up-to-date: /home/eddy/ros2_ws/install/scout_msgs/share/scout_msgs/cmake/rosidl_cmake-extras.cmake
[0.993s] -- Up-to-date: /home/eddy/ros2_ws/install/scout_msgs/share/scout_msgs/cmake/ament_cmake_export_dependencies-extras.cmake
[0.993s] -- Up-to-date: /home/eddy/ros2_ws/install/scout_msgs/share/scout_msgs/cmake/ament_cmake_export_include_directories-extras.cmake
[0.994s] -- Up-to-date: /home/eddy/ros2_ws/install/scout_msgs/share/scout_msgs/cmake/ament_cmake_export_libraries-extras.cmake
[0.994s] -- Up-to-date: /home/eddy/ros2_ws/install/scout_msgs/share/scout_msgs/cmake/ament_cmake_export_targets-extras.cmake
[0.994s] -- Up-to-date: /home/eddy/ros2_ws/install/scout_msgs/share/scout_msgs/cmake/rosidl_cmake_export_typesupport_targets-extras.cmake
[0.994s] -- Up-to-date: /home/eddy/ros2_ws/install/scout_msgs/share/scout_msgs/cmake/rosidl_cmake_export_typesupport_libraries-extras.cmake
[0.994s] -- Up-to-date: /home/eddy/ros2_ws/install/scout_msgs/share/scout_msgs/cmake/scout_msgsConfig.cmake
[0.995s] -- Up-to-date: /home/eddy/ros2_ws/install/scout_msgs/share/scout_msgs/cmake/scout_msgsConfig-version.cmake
[0.995s] -- Up-to-date: /home/eddy/ros2_ws/install/scout_msgs/share/scout_msgs/package.xml
[0.998s] Invoked command in '/home/eddy/ros2_ws/build/scout_msgs' returned '0': CMAKE_PREFIX_PATH=/home/eddy/ros2_ws/install/scout_base:/home/eddy/ros2_ws/install/scout_navigation2:/home/eddy/ros2_ws/install/rfid_serial_node:/home/eddy/ros2_ws/install/my_nav2_controller:/home/eddy/ros2_ws/install/camera_calibration:/opt/ros/humble:/home/eddy/ros2_ws/install/ugv_sdk:/home/eddy/ros2_ws/install/image_pipeline:/home/eddy/ros2_ws/install/stereo_image_proc:/home/eddy/ros2_ws/install/image_proc:/home/eddy/ros2_ws/install/tracetools_image_pipeline:/home/eddy/ros2_ws/install/scout_msgs:/home/eddy/ros2_ws/install/scout_description:/home/eddy/ros2_ws/install/rplidar_ros:/home/eddy/ros2_ws/install/image_view:/home/eddy/ros2_ws/install/image_rotate:/home/eddy/ros2_ws/install/image_publisher:/home/eddy/ros2_ws/install/depth_image_proc /usr/bin/cmake --install /home/eddy/ros2_ws/build/scout_msgs
