[0.884s] Invoking command in '/home/eddy/ros2_ws/src/scout_navigation2': PYTHONPATH=/home/eddy/ros2_ws/build/scout_navigation2/prefix_override:/usr/lib/python3/dist-packages/colcon_core/task/python/colcon_distutils_commands:/home/eddy/ros2_ws/install/scout_navigation2/lib/python3.10/site-packages:${PYTHONPATH} /usr/bin/python3 -W ignore:setup.py install is deprecated -W ignore:easy_install command is deprecated setup.py egg_info --egg-base ../../build/scout_navigation2 build --build-base /home/eddy/ros2_ws/build/scout_navigation2/build install --record /home/eddy/ros2_ws/build/scout_navigation2/install.log --single-version-externally-managed install_data
[1.177s] running egg_info
[1.177s] creating ../../build/scout_navigation2/scout_navigation2.egg-info
[1.178s] writing ../../build/scout_navigation2/scout_navigation2.egg-info/PKG-INFO
[1.178s] writing dependency_links to ../../build/scout_navigation2/scout_navigation2.egg-info/dependency_links.txt
[1.179s] writing entry points to ../../build/scout_navigation2/scout_navigation2.egg-info/entry_points.txt
[1.179s] writing requirements to ../../build/scout_navigation2/scout_navigation2.egg-info/requires.txt
[1.179s] writing top-level names to ../../build/scout_navigation2/scout_navigation2.egg-info/top_level.txt
[1.181s] writing manifest file '../../build/scout_navigation2/scout_navigation2.egg-info/SOURCES.txt'
[1.181s] reading manifest file '../../build/scout_navigation2/scout_navigation2.egg-info/SOURCES.txt'
[1.183s] writing manifest file '../../build/scout_navigation2/scout_navigation2.egg-info/SOURCES.txt'
[1.183s] running build
[1.183s] running build_py
[1.183s] creating /home/eddy/ros2_ws/build/scout_navigation2/build
[1.183s] creating /home/eddy/ros2_ws/build/scout_navigation2/build/lib
[1.183s] creating /home/eddy/ros2_ws/build/scout_navigation2/build/lib/scout_navigation2
[1.183s] copying scout_navigation2/__init__.py -> /home/eddy/ros2_ws/build/scout_navigation2/build/lib/scout_navigation2
[1.183s] running install
[1.186s] running install_lib
[1.186s] creating /home/eddy/ros2_ws/install/scout_navigation2/lib/python3.10/site-packages/scout_navigation2
[1.186s] copying /home/eddy/ros2_ws/build/scout_navigation2/build/lib/scout_navigation2/__init__.py -> /home/eddy/ros2_ws/install/scout_navigation2/lib/python3.10/site-packages/scout_navigation2
[1.186s] byte-compiling /home/eddy/ros2_ws/install/scout_navigation2/lib/python3.10/site-packages/scout_navigation2/__init__.py to __init__.cpython-310.pyc
[1.186s] running install_data
[1.186s] creating /home/eddy/ros2_ws/install/scout_navigation2/share/ament_index
[1.186s] creating /home/eddy/ros2_ws/install/scout_navigation2/share/ament_index/resource_index
[1.186s] creating /home/eddy/ros2_ws/install/scout_navigation2/share/ament_index/resource_index/packages
[1.186s] copying resource/scout_navigation2 -> /home/eddy/ros2_ws/install/scout_navigation2/share/ament_index/resource_index/packages
[1.186s] copying package.xml -> /home/eddy/ros2_ws/install/scout_navigation2/share/scout_navigation2
[1.186s] running install_egg_info
[1.190s] Copying ../../build/scout_navigation2/scout_navigation2.egg-info to /home/eddy/ros2_ws/install/scout_navigation2/lib/python3.10/site-packages/scout_navigation2-0.0.0-py3.10.egg-info
[1.190s] running install_scripts
[1.212s] writing list of installed files to '/home/eddy/ros2_ws/build/scout_navigation2/install.log'
[1.240s] Invoked command in '/home/eddy/ros2_ws/src/scout_navigation2' returned '0': PYTHONPATH=/home/eddy/ros2_ws/build/scout_navigation2/prefix_override:/usr/lib/python3/dist-packages/colcon_core/task/python/colcon_distutils_commands:/home/eddy/ros2_ws/install/scout_navigation2/lib/python3.10/site-packages:${PYTHONPATH} /usr/bin/python3 -W ignore:setup.py install is deprecated -W ignore:easy_install command is deprecated setup.py egg_info --egg-base ../../build/scout_navigation2 build --build-base /home/eddy/ros2_ws/build/scout_navigation2/build install --record /home/eddy/ros2_ws/build/scout_navigation2/install.log --single-version-externally-managed install_data
