[0.833s] Invoking command in '/home/eddy/ros2_ws/src/image_pipeline/camera_calibration': PYTHONPATH=/home/eddy/ros2_ws/build/camera_calibration/prefix_override:/usr/lib/python3/dist-packages/colcon_core/task/python/colcon_distutils_commands:/home/eddy/ros2_ws/install/camera_calibration/lib/python3.10/site-packages:${PYTHONPATH} /usr/bin/python3 -W ignore:setup.py install is deprecated -W ignore:easy_install command is deprecated setup.py egg_info --egg-base ../../../build/camera_calibration build --build-base /home/eddy/ros2_ws/build/camera_calibration/build install --record /home/eddy/ros2_ws/build/camera_calibration/install.log --single-version-externally-managed install_data
[1.075s] running egg_info
[1.076s] creating ../../../build/camera_calibration/camera_calibration.egg-info
[1.077s] writing ../../../build/camera_calibration/camera_calibration.egg-info/PKG-INFO
[1.077s] writing dependency_links to ../../../build/camera_calibration/camera_calibration.egg-info/dependency_links.txt
[1.077s] writing entry points to ../../../build/camera_calibration/camera_calibration.egg-info/entry_points.txt
[1.077s] writing requirements to ../../../build/camera_calibration/camera_calibration.egg-info/requires.txt
[1.077s] writing top-level names to ../../../build/camera_calibration/camera_calibration.egg-info/top_level.txt
[1.077s] writing manifest file '../../../build/camera_calibration/camera_calibration.egg-info/SOURCES.txt'
[1.079s] reading manifest file '../../../build/camera_calibration/camera_calibration.egg-info/SOURCES.txt'
[1.079s] writing manifest file '../../../build/camera_calibration/camera_calibration.egg-info/SOURCES.txt'
[1.080s] running build
[1.080s] running build_py
[1.080s] creating /home/eddy/ros2_ws/build/camera_calibration/build
[1.081s] creating /home/eddy/ros2_ws/build/camera_calibration/build/lib
[1.081s] creating /home/eddy/ros2_ws/build/camera_calibration/build/lib/camera_calibration
[1.081s] copying src/camera_calibration/calibrator.py -> /home/eddy/ros2_ws/build/camera_calibration/build/lib/camera_calibration
[1.081s] copying src/camera_calibration/camera_calibrator.py -> /home/eddy/ros2_ws/build/camera_calibration/build/lib/camera_calibration
[1.081s] copying src/camera_calibration/camera_checker.py -> /home/eddy/ros2_ws/build/camera_calibration/build/lib/camera_calibration
[1.081s] copying src/camera_calibration/__init__.py -> /home/eddy/ros2_ws/build/camera_calibration/build/lib/camera_calibration
[1.083s] creating /home/eddy/ros2_ws/build/camera_calibration/build/lib/camera_calibration/nodes
[1.083s] copying src/camera_calibration/nodes/cameracheck.py -> /home/eddy/ros2_ws/build/camera_calibration/build/lib/camera_calibration/nodes
[1.083s] copying src/camera_calibration/nodes/cameracalibrator.py -> /home/eddy/ros2_ws/build/camera_calibration/build/lib/camera_calibration/nodes
[1.083s] copying src/camera_calibration/nodes/__init__.py -> /home/eddy/ros2_ws/build/camera_calibration/build/lib/camera_calibration/nodes
[1.083s] running install
[1.083s] running install_lib
[1.083s] creating /home/eddy/ros2_ws/install/camera_calibration/lib/python3.10/site-packages/camera_calibration
[1.083s] copying /home/eddy/ros2_ws/build/camera_calibration/build/lib/camera_calibration/calibrator.py -> /home/eddy/ros2_ws/install/camera_calibration/lib/python3.10/site-packages/camera_calibration
[1.083s] copying /home/eddy/ros2_ws/build/camera_calibration/build/lib/camera_calibration/camera_calibrator.py -> /home/eddy/ros2_ws/install/camera_calibration/lib/python3.10/site-packages/camera_calibration
[1.083s] copying /home/eddy/ros2_ws/build/camera_calibration/build/lib/camera_calibration/camera_checker.py -> /home/eddy/ros2_ws/install/camera_calibration/lib/python3.10/site-packages/camera_calibration
[1.083s] copying /home/eddy/ros2_ws/build/camera_calibration/build/lib/camera_calibration/__init__.py -> /home/eddy/ros2_ws/install/camera_calibration/lib/python3.10/site-packages/camera_calibration
[1.083s] creating /home/eddy/ros2_ws/install/camera_calibration/lib/python3.10/site-packages/camera_calibration/nodes
[1.083s] copying /home/eddy/ros2_ws/build/camera_calibration/build/lib/camera_calibration/nodes/cameracheck.py -> /home/eddy/ros2_ws/install/camera_calibration/lib/python3.10/site-packages/camera_calibration/nodes
[1.083s] copying /home/eddy/ros2_ws/build/camera_calibration/build/lib/camera_calibration/nodes/cameracalibrator.py -> /home/eddy/ros2_ws/install/camera_calibration/lib/python3.10/site-packages/camera_calibration/nodes
[1.083s] copying /home/eddy/ros2_ws/build/camera_calibration/build/lib/camera_calibration/nodes/__init__.py -> /home/eddy/ros2_ws/install/camera_calibration/lib/python3.10/site-packages/camera_calibration/nodes
[1.084s] byte-compiling /home/eddy/ros2_ws/install/camera_calibration/lib/python3.10/site-packages/camera_calibration/calibrator.py to calibrator.cpython-310.pyc
[1.099s] byte-compiling /home/eddy/ros2_ws/install/camera_calibration/lib/python3.10/site-packages/camera_calibration/camera_calibrator.py to camera_calibrator.cpython-310.pyc
[1.101s] byte-compiling /home/eddy/ros2_ws/install/camera_calibration/lib/python3.10/site-packages/camera_calibration/camera_checker.py to camera_checker.cpython-310.pyc
[1.101s] byte-compiling /home/eddy/ros2_ws/install/camera_calibration/lib/python3.10/site-packages/camera_calibration/__init__.py to __init__.cpython-310.pyc
[1.103s] byte-compiling /home/eddy/ros2_ws/install/camera_calibration/lib/python3.10/site-packages/camera_calibration/nodes/cameracheck.py to cameracheck.cpython-310.pyc
[1.103s] byte-compiling /home/eddy/ros2_ws/install/camera_calibration/lib/python3.10/site-packages/camera_calibration/nodes/cameracalibrator.py to cameracalibrator.cpython-310.pyc
[1.103s] byte-compiling /home/eddy/ros2_ws/install/camera_calibration/lib/python3.10/site-packages/camera_calibration/nodes/__init__.py to __init__.cpython-310.pyc
[1.103s] running install_data
[1.103s] creating /home/eddy/ros2_ws/install/camera_calibration/share/ament_index
[1.103s] creating /home/eddy/ros2_ws/install/camera_calibration/share/ament_index/resource_index
[1.103s] creating /home/eddy/ros2_ws/install/camera_calibration/share/ament_index/resource_index/packages
[1.105s] copying resource/camera_calibration -> /home/eddy/ros2_ws/install/camera_calibration/share/ament_index/resource_index/packages
[1.106s] copying package.xml -> /home/eddy/ros2_ws/install/camera_calibration/share/camera_calibration
[1.106s] running install_egg_info
[1.106s] Copying ../../../build/camera_calibration/camera_calibration.egg-info to /home/eddy/ros2_ws/install/camera_calibration/lib/python3.10/site-packages/camera_calibration-3.0.8-py3.10.egg-info
[1.106s] running install_scripts
[1.124s] Installing cameracalibrator script to /home/eddy/ros2_ws/install/camera_calibration/lib/camera_calibration
[1.124s] Installing cameracheck script to /home/eddy/ros2_ws/install/camera_calibration/lib/camera_calibration
[1.124s] writing list of installed files to '/home/eddy/ros2_ws/build/camera_calibration/install.log'
[1.150s] Invoked command in '/home/eddy/ros2_ws/src/image_pipeline/camera_calibration' returned '0': PYTHONPATH=/home/eddy/ros2_ws/build/camera_calibration/prefix_override:/usr/lib/python3/dist-packages/colcon_core/task/python/colcon_distutils_commands:/home/eddy/ros2_ws/install/camera_calibration/lib/python3.10/site-packages:${PYTHONPATH} /usr/bin/python3 -W ignore:setup.py install is deprecated -W ignore:easy_install command is deprecated setup.py egg_info --egg-base ../../../build/camera_calibration build --build-base /home/eddy/ros2_ws/build/camera_calibration/build install --record /home/eddy/ros2_ws/build/camera_calibration/install.log --single-version-externally-managed install_data
