[35m[1mConsolidate compiler generated dependencies of target scout_base_node[0m
[ 33%] [32mBuilding CXX object CMakeFiles/scout_base_node.dir/src/scout_base_ros.cpp.o[0m
In file included from [01m[K/home/eddy/ros2_ws/src/scout_ros2/scout_base/include/scout_base/scout_messenger.hpp:21[m[K,
                 from [01m[K/home/eddy/ros2_ws/src/scout_ros2/scout_base/src/scout_base_ros.cpp:12[m[K:
[01m[K/opt/ros/humble/include/tf2_geometry_msgs/tf2_geometry_msgs/tf2_geometry_msgs.h:35:2:[m[K [01;35m[Kwarning: [m[K#warning This header is obsolete, please include tf2_geometry_msgs/tf2_geometry_msgs.hpp instead [[01;35m[K]8;;https://gcc.gnu.org/onlinedocs/gcc/Warning-Options.html#index-Wcpp-Wcpp]8;;[m[K]
   35 | #[01;35m[Kwarning[m[K This header is obsolete, please include tf2_geometry_msgs/tf2_geometry_msgs.hpp instead
      |  [01;35m[K^~~~~~~[m[K
[ 66%] [32m[1mLinking CXX executable scout_base_node[0m
[100%] Built target scout_base_node
-- Install configuration: ""
-- Installing: /home/eddy/ros2_ws/install/scout_base/lib/scout_base/scout_base_node
-- Set runtime path of "/home/eddy/ros2_ws/install/scout_base/lib/scout_base/scout_base_node" to ""
-- Installing: /home/eddy/ros2_ws/install/scout_base/share/scout_base//launch
-- Installing: /home/eddy/ros2_ws/install/scout_base/share/scout_base//launch/scout_mini_omni_base.launch.py
-- Installing: /home/eddy/ros2_ws/install/scout_base/share/scout_base//launch/scout_base.launch.py
-- Installing: /home/eddy/ros2_ws/install/scout_base/share/scout_base//launch/scout_mini_base.launch.py
-- Installing: /home/eddy/ros2_ws/install/scout_base/share/ament_index/resource_index/package_run_dependencies/scout_base
-- Installing: /home/eddy/ros2_ws/install/scout_base/share/ament_index/resource_index/parent_prefix_path/scout_base
-- Installing: /home/eddy/ros2_ws/install/scout_base/share/scout_base/environment/ament_prefix_path.sh
-- Installing: /home/eddy/ros2_ws/install/scout_base/share/scout_base/environment/ament_prefix_path.dsv
-- Installing: /home/eddy/ros2_ws/install/scout_base/share/scout_base/environment/path.sh
-- Installing: /home/eddy/ros2_ws/install/scout_base/share/scout_base/environment/path.dsv
-- Installing: /home/eddy/ros2_ws/install/scout_base/share/scout_base/local_setup.bash
-- Installing: /home/eddy/ros2_ws/install/scout_base/share/scout_base/local_setup.sh
-- Installing: /home/eddy/ros2_ws/install/scout_base/share/scout_base/local_setup.zsh
-- Installing: /home/eddy/ros2_ws/install/scout_base/share/scout_base/local_setup.dsv
-- Installing: /home/eddy/ros2_ws/install/scout_base/share/scout_base/package.dsv
-- Installing: /home/eddy/ros2_ws/install/scout_base/share/ament_index/resource_index/packages/scout_base
-- Installing: /home/eddy/ros2_ws/install/scout_base/share/scout_base/cmake/scout_baseConfig.cmake
-- Installing: /home/eddy/ros2_ws/install/scout_base/share/scout_base/cmake/scout_baseConfig-version.cmake
-- Installing: /home/eddy/ros2_ws/install/scout_base/share/scout_base/package.xml
