[0.010s] Invoking command in '/home/eddy/ros2_ws/build/scout_base': CMAKE_PREFIX_PATH=/opt/ros/humble:${CMAKE_PREFIX_PATH} /usr/bin/cmake --build /home/eddy/ros2_ws/build/scout_base -- -j2 -l2
[0.053s] [35m[1mConsolidate compiler generated dependencies of target scout_base_node[0m
[0.073s] [ 33%] [32mBuilding CXX object CMakeFiles/scout_base_node.dir/src/scout_base_ros.cpp.o[0m
[0.290s] In file included from [01m[K/home/eddy/ros2_ws/src/scout_ros2/scout_base/include/scout_base/scout_messenger.hpp:21[m[K,
[0.290s]                  from [01m[K/home/eddy/ros2_ws/src/scout_ros2/scout_base/src/scout_base_ros.cpp:12[m[K:
[0.290s] [01m[K/opt/ros/humble/include/tf2_geometry_msgs/tf2_geometry_msgs/tf2_geometry_msgs.h:35:2:[m[K [01;35m[Kwarning: [m[K#warning This header is obsolete, please include tf2_geometry_msgs/tf2_geometry_msgs.hpp instead [[01;35m[K]8;;https://gcc.gnu.org/onlinedocs/gcc/Warning-Options.html#index-Wcpp-Wcpp]8;;[m[K]
[0.290s]    35 | #[01;35m[Kwarning[m[K This header is obsolete, please include tf2_geometry_msgs/tf2_geometry_msgs.hpp instead
[0.290s]       |  [01;35m[K^~~~~~~[m[K
[12.588s] [ 66%] [32m[1mLinking CXX executable scout_base_node[0m
[13.442s] [100%] Built target scout_base_node
[13.455s] Invoked command in '/home/eddy/ros2_ws/build/scout_base' returned '0': CMAKE_PREFIX_PATH=/opt/ros/humble:${CMAKE_PREFIX_PATH} /usr/bin/cmake --build /home/eddy/ros2_ws/build/scout_base -- -j2 -l2
[13.456s] Invoking command in '/home/eddy/ros2_ws/build/scout_base': CMAKE_PREFIX_PATH=/opt/ros/humble:${CMAKE_PREFIX_PATH} /usr/bin/cmake --install /home/eddy/ros2_ws/build/scout_base
[13.465s] -- Install configuration: ""
[13.466s] -- Installing: /home/eddy/ros2_ws/install/scout_base/lib/scout_base/scout_base_node
[13.471s] -- Set runtime path of "/home/eddy/ros2_ws/install/scout_base/lib/scout_base/scout_base_node" to ""
[13.471s] -- Installing: /home/eddy/ros2_ws/install/scout_base/share/scout_base//launch
[13.471s] -- Installing: /home/eddy/ros2_ws/install/scout_base/share/scout_base//launch/scout_mini_omni_base.launch.py
[13.471s] -- Installing: /home/eddy/ros2_ws/install/scout_base/share/scout_base//launch/scout_base.launch.py
[13.472s] -- Installing: /home/eddy/ros2_ws/install/scout_base/share/scout_base//launch/scout_mini_base.launch.py
[13.472s] -- Installing: /home/eddy/ros2_ws/install/scout_base/share/ament_index/resource_index/package_run_dependencies/scout_base
[13.472s] -- Installing: /home/eddy/ros2_ws/install/scout_base/share/ament_index/resource_index/parent_prefix_path/scout_base
[13.472s] -- Installing: /home/eddy/ros2_ws/install/scout_base/share/scout_base/environment/ament_prefix_path.sh
[13.473s] -- Installing: /home/eddy/ros2_ws/install/scout_base/share/scout_base/environment/ament_prefix_path.dsv
[13.473s] -- Installing: /home/eddy/ros2_ws/install/scout_base/share/scout_base/environment/path.sh
[13.473s] -- Installing: /home/eddy/ros2_ws/install/scout_base/share/scout_base/environment/path.dsv
[13.473s] -- Installing: /home/eddy/ros2_ws/install/scout_base/share/scout_base/local_setup.bash
[13.473s] -- Installing: /home/eddy/ros2_ws/install/scout_base/share/scout_base/local_setup.sh
[13.474s] -- Installing: /home/eddy/ros2_ws/install/scout_base/share/scout_base/local_setup.zsh
[13.474s] -- Installing: /home/eddy/ros2_ws/install/scout_base/share/scout_base/local_setup.dsv
[13.474s] -- Installing: /home/eddy/ros2_ws/install/scout_base/share/scout_base/package.dsv
[13.474s] -- Installing: /home/eddy/ros2_ws/install/scout_base/share/ament_index/resource_index/packages/scout_base
[13.474s] -- Installing: /home/eddy/ros2_ws/install/scout_base/share/scout_base/cmake/scout_baseConfig.cmake
[13.474s] -- Installing: /home/eddy/ros2_ws/install/scout_base/share/scout_base/cmake/scout_baseConfig-version.cmake
[13.476s] -- Installing: /home/eddy/ros2_ws/install/scout_base/share/scout_base/package.xml
[13.477s] Invoked command in '/home/eddy/ros2_ws/build/scout_base' returned '0': CMAKE_PREFIX_PATH=/opt/ros/humble:${CMAKE_PREFIX_PATH} /usr/bin/cmake --install /home/eddy/ros2_ws/build/scout_base
