[0.007s] Invoking command in '/home/eddy/ros2_ws/build/scout_msgs': CMAKE_PREFIX_PATH=${CMAKE_PREFIX_PATH}:/opt/ros/humble /usr/bin/cmake /home/eddy/ros2_ws/src/scout_ros2/scout_msgs -DCMAKE_INSTALL_PREFIX=/home/eddy/ros2_ws/install/scout_msgs
[0.081s] -- The C compiler identification is GNU 11.4.0
[0.151s] -- The CXX compiler identification is GNU 11.4.0
[0.164s] -- Detecting C compiler ABI info
[0.244s] -- Detecting C compiler ABI info - done
[0.255s] -- Check for working C compiler: /usr/bin/cc - skipped
[0.256s] -- Detecting C compile features
[0.257s] -- Detecting C compile features - done
[0.262s] -- Detecting CXX compiler ABI info
[0.354s] -- Detecting CXX compiler ABI info - done
[0.362s] -- Check for working CXX compiler: /usr/bin/c++ - skipped
[0.363s] -- Detecting CXX compile features
[0.364s] -- Detecting CXX compile features - done
[0.370s] -- Found ament_cmake: 1.3.12 (/opt/ros/humble/share/ament_cmake/cmake)
[0.553s] -- Found Python3: /usr/bin/python3 (found version "3.10.12") found components: Interpreter 
[0.684s] -- Found builtin_interfaces: 1.2.2 (/opt/ros/humble/share/builtin_interfaces/cmake)
[0.745s] -- Found rosidl_generator_c: 3.1.7 (/opt/ros/humble/share/rosidl_generator_c/cmake)
[0.753s] -- Found rosidl_adapter: 3.1.7 (/opt/ros/humble/share/rosidl_adapter/cmake)
[0.769s] -- Found rosidl_generator_cpp: 3.1.7 (/opt/ros/humble/share/rosidl_generator_cpp/cmake)
[0.791s] -- Using all available rosidl_typesupport_c: rosidl_typesupport_fastrtps_c;rosidl_typesupport_introspection_c
[0.823s] -- Using all available rosidl_typesupport_cpp: rosidl_typesupport_fastrtps_cpp;rosidl_typesupport_introspection_cpp
[0.848s] -- Found rosidl_default_generators: 1.2.0 (/opt/ros/humble/share/rosidl_default_generators/cmake)
[0.868s] -- Found std_msgs: 4.9.0 (/opt/ros/humble/share/std_msgs/cmake)
[1.285s] -- Found ament_cmake_ros: 0.10.0 (/opt/ros/humble/share/ament_cmake_ros/cmake)
[1.722s] -- Using all available rosidl_typesupport_c: rosidl_typesupport_fastrtps_c;rosidl_typesupport_introspection_c
[1.886s] -- Using all available rosidl_typesupport_cpp: rosidl_typesupport_fastrtps_cpp;rosidl_typesupport_introspection_cpp
[1.914s] -- Found PythonInterp: /usr/bin/python3 (found suitable version "3.10.12", minimum required is "3.6") 
[1.916s] -- Found python_cmake_module: 0.10.0 (/opt/ros/humble/share/python_cmake_module/cmake)
[1.957s] -- Found PythonLibs: /usr/lib/x86_64-linux-gnu/libpython3.10.so (found suitable version "3.10.12", minimum required is "3.5") 
[1.957s] -- Using PYTHON_EXECUTABLE: /usr/bin/python3
[1.957s] -- Using PYTHON_INCLUDE_DIRS: /usr/include/python3.10
[1.957s] -- Using PYTHON_LIBRARIES: /usr/lib/x86_64-linux-gnu/libpython3.10.so
[1.981s] -- Found PythonExtra: .so  
[2.044s] -- Found ament_lint_auto: 0.12.14 (/opt/ros/humble/share/ament_lint_auto/cmake)
[2.093s] -- Added test 'copyright' to check source files copyright and LICENSE
[2.097s] -- Added test 'lint_cmake' to check CMake code style
[2.100s] -- Added test 'xmllint' to check XML markup files
[2.102s] -- Configuring done
[2.149s] -- Generating done
[2.163s] -- Build files have been written to: /home/eddy/ros2_ws/build/scout_msgs
[2.175s] Invoked command in '/home/eddy/ros2_ws/build/scout_msgs' returned '0': CMAKE_PREFIX_PATH=${CMAKE_PREFIX_PATH}:/opt/ros/humble /usr/bin/cmake /home/eddy/ros2_ws/src/scout_ros2/scout_msgs -DCMAKE_INSTALL_PREFIX=/home/eddy/ros2_ws/install/scout_msgs
[2.176s] Invoking command in '/home/eddy/ros2_ws/build/scout_msgs': CMAKE_PREFIX_PATH=${CMAKE_PREFIX_PATH}:/opt/ros/humble /usr/bin/cmake --build /home/eddy/ros2_ws/build/scout_msgs -- -j2 -l2
[2.230s] [  1%] [34m[1mGenerating C++ code for ROS interfaces[0m
[3.138s] [  1%] Built target scout_msgs__cpp
[3.153s] [  3%] [34m[1mGenerating C code for ROS interfaces[0m
[4.040s] [  4%] [32mBuilding C object CMakeFiles/scout_msgs__rosidl_generator_c.dir/rosidl_generator_c/scout_msgs/msg/detail/scout_actuator_state__functions.c.o[0m
[4.108s] [  6%] [32mBuilding C object CMakeFiles/scout_msgs__rosidl_generator_c.dir/rosidl_generator_c/scout_msgs/msg/detail/scout_light_cmd__functions.c.o[0m
[4.157s] [  7%] [32mBuilding C object CMakeFiles/scout_msgs__rosidl_generator_c.dir/rosidl_generator_c/scout_msgs/msg/detail/scout_light_state__functions.c.o[0m
[4.206s] [  9%] [32mBuilding C object CMakeFiles/scout_msgs__rosidl_generator_c.dir/rosidl_generator_c/scout_msgs/msg/detail/scout_rc_state__functions.c.o[0m
[4.255s] [ 11%] [32mBuilding C object CMakeFiles/scout_msgs__rosidl_generator_c.dir/rosidl_generator_c/scout_msgs/msg/detail/scout_status__functions.c.o[0m
[4.318s] [ 12%] [32m[1mLinking C shared library libscout_msgs__rosidl_generator_c.so[0m
[4.361s] [ 12%] Built target scout_msgs__rosidl_generator_c
[4.392s] [ 12%] Built target ament_cmake_python_copy_scout_msgs
[4.404s] [ 14%] [34m[1mGenerating C++ type support dispatch for ROS interfaces[0m
[4.924s] [ 15%] [32mBuilding CXX object CMakeFiles/scout_msgs__rosidl_typesupport_cpp.dir/rosidl_typesupport_cpp/scout_msgs/msg/scout_actuator_state__type_support.cpp.o[0m
[5.219s] [ 17%] [32mBuilding CXX object CMakeFiles/scout_msgs__rosidl_typesupport_cpp.dir/rosidl_typesupport_cpp/scout_msgs/msg/scout_light_cmd__type_support.cpp.o[0m
[5.520s] [ 19%] [32mBuilding CXX object CMakeFiles/scout_msgs__rosidl_typesupport_cpp.dir/rosidl_typesupport_cpp/scout_msgs/msg/scout_light_state__type_support.cpp.o[0m
[5.855s] [ 20%] [32mBuilding CXX object CMakeFiles/scout_msgs__rosidl_typesupport_cpp.dir/rosidl_typesupport_cpp/scout_msgs/msg/scout_rc_state__type_support.cpp.o[0m
[6.152s] [ 22%] [32mBuilding CXX object CMakeFiles/scout_msgs__rosidl_typesupport_cpp.dir/rosidl_typesupport_cpp/scout_msgs/msg/scout_status__type_support.cpp.o[0m
[6.457s] [ 23%] [32m[1mLinking CXX shared library libscout_msgs__rosidl_typesupport_cpp.so[0m
[6.504s] [ 23%] Built target scout_msgs__rosidl_typesupport_cpp
[6.514s] [ 25%] [34m[1mGenerating C type support for eProsima Fast-RTPS[0m
[7.214s] [ 26%] [32mBuilding CXX object CMakeFiles/scout_msgs__rosidl_typesupport_fastrtps_c.dir/rosidl_typesupport_fastrtps_c/scout_msgs/msg/detail/scout_actuator_state__type_support_c.cpp.o[0m
[7.613s] [ 28%] [32mBuilding CXX object CMakeFiles/scout_msgs__rosidl_typesupport_fastrtps_c.dir/rosidl_typesupport_fastrtps_c/scout_msgs/msg/detail/scout_light_cmd__type_support_c.cpp.o[0m
[7.962s] [ 30%] [32mBuilding CXX object CMakeFiles/scout_msgs__rosidl_typesupport_fastrtps_c.dir/rosidl_typesupport_fastrtps_c/scout_msgs/msg/detail/scout_light_state__type_support_c.cpp.o[0m
[8.304s] [ 31%] [32mBuilding CXX object CMakeFiles/scout_msgs__rosidl_typesupport_fastrtps_c.dir/rosidl_typesupport_fastrtps_c/scout_msgs/msg/detail/scout_rc_state__type_support_c.cpp.o[0m
[8.651s] [ 33%] [32mBuilding CXX object CMakeFiles/scout_msgs__rosidl_typesupport_fastrtps_c.dir/rosidl_typesupport_fastrtps_c/scout_msgs/msg/detail/scout_status__type_support_c.cpp.o[0m
[9.018s] [ 34%] [32m[1mLinking CXX shared library libscout_msgs__rosidl_typesupport_fastrtps_c.so[0m
[9.107s] [ 34%] Built target scout_msgs__rosidl_typesupport_fastrtps_c
[9.121s] [ 36%] [34m[1mGenerating C++ type support for eProsima Fast-RTPS[0m
[9.773s] [ 38%] [32mBuilding CXX object CMakeFiles/scout_msgs__rosidl_typesupport_fastrtps_cpp.dir/rosidl_typesupport_fastrtps_cpp/scout_msgs/msg/detail/dds_fastrtps/scout_actuator_state__type_support.cpp.o[0m
[10.203s] [ 39%] [32mBuilding CXX object CMakeFiles/scout_msgs__rosidl_typesupport_fastrtps_cpp.dir/rosidl_typesupport_fastrtps_cpp/scout_msgs/msg/detail/dds_fastrtps/scout_light_cmd__type_support.cpp.o[0m
[10.622s] [ 41%] [32mBuilding CXX object CMakeFiles/scout_msgs__rosidl_typesupport_fastrtps_cpp.dir/rosidl_typesupport_fastrtps_cpp/scout_msgs/msg/detail/dds_fastrtps/scout_light_state__type_support.cpp.o[0m
[11.054s] [ 42%] [32mBuilding CXX object CMakeFiles/scout_msgs__rosidl_typesupport_fastrtps_cpp.dir/rosidl_typesupport_fastrtps_cpp/scout_msgs/msg/detail/dds_fastrtps/scout_rc_state__type_support.cpp.o[0m
[11.459s] [ 44%] [32mBuilding CXX object CMakeFiles/scout_msgs__rosidl_typesupport_fastrtps_cpp.dir/rosidl_typesupport_fastrtps_cpp/scout_msgs/msg/detail/dds_fastrtps/scout_status__type_support.cpp.o[0m
[11.895s] [ 46%] [32m[1mLinking CXX shared library libscout_msgs__rosidl_typesupport_fastrtps_cpp.so[0m
[11.981s] [ 46%] Built target scout_msgs__rosidl_typesupport_fastrtps_cpp
[11.995s] [ 47%] [34m[1mGenerating C introspection for ROS interfaces[0m
[12.600s] [ 49%] [32mBuilding C object CMakeFiles/scout_msgs__rosidl_typesupport_introspection_c.dir/rosidl_typesupport_introspection_c/scout_msgs/msg/detail/scout_actuator_state__type_support.c.o[0m
[12.638s] [ 50%] [32mBuilding C object CMakeFiles/scout_msgs__rosidl_typesupport_introspection_c.dir/rosidl_typesupport_introspection_c/scout_msgs/msg/detail/scout_light_cmd__type_support.c.o[0m
[12.674s] [ 52%] [32mBuilding C object CMakeFiles/scout_msgs__rosidl_typesupport_introspection_c.dir/rosidl_typesupport_introspection_c/scout_msgs/msg/detail/scout_light_state__type_support.c.o[0m
[12.704s] [ 53%] [32mBuilding C object CMakeFiles/scout_msgs__rosidl_typesupport_introspection_c.dir/rosidl_typesupport_introspection_c/scout_msgs/msg/detail/scout_rc_state__type_support.c.o[0m
[12.737s] [ 55%] [32mBuilding C object CMakeFiles/scout_msgs__rosidl_typesupport_introspection_c.dir/rosidl_typesupport_introspection_c/scout_msgs/msg/detail/scout_status__type_support.c.o[0m
[12.782s] [ 57%] [32m[1mLinking C shared library libscout_msgs__rosidl_typesupport_introspection_c.so[0m
[12.816s] [ 57%] Built target scout_msgs__rosidl_typesupport_introspection_c
[12.830s] [ 58%] [34m[1mGenerating C type support dispatch for ROS interfaces[0m
[13.322s] [ 60%] [32mBuilding CXX object CMakeFiles/scout_msgs__rosidl_typesupport_c.dir/rosidl_typesupport_c/scout_msgs/msg/scout_actuator_state__type_support.cpp.o[0m
[13.357s] [ 61%] [32mBuilding CXX object CMakeFiles/scout_msgs__rosidl_typesupport_c.dir/rosidl_typesupport_c/scout_msgs/msg/scout_light_cmd__type_support.cpp.o[0m
[13.388s] [ 63%] [32mBuilding CXX object CMakeFiles/scout_msgs__rosidl_typesupport_c.dir/rosidl_typesupport_c/scout_msgs/msg/scout_light_state__type_support.cpp.o[0m
[13.420s] [ 65%] [32mBuilding CXX object CMakeFiles/scout_msgs__rosidl_typesupport_c.dir/rosidl_typesupport_c/scout_msgs/msg/scout_rc_state__type_support.cpp.o[0m
[13.452s] [ 66%] [32mBuilding CXX object CMakeFiles/scout_msgs__rosidl_typesupport_c.dir/rosidl_typesupport_c/scout_msgs/msg/scout_status__type_support.cpp.o[0m
[13.483s] [ 68%] [32m[1mLinking CXX shared library libscout_msgs__rosidl_typesupport_c.so[0m
[13.527s] [ 68%] Built target scout_msgs__rosidl_typesupport_c
[13.538s] [ 69%] [34m[1mGenerating C++ introspection for ROS interfaces[0m
[14.126s] [ 71%] [32mBuilding CXX object CMakeFiles/scout_msgs__rosidl_typesupport_introspection_cpp.dir/rosidl_typesupport_introspection_cpp/scout_msgs/msg/detail/scout_actuator_state__type_support.cpp.o[0m
[14.517s] [ 73%] [32mBuilding CXX object CMakeFiles/scout_msgs__rosidl_typesupport_introspection_cpp.dir/rosidl_typesupport_introspection_cpp/scout_msgs/msg/detail/scout_light_cmd__type_support.cpp.o[0m
[14.941s] [ 74%] [32mBuilding CXX object CMakeFiles/scout_msgs__rosidl_typesupport_introspection_cpp.dir/rosidl_typesupport_introspection_cpp/scout_msgs/msg/detail/scout_light_state__type_support.cpp.o[0m
[15.338s] [ 76%] [32mBuilding CXX object CMakeFiles/scout_msgs__rosidl_typesupport_introspection_cpp.dir/rosidl_typesupport_introspection_cpp/scout_msgs/msg/detail/scout_rc_state__type_support.cpp.o[0m
[15.727s] [ 77%] [32mBuilding CXX object CMakeFiles/scout_msgs__rosidl_typesupport_introspection_cpp.dir/rosidl_typesupport_introspection_cpp/scout_msgs/msg/detail/scout_status__type_support.cpp.o[0m
[16.154s] [ 79%] [32m[1mLinking CXX shared library libscout_msgs__rosidl_typesupport_introspection_cpp.so[0m
[16.237s] [ 79%] Built target scout_msgs__rosidl_typesupport_introspection_cpp
[16.702s] running egg_info
[16.703s] creating scout_msgs.egg-info
[16.703s] writing scout_msgs.egg-info/PKG-INFO
[16.703s] writing dependency_links to scout_msgs.egg-info/dependency_links.txt
[16.704s] writing top-level names to scout_msgs.egg-info/top_level.txt
[16.705s] writing manifest file 'scout_msgs.egg-info/SOURCES.txt'
[16.708s] reading manifest file 'scout_msgs.egg-info/SOURCES.txt'
[16.708s] writing manifest file 'scout_msgs.egg-info/SOURCES.txt'
[16.744s] [ 79%] Built target ament_cmake_python_build_scout_msgs_egg
[16.763s] [ 79%] Built target scout_msgs
[16.785s] [ 80%] [34m[1mGenerating Python code for ROS interfaces[0m
[18.524s] [ 80%] Built target scout_msgs__py
[18.551s] [ 82%] [32mBuilding C object CMakeFiles/scout_msgs__rosidl_generator_py.dir/rosidl_generator_py/scout_msgs/msg/_scout_actuator_state_s.c.o[0m
[18.783s] [ 84%] [32mBuilding C object CMakeFiles/scout_msgs__rosidl_generator_py.dir/rosidl_generator_py/scout_msgs/msg/_scout_light_cmd_s.c.o[0m
[18.928s] [ 85%] [32mBuilding C object CMakeFiles/scout_msgs__rosidl_generator_py.dir/rosidl_generator_py/scout_msgs/msg/_scout_light_state_s.c.o[0m
[19.087s] [ 87%] [32mBuilding C object CMakeFiles/scout_msgs__rosidl_generator_py.dir/rosidl_generator_py/scout_msgs/msg/_scout_rc_state_s.c.o[0m
[19.243s] [ 88%] [32mBuilding C object CMakeFiles/scout_msgs__rosidl_generator_py.dir/rosidl_generator_py/scout_msgs/msg/_scout_status_s.c.o[0m
[19.405s] [ 90%] [32m[1mLinking C shared library rosidl_generator_py/scout_msgs/libscout_msgs__rosidl_generator_py.so[0m
[19.460s] [ 90%] Built target scout_msgs__rosidl_generator_py
[19.487s] [ 92%] [32mBuilding C object CMakeFiles/scout_msgs__rosidl_typesupport_fastrtps_c__pyext.dir/rosidl_generator_py/scout_msgs/_scout_msgs_s.ep.rosidl_typesupport_fastrtps_c.c.o[0m
[19.630s] [ 93%] [32m[1mLinking C shared library rosidl_generator_py/scout_msgs/scout_msgs_s__rosidl_typesupport_fastrtps_c.cpython-310-x86_64-linux-gnu.so[0m
[19.679s] [ 93%] Built target scout_msgs__rosidl_typesupport_fastrtps_c__pyext
[19.705s] [ 95%] [32mBuilding C object CMakeFiles/scout_msgs__rosidl_typesupport_introspection_c__pyext.dir/rosidl_generator_py/scout_msgs/_scout_msgs_s.ep.rosidl_typesupport_introspection_c.c.o[0m
[19.844s] [ 96%] [32m[1mLinking C shared library rosidl_generator_py/scout_msgs/scout_msgs_s__rosidl_typesupport_introspection_c.cpython-310-x86_64-linux-gnu.so[0m
[19.896s] [ 96%] Built target scout_msgs__rosidl_typesupport_introspection_c__pyext
[19.921s] [ 98%] [32mBuilding C object CMakeFiles/scout_msgs__rosidl_typesupport_c__pyext.dir/rosidl_generator_py/scout_msgs/_scout_msgs_s.ep.rosidl_typesupport_c.c.o[0m
[20.064s] [100%] [32m[1mLinking C shared library rosidl_generator_py/scout_msgs/scout_msgs_s__rosidl_typesupport_c.cpython-310-x86_64-linux-gnu.so[0m
[20.119s] [100%] Built target scout_msgs__rosidl_typesupport_c__pyext
[20.137s] Invoked command in '/home/eddy/ros2_ws/build/scout_msgs' returned '0': CMAKE_PREFIX_PATH=${CMAKE_PREFIX_PATH}:/opt/ros/humble /usr/bin/cmake --build /home/eddy/ros2_ws/build/scout_msgs -- -j2 -l2
[20.138s] Invoking command in '/home/eddy/ros2_ws/build/scout_msgs': CMAKE_PREFIX_PATH=${CMAKE_PREFIX_PATH}:/opt/ros/humble /usr/bin/cmake --install /home/eddy/ros2_ws/build/scout_msgs
[20.148s] -- Install configuration: ""
[20.148s] -- Installing: /home/eddy/ros2_ws/install/scout_msgs/share/ament_index/resource_index/rosidl_interfaces/scout_msgs
[20.148s] -- Installing: /home/eddy/ros2_ws/install/scout_msgs/include/scout_msgs/scout_msgs
[20.149s] -- Installing: /home/eddy/ros2_ws/install/scout_msgs/include/scout_msgs/scout_msgs/msg
[20.149s] -- Installing: /home/eddy/ros2_ws/install/scout_msgs/include/scout_msgs/scout_msgs/msg/rosidl_generator_c__visibility_control.h
[20.149s] -- Installing: /home/eddy/ros2_ws/install/scout_msgs/include/scout_msgs/scout_msgs/msg/scout_status.h
[20.150s] -- Installing: /home/eddy/ros2_ws/install/scout_msgs/include/scout_msgs/scout_msgs/msg/scout_light_state.h
[20.150s] -- Installing: /home/eddy/ros2_ws/install/scout_msgs/include/scout_msgs/scout_msgs/msg/scout_rc_state.h
[20.150s] -- Installing: /home/eddy/ros2_ws/install/scout_msgs/include/scout_msgs/scout_msgs/msg/scout_light_cmd.h
[20.150s] -- Installing: /home/eddy/ros2_ws/install/scout_msgs/include/scout_msgs/scout_msgs/msg/detail
[20.151s] -- Installing: /home/eddy/ros2_ws/install/scout_msgs/include/scout_msgs/scout_msgs/msg/detail/scout_light_cmd__struct.h
[20.151s] -- Installing: /home/eddy/ros2_ws/install/scout_msgs/include/scout_msgs/scout_msgs/msg/detail/scout_light_state__struct.h
[20.151s] -- Installing: /home/eddy/ros2_ws/install/scout_msgs/include/scout_msgs/scout_msgs/msg/detail/scout_status__functions.h
[20.152s] -- Installing: /home/eddy/ros2_ws/install/scout_msgs/include/scout_msgs/scout_msgs/msg/detail/scout_rc_state__functions.c
[20.152s] -- Installing: /home/eddy/ros2_ws/install/scout_msgs/include/scout_msgs/scout_msgs/msg/detail/scout_light_cmd__functions.c
[20.152s] -- Installing: /home/eddy/ros2_ws/install/scout_msgs/include/scout_msgs/scout_msgs/msg/detail/scout_light_state__functions.h
[20.152s] -- Installing: /home/eddy/ros2_ws/install/scout_msgs/include/scout_msgs/scout_msgs/msg/detail/scout_status__struct.h
[20.153s] -- Installing: /home/eddy/ros2_ws/install/scout_msgs/include/scout_msgs/scout_msgs/msg/detail/scout_status__type_support.h
[20.153s] -- Installing: /home/eddy/ros2_ws/install/scout_msgs/include/scout_msgs/scout_msgs/msg/detail/scout_rc_state__struct.h
[20.153s] -- Installing: /home/eddy/ros2_ws/install/scout_msgs/include/scout_msgs/scout_msgs/msg/detail/scout_rc_state__type_support.h
[20.154s] -- Installing: /home/eddy/ros2_ws/install/scout_msgs/include/scout_msgs/scout_msgs/msg/detail/scout_actuator_state__type_support.h
[20.154s] -- Installing: /home/eddy/ros2_ws/install/scout_msgs/include/scout_msgs/scout_msgs/msg/detail/scout_light_cmd__type_support.h
[20.155s] -- Installing: /home/eddy/ros2_ws/install/scout_msgs/include/scout_msgs/scout_msgs/msg/detail/scout_light_state__functions.c
[20.155s] -- Installing: /home/eddy/ros2_ws/install/scout_msgs/include/scout_msgs/scout_msgs/msg/detail/scout_status__functions.c
[20.156s] -- Installing: /home/eddy/ros2_ws/install/scout_msgs/include/scout_msgs/scout_msgs/msg/detail/scout_light_state__type_support.h
[20.156s] -- Installing: /home/eddy/ros2_ws/install/scout_msgs/include/scout_msgs/scout_msgs/msg/detail/scout_actuator_state__struct.h
[20.156s] -- Installing: /home/eddy/ros2_ws/install/scout_msgs/include/scout_msgs/scout_msgs/msg/detail/scout_actuator_state__functions.h
[20.157s] -- Installing: /home/eddy/ros2_ws/install/scout_msgs/include/scout_msgs/scout_msgs/msg/detail/scout_rc_state__functions.h
[20.157s] -- Installing: /home/eddy/ros2_ws/install/scout_msgs/include/scout_msgs/scout_msgs/msg/detail/scout_light_cmd__functions.h
[20.157s] -- Installing: /home/eddy/ros2_ws/install/scout_msgs/include/scout_msgs/scout_msgs/msg/detail/scout_actuator_state__functions.c
[20.158s] -- Installing: /home/eddy/ros2_ws/install/scout_msgs/include/scout_msgs/scout_msgs/msg/scout_actuator_state.h
[20.158s] -- Installing: /home/eddy/ros2_ws/install/scout_msgs/share/scout_msgs/environment/library_path.sh
[20.159s] -- Installing: /home/eddy/ros2_ws/install/scout_msgs/share/scout_msgs/environment/library_path.dsv
[20.160s] -- Installing: /home/eddy/ros2_ws/install/scout_msgs/lib/libscout_msgs__rosidl_generator_c.so
[20.161s] -- Set runtime path of "/home/eddy/ros2_ws/install/scout_msgs/lib/libscout_msgs__rosidl_generator_c.so" to ""
[20.161s] -- Up-to-date: /home/eddy/ros2_ws/install/scout_msgs/include/scout_msgs/scout_msgs
[20.161s] -- Up-to-date: /home/eddy/ros2_ws/install/scout_msgs/include/scout_msgs/scout_msgs/msg
[20.162s] -- Up-to-date: /home/eddy/ros2_ws/install/scout_msgs/include/scout_msgs/scout_msgs/msg/detail
[20.163s] -- Installing: /home/eddy/ros2_ws/install/scout_msgs/include/scout_msgs/scout_msgs/msg/detail/scout_light_state__rosidl_typesupport_fastrtps_c.h
[20.163s] -- Installing: /home/eddy/ros2_ws/install/scout_msgs/include/scout_msgs/scout_msgs/msg/detail/scout_light_cmd__rosidl_typesupport_fastrtps_c.h
[20.163s] -- Installing: /home/eddy/ros2_ws/install/scout_msgs/include/scout_msgs/scout_msgs/msg/detail/scout_rc_state__rosidl_typesupport_fastrtps_c.h
[20.163s] -- Installing: /home/eddy/ros2_ws/install/scout_msgs/include/scout_msgs/scout_msgs/msg/detail/scout_actuator_state__rosidl_typesupport_fastrtps_c.h
[20.164s] -- Installing: /home/eddy/ros2_ws/install/scout_msgs/include/scout_msgs/scout_msgs/msg/detail/scout_status__rosidl_typesupport_fastrtps_c.h
[20.164s] -- Installing: /home/eddy/ros2_ws/install/scout_msgs/include/scout_msgs/scout_msgs/msg/rosidl_typesupport_fastrtps_c__visibility_control.h
[20.164s] -- Installing: /home/eddy/ros2_ws/install/scout_msgs/lib/libscout_msgs__rosidl_typesupport_fastrtps_c.so
[20.165s] -- Set runtime path of "/home/eddy/ros2_ws/install/scout_msgs/lib/libscout_msgs__rosidl_typesupport_fastrtps_c.so" to ""
[20.165s] -- Up-to-date: /home/eddy/ros2_ws/install/scout_msgs/include/scout_msgs/scout_msgs
[20.165s] -- Up-to-date: /home/eddy/ros2_ws/install/scout_msgs/include/scout_msgs/scout_msgs/msg
[20.166s] -- Installing: /home/eddy/ros2_ws/install/scout_msgs/include/scout_msgs/scout_msgs/msg/rosidl_generator_cpp__visibility_control.hpp
[20.166s] -- Up-to-date: /home/eddy/ros2_ws/install/scout_msgs/include/scout_msgs/scout_msgs/msg/detail
[20.166s] -- Installing: /home/eddy/ros2_ws/install/scout_msgs/include/scout_msgs/scout_msgs/msg/detail/scout_light_cmd__type_support.hpp
[20.166s] -- Installing: /home/eddy/ros2_ws/install/scout_msgs/include/scout_msgs/scout_msgs/msg/detail/scout_light_cmd__traits.hpp
[20.166s] -- Installing: /home/eddy/ros2_ws/install/scout_msgs/include/scout_msgs/scout_msgs/msg/detail/scout_status__builder.hpp
[20.167s] -- Installing: /home/eddy/ros2_ws/install/scout_msgs/include/scout_msgs/scout_msgs/msg/detail/scout_actuator_state__builder.hpp
[20.167s] -- Installing: /home/eddy/ros2_ws/install/scout_msgs/include/scout_msgs/scout_msgs/msg/detail/scout_rc_state__builder.hpp
[20.168s] -- Installing: /home/eddy/ros2_ws/install/scout_msgs/include/scout_msgs/scout_msgs/msg/detail/scout_status__traits.hpp
[20.168s] -- Installing: /home/eddy/ros2_ws/install/scout_msgs/include/scout_msgs/scout_msgs/msg/detail/scout_rc_state__type_support.hpp
[20.168s] -- Installing: /home/eddy/ros2_ws/install/scout_msgs/include/scout_msgs/scout_msgs/msg/detail/scout_actuator_state__type_support.hpp
[20.168s] -- Installing: /home/eddy/ros2_ws/install/scout_msgs/include/scout_msgs/scout_msgs/msg/detail/scout_light_state__type_support.hpp
[20.169s] -- Installing: /home/eddy/ros2_ws/install/scout_msgs/include/scout_msgs/scout_msgs/msg/detail/scout_rc_state__struct.hpp
[20.169s] -- Installing: /home/eddy/ros2_ws/install/scout_msgs/include/scout_msgs/scout_msgs/msg/detail/scout_light_state__struct.hpp
[20.170s] -- Installing: /home/eddy/ros2_ws/install/scout_msgs/include/scout_msgs/scout_msgs/msg/detail/scout_light_cmd__builder.hpp
[20.170s] -- Installing: /home/eddy/ros2_ws/install/scout_msgs/include/scout_msgs/scout_msgs/msg/detail/scout_status__type_support.hpp
[20.170s] -- Installing: /home/eddy/ros2_ws/install/scout_msgs/include/scout_msgs/scout_msgs/msg/detail/scout_status__struct.hpp
[20.171s] -- Installing: /home/eddy/ros2_ws/install/scout_msgs/include/scout_msgs/scout_msgs/msg/detail/scout_rc_state__traits.hpp
[20.171s] -- Installing: /home/eddy/ros2_ws/install/scout_msgs/include/scout_msgs/scout_msgs/msg/detail/scout_actuator_state__struct.hpp
[20.171s] -- Installing: /home/eddy/ros2_ws/install/scout_msgs/include/scout_msgs/scout_msgs/msg/detail/scout_light_cmd__struct.hpp
[20.172s] -- Installing: /home/eddy/ros2_ws/install/scout_msgs/include/scout_msgs/scout_msgs/msg/detail/scout_light_state__traits.hpp
[20.172s] -- Installing: /home/eddy/ros2_ws/install/scout_msgs/include/scout_msgs/scout_msgs/msg/detail/scout_light_state__builder.hpp
[20.172s] -- Installing: /home/eddy/ros2_ws/install/scout_msgs/include/scout_msgs/scout_msgs/msg/detail/scout_actuator_state__traits.hpp
[20.173s] -- Installing: /home/eddy/ros2_ws/install/scout_msgs/include/scout_msgs/scout_msgs/msg/scout_actuator_state.hpp
[20.173s] -- Installing: /home/eddy/ros2_ws/install/scout_msgs/include/scout_msgs/scout_msgs/msg/scout_rc_state.hpp
[20.173s] -- Installing: /home/eddy/ros2_ws/install/scout_msgs/include/scout_msgs/scout_msgs/msg/scout_light_state.hpp
[20.173s] -- Installing: /home/eddy/ros2_ws/install/scout_msgs/include/scout_msgs/scout_msgs/msg/scout_status.hpp
[20.174s] -- Installing: /home/eddy/ros2_ws/install/scout_msgs/include/scout_msgs/scout_msgs/msg/scout_light_cmd.hpp
[20.174s] -- Up-to-date: /home/eddy/ros2_ws/install/scout_msgs/include/scout_msgs/scout_msgs
[20.174s] -- Up-to-date: /home/eddy/ros2_ws/install/scout_msgs/include/scout_msgs/scout_msgs/msg
[20.175s] -- Installing: /home/eddy/ros2_ws/install/scout_msgs/include/scout_msgs/scout_msgs/msg/rosidl_typesupport_fastrtps_cpp__visibility_control.h
[20.175s] -- Up-to-date: /home/eddy/ros2_ws/install/scout_msgs/include/scout_msgs/scout_msgs/msg/detail
[20.175s] -- Installing: /home/eddy/ros2_ws/install/scout_msgs/include/scout_msgs/scout_msgs/msg/detail/scout_light_cmd__rosidl_typesupport_fastrtps_cpp.hpp
[20.175s] -- Installing: /home/eddy/ros2_ws/install/scout_msgs/include/scout_msgs/scout_msgs/msg/detail/scout_rc_state__rosidl_typesupport_fastrtps_cpp.hpp
[20.176s] -- Installing: /home/eddy/ros2_ws/install/scout_msgs/include/scout_msgs/scout_msgs/msg/detail/scout_light_state__rosidl_typesupport_fastrtps_cpp.hpp
[20.176s] -- Installing: /home/eddy/ros2_ws/install/scout_msgs/include/scout_msgs/scout_msgs/msg/detail/dds_fastrtps
[20.176s] -- Installing: /home/eddy/ros2_ws/install/scout_msgs/include/scout_msgs/scout_msgs/msg/detail/scout_actuator_state__rosidl_typesupport_fastrtps_cpp.hpp
[20.177s] -- Installing: /home/eddy/ros2_ws/install/scout_msgs/include/scout_msgs/scout_msgs/msg/detail/scout_status__rosidl_typesupport_fastrtps_cpp.hpp
[20.177s] -- Installing: /home/eddy/ros2_ws/install/scout_msgs/lib/libscout_msgs__rosidl_typesupport_fastrtps_cpp.so
[20.178s] -- Set runtime path of "/home/eddy/ros2_ws/install/scout_msgs/lib/libscout_msgs__rosidl_typesupport_fastrtps_cpp.so" to ""
[20.178s] -- Up-to-date: /home/eddy/ros2_ws/install/scout_msgs/include/scout_msgs/scout_msgs
[20.178s] -- Up-to-date: /home/eddy/ros2_ws/install/scout_msgs/include/scout_msgs/scout_msgs/msg
[20.178s] -- Up-to-date: /home/eddy/ros2_ws/install/scout_msgs/include/scout_msgs/scout_msgs/msg/detail
[20.178s] -- Installing: /home/eddy/ros2_ws/install/scout_msgs/include/scout_msgs/scout_msgs/msg/detail/scout_light_state__rosidl_typesupport_introspection_c.h
[20.179s] -- Installing: /home/eddy/ros2_ws/install/scout_msgs/include/scout_msgs/scout_msgs/msg/detail/scout_status__rosidl_typesupport_introspection_c.h
[20.179s] -- Installing: /home/eddy/ros2_ws/install/scout_msgs/include/scout_msgs/scout_msgs/msg/detail/scout_actuator_state__rosidl_typesupport_introspection_c.h
[20.179s] -- Installing: /home/eddy/ros2_ws/install/scout_msgs/include/scout_msgs/scout_msgs/msg/detail/scout_light_cmd__rosidl_typesupport_introspection_c.h
[20.180s] -- Installing: /home/eddy/ros2_ws/install/scout_msgs/include/scout_msgs/scout_msgs/msg/detail/scout_status__type_support.c
[20.180s] -- Installing: /home/eddy/ros2_ws/install/scout_msgs/include/scout_msgs/scout_msgs/msg/detail/scout_actuator_state__type_support.c
[20.181s] -- Installing: /home/eddy/ros2_ws/install/scout_msgs/include/scout_msgs/scout_msgs/msg/detail/scout_rc_state__rosidl_typesupport_introspection_c.h
[20.181s] -- Installing: /home/eddy/ros2_ws/install/scout_msgs/include/scout_msgs/scout_msgs/msg/detail/scout_rc_state__type_support.c
[20.181s] -- Installing: /home/eddy/ros2_ws/install/scout_msgs/include/scout_msgs/scout_msgs/msg/detail/scout_light_cmd__type_support.c
[20.182s] -- Installing: /home/eddy/ros2_ws/install/scout_msgs/include/scout_msgs/scout_msgs/msg/detail/scout_light_state__type_support.c
[20.182s] -- Installing: /home/eddy/ros2_ws/install/scout_msgs/include/scout_msgs/scout_msgs/msg/rosidl_typesupport_introspection_c__visibility_control.h
[20.183s] -- Installing: /home/eddy/ros2_ws/install/scout_msgs/lib/libscout_msgs__rosidl_typesupport_introspection_c.so
[20.185s] -- Set runtime path of "/home/eddy/ros2_ws/install/scout_msgs/lib/libscout_msgs__rosidl_typesupport_introspection_c.so" to ""
[20.185s] -- Installing: /home/eddy/ros2_ws/install/scout_msgs/lib/libscout_msgs__rosidl_typesupport_c.so
[20.185s] -- Set runtime path of "/home/eddy/ros2_ws/install/scout_msgs/lib/libscout_msgs__rosidl_typesupport_c.so" to ""
[20.185s] -- Up-to-date: /home/eddy/ros2_ws/install/scout_msgs/include/scout_msgs/scout_msgs
[20.185s] -- Up-to-date: /home/eddy/ros2_ws/install/scout_msgs/include/scout_msgs/scout_msgs/msg
[20.186s] -- Up-to-date: /home/eddy/ros2_ws/install/scout_msgs/include/scout_msgs/scout_msgs/msg/detail
[20.186s] -- Installing: /home/eddy/ros2_ws/install/scout_msgs/include/scout_msgs/scout_msgs/msg/detail/scout_light_cmd__type_support.cpp
[20.186s] -- Installing: /home/eddy/ros2_ws/install/scout_msgs/include/scout_msgs/scout_msgs/msg/detail/scout_status__rosidl_typesupport_introspection_cpp.hpp
[20.187s] -- Installing: /home/eddy/ros2_ws/install/scout_msgs/include/scout_msgs/scout_msgs/msg/detail/scout_light_state__type_support.cpp
[20.187s] -- Installing: /home/eddy/ros2_ws/install/scout_msgs/include/scout_msgs/scout_msgs/msg/detail/scout_actuator_state__rosidl_typesupport_introspection_cpp.hpp
[20.187s] -- Installing: /home/eddy/ros2_ws/install/scout_msgs/include/scout_msgs/scout_msgs/msg/detail/scout_status__type_support.cpp
[20.188s] -- Installing: /home/eddy/ros2_ws/install/scout_msgs/include/scout_msgs/scout_msgs/msg/detail/scout_rc_state__type_support.cpp
[20.188s] -- Installing: /home/eddy/ros2_ws/install/scout_msgs/include/scout_msgs/scout_msgs/msg/detail/scout_light_state__rosidl_typesupport_introspection_cpp.hpp
[20.188s] -- Installing: /home/eddy/ros2_ws/install/scout_msgs/include/scout_msgs/scout_msgs/msg/detail/scout_rc_state__rosidl_typesupport_introspection_cpp.hpp
[20.189s] -- Installing: /home/eddy/ros2_ws/install/scout_msgs/include/scout_msgs/scout_msgs/msg/detail/scout_actuator_state__type_support.cpp
[20.189s] -- Installing: /home/eddy/ros2_ws/install/scout_msgs/include/scout_msgs/scout_msgs/msg/detail/scout_light_cmd__rosidl_typesupport_introspection_cpp.hpp
[20.189s] -- Installing: /home/eddy/ros2_ws/install/scout_msgs/lib/libscout_msgs__rosidl_typesupport_introspection_cpp.so
[20.190s] -- Set runtime path of "/home/eddy/ros2_ws/install/scout_msgs/lib/libscout_msgs__rosidl_typesupport_introspection_cpp.so" to ""
[20.190s] -- Installing: /home/eddy/ros2_ws/install/scout_msgs/lib/libscout_msgs__rosidl_typesupport_cpp.so
[20.191s] -- Set runtime path of "/home/eddy/ros2_ws/install/scout_msgs/lib/libscout_msgs__rosidl_typesupport_cpp.so" to ""
[20.191s] -- Installing: /home/eddy/ros2_ws/install/scout_msgs/share/scout_msgs/environment/pythonpath.sh
[20.191s] -- Installing: /home/eddy/ros2_ws/install/scout_msgs/share/scout_msgs/environment/pythonpath.dsv
[20.192s] -- Installing: /home/eddy/ros2_ws/install/scout_msgs/local/lib/python3.10/dist-packages/scout_msgs-0.1.0-py3.10.egg-info
[20.192s] -- Installing: /home/eddy/ros2_ws/install/scout_msgs/local/lib/python3.10/dist-packages/scout_msgs-0.1.0-py3.10.egg-info/PKG-INFO
[20.192s] -- Installing: /home/eddy/ros2_ws/install/scout_msgs/local/lib/python3.10/dist-packages/scout_msgs-0.1.0-py3.10.egg-info/dependency_links.txt
[20.193s] -- Installing: /home/eddy/ros2_ws/install/scout_msgs/local/lib/python3.10/dist-packages/scout_msgs-0.1.0-py3.10.egg-info/top_level.txt
[20.193s] -- Installing: /home/eddy/ros2_ws/install/scout_msgs/local/lib/python3.10/dist-packages/scout_msgs-0.1.0-py3.10.egg-info/SOURCES.txt
[20.194s] -- Installing: /home/eddy/ros2_ws/install/scout_msgs/local/lib/python3.10/dist-packages/scout_msgs
[20.194s] -- Installing: /home/eddy/ros2_ws/install/scout_msgs/local/lib/python3.10/dist-packages/scout_msgs/_scout_msgs_s.ep.rosidl_typesupport_c.c
[20.194s] -- Installing: /home/eddy/ros2_ws/install/scout_msgs/local/lib/python3.10/dist-packages/scout_msgs/msg
[20.195s] -- Installing: /home/eddy/ros2_ws/install/scout_msgs/local/lib/python3.10/dist-packages/scout_msgs/msg/_scout_status.py
[20.195s] -- Installing: /home/eddy/ros2_ws/install/scout_msgs/local/lib/python3.10/dist-packages/scout_msgs/msg/_scout_light_cmd_s.c
[20.195s] -- Installing: /home/eddy/ros2_ws/install/scout_msgs/local/lib/python3.10/dist-packages/scout_msgs/msg/_scout_rc_state.py
[20.197s] -- Installing: /home/eddy/ros2_ws/install/scout_msgs/local/lib/python3.10/dist-packages/scout_msgs/msg/_scout_status_s.c
[20.197s] -- Installing: /home/eddy/ros2_ws/install/scout_msgs/local/lib/python3.10/dist-packages/scout_msgs/msg/_scout_light_state.py
[20.197s] -- Installing: /home/eddy/ros2_ws/install/scout_msgs/local/lib/python3.10/dist-packages/scout_msgs/msg/_scout_actuator_state.py
[20.197s] -- Installing: /home/eddy/ros2_ws/install/scout_msgs/local/lib/python3.10/dist-packages/scout_msgs/msg/_scout_actuator_state_s.c
[20.197s] -- Installing: /home/eddy/ros2_ws/install/scout_msgs/local/lib/python3.10/dist-packages/scout_msgs/msg/_scout_rc_state_s.c
[20.197s] -- Installing: /home/eddy/ros2_ws/install/scout_msgs/local/lib/python3.10/dist-packages/scout_msgs/msg/__init__.py
[20.197s] -- Installing: /home/eddy/ros2_ws/install/scout_msgs/local/lib/python3.10/dist-packages/scout_msgs/msg/_scout_light_state_s.c
[20.197s] -- Installing: /home/eddy/ros2_ws/install/scout_msgs/local/lib/python3.10/dist-packages/scout_msgs/msg/_scout_light_cmd.py
[20.197s] -- Installing: /home/eddy/ros2_ws/install/scout_msgs/local/lib/python3.10/dist-packages/scout_msgs/_scout_msgs_s.ep.rosidl_typesupport_introspection_c.c
[20.198s] -- Installing: /home/eddy/ros2_ws/install/scout_msgs/local/lib/python3.10/dist-packages/scout_msgs/scout_msgs_s__rosidl_typesupport_introspection_c.cpython-310-x86_64-linux-gnu.so
[20.198s] -- Installing: /home/eddy/ros2_ws/install/scout_msgs/local/lib/python3.10/dist-packages/scout_msgs/libscout_msgs__rosidl_generator_py.so
[20.198s] -- Installing: /home/eddy/ros2_ws/install/scout_msgs/local/lib/python3.10/dist-packages/scout_msgs/_scout_msgs_s.ep.rosidl_typesupport_fastrtps_c.c
[20.198s] -- Installing: /home/eddy/ros2_ws/install/scout_msgs/local/lib/python3.10/dist-packages/scout_msgs/scout_msgs_s__rosidl_typesupport_c.cpython-310-x86_64-linux-gnu.so
[20.199s] -- Installing: /home/eddy/ros2_ws/install/scout_msgs/local/lib/python3.10/dist-packages/scout_msgs/__init__.py
[20.199s] -- Installing: /home/eddy/ros2_ws/install/scout_msgs/local/lib/python3.10/dist-packages/scout_msgs/scout_msgs_s__rosidl_typesupport_fastrtps_c.cpython-310-x86_64-linux-gnu.so
[20.258s] Listing '/home/eddy/ros2_ws/install/scout_msgs/local/lib/python3.10/dist-packages/scout_msgs'...
[20.258s] Compiling '/home/eddy/ros2_ws/install/scout_msgs/local/lib/python3.10/dist-packages/scout_msgs/__init__.py'...
[20.258s] Listing '/home/eddy/ros2_ws/install/scout_msgs/local/lib/python3.10/dist-packages/scout_msgs/msg'...
[20.258s] Compiling '/home/eddy/ros2_ws/install/scout_msgs/local/lib/python3.10/dist-packages/scout_msgs/msg/__init__.py'...
[20.259s] Compiling '/home/eddy/ros2_ws/install/scout_msgs/local/lib/python3.10/dist-packages/scout_msgs/msg/_scout_actuator_state.py'...
[20.259s] Compiling '/home/eddy/ros2_ws/install/scout_msgs/local/lib/python3.10/dist-packages/scout_msgs/msg/_scout_light_cmd.py'...
[20.259s] Compiling '/home/eddy/ros2_ws/install/scout_msgs/local/lib/python3.10/dist-packages/scout_msgs/msg/_scout_light_state.py'...
[20.259s] Compiling '/home/eddy/ros2_ws/install/scout_msgs/local/lib/python3.10/dist-packages/scout_msgs/msg/_scout_rc_state.py'...
[20.259s] Compiling '/home/eddy/ros2_ws/install/scout_msgs/local/lib/python3.10/dist-packages/scout_msgs/msg/_scout_status.py'...
[20.265s] -- Installing: /home/eddy/ros2_ws/install/scout_msgs/local/lib/python3.10/dist-packages/scout_msgs/scout_msgs_s__rosidl_typesupport_fastrtps_c.cpython-310-x86_64-linux-gnu.so
[20.266s] -- Set runtime path of "/home/eddy/ros2_ws/install/scout_msgs/local/lib/python3.10/dist-packages/scout_msgs/scout_msgs_s__rosidl_typesupport_fastrtps_c.cpython-310-x86_64-linux-gnu.so" to ""
[20.266s] -- Installing: /home/eddy/ros2_ws/install/scout_msgs/local/lib/python3.10/dist-packages/scout_msgs/scout_msgs_s__rosidl_typesupport_introspection_c.cpython-310-x86_64-linux-gnu.so
[20.267s] -- Set runtime path of "/home/eddy/ros2_ws/install/scout_msgs/local/lib/python3.10/dist-packages/scout_msgs/scout_msgs_s__rosidl_typesupport_introspection_c.cpython-310-x86_64-linux-gnu.so" to ""
[20.267s] -- Installing: /home/eddy/ros2_ws/install/scout_msgs/local/lib/python3.10/dist-packages/scout_msgs/scout_msgs_s__rosidl_typesupport_c.cpython-310-x86_64-linux-gnu.so
[20.268s] -- Set runtime path of "/home/eddy/ros2_ws/install/scout_msgs/local/lib/python3.10/dist-packages/scout_msgs/scout_msgs_s__rosidl_typesupport_c.cpython-310-x86_64-linux-gnu.so" to ""
[20.268s] -- Installing: /home/eddy/ros2_ws/install/scout_msgs/lib/libscout_msgs__rosidl_generator_py.so
[20.269s] -- Set runtime path of "/home/eddy/ros2_ws/install/scout_msgs/lib/libscout_msgs__rosidl_generator_py.so" to ""
[20.269s] -- Installing: /home/eddy/ros2_ws/install/scout_msgs/share/scout_msgs/msg/ScoutActuatorState.idl
[20.269s] -- Installing: /home/eddy/ros2_ws/install/scout_msgs/share/scout_msgs/msg/ScoutLightCmd.idl
[20.270s] -- Installing: /home/eddy/ros2_ws/install/scout_msgs/share/scout_msgs/msg/ScoutLightState.idl
[20.270s] -- Installing: /home/eddy/ros2_ws/install/scout_msgs/share/scout_msgs/msg/ScoutRCState.idl
[20.270s] -- Installing: /home/eddy/ros2_ws/install/scout_msgs/share/scout_msgs/msg/ScoutStatus.idl
[20.271s] -- Installing: /home/eddy/ros2_ws/install/scout_msgs/share/scout_msgs/msg/ScoutActuatorState.msg
[20.271s] -- Installing: /home/eddy/ros2_ws/install/scout_msgs/share/scout_msgs/msg/ScoutLightCmd.msg
[20.271s] -- Installing: /home/eddy/ros2_ws/install/scout_msgs/share/scout_msgs/msg/ScoutLightState.msg
[20.272s] -- Installing: /home/eddy/ros2_ws/install/scout_msgs/share/scout_msgs/msg/ScoutRCState.msg
[20.272s] -- Installing: /home/eddy/ros2_ws/install/scout_msgs/share/scout_msgs/msg/ScoutStatus.msg
[20.272s] -- Installing: /home/eddy/ros2_ws/install/scout_msgs/share/ament_index/resource_index/package_run_dependencies/scout_msgs
[20.273s] -- Installing: /home/eddy/ros2_ws/install/scout_msgs/share/ament_index/resource_index/parent_prefix_path/scout_msgs
[20.273s] -- Installing: /home/eddy/ros2_ws/install/scout_msgs/share/scout_msgs/environment/ament_prefix_path.sh
[20.274s] -- Installing: /home/eddy/ros2_ws/install/scout_msgs/share/scout_msgs/environment/ament_prefix_path.dsv
[20.274s] -- Installing: /home/eddy/ros2_ws/install/scout_msgs/share/scout_msgs/environment/path.sh
[20.274s] -- Installing: /home/eddy/ros2_ws/install/scout_msgs/share/scout_msgs/environment/path.dsv
[20.275s] -- Installing: /home/eddy/ros2_ws/install/scout_msgs/share/scout_msgs/local_setup.bash
[20.275s] -- Installing: /home/eddy/ros2_ws/install/scout_msgs/share/scout_msgs/local_setup.sh
[20.276s] -- Installing: /home/eddy/ros2_ws/install/scout_msgs/share/scout_msgs/local_setup.zsh
[20.276s] -- Installing: /home/eddy/ros2_ws/install/scout_msgs/share/scout_msgs/local_setup.dsv
[20.279s] -- Installing: /home/eddy/ros2_ws/install/scout_msgs/share/scout_msgs/package.dsv
[20.279s] -- Installing: /home/eddy/ros2_ws/install/scout_msgs/share/ament_index/resource_index/packages/scout_msgs
[20.279s] -- Installing: /home/eddy/ros2_ws/install/scout_msgs/share/scout_msgs/cmake/export_scout_msgs__rosidl_generator_cExport.cmake
[20.280s] -- Installing: /home/eddy/ros2_ws/install/scout_msgs/share/scout_msgs/cmake/export_scout_msgs__rosidl_generator_cExport-noconfig.cmake
[20.280s] -- Installing: /home/eddy/ros2_ws/install/scout_msgs/share/scout_msgs/cmake/export_scout_msgs__rosidl_typesupport_fastrtps_cExport.cmake
[20.281s] -- Installing: /home/eddy/ros2_ws/install/scout_msgs/share/scout_msgs/cmake/export_scout_msgs__rosidl_typesupport_fastrtps_cExport-noconfig.cmake
[20.281s] -- Installing: /home/eddy/ros2_ws/install/scout_msgs/share/scout_msgs/cmake/export_scout_msgs__rosidl_generator_cppExport.cmake
[20.281s] -- Installing: /home/eddy/ros2_ws/install/scout_msgs/share/scout_msgs/cmake/export_scout_msgs__rosidl_typesupport_fastrtps_cppExport.cmake
[20.282s] -- Installing: /home/eddy/ros2_ws/install/scout_msgs/share/scout_msgs/cmake/export_scout_msgs__rosidl_typesupport_fastrtps_cppExport-noconfig.cmake
[20.282s] -- Installing: /home/eddy/ros2_ws/install/scout_msgs/share/scout_msgs/cmake/scout_msgs__rosidl_typesupport_introspection_cExport.cmake
[20.282s] -- Installing: /home/eddy/ros2_ws/install/scout_msgs/share/scout_msgs/cmake/scout_msgs__rosidl_typesupport_introspection_cExport-noconfig.cmake
[20.283s] -- Installing: /home/eddy/ros2_ws/install/scout_msgs/share/scout_msgs/cmake/scout_msgs__rosidl_typesupport_cExport.cmake
[20.283s] -- Installing: /home/eddy/ros2_ws/install/scout_msgs/share/scout_msgs/cmake/scout_msgs__rosidl_typesupport_cExport-noconfig.cmake
[20.283s] -- Installing: /home/eddy/ros2_ws/install/scout_msgs/share/scout_msgs/cmake/scout_msgs__rosidl_typesupport_introspection_cppExport.cmake
[20.284s] -- Installing: /home/eddy/ros2_ws/install/scout_msgs/share/scout_msgs/cmake/scout_msgs__rosidl_typesupport_introspection_cppExport-noconfig.cmake
[20.284s] -- Installing: /home/eddy/ros2_ws/install/scout_msgs/share/scout_msgs/cmake/scout_msgs__rosidl_typesupport_cppExport.cmake
[20.284s] -- Installing: /home/eddy/ros2_ws/install/scout_msgs/share/scout_msgs/cmake/scout_msgs__rosidl_typesupport_cppExport-noconfig.cmake
[20.285s] -- Installing: /home/eddy/ros2_ws/install/scout_msgs/share/scout_msgs/cmake/export_scout_msgs__rosidl_generator_pyExport.cmake
[20.285s] -- Installing: /home/eddy/ros2_ws/install/scout_msgs/share/scout_msgs/cmake/export_scout_msgs__rosidl_generator_pyExport-noconfig.cmake
[20.285s] -- Installing: /home/eddy/ros2_ws/install/scout_msgs/share/scout_msgs/cmake/rosidl_cmake-extras.cmake
[20.286s] -- Installing: /home/eddy/ros2_ws/install/scout_msgs/share/scout_msgs/cmake/ament_cmake_export_dependencies-extras.cmake
[20.286s] -- Installing: /home/eddy/ros2_ws/install/scout_msgs/share/scout_msgs/cmake/ament_cmake_export_include_directories-extras.cmake
[20.286s] -- Installing: /home/eddy/ros2_ws/install/scout_msgs/share/scout_msgs/cmake/ament_cmake_export_libraries-extras.cmake
[20.287s] -- Installing: /home/eddy/ros2_ws/install/scout_msgs/share/scout_msgs/cmake/ament_cmake_export_targets-extras.cmake
[20.287s] -- Installing: /home/eddy/ros2_ws/install/scout_msgs/share/scout_msgs/cmake/rosidl_cmake_export_typesupport_targets-extras.cmake
[20.287s] -- Installing: /home/eddy/ros2_ws/install/scout_msgs/share/scout_msgs/cmake/rosidl_cmake_export_typesupport_libraries-extras.cmake
[20.288s] -- Installing: /home/eddy/ros2_ws/install/scout_msgs/share/scout_msgs/cmake/scout_msgsConfig.cmake
[20.288s] -- Installing: /home/eddy/ros2_ws/install/scout_msgs/share/scout_msgs/cmake/scout_msgsConfig-version.cmake
[20.288s] -- Installing: /home/eddy/ros2_ws/install/scout_msgs/share/scout_msgs/package.xml
[20.294s] Invoked command in '/home/eddy/ros2_ws/build/scout_msgs' returned '0': CMAKE_PREFIX_PATH=${CMAKE_PREFIX_PATH}:/opt/ros/humble /usr/bin/cmake --install /home/eddy/ros2_ws/build/scout_msgs
