[0.015s] Invoking command in '/home/eddy/ros2_ws/build/rplidar_ros': CMAKE_PREFIX_PATH=${CMAKE_PREFIX_PATH}:/opt/ros/humble /usr/bin/cmake --build /home/eddy/ros2_ws/build/rplidar_ros -- -j2 -l2
[0.089s] [35m[1mConsolidate compiler generated dependencies of target rplidar_composition_node[0m
[0.124s] [ 77%] Built target rplidar_composition_node
[0.149s] [35m[1mConsolidate compiler generated dependencies of target rplidar_composition[0m
[0.170s] [100%] Built target rplidar_composition
[0.185s] Invoked command in '/home/eddy/ros2_ws/build/rplidar_ros' returned '0': CMAKE_PREFIX_PATH=${CMAKE_PREFIX_PATH}:/opt/ros/humble /usr/bin/cmake --build /home/eddy/ros2_ws/build/rplidar_ros -- -j2 -l2
[0.189s] Invoking command in '/home/eddy/ros2_ws/build/rplidar_ros': CMAKE_PREFIX_PATH=${CMAKE_PREFIX_PATH}:/opt/ros/humble /usr/bin/cmake --install /home/eddy/ros2_ws/build/rplidar_ros
[0.200s] -- Install configuration: ""
[0.202s] -- Up-to-date: /home/eddy/ros2_ws/install/rplidar_ros/lib/rplidar_ros/rplidar_composition
[0.203s] -- Up-to-date: /home/eddy/ros2_ws/install/rplidar_ros/share/rplidar_ros/launch
[0.204s] -- Up-to-date: /home/eddy/ros2_ws/install/rplidar_ros/share/rplidar_ros/launch/view_rplidar_a3.launch.py
[0.204s] -- Up-to-date: /home/eddy/ros2_ws/install/rplidar_ros/share/rplidar_ros/launch/view_rplidar.launch.py
[0.204s] -- Up-to-date: /home/eddy/ros2_ws/install/rplidar_ros/share/rplidar_ros/launch/rplidar_s1.launch.py
[0.205s] -- Up-to-date: /home/eddy/ros2_ws/install/rplidar_ros/share/rplidar_ros/launch/rplidar_s1_tcp.launch.py
[0.205s] -- Up-to-date: /home/eddy/ros2_ws/install/rplidar_ros/share/rplidar_ros/launch/view_rplidar_s1.launch.py
[0.205s] -- Up-to-date: /home/eddy/ros2_ws/install/rplidar_ros/share/rplidar_ros/launch/rplidar_a3.launch.py
[0.205s] -- Up-to-date: /home/eddy/ros2_ws/install/rplidar_ros/share/rplidar_ros/launch/view_rplidar_s1_tcp.launch.py
[0.205s] -- Up-to-date: /home/eddy/ros2_ws/install/rplidar_ros/share/rplidar_ros/launch/test_rplidar_a3.launch.py
[0.206s] -- Installing: /home/eddy/ros2_ws/install/rplidar_ros/share/rplidar_ros/launch/rplidar.launch.py
[0.206s] -- Up-to-date: /home/eddy/ros2_ws/install/rplidar_ros/share/rplidar_ros/rviz
[0.207s] -- Up-to-date: /home/eddy/ros2_ws/install/rplidar_ros/share/rplidar_ros/rviz/rplidar.rviz
[0.209s] -- Up-to-date: /home/eddy/ros2_ws/install/rplidar_ros/lib/librplidar_composition_node.so
[0.209s] -- Up-to-date: /home/eddy/ros2_ws/install/rplidar_ros/include
[0.209s] -- Up-to-date: /home/eddy/ros2_ws/install/rplidar_ros/include/visibility.h
[0.209s] -- Up-to-date: /home/eddy/ros2_ws/install/rplidar_ros/include/rplidar_node.hpp
[0.210s] -- Up-to-date: /home/eddy/ros2_ws/install/rplidar_ros/lib/rplidar_ros/rplidar_composition
[0.210s] -- Up-to-date: /home/eddy/ros2_ws/install/rplidar_ros/share/ament_index/resource_index/package_run_dependencies/rplidar_ros
[0.211s] -- Up-to-date: /home/eddy/ros2_ws/install/rplidar_ros/share/ament_index/resource_index/parent_prefix_path/rplidar_ros
[0.211s] -- Up-to-date: /home/eddy/ros2_ws/install/rplidar_ros/share/rplidar_ros/environment/ament_prefix_path.sh
[0.211s] -- Up-to-date: /home/eddy/ros2_ws/install/rplidar_ros/share/rplidar_ros/environment/ament_prefix_path.dsv
[0.212s] -- Up-to-date: /home/eddy/ros2_ws/install/rplidar_ros/share/rplidar_ros/environment/path.sh
[0.212s] -- Up-to-date: /home/eddy/ros2_ws/install/rplidar_ros/share/rplidar_ros/environment/path.dsv
[0.212s] -- Up-to-date: /home/eddy/ros2_ws/install/rplidar_ros/share/rplidar_ros/local_setup.bash
[0.212s] -- Up-to-date: /home/eddy/ros2_ws/install/rplidar_ros/share/rplidar_ros/local_setup.sh
[0.212s] -- Up-to-date: /home/eddy/ros2_ws/install/rplidar_ros/share/rplidar_ros/local_setup.zsh
[0.213s] -- Up-to-date: /home/eddy/ros2_ws/install/rplidar_ros/share/rplidar_ros/local_setup.dsv
[0.213s] -- Installing: /home/eddy/ros2_ws/install/rplidar_ros/share/rplidar_ros/package.dsv
[0.216s] -- Up-to-date: /home/eddy/ros2_ws/install/rplidar_ros/share/ament_index/resource_index/packages/rplidar_ros
[0.216s] -- Up-to-date: /home/eddy/ros2_ws/install/rplidar_ros/share/ament_index/resource_index/rclcpp_components/rplidar_ros
[0.216s] -- Up-to-date: /home/eddy/ros2_ws/install/rplidar_ros/share/rplidar_ros/cmake/ament_cmake_export_dependencies-extras.cmake
[0.216s] -- Up-to-date: /home/eddy/ros2_ws/install/rplidar_ros/share/rplidar_ros/cmake/ament_cmake_export_include_directories-extras.cmake
[0.217s] -- Up-to-date: /home/eddy/ros2_ws/install/rplidar_ros/share/rplidar_ros/cmake/rplidar_rosConfig.cmake
[0.217s] -- Up-to-date: /home/eddy/ros2_ws/install/rplidar_ros/share/rplidar_ros/cmake/rplidar_rosConfig-version.cmake
[0.217s] -- Up-to-date: /home/eddy/ros2_ws/install/rplidar_ros/share/rplidar_ros/package.xml
[0.219s] Invoked command in '/home/eddy/ros2_ws/build/rplidar_ros' returned '0': CMAKE_PREFIX_PATH=${CMAKE_PREFIX_PATH}:/opt/ros/humble /usr/bin/cmake --install /home/eddy/ros2_ws/build/rplidar_ros
