[0.009s] Invoking command in '/home/eddy/ros2_ws/build/image_proc': AMENT_PREFIX_PATH=/home/eddy/ros2_ws/install/tracetools_image_pipeline:${AMENT_PREFIX_PATH} CMAKE_PREFIX_PATH=/home/eddy/ros2_ws/install/tracetools_image_pipeline:/home/eddy/ros2_ws/install/scout_description:/home/eddy/ros2_ws/install/rplidar_ros:/opt/ros/humble LD_LIBRARY_PATH=/home/eddy/ros2_ws/install/tracetools_image_pipeline/lib:${LD_LIBRARY_PATH} /usr/bin/cmake /home/eddy/ros2_ws/src/image_pipeline/image_proc -DCMAKE_INSTALL_PREFIX=/home/eddy/ros2_ws/install/image_proc
[0.066s] -- The C compiler identification is GNU 11.4.0
[0.120s] -- The CXX compiler identification is GNU 11.4.0
[0.126s] -- Detecting C compiler ABI info
[0.191s] -- Detecting C compiler ABI info - done
[0.196s] -- Check for working C compiler: /usr/bin/cc - skipped
[0.196s] -- Detecting C compile features
[0.197s] -- Detecting C compile features - done
[0.201s] -- Detecting CXX compiler ABI info
[0.275s] -- Detecting CXX compiler ABI info - done
[0.282s] -- Check for working CXX compiler: /usr/bin/c++ - skipped
[0.282s] -- Detecting CXX compile features
[0.283s] -- Detecting CXX compile features - done
[0.285s] -- Found ament_cmake_auto: 1.3.12 (/opt/ros/humble/share/ament_cmake_auto/cmake)
[0.437s] -- Found Python3: /usr/bin/python3 (found version "3.10.12") found components: Interpreter 
[0.635s] -- Found rosidl_generator_c: 3.1.7 (/opt/ros/humble/share/rosidl_generator_c/cmake)
[0.638s] -- Found rosidl_adapter: 3.1.7 (/opt/ros/humble/share/rosidl_adapter/cmake)
[0.647s] -- Found rosidl_generator_cpp: 3.1.7 (/opt/ros/humble/share/rosidl_generator_cpp/cmake)
[0.658s] -- Using all available rosidl_typesupport_c: rosidl_typesupport_fastrtps_c;rosidl_typesupport_introspection_c
[0.677s] -- Using all available rosidl_typesupport_cpp: rosidl_typesupport_fastrtps_cpp;rosidl_typesupport_introspection_cpp
[0.855s] -- Found rmw_implementation_cmake: 6.1.2 (/opt/ros/humble/share/rmw_implementation_cmake/cmake)
[0.860s] -- Found rmw_cyclonedds_cpp: 1.3.4 (/opt/ros/humble/share/rmw_cyclonedds_cpp/cmake)
[0.902s] -- Using RMW implementation 'rmw_cyclonedds_cpp' as default
[0.917s] -- Looking for pthread.h
[0.993s] -- Looking for pthread.h - found
[0.993s] -- Performing Test CMAKE_HAVE_LIBC_PTHREAD
[1.058s] -- Performing Test CMAKE_HAVE_LIBC_PTHREAD - Success
[1.058s] -- Found Threads: TRUE  
[1.197s] -- Found OpenCV: /usr (found version "4.5.4") 
[1.214s] -- Found ament_lint_auto: 0.12.14 (/opt/ros/humble/share/ament_lint_auto/cmake)
[1.231s] [0mIn this package, headers install destination is set to `include` by ament_auto_package. It is recommended to install `include/image_proc` instead and will be the default behavior of ament_auto_package from ROS 2 Kilted Kaiju. On distributions before Kilted, ament_auto_package behaves the same way when you use USE_SCOPED_HEADER_INSTALL_DIR option.[0m
[1.235s] -- Added test 'copyright' to check source files copyright and LICENSE
[1.238s] -- Added test 'cppcheck' to perform static code analysis on C / C++ code
[1.238s] -- Configured cppcheck include dirs: /home/eddy/ros2_ws/src/image_pipeline/image_proc/include
[1.238s] -- Configured cppcheck exclude dirs and/or files: 
[1.239s] -- Added test 'cpplint' to check C / C++ code against the Google style
[1.239s] -- Configured cpplint exclude dirs and/or files: 
[1.239s] -- Added test 'flake8' to check Python code syntax and style conventions
[1.240s] -- Added test 'lint_cmake' to check CMake code style
[1.240s] -- Added test 'pep257' to check Python code against some of the docstring style conventions in PEP 257
[1.242s] -- Added test 'uncrustify' to check C / C++ code style
[1.242s] -- Configured uncrustify additional arguments: 
[1.242s] -- Added test 'xmllint' to check XML markup files
[1.245s] -- Configuring done
[1.315s] -- Generating done
[1.337s] -- Build files have been written to: /home/eddy/ros2_ws/build/image_proc
[1.347s] Invoked command in '/home/eddy/ros2_ws/build/image_proc' returned '0': AMENT_PREFIX_PATH=/home/eddy/ros2_ws/install/tracetools_image_pipeline:${AMENT_PREFIX_PATH} CMAKE_PREFIX_PATH=/home/eddy/ros2_ws/install/tracetools_image_pipeline:/home/eddy/ros2_ws/install/scout_description:/home/eddy/ros2_ws/install/rplidar_ros:/opt/ros/humble LD_LIBRARY_PATH=/home/eddy/ros2_ws/install/tracetools_image_pipeline/lib:${LD_LIBRARY_PATH} /usr/bin/cmake /home/eddy/ros2_ws/src/image_pipeline/image_proc -DCMAKE_INSTALL_PREFIX=/home/eddy/ros2_ws/install/image_proc
[1.348s] Invoking command in '/home/eddy/ros2_ws/build/image_proc': AMENT_PREFIX_PATH=/home/eddy/ros2_ws/install/tracetools_image_pipeline:${AMENT_PREFIX_PATH} CMAKE_PREFIX_PATH=/home/eddy/ros2_ws/install/tracetools_image_pipeline:/home/eddy/ros2_ws/install/scout_description:/home/eddy/ros2_ws/install/rplidar_ros:/opt/ros/humble LD_LIBRARY_PATH=/home/eddy/ros2_ws/install/tracetools_image_pipeline/lib:${LD_LIBRARY_PATH} /usr/bin/cmake --build /home/eddy/ros2_ws/build/image_proc -- -j2 -l2
[1.398s] [  4%] [32mBuilding CXX object CMakeFiles/image_proc.dir/src/image_proc/processor.cpp.o[0m
[1.415s] [  8%] [32mBuilding CXX object CMakeFiles/rectify_node.dir/rclcpp_components/node_main_rectify_node.cpp.o[0m
[8.079s] [ 12%] [32m[1mLinking CXX shared library libimage_proc.so[0m
[8.597s] [ 12%] Built target image_proc
[8.648s] [ 16%] [32mBuilding CXX object CMakeFiles/debayer_node.dir/rclcpp_components/node_main_debayer_node.cpp.o[0m
[13.540s] [ 20%] [32m[1mLinking CXX executable rectify_node[0m
[14.019s] [ 20%] Built target rectify_node
[14.124s] [ 24%] [32mBuilding CXX object CMakeFiles/resize_node.dir/rclcpp_components/node_main_resize_node.cpp.o[0m
[16.737s] [ 28%] [32m[1mLinking CXX executable debayer_node[0m
[16.922s] [ 28%] Built target debayer_node
[16.966s] [ 32%] [32mBuilding CXX object CMakeFiles/crop_decimate_node.dir/rclcpp_components/node_main_crop_decimate_node.cpp.o[0m
[21.948s] [ 36%] [32m[1mLinking CXX executable resize_node[0m
[22.270s] [ 36%] Built target resize_node
[22.324s] [ 40%] [32mBuilding CXX object CMakeFiles/crop_non_zero_node.dir/rclcpp_components/node_main_crop_non_zero_node.cpp.o[0m
[25.229s] [ 44%] [32m[1mLinking CXX executable crop_decimate_node[0m
[25.537s] [ 44%] Built target crop_decimate_node
[25.594s] [ 48%] [32mBuilding CXX object CMakeFiles/rectify.dir/src/rectify.cpp.o[0m
[31.182s] [ 52%] [32m[1mLinking CXX executable crop_non_zero_node[0m
[31.565s] [ 52%] Built target crop_non_zero_node
[35.138s] [ 56%] [32m[1mLinking CXX shared library librectify.so[0m
[35.588s] [ 56%] Built target rectify
[35.638s] [ 60%] [32mBuilding CXX object CMakeFiles/debayer.dir/src/debayer.cpp.o[0m
[35.642s] [ 64%] [32mBuilding CXX object CMakeFiles/debayer.dir/src/edge_aware.cpp.o[0m
[42.659s] [ 68%] [32m[1mLinking CXX shared library libdebayer.so[0m
[42.921s] [ 68%] Built target debayer
[42.951s] [ 72%] [32mBuilding CXX object CMakeFiles/resize.dir/src/resize.cpp.o[0m
[48.184s] [ 76%] [32m[1mLinking CXX shared library libresize.so[0m
[48.446s] [ 76%] Built target resize
[48.472s] [ 80%] [32mBuilding CXX object CMakeFiles/crop_decimate.dir/src/crop_decimate.cpp.o[0m
[53.838s] [ 84%] [32m[1mLinking CXX shared library libcrop_decimate.so[0m
[54.056s] [ 84%] Built target crop_decimate
[54.081s] [ 88%] [32mBuilding CXX object CMakeFiles/crop_non_zero.dir/src/crop_non_zero.cpp.o[0m
[59.453s] [ 92%] [32m[1mLinking CXX shared library libcrop_non_zero.so[0m
[59.732s] [ 92%] Built target crop_non_zero
[59.758s] [ 96%] [32mBuilding CXX object CMakeFiles/image_proc_exe.dir/src/image_proc.cpp.o[0m
[63.791s] [100%] [32m[1mLinking CXX executable image_proc[0m
[64.233s] [100%] Built target image_proc_exe
[64.244s] Invoked command in '/home/eddy/ros2_ws/build/image_proc' returned '0': AMENT_PREFIX_PATH=/home/eddy/ros2_ws/install/tracetools_image_pipeline:${AMENT_PREFIX_PATH} CMAKE_PREFIX_PATH=/home/eddy/ros2_ws/install/tracetools_image_pipeline:/home/eddy/ros2_ws/install/scout_description:/home/eddy/ros2_ws/install/rplidar_ros:/opt/ros/humble LD_LIBRARY_PATH=/home/eddy/ros2_ws/install/tracetools_image_pipeline/lib:${LD_LIBRARY_PATH} /usr/bin/cmake --build /home/eddy/ros2_ws/build/image_proc -- -j2 -l2
[64.246s] Invoking command in '/home/eddy/ros2_ws/build/image_proc': AMENT_PREFIX_PATH=/home/eddy/ros2_ws/install/tracetools_image_pipeline:${AMENT_PREFIX_PATH} CMAKE_PREFIX_PATH=/home/eddy/ros2_ws/install/tracetools_image_pipeline:/home/eddy/ros2_ws/install/scout_description:/home/eddy/ros2_ws/install/rplidar_ros:/opt/ros/humble LD_LIBRARY_PATH=/home/eddy/ros2_ws/install/tracetools_image_pipeline/lib:${LD_LIBRARY_PATH} /usr/bin/cmake --install /home/eddy/ros2_ws/build/image_proc
[64.256s] -- Install configuration: ""
[64.257s] -- Installing: /home/eddy/ros2_ws/install/image_proc/lib/image_proc/rectify_node
[64.258s] -- Set runtime path of "/home/eddy/ros2_ws/install/image_proc/lib/image_proc/rectify_node" to ""
[64.258s] -- Installing: /home/eddy/ros2_ws/install/image_proc/lib/image_proc/debayer_node
[64.259s] -- Set runtime path of "/home/eddy/ros2_ws/install/image_proc/lib/image_proc/debayer_node" to ""
[64.260s] -- Installing: /home/eddy/ros2_ws/install/image_proc/lib/image_proc/resize_node
[64.261s] -- Set runtime path of "/home/eddy/ros2_ws/install/image_proc/lib/image_proc/resize_node" to ""
[64.262s] -- Installing: /home/eddy/ros2_ws/install/image_proc/lib/image_proc/crop_decimate_node
[64.262s] -- Set runtime path of "/home/eddy/ros2_ws/install/image_proc/lib/image_proc/crop_decimate_node" to ""
[64.262s] -- Installing: /home/eddy/ros2_ws/install/image_proc/lib/image_proc/crop_non_zero_node
[64.263s] -- Set runtime path of "/home/eddy/ros2_ws/install/image_proc/lib/image_proc/crop_non_zero_node" to ""
[64.264s] -- Installing: /home/eddy/ros2_ws/install/image_proc/bin/image_proc
[64.265s] -- Set runtime path of "/home/eddy/ros2_ws/install/image_proc/bin/image_proc" to ""
[64.265s] -- Installing: /home/eddy/ros2_ws/install/image_proc/include
[64.265s] -- Installing: /home/eddy/ros2_ws/install/image_proc/include/image_proc
[64.266s] -- Installing: /home/eddy/ros2_ws/install/image_proc/include/image_proc/crop_non_zero.hpp
[64.266s] -- Installing: /home/eddy/ros2_ws/install/image_proc/include/image_proc/processor.hpp
[64.266s] -- Installing: /home/eddy/ros2_ws/install/image_proc/include/image_proc/debayer.hpp
[64.266s] -- Installing: /home/eddy/ros2_ws/install/image_proc/include/image_proc/resize.hpp
[64.267s] -- Installing: /home/eddy/ros2_ws/install/image_proc/include/image_proc/utils.hpp
[64.267s] -- Installing: /home/eddy/ros2_ws/install/image_proc/include/image_proc/crop_decimate.hpp
[64.267s] -- Installing: /home/eddy/ros2_ws/install/image_proc/include/image_proc/edge_aware.hpp
[64.267s] -- Installing: /home/eddy/ros2_ws/install/image_proc/include/image_proc/rectify.hpp
[64.268s] -- Installing: /home/eddy/ros2_ws/install/image_proc/share/image_proc/environment/library_path.sh
[64.268s] -- Installing: /home/eddy/ros2_ws/install/image_proc/share/image_proc/environment/library_path.dsv
[64.269s] -- Installing: /home/eddy/ros2_ws/install/image_proc/lib/libimage_proc.so
[64.269s] -- Set runtime path of "/home/eddy/ros2_ws/install/image_proc/lib/libimage_proc.so" to ""
[64.270s] -- Installing: /home/eddy/ros2_ws/install/image_proc/lib/librectify.so
[64.270s] -- Set runtime path of "/home/eddy/ros2_ws/install/image_proc/lib/librectify.so" to ""
[64.270s] -- Installing: /home/eddy/ros2_ws/install/image_proc/lib/libdebayer.so
[64.271s] -- Set runtime path of "/home/eddy/ros2_ws/install/image_proc/lib/libdebayer.so" to ""
[64.272s] -- Installing: /home/eddy/ros2_ws/install/image_proc/lib/libresize.so
[64.272s] -- Set runtime path of "/home/eddy/ros2_ws/install/image_proc/lib/libresize.so" to ""
[64.272s] -- Installing: /home/eddy/ros2_ws/install/image_proc/lib/libcrop_decimate.so
[64.274s] -- Set runtime path of "/home/eddy/ros2_ws/install/image_proc/lib/libcrop_decimate.so" to ""
[64.274s] -- Installing: /home/eddy/ros2_ws/install/image_proc/lib/libcrop_non_zero.so
[64.275s] -- Set runtime path of "/home/eddy/ros2_ws/install/image_proc/lib/libcrop_non_zero.so" to ""
[64.276s] -- Installing: /home/eddy/ros2_ws/install/image_proc/lib/image_proc/image_proc
[64.276s] -- Set runtime path of "/home/eddy/ros2_ws/install/image_proc/lib/image_proc/image_proc" to ""
[64.276s] -- Installing: /home/eddy/ros2_ws/install/image_proc/share/image_proc/launch
[64.277s] -- Installing: /home/eddy/ros2_ws/install/image_proc/share/image_proc/launch/image_proc.launch.py
[64.277s] -- Installing: /home/eddy/ros2_ws/install/image_proc/share/ament_index/resource_index/package_run_dependencies/image_proc
[64.277s] -- Installing: /home/eddy/ros2_ws/install/image_proc/share/ament_index/resource_index/parent_prefix_path/image_proc
[64.278s] -- Installing: /home/eddy/ros2_ws/install/image_proc/share/image_proc/environment/ament_prefix_path.sh
[64.278s] -- Installing: /home/eddy/ros2_ws/install/image_proc/share/image_proc/environment/ament_prefix_path.dsv
[64.278s] -- Installing: /home/eddy/ros2_ws/install/image_proc/share/image_proc/environment/path.sh
[64.279s] -- Installing: /home/eddy/ros2_ws/install/image_proc/share/image_proc/environment/path.dsv
[64.279s] -- Installing: /home/eddy/ros2_ws/install/image_proc/share/image_proc/local_setup.bash
[64.279s] -- Installing: /home/eddy/ros2_ws/install/image_proc/share/image_proc/local_setup.sh
[64.279s] -- Installing: /home/eddy/ros2_ws/install/image_proc/share/image_proc/local_setup.zsh
[64.280s] -- Installing: /home/eddy/ros2_ws/install/image_proc/share/image_proc/local_setup.dsv
[64.280s] -- Installing: /home/eddy/ros2_ws/install/image_proc/share/image_proc/package.dsv
[64.280s] -- Installing: /home/eddy/ros2_ws/install/image_proc/share/ament_index/resource_index/packages/image_proc
[64.280s] -- Installing: /home/eddy/ros2_ws/install/image_proc/share/ament_index/resource_index/rclcpp_components/image_proc
[64.281s] -- Installing: /home/eddy/ros2_ws/install/image_proc/share/image_proc/cmake/ament_cmake_export_dependencies-extras.cmake
[64.281s] -- Installing: /home/eddy/ros2_ws/install/image_proc/share/image_proc/cmake/ament_cmake_export_include_directories-extras.cmake
[64.281s] -- Installing: /home/eddy/ros2_ws/install/image_proc/share/image_proc/cmake/ament_cmake_export_libraries-extras.cmake
[64.282s] -- Installing: /home/eddy/ros2_ws/install/image_proc/share/image_proc/cmake/image_procConfig.cmake
[64.282s] -- Installing: /home/eddy/ros2_ws/install/image_proc/share/image_proc/cmake/image_procConfig-version.cmake
[64.284s] -- Installing: /home/eddy/ros2_ws/install/image_proc/share/image_proc/package.xml
[64.285s] Invoked command in '/home/eddy/ros2_ws/build/image_proc' returned '0': AMENT_PREFIX_PATH=/home/eddy/ros2_ws/install/tracetools_image_pipeline:${AMENT_PREFIX_PATH} CMAKE_PREFIX_PATH=/home/eddy/ros2_ws/install/tracetools_image_pipeline:/home/eddy/ros2_ws/install/scout_description:/home/eddy/ros2_ws/install/rplidar_ros:/opt/ros/humble LD_LIBRARY_PATH=/home/eddy/ros2_ws/install/tracetools_image_pipeline/lib:${LD_LIBRARY_PATH} /usr/bin/cmake --install /home/eddy/ros2_ws/build/image_proc
