[0.016s] Invoking command in '/home/eddy/ros2_ws/build/depth_image_proc': CMAKE_PREFIX_PATH=/home/eddy/ros2_ws/install/scout_base:/home/eddy/ros2_ws/install/scout_robot:/home/eddy/ros2_ws/install/scout_navigation2:/home/eddy/ros2_ws/install/rfid_serial_node:/home/eddy/ros2_ws/install/my_nav2_controller:/home/eddy/ros2_ws/install/camera_calibration:/opt/ros/humble:/home/eddy/ros2_ws/install/ugv_sdk:/home/eddy/ros2_ws/install/image_pipeline:/home/eddy/ros2_ws/install/stereo_image_proc:/home/eddy/ros2_ws/install/image_proc:/home/eddy/ros2_ws/install/tracetools_image_pipeline:/home/eddy/ros2_ws/install/scout_msgs:/home/eddy/ros2_ws/install/scout_description:/home/eddy/ros2_ws/install/rplidar_ros:/home/eddy/ros2_ws/install/image_view:/home/eddy/ros2_ws/install/image_rotate:/home/eddy/ros2_ws/install/image_publisher:/home/eddy/ros2_ws/install/depth_image_proc VIRTUAL_ENV_PROMPT=(myvenv) /usr/bin/cmake --build /home/eddy/ros2_ws/build/depth_image_proc -- -j2 -l2
[0.138s] [  6%] Built target convert_metric_node
[0.186s] [ 43%] Built target depth_image_proc
[0.203s] [ 50%] Built target crop_foremost_node
[0.249s] [ 56%] Built target disparity_node
[0.263s] [ 62%] Built target point_cloud_xyz_node
[0.304s] [ 68%] Built target point_cloud_xyzrgb_node
[0.327s] [ 75%] Built target point_cloud_xyzi_node
[0.386s] [ 81%] Built target point_cloud_xyz_radial_node
[0.387s] [ 87%] Built target point_cloud_xyzi_radial_node
[0.434s] [ 93%] Built target point_cloud_xyzrgb_radial_node
[0.446s] [100%] Built target register_node
[0.461s] Invoked command in '/home/eddy/ros2_ws/build/depth_image_proc' returned '0': CMAKE_PREFIX_PATH=/home/eddy/ros2_ws/install/scout_base:/home/eddy/ros2_ws/install/scout_robot:/home/eddy/ros2_ws/install/scout_navigation2:/home/eddy/ros2_ws/install/rfid_serial_node:/home/eddy/ros2_ws/install/my_nav2_controller:/home/eddy/ros2_ws/install/camera_calibration:/opt/ros/humble:/home/eddy/ros2_ws/install/ugv_sdk:/home/eddy/ros2_ws/install/image_pipeline:/home/eddy/ros2_ws/install/stereo_image_proc:/home/eddy/ros2_ws/install/image_proc:/home/eddy/ros2_ws/install/tracetools_image_pipeline:/home/eddy/ros2_ws/install/scout_msgs:/home/eddy/ros2_ws/install/scout_description:/home/eddy/ros2_ws/install/rplidar_ros:/home/eddy/ros2_ws/install/image_view:/home/eddy/ros2_ws/install/image_rotate:/home/eddy/ros2_ws/install/image_publisher:/home/eddy/ros2_ws/install/depth_image_proc VIRTUAL_ENV_PROMPT=(myvenv) /usr/bin/cmake --build /home/eddy/ros2_ws/build/depth_image_proc -- -j2 -l2
[0.466s] Invoking command in '/home/eddy/ros2_ws/build/depth_image_proc': CMAKE_PREFIX_PATH=/home/eddy/ros2_ws/install/scout_base:/home/eddy/ros2_ws/install/scout_robot:/home/eddy/ros2_ws/install/scout_navigation2:/home/eddy/ros2_ws/install/rfid_serial_node:/home/eddy/ros2_ws/install/my_nav2_controller:/home/eddy/ros2_ws/install/camera_calibration:/opt/ros/humble:/home/eddy/ros2_ws/install/ugv_sdk:/home/eddy/ros2_ws/install/image_pipeline:/home/eddy/ros2_ws/install/stereo_image_proc:/home/eddy/ros2_ws/install/image_proc:/home/eddy/ros2_ws/install/tracetools_image_pipeline:/home/eddy/ros2_ws/install/scout_msgs:/home/eddy/ros2_ws/install/scout_description:/home/eddy/ros2_ws/install/rplidar_ros:/home/eddy/ros2_ws/install/image_view:/home/eddy/ros2_ws/install/image_rotate:/home/eddy/ros2_ws/install/image_publisher:/home/eddy/ros2_ws/install/depth_image_proc VIRTUAL_ENV_PROMPT=(myvenv) /usr/bin/cmake --install /home/eddy/ros2_ws/build/depth_image_proc
[0.473s] -- Install configuration: ""
[0.473s] -- Up-to-date: /home/eddy/ros2_ws/install/depth_image_proc/lib/depth_image_proc/convert_metric_node
[0.480s] -- Up-to-date: /home/eddy/ros2_ws/install/depth_image_proc/lib/depth_image_proc/crop_foremost_node
[0.481s] -- Up-to-date: /home/eddy/ros2_ws/install/depth_image_proc/lib/depth_image_proc/disparity_node
[0.482s] -- Up-to-date: /home/eddy/ros2_ws/install/depth_image_proc/lib/depth_image_proc/point_cloud_xyz_node
[0.484s] -- Up-to-date: /home/eddy/ros2_ws/install/depth_image_proc/lib/depth_image_proc/point_cloud_xyzrgb_node
[0.485s] -- Up-to-date: /home/eddy/ros2_ws/install/depth_image_proc/lib/depth_image_proc/point_cloud_xyzi_node
[0.487s] -- Up-to-date: /home/eddy/ros2_ws/install/depth_image_proc/lib/depth_image_proc/point_cloud_xyz_radial_node
[0.489s] -- Up-to-date: /home/eddy/ros2_ws/install/depth_image_proc/lib/depth_image_proc/point_cloud_xyzi_radial_node
[0.490s] -- Up-to-date: /home/eddy/ros2_ws/install/depth_image_proc/lib/depth_image_proc/point_cloud_xyzrgb_radial_node
[0.491s] -- Up-to-date: /home/eddy/ros2_ws/install/depth_image_proc/lib/depth_image_proc/register_node
[0.492s] -- Up-to-date: /home/eddy/ros2_ws/install/depth_image_proc/include
[0.492s] -- Up-to-date: /home/eddy/ros2_ws/install/depth_image_proc/include/depth_image_proc
[0.493s] -- Up-to-date: /home/eddy/ros2_ws/install/depth_image_proc/include/depth_image_proc/point_cloud_xyzrgb.hpp
[0.493s] -- Up-to-date: /home/eddy/ros2_ws/install/depth_image_proc/include/depth_image_proc/depth_traits.hpp
[0.493s] -- Up-to-date: /home/eddy/ros2_ws/install/depth_image_proc/include/depth_image_proc/point_cloud_xyz_radial.hpp
[0.493s] -- Up-to-date: /home/eddy/ros2_ws/install/depth_image_proc/include/depth_image_proc/point_cloud_xyzrgb_radial.hpp
[0.493s] -- Up-to-date: /home/eddy/ros2_ws/install/depth_image_proc/include/depth_image_proc/visibility.h
[0.495s] -- Up-to-date: /home/eddy/ros2_ws/install/depth_image_proc/include/depth_image_proc/point_cloud_xyz.hpp
[0.495s] -- Up-to-date: /home/eddy/ros2_ws/install/depth_image_proc/include/depth_image_proc/point_cloud_xyzi.hpp
[0.495s] -- Up-to-date: /home/eddy/ros2_ws/install/depth_image_proc/include/depth_image_proc/conversions.hpp
[0.495s] -- Up-to-date: /home/eddy/ros2_ws/install/depth_image_proc/include/depth_image_proc/point_cloud_xyzi_radial.hpp
[0.495s] -- Up-to-date: /home/eddy/ros2_ws/install/depth_image_proc/share/depth_image_proc/environment/library_path.sh
[0.495s] -- Up-to-date: /home/eddy/ros2_ws/install/depth_image_proc/share/depth_image_proc/environment/library_path.dsv
[0.497s] -- Up-to-date: /home/eddy/ros2_ws/install/depth_image_proc/lib/libdepth_image_proc.so
[0.497s] -- Up-to-date: /home/eddy/ros2_ws/install/depth_image_proc/share/depth_image_proc/launch
[0.497s] -- Up-to-date: /home/eddy/ros2_ws/install/depth_image_proc/share/depth_image_proc/launch/point_cloud_xyz_radial.launch.py
[0.498s] -- Up-to-date: /home/eddy/ros2_ws/install/depth_image_proc/share/depth_image_proc/launch/point_cloud_xyzrgb_radial.launch.py
[0.498s] -- Up-to-date: /home/eddy/ros2_ws/install/depth_image_proc/share/depth_image_proc/launch/register.launch.py
[0.498s] -- Up-to-date: /home/eddy/ros2_ws/install/depth_image_proc/share/depth_image_proc/launch/rviz
[0.500s] -- Up-to-date: /home/eddy/ros2_ws/install/depth_image_proc/share/depth_image_proc/launch/rviz/convert_metric.rviz
[0.500s] -- Up-to-date: /home/eddy/ros2_ws/install/depth_image_proc/share/depth_image_proc/launch/rviz/point_cloud_xyzi.rviz
[0.500s] -- Up-to-date: /home/eddy/ros2_ws/install/depth_image_proc/share/depth_image_proc/launch/rviz/point_cloud_xyz_radial.rviz
[0.500s] -- Up-to-date: /home/eddy/ros2_ws/install/depth_image_proc/share/depth_image_proc/launch/rviz/point_cloud_xyz.rviz
[0.500s] -- Up-to-date: /home/eddy/ros2_ws/install/depth_image_proc/share/depth_image_proc/launch/rviz/crop_formost.rviz
[0.500s] -- Up-to-date: /home/eddy/ros2_ws/install/depth_image_proc/share/depth_image_proc/launch/rviz/point_cloud_xyzrgb.rviz
[0.500s] -- Up-to-date: /home/eddy/ros2_ws/install/depth_image_proc/share/depth_image_proc/launch/rviz/register.rviz
[0.500s] -- Up-to-date: /home/eddy/ros2_ws/install/depth_image_proc/share/depth_image_proc/launch/rviz/disparity.rviz
[0.500s] -- Up-to-date: /home/eddy/ros2_ws/install/depth_image_proc/share/depth_image_proc/launch/point_cloud_xyz.launch.py
[0.500s] -- Up-to-date: /home/eddy/ros2_ws/install/depth_image_proc/share/depth_image_proc/launch/crop_foremost.launch.py
[0.500s] -- Up-to-date: /home/eddy/ros2_ws/install/depth_image_proc/share/depth_image_proc/launch/point_cloud_xyzi.launch.py
[0.500s] -- Up-to-date: /home/eddy/ros2_ws/install/depth_image_proc/share/depth_image_proc/launch/point_cloud_xyzi_radial.launch.py
[0.501s] -- Up-to-date: /home/eddy/ros2_ws/install/depth_image_proc/share/depth_image_proc/launch/point_cloud_xyzrgb.launch.py
[0.501s] -- Up-to-date: /home/eddy/ros2_ws/install/depth_image_proc/share/depth_image_proc/launch/disparity.launch.py
[0.501s] -- Up-to-date: /home/eddy/ros2_ws/install/depth_image_proc/share/depth_image_proc/launch/convert_metric.launch.py
[0.505s] -- Up-to-date: /home/eddy/ros2_ws/install/depth_image_proc/share/ament_index/resource_index/package_run_dependencies/depth_image_proc
[0.505s] -- Up-to-date: /home/eddy/ros2_ws/install/depth_image_proc/share/ament_index/resource_index/parent_prefix_path/depth_image_proc
[0.505s] -- Up-to-date: /home/eddy/ros2_ws/install/depth_image_proc/share/depth_image_proc/environment/ament_prefix_path.sh
[0.505s] -- Up-to-date: /home/eddy/ros2_ws/install/depth_image_proc/share/depth_image_proc/environment/ament_prefix_path.dsv
[0.505s] -- Up-to-date: /home/eddy/ros2_ws/install/depth_image_proc/share/depth_image_proc/environment/path.sh
[0.505s] -- Up-to-date: /home/eddy/ros2_ws/install/depth_image_proc/share/depth_image_proc/environment/path.dsv
[0.505s] -- Up-to-date: /home/eddy/ros2_ws/install/depth_image_proc/share/depth_image_proc/local_setup.bash
[0.505s] -- Up-to-date: /home/eddy/ros2_ws/install/depth_image_proc/share/depth_image_proc/local_setup.sh
[0.505s] -- Up-to-date: /home/eddy/ros2_ws/install/depth_image_proc/share/depth_image_proc/local_setup.zsh
[0.505s] -- Up-to-date: /home/eddy/ros2_ws/install/depth_image_proc/share/depth_image_proc/local_setup.dsv
[0.505s] -- Installing: /home/eddy/ros2_ws/install/depth_image_proc/share/depth_image_proc/package.dsv
[0.510s] -- Up-to-date: /home/eddy/ros2_ws/install/depth_image_proc/share/ament_index/resource_index/packages/depth_image_proc
[0.510s] -- Up-to-date: /home/eddy/ros2_ws/install/depth_image_proc/share/ament_index/resource_index/rclcpp_components/depth_image_proc
[0.510s] -- Up-to-date: /home/eddy/ros2_ws/install/depth_image_proc/share/depth_image_proc/cmake/ament_cmake_export_dependencies-extras.cmake
[0.510s] -- Up-to-date: /home/eddy/ros2_ws/install/depth_image_proc/share/depth_image_proc/cmake/ament_cmake_export_include_directories-extras.cmake
[0.510s] -- Up-to-date: /home/eddy/ros2_ws/install/depth_image_proc/share/depth_image_proc/cmake/ament_cmake_export_libraries-extras.cmake
[0.511s] -- Up-to-date: /home/eddy/ros2_ws/install/depth_image_proc/share/depth_image_proc/cmake/depth_image_procConfig.cmake
[0.511s] -- Up-to-date: /home/eddy/ros2_ws/install/depth_image_proc/share/depth_image_proc/cmake/depth_image_procConfig-version.cmake
[0.511s] -- Up-to-date: /home/eddy/ros2_ws/install/depth_image_proc/share/depth_image_proc/package.xml
[0.514s] Invoked command in '/home/eddy/ros2_ws/build/depth_image_proc' returned '0': CMAKE_PREFIX_PATH=/home/eddy/ros2_ws/install/scout_base:/home/eddy/ros2_ws/install/scout_robot:/home/eddy/ros2_ws/install/scout_navigation2:/home/eddy/ros2_ws/install/rfid_serial_node:/home/eddy/ros2_ws/install/my_nav2_controller:/home/eddy/ros2_ws/install/camera_calibration:/opt/ros/humble:/home/eddy/ros2_ws/install/ugv_sdk:/home/eddy/ros2_ws/install/image_pipeline:/home/eddy/ros2_ws/install/stereo_image_proc:/home/eddy/ros2_ws/install/image_proc:/home/eddy/ros2_ws/install/tracetools_image_pipeline:/home/eddy/ros2_ws/install/scout_msgs:/home/eddy/ros2_ws/install/scout_description:/home/eddy/ros2_ws/install/rplidar_ros:/home/eddy/ros2_ws/install/image_view:/home/eddy/ros2_ws/install/image_rotate:/home/eddy/ros2_ws/install/image_publisher:/home/eddy/ros2_ws/install/depth_image_proc VIRTUAL_ENV_PROMPT=(myvenv) /usr/bin/cmake --install /home/eddy/ros2_ws/build/depth_image_proc
