[0.005s] Invoking command in '/home/eddy/ros2_ws/build/scout_description': CMAKE_PREFIX_PATH=${CMAKE_PREFIX_PATH}:/opt/ros/humble /usr/bin/cmake /home/eddy/ros2_ws/src/scout_ros2/scout_description -DCMAKE_INSTALL_PREFIX=/home/eddy/ros2_ws/install/scout_description
[0.110s] -- The C compiler identification is GNU 11.4.0
[0.201s] -- The CXX compiler identification is GNU 11.4.0
[0.219s] -- Detecting C compiler ABI info
[0.353s] -- Detecting C compiler ABI info - done
[0.366s] -- Check for working C compiler: /usr/bin/cc - skipped
[0.370s] -- Detecting C compile features
[0.370s] -- Detecting C compile features - done
[0.376s] -- Detecting CXX compiler ABI info
[0.545s] -- Detecting CXX compiler ABI info - done
[0.558s] -- Check for working CXX compiler: /usr/bin/c++ - skipped
[0.558s] -- Detecting CXX compile features
[0.562s] -- Detecting CXX compile features - done
[0.563s] -- Found ament_cmake: 1.3.12 (/opt/ros/humble/share/ament_cmake/cmake)
[0.875s] -- Found Python3: /usr/bin/python3 (found version "3.10.12") found components: Interpreter 
[1.111s] -- Configuring done
[1.112s] -- Generating done
[1.115s] -- Build files have been written to: /home/eddy/ros2_ws/build/scout_description
[1.127s] Invoked command in '/home/eddy/ros2_ws/build/scout_description' returned '0': CMAKE_PREFIX_PATH=${CMAKE_PREFIX_PATH}:/opt/ros/humble /usr/bin/cmake /home/eddy/ros2_ws/src/scout_ros2/scout_description -DCMAKE_INSTALL_PREFIX=/home/eddy/ros2_ws/install/scout_description
[1.128s] Invoking command in '/home/eddy/ros2_ws/build/scout_description': CMAKE_PREFIX_PATH=${CMAKE_PREFIX_PATH}:/opt/ros/humble /usr/bin/cmake --build /home/eddy/ros2_ws/build/scout_description -- -j2 -l2
[1.203s] Invoked command in '/home/eddy/ros2_ws/build/scout_description' returned '0': CMAKE_PREFIX_PATH=${CMAKE_PREFIX_PATH}:/opt/ros/humble /usr/bin/cmake --build /home/eddy/ros2_ws/build/scout_description -- -j2 -l2
[1.203s] Invoking command in '/home/eddy/ros2_ws/build/scout_description': CMAKE_PREFIX_PATH=${CMAKE_PREFIX_PATH}:/opt/ros/humble /usr/bin/cmake --install /home/eddy/ros2_ws/build/scout_description
[1.216s] -- Install configuration: ""
[1.217s] -- Installing: /home/eddy/ros2_ws/install/scout_description/share/scout_description//launch
[1.219s] -- Installing: /home/eddy/ros2_ws/install/scout_description/share/scout_description//launch/scout_base_description.launch.py
[1.220s] -- Installing: /home/eddy/ros2_ws/install/scout_description/share/scout_description//urdf
[1.220s] -- Installing: /home/eddy/ros2_ws/install/scout_description/share/scout_description//urdf/scout_v2.urdf
[1.220s] -- Installing: /home/eddy/ros2_ws/install/scout_description/share/scout_description//urdf/scout_v2.xacro
[1.220s] -- Installing: /home/eddy/ros2_ws/install/scout_description/share/scout_description//urdf/scout_wheel_type1.xacro
[1.220s] -- Installing: /home/eddy/ros2_ws/install/scout_description/share/scout_description//urdf/scout_wheel_type2.xacro
[1.221s] -- Installing: /home/eddy/ros2_ws/install/scout_description/share/scout_description//urdf/generate_urdf.sh
[1.222s] -- Installing: /home/eddy/ros2_ws/install/scout_description/share/scout_description//meshes
[1.223s] -- Installing: /home/eddy/ros2_ws/install/scout_description/share/scout_description//meshes/hokuyo.dae
[1.226s] -- Installing: /home/eddy/ros2_ws/install/scout_description/share/scout_description//meshes/base_link.dae
[1.257s] -- Installing: /home/eddy/ros2_ws/install/scout_description/share/scout_description//meshes/wheel_type2.dae
[1.270s] -- Installing: /home/eddy/ros2_ws/install/scout_description/share/scout_description//meshes/wheel_type1.dae
[1.283s] -- Installing: /home/eddy/ros2_ws/install/scout_description/share/scout_description//meshes/base_link_full.dae
[1.287s] -- Installing: /home/eddy/ros2_ws/install/scout_description/share/ament_index/resource_index/package_run_dependencies/scout_description
[1.288s] -- Installing: /home/eddy/ros2_ws/install/scout_description/share/ament_index/resource_index/parent_prefix_path/scout_description
[1.288s] -- Installing: /home/eddy/ros2_ws/install/scout_description/share/scout_description/environment/ament_prefix_path.sh
[1.288s] -- Installing: /home/eddy/ros2_ws/install/scout_description/share/scout_description/environment/ament_prefix_path.dsv
[1.288s] -- Installing: /home/eddy/ros2_ws/install/scout_description/share/scout_description/environment/path.sh
[1.288s] -- Installing: /home/eddy/ros2_ws/install/scout_description/share/scout_description/environment/path.dsv
[1.288s] -- Installing: /home/eddy/ros2_ws/install/scout_description/share/scout_description/local_setup.bash
[1.288s] -- Installing: /home/eddy/ros2_ws/install/scout_description/share/scout_description/local_setup.sh
[1.288s] -- Installing: /home/eddy/ros2_ws/install/scout_description/share/scout_description/local_setup.zsh
[1.288s] -- Installing: /home/eddy/ros2_ws/install/scout_description/share/scout_description/local_setup.dsv
[1.288s] -- Installing: /home/eddy/ros2_ws/install/scout_description/share/scout_description/package.dsv
[1.288s] -- Installing: /home/eddy/ros2_ws/install/scout_description/share/ament_index/resource_index/packages/scout_description
[1.289s] -- Installing: /home/eddy/ros2_ws/install/scout_description/share/scout_description/cmake/scout_descriptionConfig.cmake
[1.289s] -- Installing: /home/eddy/ros2_ws/install/scout_description/share/scout_description/cmake/scout_descriptionConfig-version.cmake
[1.291s] -- Installing: /home/eddy/ros2_ws/install/scout_description/share/scout_description/package.xml
[1.300s] Invoked command in '/home/eddy/ros2_ws/build/scout_description' returned '0': CMAKE_PREFIX_PATH=${CMAKE_PREFIX_PATH}:/opt/ros/humble /usr/bin/cmake --install /home/eddy/ros2_ws/build/scout_description
