[0.924s] Invoking command in '/home/eddy/ros2_ws/src/rfid_serial_node': PYTHONPATH=/home/eddy/ros2_ws/build/rfid_serial_node/prefix_override:/usr/lib/python3/dist-packages/colcon_core/task/python/colcon_distutils_commands:/home/eddy/ros2_ws/install/rfid_serial_node/lib/python3.10/site-packages:${PYTHONPATH} /usr/bin/python3 -W ignore:setup.py install is deprecated -W ignore:easy_install command is deprecated setup.py egg_info --egg-base ../../build/rfid_serial_node build --build-base /home/eddy/ros2_ws/build/rfid_serial_node/build install --record /home/eddy/ros2_ws/build/rfid_serial_node/install.log --single-version-externally-managed install_data
[1.281s] running egg_info
[1.281s] writing ../../build/rfid_serial_node/rfid_serial_node.egg-info/PKG-INFO
[1.282s] writing dependency_links to ../../build/rfid_serial_node/rfid_serial_node.egg-info/dependency_links.txt
[1.282s] writing entry points to ../../build/rfid_serial_node/rfid_serial_node.egg-info/entry_points.txt
[1.283s] writing requirements to ../../build/rfid_serial_node/rfid_serial_node.egg-info/requires.txt
[1.283s] writing top-level names to ../../build/rfid_serial_node/rfid_serial_node.egg-info/top_level.txt
[1.286s] reading manifest file '../../build/rfid_serial_node/rfid_serial_node.egg-info/SOURCES.txt'
[1.287s] writing manifest file '../../build/rfid_serial_node/rfid_serial_node.egg-info/SOURCES.txt'
[1.287s] running build
[1.287s] running build_py
[1.288s] running install
[1.288s] running install_lib
[1.290s] running install_data
[1.290s] running install_egg_info
[1.292s] removing '/home/eddy/ros2_ws/install/rfid_serial_node/lib/python3.10/site-packages/rfid_serial_node-0.0.0-py3.10.egg-info' (and everything under it)
[1.293s] Copying ../../build/rfid_serial_node/rfid_serial_node.egg-info to /home/eddy/ros2_ws/install/rfid_serial_node/lib/python3.10/site-packages/rfid_serial_node-0.0.0-py3.10.egg-info
[1.294s] running install_scripts
[1.319s] Installing rfid_reader script to /home/eddy/ros2_ws/install/rfid_serial_node/lib/rfid_serial_node
[1.319s] writing list of installed files to '/home/eddy/ros2_ws/build/rfid_serial_node/install.log'
[1.631s] Invoked command in '/home/eddy/ros2_ws/src/rfid_serial_node' returned '0': PYTHONPATH=/home/eddy/ros2_ws/build/rfid_serial_node/prefix_override:/usr/lib/python3/dist-packages/colcon_core/task/python/colcon_distutils_commands:/home/eddy/ros2_ws/install/rfid_serial_node/lib/python3.10/site-packages:${PYTHONPATH} /usr/bin/python3 -W ignore:setup.py install is deprecated -W ignore:easy_install command is deprecated setup.py egg_info --egg-base ../../build/rfid_serial_node build --build-base /home/eddy/ros2_ws/build/rfid_serial_node/build install --record /home/eddy/ros2_ws/build/rfid_serial_node/install.log --single-version-externally-managed install_data
