[0.016s] Invoking command in '/home/eddy/ros2_ws/build/image_view': CMAKE_PREFIX_PATH=/home/eddy/ros2_ws/install/scout_base:/home/eddy/ros2_ws/install/scout_robot:/home/eddy/ros2_ws/install/scout_navigation2:/home/eddy/ros2_ws/install/rfid_serial_node:/home/eddy/ros2_ws/install/my_nav2_controller:/home/eddy/ros2_ws/install/camera_calibration:/opt/ros/humble:/home/eddy/ros2_ws/install/ugv_sdk:/home/eddy/ros2_ws/install/image_pipeline:/home/eddy/ros2_ws/install/stereo_image_proc:/home/eddy/ros2_ws/install/image_proc:/home/eddy/ros2_ws/install/tracetools_image_pipeline:/home/eddy/ros2_ws/install/scout_msgs:/home/eddy/ros2_ws/install/scout_description:/home/eddy/ros2_ws/install/rplidar_ros:/home/eddy/ros2_ws/install/image_view:/home/eddy/ros2_ws/install/image_rotate:/home/eddy/ros2_ws/install/image_publisher:/home/eddy/ros2_ws/install/depth_image_proc VIRTUAL_ENV_PROMPT=(myvenv) /usr/bin/cmake --build /home/eddy/ros2_ws/build/image_view -- -j2 -l2
[0.206s] [ 36%] Built target image_view_nodes
[0.264s] [ 47%] Built target disparity_view
[0.287s] [ 57%] Built target image_view
[0.327s] [ 68%] Built target stereo_view
[0.398s] [ 78%] Built target extract_images
[0.410s] [ 89%] Built target image_saver
[0.454s] [100%] Built target video_recorder
[0.482s] Invoked command in '/home/eddy/ros2_ws/build/image_view' returned '0': CMAKE_PREFIX_PATH=/home/eddy/ros2_ws/install/scout_base:/home/eddy/ros2_ws/install/scout_robot:/home/eddy/ros2_ws/install/scout_navigation2:/home/eddy/ros2_ws/install/rfid_serial_node:/home/eddy/ros2_ws/install/my_nav2_controller:/home/eddy/ros2_ws/install/camera_calibration:/opt/ros/humble:/home/eddy/ros2_ws/install/ugv_sdk:/home/eddy/ros2_ws/install/image_pipeline:/home/eddy/ros2_ws/install/stereo_image_proc:/home/eddy/ros2_ws/install/image_proc:/home/eddy/ros2_ws/install/tracetools_image_pipeline:/home/eddy/ros2_ws/install/scout_msgs:/home/eddy/ros2_ws/install/scout_description:/home/eddy/ros2_ws/install/rplidar_ros:/home/eddy/ros2_ws/install/image_view:/home/eddy/ros2_ws/install/image_rotate:/home/eddy/ros2_ws/install/image_publisher:/home/eddy/ros2_ws/install/depth_image_proc VIRTUAL_ENV_PROMPT=(myvenv) /usr/bin/cmake --build /home/eddy/ros2_ws/build/image_view -- -j2 -l2
[0.488s] Invoking command in '/home/eddy/ros2_ws/build/image_view': CMAKE_PREFIX_PATH=/home/eddy/ros2_ws/install/scout_base:/home/eddy/ros2_ws/install/scout_robot:/home/eddy/ros2_ws/install/scout_navigation2:/home/eddy/ros2_ws/install/rfid_serial_node:/home/eddy/ros2_ws/install/my_nav2_controller:/home/eddy/ros2_ws/install/camera_calibration:/opt/ros/humble:/home/eddy/ros2_ws/install/ugv_sdk:/home/eddy/ros2_ws/install/image_pipeline:/home/eddy/ros2_ws/install/stereo_image_proc:/home/eddy/ros2_ws/install/image_proc:/home/eddy/ros2_ws/install/tracetools_image_pipeline:/home/eddy/ros2_ws/install/scout_msgs:/home/eddy/ros2_ws/install/scout_description:/home/eddy/ros2_ws/install/rplidar_ros:/home/eddy/ros2_ws/install/image_view:/home/eddy/ros2_ws/install/image_rotate:/home/eddy/ros2_ws/install/image_publisher:/home/eddy/ros2_ws/install/depth_image_proc VIRTUAL_ENV_PROMPT=(myvenv) /usr/bin/cmake --install /home/eddy/ros2_ws/build/image_view
[0.509s] -- Install configuration: ""
[0.509s] -- Up-to-date: /home/eddy/ros2_ws/install/image_view/include
[0.509s] -- Up-to-date: /home/eddy/ros2_ws/install/image_view/include/image_view
[0.509s] -- Up-to-date: /home/eddy/ros2_ws/install/image_view/include/image_view/extract_images_node.hpp
[0.509s] -- Up-to-date: /home/eddy/ros2_ws/install/image_view/include/image_view/disparity_view_node.hpp
[0.509s] -- Up-to-date: /home/eddy/ros2_ws/install/image_view/include/image_view/video_recorder_node.hpp
[0.509s] -- Up-to-date: /home/eddy/ros2_ws/install/image_view/include/image_view/image_view_node.hpp
[0.509s] -- Up-to-date: /home/eddy/ros2_ws/install/image_view/include/image_view/image_saver_node.hpp
[0.509s] -- Up-to-date: /home/eddy/ros2_ws/install/image_view/include/image_view/stereo_view_node.hpp
[0.509s] -- Up-to-date: /home/eddy/ros2_ws/install/image_view/share/image_view/environment/library_path.sh
[0.514s] -- Up-to-date: /home/eddy/ros2_ws/install/image_view/share/image_view/environment/library_path.dsv
[0.514s] -- Up-to-date: /home/eddy/ros2_ws/install/image_view/lib/libimage_view_nodes.so
[0.514s] -- Up-to-date: /home/eddy/ros2_ws/install/image_view/lib/image_view/disparity_view
[0.514s] -- Up-to-date: /home/eddy/ros2_ws/install/image_view/lib/image_view/image_view
[0.514s] -- Up-to-date: /home/eddy/ros2_ws/install/image_view/lib/image_view/stereo_view
[0.514s] -- Up-to-date: /home/eddy/ros2_ws/install/image_view/lib/image_view/extract_images
[0.514s] -- Up-to-date: /home/eddy/ros2_ws/install/image_view/lib/image_view/image_saver
[0.514s] -- Up-to-date: /home/eddy/ros2_ws/install/image_view/lib/image_view/video_recorder
[0.515s] -- Up-to-date: /home/eddy/ros2_ws/install/image_view/share/ament_index/resource_index/package_run_dependencies/image_view
[0.515s] -- Up-to-date: /home/eddy/ros2_ws/install/image_view/share/ament_index/resource_index/parent_prefix_path/image_view
[0.515s] -- Up-to-date: /home/eddy/ros2_ws/install/image_view/share/image_view/environment/ament_prefix_path.sh
[0.515s] -- Up-to-date: /home/eddy/ros2_ws/install/image_view/share/image_view/environment/ament_prefix_path.dsv
[0.515s] -- Up-to-date: /home/eddy/ros2_ws/install/image_view/share/image_view/environment/path.sh
[0.515s] -- Up-to-date: /home/eddy/ros2_ws/install/image_view/share/image_view/environment/path.dsv
[0.515s] -- Up-to-date: /home/eddy/ros2_ws/install/image_view/share/image_view/local_setup.bash
[0.515s] -- Up-to-date: /home/eddy/ros2_ws/install/image_view/share/image_view/local_setup.sh
[0.516s] -- Up-to-date: /home/eddy/ros2_ws/install/image_view/share/image_view/local_setup.zsh
[0.516s] -- Up-to-date: /home/eddy/ros2_ws/install/image_view/share/image_view/local_setup.dsv
[0.516s] -- Installing: /home/eddy/ros2_ws/install/image_view/share/image_view/package.dsv
[0.518s] -- Up-to-date: /home/eddy/ros2_ws/install/image_view/share/ament_index/resource_index/packages/image_view
[0.518s] -- Up-to-date: /home/eddy/ros2_ws/install/image_view/share/ament_index/resource_index/rclcpp_components/image_view
[0.519s] -- Up-to-date: /home/eddy/ros2_ws/install/image_view/share/image_view/cmake/ament_cmake_export_dependencies-extras.cmake
[0.519s] -- Up-to-date: /home/eddy/ros2_ws/install/image_view/share/image_view/cmake/ament_cmake_export_include_directories-extras.cmake
[0.520s] -- Up-to-date: /home/eddy/ros2_ws/install/image_view/share/image_view/cmake/ament_cmake_export_libraries-extras.cmake
[0.520s] -- Up-to-date: /home/eddy/ros2_ws/install/image_view/share/image_view/cmake/image_viewConfig.cmake
[0.521s] -- Up-to-date: /home/eddy/ros2_ws/install/image_view/share/image_view/cmake/image_viewConfig-version.cmake
[0.521s] -- Up-to-date: /home/eddy/ros2_ws/install/image_view/share/image_view/package.xml
[0.523s] Invoked command in '/home/eddy/ros2_ws/build/image_view' returned '0': CMAKE_PREFIX_PATH=/home/eddy/ros2_ws/install/scout_base:/home/eddy/ros2_ws/install/scout_robot:/home/eddy/ros2_ws/install/scout_navigation2:/home/eddy/ros2_ws/install/rfid_serial_node:/home/eddy/ros2_ws/install/my_nav2_controller:/home/eddy/ros2_ws/install/camera_calibration:/opt/ros/humble:/home/eddy/ros2_ws/install/ugv_sdk:/home/eddy/ros2_ws/install/image_pipeline:/home/eddy/ros2_ws/install/stereo_image_proc:/home/eddy/ros2_ws/install/image_proc:/home/eddy/ros2_ws/install/tracetools_image_pipeline:/home/eddy/ros2_ws/install/scout_msgs:/home/eddy/ros2_ws/install/scout_description:/home/eddy/ros2_ws/install/rplidar_ros:/home/eddy/ros2_ws/install/image_view:/home/eddy/ros2_ws/install/image_rotate:/home/eddy/ros2_ws/install/image_publisher:/home/eddy/ros2_ws/install/depth_image_proc VIRTUAL_ENV_PROMPT=(myvenv) /usr/bin/cmake --install /home/eddy/ros2_ws/build/image_view
