running egg_info
writing ../../build/my_nav2_controller/my_nav2_controller.egg-info/PKG-INFO
writing dependency_links to ../../build/my_nav2_controller/my_nav2_controller.egg-info/dependency_links.txt
writing entry points to ../../build/my_nav2_controller/my_nav2_controller.egg-info/entry_points.txt
writing requirements to ../../build/my_nav2_controller/my_nav2_controller.egg-info/requires.txt
writing top-level names to ../../build/my_nav2_controller/my_nav2_controller.egg-info/top_level.txt
reading manifest file '../../build/my_nav2_controller/my_nav2_controller.egg-info/SOURCES.txt'
writing manifest file '../../build/my_nav2_controller/my_nav2_controller.egg-info/SOURCES.txt'
running build
running build_py
running install
running install_lib
running install_data
copying package.xml -> /home/eddy/ros2_ws/install/my_nav2_controller/share/my_nav2_controller
running install_egg_info
removing '/home/eddy/ros2_ws/install/my_nav2_controller/lib/python3.10/site-packages/my_nav2_controller-0.0.0-py3.10.egg-info' (and everything under it)
Copying ../../build/my_nav2_controller/my_nav2_controller.egg-info to /home/eddy/ros2_ws/install/my_nav2_controller/lib/python3.10/site-packages/my_nav2_controller-0.0.0-py3.10.egg-info
running install_scripts
Installing go_forward script to /home/eddy/ros2_ws/install/my_nav2_controller/lib/my_nav2_controller
writing list of installed files to '/home/eddy/ros2_ws/build/my_nav2_controller/install.log'
