[0.012s] Invoking command in '/home/eddy/ros2_ws/build/scout_base': CMAKE_PREFIX_PATH=/opt/ros/humble:/home/eddy/ros2_ws/install/ugv_sdk:/home/eddy/ros2_ws/install/scout_msgs:/home/eddy/ros2_ws/install/scout_base:/home/eddy/ros2_ws/install/scout_description /usr/bin/cmake --build /home/eddy/ros2_ws/build/scout_base -- -j2 -l2
[0.054s] [35m[1mConsolidate compiler generated dependencies of target scout_base_node[0m
[0.073s] [100%] Built target scout_base_node
[0.083s] Invoked command in '/home/eddy/ros2_ws/build/scout_base' returned '0': CMAKE_PREFIX_PATH=/opt/ros/humble:/home/eddy/ros2_ws/install/ugv_sdk:/home/eddy/ros2_ws/install/scout_msgs:/home/eddy/ros2_ws/install/scout_base:/home/eddy/ros2_ws/install/scout_description /usr/bin/cmake --build /home/eddy/ros2_ws/build/scout_base -- -j2 -l2
[0.083s] Invoking command in '/home/eddy/ros2_ws/build/scout_base': CMAKE_PREFIX_PATH=/opt/ros/humble:/home/eddy/ros2_ws/install/ugv_sdk:/home/eddy/ros2_ws/install/scout_msgs:/home/eddy/ros2_ws/install/scout_base:/home/eddy/ros2_ws/install/scout_description /usr/bin/cmake --install /home/eddy/ros2_ws/build/scout_base
[0.093s] -- Install configuration: ""
[0.094s] -- Up-to-date: /home/eddy/ros2_ws/install/scout_base/lib/scout_base/scout_base_node
[0.094s] -- Up-to-date: /home/eddy/ros2_ws/install/scout_base/share/scout_base//launch
[0.094s] -- Up-to-date: /home/eddy/ros2_ws/install/scout_base/share/scout_base//launch/scout_mini_omni_base.launch.py
[0.094s] -- Up-to-date: /home/eddy/ros2_ws/install/scout_base/share/scout_base//launch/scout_base.launch.py
[0.094s] -- Up-to-date: /home/eddy/ros2_ws/install/scout_base/share/scout_base//launch/scout_mini_base.launch.py
[0.095s] -- Up-to-date: /home/eddy/ros2_ws/install/scout_base/share/ament_index/resource_index/package_run_dependencies/scout_base
[0.095s] -- Up-to-date: /home/eddy/ros2_ws/install/scout_base/share/ament_index/resource_index/parent_prefix_path/scout_base
[0.095s] -- Up-to-date: /home/eddy/ros2_ws/install/scout_base/share/scout_base/environment/ament_prefix_path.sh
[0.095s] -- Up-to-date: /home/eddy/ros2_ws/install/scout_base/share/scout_base/environment/ament_prefix_path.dsv
[0.095s] -- Up-to-date: /home/eddy/ros2_ws/install/scout_base/share/scout_base/environment/path.sh
[0.095s] -- Up-to-date: /home/eddy/ros2_ws/install/scout_base/share/scout_base/environment/path.dsv
[0.096s] -- Up-to-date: /home/eddy/ros2_ws/install/scout_base/share/scout_base/local_setup.bash
[0.096s] -- Up-to-date: /home/eddy/ros2_ws/install/scout_base/share/scout_base/local_setup.sh
[0.096s] -- Up-to-date: /home/eddy/ros2_ws/install/scout_base/share/scout_base/local_setup.zsh
[0.096s] -- Up-to-date: /home/eddy/ros2_ws/install/scout_base/share/scout_base/local_setup.dsv
[0.096s] -- Installing: /home/eddy/ros2_ws/install/scout_base/share/scout_base/package.dsv
[0.096s] -- Up-to-date: /home/eddy/ros2_ws/install/scout_base/share/ament_index/resource_index/packages/scout_base
[0.096s] -- Up-to-date: /home/eddy/ros2_ws/install/scout_base/share/scout_base/cmake/scout_baseConfig.cmake
[0.096s] -- Up-to-date: /home/eddy/ros2_ws/install/scout_base/share/scout_base/cmake/scout_baseConfig-version.cmake
[0.097s] -- Up-to-date: /home/eddy/ros2_ws/install/scout_base/share/scout_base/package.xml
[0.098s] Invoked command in '/home/eddy/ros2_ws/build/scout_base' returned '0': CMAKE_PREFIX_PATH=/opt/ros/humble:/home/eddy/ros2_ws/install/ugv_sdk:/home/eddy/ros2_ws/install/scout_msgs:/home/eddy/ros2_ws/install/scout_base:/home/eddy/ros2_ws/install/scout_description /usr/bin/cmake --install /home/eddy/ros2_ws/build/scout_base
