[0.013s] Invoking command in '/home/eddy/ros2_ws/build/scout_description': CMAKE_PREFIX_PATH=${CMAKE_PREFIX_PATH}:/home/eddy/ros2_ws/install/scout_navigation2:/opt/ros/humble /usr/bin/cmake /home/eddy/ros2_ws/src/scout_ros2/scout_description -DCMAKE_INSTALL_PREFIX=/home/eddy/ros2_ws/install/scout_description
[0.081s] -- The C compiler identification is GNU 11.4.0
[0.139s] -- The CXX compiler identification is GNU 11.4.0
[0.147s] -- Detecting C compiler ABI info
[0.216s] -- Detecting C compiler ABI info - done
[0.227s] -- Check for working C compiler: /usr/bin/cc - skipped
[0.228s] -- Detecting C compile features
[0.228s] -- Detecting C compile features - done
[0.230s] -- Detecting CXX compiler ABI info
[0.311s] -- Detecting CXX compiler ABI info - done
[0.317s] -- Check for working CXX compiler: /usr/bin/c++ - skipped
[0.317s] -- Detecting CXX compile features
[0.318s] -- Detecting CXX compile features - done
[0.320s] -- Found ament_cmake: 1.3.12 (/opt/ros/humble/share/ament_cmake/cmake)
[0.463s] -- Found Python3: /usr/bin/python3 (found version "3.10.12") found components: Interpreter 
[0.616s] -- Configuring done
[0.618s] -- Generating done
[0.620s] -- Build files have been written to: /home/eddy/ros2_ws/build/scout_description
[0.624s] Invoked command in '/home/eddy/ros2_ws/build/scout_description' returned '0': CMAKE_PREFIX_PATH=${CMAKE_PREFIX_PATH}:/home/eddy/ros2_ws/install/scout_navigation2:/opt/ros/humble /usr/bin/cmake /home/eddy/ros2_ws/src/scout_ros2/scout_description -DCMAKE_INSTALL_PREFIX=/home/eddy/ros2_ws/install/scout_description
[0.626s] Invoking command in '/home/eddy/ros2_ws/build/scout_description': CMAKE_PREFIX_PATH=${CMAKE_PREFIX_PATH}:/home/eddy/ros2_ws/install/scout_navigation2:/opt/ros/humble /usr/bin/cmake --build /home/eddy/ros2_ws/build/scout_description -- -j2 -l2
[0.667s] Invoked command in '/home/eddy/ros2_ws/build/scout_description' returned '0': CMAKE_PREFIX_PATH=${CMAKE_PREFIX_PATH}:/home/eddy/ros2_ws/install/scout_navigation2:/opt/ros/humble /usr/bin/cmake --build /home/eddy/ros2_ws/build/scout_description -- -j2 -l2
[0.677s] Invoking command in '/home/eddy/ros2_ws/build/scout_description': CMAKE_PREFIX_PATH=${CMAKE_PREFIX_PATH}:/home/eddy/ros2_ws/install/scout_navigation2:/opt/ros/humble /usr/bin/cmake --install /home/eddy/ros2_ws/build/scout_description
[0.683s] -- Install configuration: ""
[0.684s] -- Installing: /home/eddy/ros2_ws/install/scout_description/share/scout_description//launch
[0.684s] -- Installing: /home/eddy/ros2_ws/install/scout_description/share/scout_description//launch/scout_base_description.launch.py
[0.685s] -- Installing: /home/eddy/ros2_ws/install/scout_description/share/scout_description//launch/robot_bringup.launch.py
[0.685s] -- Installing: /home/eddy/ros2_ws/install/scout_description/share/scout_description//urdf
[0.686s] -- Installing: /home/eddy/ros2_ws/install/scout_description/share/scout_description//urdf/scout_v2.urdf
[0.686s] -- Installing: /home/eddy/ros2_ws/install/scout_description/share/scout_description//urdf/scout_v2.xacro
[0.687s] -- Installing: /home/eddy/ros2_ws/install/scout_description/share/scout_description//urdf/scout_wheel_type1.xacro
[0.687s] -- Installing: /home/eddy/ros2_ws/install/scout_description/share/scout_description//urdf/scout_wheel_type2.xacro
[0.687s] -- Installing: /home/eddy/ros2_ws/install/scout_description/share/scout_description//urdf/generate_urdf.sh
[0.688s] -- Installing: /home/eddy/ros2_ws/install/scout_description/share/scout_description//meshes
[0.688s] -- Installing: /home/eddy/ros2_ws/install/scout_description/share/scout_description//meshes/hokuyo.dae
[0.690s] -- Installing: /home/eddy/ros2_ws/install/scout_description/share/scout_description//meshes/base_link.dae
[0.722s] -- Installing: /home/eddy/ros2_ws/install/scout_description/share/scout_description//meshes/wheel_type2.dae
[0.731s] -- Installing: /home/eddy/ros2_ws/install/scout_description/share/scout_description//meshes/wheel_type1.dae
[0.740s] -- Installing: /home/eddy/ros2_ws/install/scout_description/share/scout_description//meshes/base_link_full.dae
[0.741s] -- Installing: /home/eddy/ros2_ws/install/scout_description/share/ament_index/resource_index/package_run_dependencies/scout_description
[0.742s] -- Installing: /home/eddy/ros2_ws/install/scout_description/share/ament_index/resource_index/parent_prefix_path/scout_description
[0.742s] -- Installing: /home/eddy/ros2_ws/install/scout_description/share/scout_description/environment/ament_prefix_path.sh
[0.742s] -- Installing: /home/eddy/ros2_ws/install/scout_description/share/scout_description/environment/ament_prefix_path.dsv
[0.742s] -- Installing: /home/eddy/ros2_ws/install/scout_description/share/scout_description/environment/path.sh
[0.743s] -- Installing: /home/eddy/ros2_ws/install/scout_description/share/scout_description/environment/path.dsv
[0.743s] -- Installing: /home/eddy/ros2_ws/install/scout_description/share/scout_description/local_setup.bash
[0.743s] -- Installing: /home/eddy/ros2_ws/install/scout_description/share/scout_description/local_setup.sh
[0.744s] -- Installing: /home/eddy/ros2_ws/install/scout_description/share/scout_description/local_setup.zsh
[0.744s] -- Installing: /home/eddy/ros2_ws/install/scout_description/share/scout_description/local_setup.dsv
[0.744s] -- Installing: /home/eddy/ros2_ws/install/scout_description/share/scout_description/package.dsv
[0.744s] -- Installing: /home/eddy/ros2_ws/install/scout_description/share/ament_index/resource_index/packages/scout_description
[0.746s] -- Installing: /home/eddy/ros2_ws/install/scout_description/share/scout_description/cmake/scout_descriptionConfig.cmake
[0.746s] -- Installing: /home/eddy/ros2_ws/install/scout_description/share/scout_description/cmake/scout_descriptionConfig-version.cmake
[0.746s] -- Installing: /home/eddy/ros2_ws/install/scout_description/share/scout_description/package.xml
[0.746s] Invoked command in '/home/eddy/ros2_ws/build/scout_description' returned '0': CMAKE_PREFIX_PATH=${CMAKE_PREFIX_PATH}:/home/eddy/ros2_ws/install/scout_navigation2:/opt/ros/humble /usr/bin/cmake --install /home/eddy/ros2_ws/build/scout_description
