[0.020s] Invoking command in '/home/eddy/ros2_ws/build/image_proc': CMAKE_PREFIX_PATH=/home/eddy/ros2_ws/install/tracetools_image_pipeline:/home/eddy/ros2_ws/install/scout_base:/home/eddy/ros2_ws/install/scout_navigation2:/home/eddy/ros2_ws/install/rfid_serial_node:/home/eddy/ros2_ws/install/my_nav2_controller:/home/eddy/ros2_ws/install/camera_calibration:/opt/ros/humble:/home/eddy/ros2_ws/install/ugv_sdk:/home/eddy/ros2_ws/install/image_pipeline:/home/eddy/ros2_ws/install/stereo_image_proc:/home/eddy/ros2_ws/install/image_proc:/home/eddy/ros2_ws/install/scout_msgs:/home/eddy/ros2_ws/install/scout_description:/home/eddy/ros2_ws/install/rplidar_ros:/home/eddy/ros2_ws/install/image_view:/home/eddy/ros2_ws/install/image_rotate:/home/eddy/ros2_ws/install/image_publisher:/home/eddy/ros2_ws/install/depth_image_proc LD_LIBRARY_PATH=/home/eddy/ros2_ws/install/tracetools_image_pipeline/lib:/home/eddy/ros2_ws/install/stereo_image_proc/lib:/home/eddy/ros2_ws/install/image_proc/lib:/home/eddy/ros2_ws/install/scout_msgs/lib:/home/eddy/ros2_ws/install/rplidar_ros/lib:/home/eddy/ros2_ws/install/image_view/lib:/home/eddy/ros2_ws/install/image_rotate/lib:/home/eddy/ros2_ws/install/image_publisher/lib:/home/eddy/ros2_ws/install/depth_image_proc/lib:/usr/lib/x86_64-linux-gnu/gazebo-11/plugins:/opt/ros/humble/opt/rviz_ogre_vendor/lib:/opt/ros/humble/lib/x86_64-linux-gnu:/opt/ros/humble/lib /usr/bin/cmake --build /home/eddy/ros2_ws/build/image_proc -- -j2 -l2
[0.101s] [35m[1mConsolidate compiler generated dependencies of target image_proc[0m
[0.116s] [35m[1mConsolidate compiler generated dependencies of target rectify_node[0m
[0.129s] [  8%] Built target image_proc
[0.151s] [ 16%] Built target rectify_node
[0.158s] [35m[1mConsolidate compiler generated dependencies of target debayer_node[0m
[0.184s] [35m[1mConsolidate compiler generated dependencies of target resize_node[0m
[0.187s] [ 24%] Built target debayer_node
[0.217s] [35m[1mConsolidate compiler generated dependencies of target crop_decimate_node[0m
[0.220s] [ 32%] Built target resize_node
[0.252s] [35m[1mConsolidate compiler generated dependencies of target crop_non_zero_node[0m
[0.258s] [ 40%] Built target crop_decimate_node
[0.283s] [ 48%] Built target crop_non_zero_node
[0.288s] [35m[1mConsolidate compiler generated dependencies of target rectify[0m
[0.308s] [ 56%] Built target rectify
[0.326s] [35m[1mConsolidate compiler generated dependencies of target debayer[0m
[0.347s] [ 68%] Built target debayer
[0.366s] [35m[1mConsolidate compiler generated dependencies of target resize[0m
[0.388s] [ 76%] Built target resize
[0.403s] [35m[1mConsolidate compiler generated dependencies of target crop_decimate[0m
[0.426s] [ 84%] Built target crop_decimate
[0.442s] [35m[1mConsolidate compiler generated dependencies of target crop_non_zero[0m
[0.465s] [ 92%] Built target crop_non_zero
[0.483s] [35m[1mConsolidate compiler generated dependencies of target image_proc_exe[0m
[0.503s] [100%] Built target image_proc_exe
[0.520s] Invoked command in '/home/eddy/ros2_ws/build/image_proc' returned '0': CMAKE_PREFIX_PATH=/home/eddy/ros2_ws/install/tracetools_image_pipeline:/home/eddy/ros2_ws/install/scout_base:/home/eddy/ros2_ws/install/scout_navigation2:/home/eddy/ros2_ws/install/rfid_serial_node:/home/eddy/ros2_ws/install/my_nav2_controller:/home/eddy/ros2_ws/install/camera_calibration:/opt/ros/humble:/home/eddy/ros2_ws/install/ugv_sdk:/home/eddy/ros2_ws/install/image_pipeline:/home/eddy/ros2_ws/install/stereo_image_proc:/home/eddy/ros2_ws/install/image_proc:/home/eddy/ros2_ws/install/scout_msgs:/home/eddy/ros2_ws/install/scout_description:/home/eddy/ros2_ws/install/rplidar_ros:/home/eddy/ros2_ws/install/image_view:/home/eddy/ros2_ws/install/image_rotate:/home/eddy/ros2_ws/install/image_publisher:/home/eddy/ros2_ws/install/depth_image_proc LD_LIBRARY_PATH=/home/eddy/ros2_ws/install/tracetools_image_pipeline/lib:/home/eddy/ros2_ws/install/stereo_image_proc/lib:/home/eddy/ros2_ws/install/image_proc/lib:/home/eddy/ros2_ws/install/scout_msgs/lib:/home/eddy/ros2_ws/install/rplidar_ros/lib:/home/eddy/ros2_ws/install/image_view/lib:/home/eddy/ros2_ws/install/image_rotate/lib:/home/eddy/ros2_ws/install/image_publisher/lib:/home/eddy/ros2_ws/install/depth_image_proc/lib:/usr/lib/x86_64-linux-gnu/gazebo-11/plugins:/opt/ros/humble/opt/rviz_ogre_vendor/lib:/opt/ros/humble/lib/x86_64-linux-gnu:/opt/ros/humble/lib /usr/bin/cmake --build /home/eddy/ros2_ws/build/image_proc -- -j2 -l2
[0.525s] Invoking command in '/home/eddy/ros2_ws/build/image_proc': CMAKE_PREFIX_PATH=/home/eddy/ros2_ws/install/tracetools_image_pipeline:/home/eddy/ros2_ws/install/scout_base:/home/eddy/ros2_ws/install/scout_navigation2:/home/eddy/ros2_ws/install/rfid_serial_node:/home/eddy/ros2_ws/install/my_nav2_controller:/home/eddy/ros2_ws/install/camera_calibration:/opt/ros/humble:/home/eddy/ros2_ws/install/ugv_sdk:/home/eddy/ros2_ws/install/image_pipeline:/home/eddy/ros2_ws/install/stereo_image_proc:/home/eddy/ros2_ws/install/image_proc:/home/eddy/ros2_ws/install/scout_msgs:/home/eddy/ros2_ws/install/scout_description:/home/eddy/ros2_ws/install/rplidar_ros:/home/eddy/ros2_ws/install/image_view:/home/eddy/ros2_ws/install/image_rotate:/home/eddy/ros2_ws/install/image_publisher:/home/eddy/ros2_ws/install/depth_image_proc LD_LIBRARY_PATH=/home/eddy/ros2_ws/install/tracetools_image_pipeline/lib:/home/eddy/ros2_ws/install/stereo_image_proc/lib:/home/eddy/ros2_ws/install/image_proc/lib:/home/eddy/ros2_ws/install/scout_msgs/lib:/home/eddy/ros2_ws/install/rplidar_ros/lib:/home/eddy/ros2_ws/install/image_view/lib:/home/eddy/ros2_ws/install/image_rotate/lib:/home/eddy/ros2_ws/install/image_publisher/lib:/home/eddy/ros2_ws/install/depth_image_proc/lib:/usr/lib/x86_64-linux-gnu/gazebo-11/plugins:/opt/ros/humble/opt/rviz_ogre_vendor/lib:/opt/ros/humble/lib/x86_64-linux-gnu:/opt/ros/humble/lib /usr/bin/cmake --install /home/eddy/ros2_ws/build/image_proc
[0.535s] -- Install configuration: ""
[0.537s] -- Up-to-date: /home/eddy/ros2_ws/install/image_proc/lib/image_proc/rectify_node
[0.539s] -- Up-to-date: /home/eddy/ros2_ws/install/image_proc/lib/image_proc/debayer_node
[0.541s] -- Up-to-date: /home/eddy/ros2_ws/install/image_proc/lib/image_proc/resize_node
[0.543s] -- Up-to-date: /home/eddy/ros2_ws/install/image_proc/lib/image_proc/crop_decimate_node
[0.546s] -- Up-to-date: /home/eddy/ros2_ws/install/image_proc/lib/image_proc/crop_non_zero_node
[0.547s] -- Up-to-date: /home/eddy/ros2_ws/install/image_proc/bin/image_proc
[0.547s] -- Up-to-date: /home/eddy/ros2_ws/install/image_proc/include
[0.548s] -- Up-to-date: /home/eddy/ros2_ws/install/image_proc/include/image_proc
[0.548s] -- Up-to-date: /home/eddy/ros2_ws/install/image_proc/include/image_proc/crop_non_zero.hpp
[0.548s] -- Up-to-date: /home/eddy/ros2_ws/install/image_proc/include/image_proc/processor.hpp
[0.548s] -- Up-to-date: /home/eddy/ros2_ws/install/image_proc/include/image_proc/debayer.hpp
[0.548s] -- Up-to-date: /home/eddy/ros2_ws/install/image_proc/include/image_proc/resize.hpp
[0.549s] -- Up-to-date: /home/eddy/ros2_ws/install/image_proc/include/image_proc/utils.hpp
[0.549s] -- Up-to-date: /home/eddy/ros2_ws/install/image_proc/include/image_proc/crop_decimate.hpp
[0.549s] -- Up-to-date: /home/eddy/ros2_ws/install/image_proc/include/image_proc/edge_aware.hpp
[0.549s] -- Up-to-date: /home/eddy/ros2_ws/install/image_proc/include/image_proc/rectify.hpp
[0.549s] -- Up-to-date: /home/eddy/ros2_ws/install/image_proc/share/image_proc/environment/library_path.sh
[0.549s] -- Up-to-date: /home/eddy/ros2_ws/install/image_proc/share/image_proc/environment/library_path.dsv
[0.551s] -- Up-to-date: /home/eddy/ros2_ws/install/image_proc/lib/libimage_proc.so
[0.553s] -- Up-to-date: /home/eddy/ros2_ws/install/image_proc/lib/librectify.so
[0.555s] -- Up-to-date: /home/eddy/ros2_ws/install/image_proc/lib/libdebayer.so
[0.558s] -- Up-to-date: /home/eddy/ros2_ws/install/image_proc/lib/libresize.so
[0.560s] -- Up-to-date: /home/eddy/ros2_ws/install/image_proc/lib/libcrop_decimate.so
[0.562s] -- Up-to-date: /home/eddy/ros2_ws/install/image_proc/lib/libcrop_non_zero.so
[0.565s] -- Up-to-date: /home/eddy/ros2_ws/install/image_proc/lib/image_proc/image_proc
[0.565s] -- Up-to-date: /home/eddy/ros2_ws/install/image_proc/share/image_proc/launch
[0.566s] -- Up-to-date: /home/eddy/ros2_ws/install/image_proc/share/image_proc/launch/image_proc.launch.py
[0.566s] -- Up-to-date: /home/eddy/ros2_ws/install/image_proc/share/ament_index/resource_index/package_run_dependencies/image_proc
[0.566s] -- Up-to-date: /home/eddy/ros2_ws/install/image_proc/share/ament_index/resource_index/parent_prefix_path/image_proc
[0.566s] -- Up-to-date: /home/eddy/ros2_ws/install/image_proc/share/image_proc/environment/ament_prefix_path.sh
[0.566s] -- Up-to-date: /home/eddy/ros2_ws/install/image_proc/share/image_proc/environment/ament_prefix_path.dsv
[0.566s] -- Up-to-date: /home/eddy/ros2_ws/install/image_proc/share/image_proc/environment/path.sh
[0.567s] -- Up-to-date: /home/eddy/ros2_ws/install/image_proc/share/image_proc/environment/path.dsv
[0.567s] -- Up-to-date: /home/eddy/ros2_ws/install/image_proc/share/image_proc/local_setup.bash
[0.567s] -- Up-to-date: /home/eddy/ros2_ws/install/image_proc/share/image_proc/local_setup.sh
[0.567s] -- Up-to-date: /home/eddy/ros2_ws/install/image_proc/share/image_proc/local_setup.zsh
[0.568s] -- Up-to-date: /home/eddy/ros2_ws/install/image_proc/share/image_proc/local_setup.dsv
[0.568s] -- Installing: /home/eddy/ros2_ws/install/image_proc/share/image_proc/package.dsv
[0.569s] -- Up-to-date: /home/eddy/ros2_ws/install/image_proc/share/ament_index/resource_index/packages/image_proc
[0.570s] -- Up-to-date: /home/eddy/ros2_ws/install/image_proc/share/ament_index/resource_index/rclcpp_components/image_proc
[0.570s] -- Up-to-date: /home/eddy/ros2_ws/install/image_proc/share/image_proc/cmake/ament_cmake_export_dependencies-extras.cmake
[0.570s] -- Up-to-date: /home/eddy/ros2_ws/install/image_proc/share/image_proc/cmake/ament_cmake_export_include_directories-extras.cmake
[0.570s] -- Up-to-date: /home/eddy/ros2_ws/install/image_proc/share/image_proc/cmake/ament_cmake_export_libraries-extras.cmake
[0.570s] -- Up-to-date: /home/eddy/ros2_ws/install/image_proc/share/image_proc/cmake/image_procConfig.cmake
[0.571s] -- Up-to-date: /home/eddy/ros2_ws/install/image_proc/share/image_proc/cmake/image_procConfig-version.cmake
[0.571s] -- Up-to-date: /home/eddy/ros2_ws/install/image_proc/share/image_proc/package.xml
[0.574s] Invoked command in '/home/eddy/ros2_ws/build/image_proc' returned '0': CMAKE_PREFIX_PATH=/home/eddy/ros2_ws/install/tracetools_image_pipeline:/home/eddy/ros2_ws/install/scout_base:/home/eddy/ros2_ws/install/scout_navigation2:/home/eddy/ros2_ws/install/rfid_serial_node:/home/eddy/ros2_ws/install/my_nav2_controller:/home/eddy/ros2_ws/install/camera_calibration:/opt/ros/humble:/home/eddy/ros2_ws/install/ugv_sdk:/home/eddy/ros2_ws/install/image_pipeline:/home/eddy/ros2_ws/install/stereo_image_proc:/home/eddy/ros2_ws/install/image_proc:/home/eddy/ros2_ws/install/scout_msgs:/home/eddy/ros2_ws/install/scout_description:/home/eddy/ros2_ws/install/rplidar_ros:/home/eddy/ros2_ws/install/image_view:/home/eddy/ros2_ws/install/image_rotate:/home/eddy/ros2_ws/install/image_publisher:/home/eddy/ros2_ws/install/depth_image_proc LD_LIBRARY_PATH=/home/eddy/ros2_ws/install/tracetools_image_pipeline/lib:/home/eddy/ros2_ws/install/stereo_image_proc/lib:/home/eddy/ros2_ws/install/image_proc/lib:/home/eddy/ros2_ws/install/scout_msgs/lib:/home/eddy/ros2_ws/install/rplidar_ros/lib:/home/eddy/ros2_ws/install/image_view/lib:/home/eddy/ros2_ws/install/image_rotate/lib:/home/eddy/ros2_ws/install/image_publisher/lib:/home/eddy/ros2_ws/install/depth_image_proc/lib:/usr/lib/x86_64-linux-gnu/gazebo-11/plugins:/opt/ros/humble/opt/rviz_ogre_vendor/lib:/opt/ros/humble/lib/x86_64-linux-gnu:/opt/ros/humble/lib /usr/bin/cmake --install /home/eddy/ros2_ws/build/image_proc
