[0.097s] DEBUG:colcon:Command line arguments: ['/usr/bin/colcon', 'build']
[0.097s] DEBUG:colcon:Parsed command line arguments: Namespace(log_base=None, log_level=None, verb_name='build', build_base='build', install_base='install', merge_install=False, symlink_install=False, test_result_base=None, continue_on_error=False, executor='parallel', parallel_workers=2, event_handlers=None, ignore_user_meta=False, metas=['./colcon.meta'], base_paths=['.'], packages_ignore=None, packages_ignore_regex=None, paths=None, packages_up_to=None, packages_up_to_regex=None, packages_above=None, packages_above_and_dependencies=None, packages_above_depth=None, packages_select_by_dep=None, packages_skip_by_dep=None, packages_skip_up_to=None, packages_select_build_failed=False, packages_skip_build_finished=False, packages_select_test_failures=False, packages_skip_test_passed=False, packages_select=None, packages_skip=None, packages_select_regex=None, packages_skip_regex=None, packages_start=None, packages_end=None, allow_overriding=[], cmake_args=None, cmake_target=None, cmake_target_skip_unavailable=False, cmake_clean_cache=False, cmake_clean_first=False, cmake_force_configure=False, ament_cmake_args=None, catkin_cmake_args=None, catkin_skip_building_tests=False, mixin_files=None, mixin=None, verb_parser=<colcon_mixin.mixin.mixin_argument.MixinArgumentDecorator object at 0x7c5c6e666230>, verb_extension=<colcon_core.verb.build.BuildVerb object at 0x7c5c6e665d80>, main=<bound method BuildVerb.main of <colcon_core.verb.build.BuildVerb object at 0x7c5c6e665d80>>, mixin_verb=('build',))
[0.244s] Level 1:colcon.colcon_core.package_discovery:discover_packages(colcon_meta) check parameters
[0.244s] Level 1:colcon.colcon_core.package_discovery:discover_packages(recursive) check parameters
[0.244s] Level 1:colcon.colcon_core.package_discovery:discover_packages(ignore) check parameters
[0.244s] Level 1:colcon.colcon_core.package_discovery:discover_packages(path) check parameters
[0.244s] Level 1:colcon.colcon_core.package_discovery:discover_packages(colcon_meta) discover
[0.244s] Level 1:colcon.colcon_core.package_discovery:discover_packages(recursive) discover
[0.244s] INFO:colcon.colcon_core.package_discovery:Crawling recursively for packages in '/home/eddy/ros2_ws'
[0.244s] Level 1:colcon.colcon_core.package_identification:_identify(.) by extensions ['ignore', 'ignore_ament_install']
[0.244s] Level 1:colcon.colcon_core.package_identification:_identify(.) by extension 'ignore'
[0.244s] Level 1:colcon.colcon_core.package_identification:_identify(.) by extension 'ignore_ament_install'
[0.244s] Level 1:colcon.colcon_core.package_identification:_identify(.) by extensions ['colcon_pkg']
[0.244s] Level 1:colcon.colcon_core.package_identification:_identify(.) by extension 'colcon_pkg'
[0.244s] Level 1:colcon.colcon_core.package_identification:_identify(.) by extensions ['colcon_meta']
[0.244s] Level 1:colcon.colcon_core.package_identification:_identify(.) by extension 'colcon_meta'
[0.244s] Level 1:colcon.colcon_core.package_identification:_identify(.) by extensions ['ros']
[0.244s] Level 1:colcon.colcon_core.package_identification:_identify(.) by extension 'ros'
[0.254s] Level 1:colcon.colcon_core.package_identification:_identify(.) by extensions ['cmake', 'python']
[0.254s] Level 1:colcon.colcon_core.package_identification:_identify(.) by extension 'cmake'
[0.254s] Level 1:colcon.colcon_core.package_identification:_identify(.) by extension 'python'
[0.254s] Level 1:colcon.colcon_core.package_identification:_identify(.) by extensions ['python_setup_py']
[0.254s] Level 1:colcon.colcon_core.package_identification:_identify(.) by extension 'python_setup_py'
[0.254s] Level 1:colcon.colcon_core.package_identification:_identify(build) by extensions ['ignore', 'ignore_ament_install']
[0.254s] Level 1:colcon.colcon_core.package_identification:_identify(build) by extension 'ignore'
[0.254s] Level 1:colcon.colcon_core.package_identification:_identify(build) ignored
[0.254s] Level 1:colcon.colcon_core.package_identification:_identify(install) by extensions ['ignore', 'ignore_ament_install']
[0.254s] Level 1:colcon.colcon_core.package_identification:_identify(install) by extension 'ignore'
[0.254s] Level 1:colcon.colcon_core.package_identification:_identify(install) ignored
[0.255s] Level 1:colcon.colcon_core.package_identification:_identify(log) by extensions ['ignore', 'ignore_ament_install']
[0.255s] Level 1:colcon.colcon_core.package_identification:_identify(log) by extension 'ignore'
[0.255s] Level 1:colcon.colcon_core.package_identification:_identify(log) ignored
[0.255s] Level 1:colcon.colcon_core.package_identification:_identify(src) by extensions ['ignore', 'ignore_ament_install']
[0.255s] Level 1:colcon.colcon_core.package_identification:_identify(src) by extension 'ignore'
[0.255s] Level 1:colcon.colcon_core.package_identification:_identify(src) by extension 'ignore_ament_install'
[0.255s] Level 1:colcon.colcon_core.package_identification:_identify(src) by extensions ['colcon_pkg']
[0.255s] Level 1:colcon.colcon_core.package_identification:_identify(src) by extension 'colcon_pkg'
[0.255s] Level 1:colcon.colcon_core.package_identification:_identify(src) by extensions ['colcon_meta']
[0.255s] Level 1:colcon.colcon_core.package_identification:_identify(src) by extension 'colcon_meta'
[0.255s] Level 1:colcon.colcon_core.package_identification:_identify(src) by extensions ['ros']
[0.255s] Level 1:colcon.colcon_core.package_identification:_identify(src) by extension 'ros'
[0.255s] Level 1:colcon.colcon_core.package_identification:_identify(src) by extensions ['cmake', 'python']
[0.255s] Level 1:colcon.colcon_core.package_identification:_identify(src) by extension 'cmake'
[0.255s] Level 1:colcon.colcon_core.package_identification:_identify(src) by extension 'python'
[0.255s] Level 1:colcon.colcon_core.package_identification:_identify(src) by extensions ['python_setup_py']
[0.255s] Level 1:colcon.colcon_core.package_identification:_identify(src) by extension 'python_setup_py'
[0.255s] Level 1:colcon.colcon_core.package_identification:_identify(src/scout_ros2) by extensions ['ignore', 'ignore_ament_install']
[0.255s] Level 1:colcon.colcon_core.package_identification:_identify(src/scout_ros2) by extension 'ignore'
[0.255s] Level 1:colcon.colcon_core.package_identification:_identify(src/scout_ros2) by extension 'ignore_ament_install'
[0.255s] Level 1:colcon.colcon_core.package_identification:_identify(src/scout_ros2) by extensions ['colcon_pkg']
[0.255s] Level 1:colcon.colcon_core.package_identification:_identify(src/scout_ros2) by extension 'colcon_pkg'
[0.255s] Level 1:colcon.colcon_core.package_identification:_identify(src/scout_ros2) by extensions ['colcon_meta']
[0.256s] Level 1:colcon.colcon_core.package_identification:_identify(src/scout_ros2) by extension 'colcon_meta'
[0.256s] Level 1:colcon.colcon_core.package_identification:_identify(src/scout_ros2) by extensions ['ros']
[0.256s] Level 1:colcon.colcon_core.package_identification:_identify(src/scout_ros2) by extension 'ros'
[0.256s] Level 1:colcon.colcon_core.package_identification:_identify(src/scout_ros2) by extensions ['cmake', 'python']
[0.256s] Level 1:colcon.colcon_core.package_identification:_identify(src/scout_ros2) by extension 'cmake'
[0.256s] Level 1:colcon.colcon_core.package_identification:_identify(src/scout_ros2) by extension 'python'
[0.256s] Level 1:colcon.colcon_core.package_identification:_identify(src/scout_ros2) by extensions ['python_setup_py']
[0.256s] Level 1:colcon.colcon_core.package_identification:_identify(src/scout_ros2) by extension 'python_setup_py'
[0.256s] Level 1:colcon.colcon_core.package_identification:_identify(src/scout_ros2/scout_base) by extensions ['ignore', 'ignore_ament_install']
[0.256s] Level 1:colcon.colcon_core.package_identification:_identify(src/scout_ros2/scout_base) by extension 'ignore'
[0.256s] Level 1:colcon.colcon_core.package_identification:_identify(src/scout_ros2/scout_base) by extension 'ignore_ament_install'
[0.256s] Level 1:colcon.colcon_core.package_identification:_identify(src/scout_ros2/scout_base) by extensions ['colcon_pkg']
[0.256s] Level 1:colcon.colcon_core.package_identification:_identify(src/scout_ros2/scout_base) by extension 'colcon_pkg'
[0.256s] Level 1:colcon.colcon_core.package_identification:_identify(src/scout_ros2/scout_base) by extensions ['colcon_meta']
[0.256s] Level 1:colcon.colcon_core.package_identification:_identify(src/scout_ros2/scout_base) by extension 'colcon_meta'
[0.256s] Level 1:colcon.colcon_core.package_identification:_identify(src/scout_ros2/scout_base) by extensions ['ros']
[0.256s] Level 1:colcon.colcon_core.package_identification:_identify(src/scout_ros2/scout_base) by extension 'ros'
[0.259s] DEBUG:colcon.colcon_core.package_identification:Package 'src/scout_ros2/scout_base' with type 'ros.ament_cmake' and name 'scout_base'
[0.259s] Level 1:colcon.colcon_core.package_identification:_identify(src/scout_ros2/scout_description) by extensions ['ignore', 'ignore_ament_install']
[0.259s] Level 1:colcon.colcon_core.package_identification:_identify(src/scout_ros2/scout_description) by extension 'ignore'
[0.259s] Level 1:colcon.colcon_core.package_identification:_identify(src/scout_ros2/scout_description) by extension 'ignore_ament_install'
[0.259s] Level 1:colcon.colcon_core.package_identification:_identify(src/scout_ros2/scout_description) by extensions ['colcon_pkg']
[0.259s] Level 1:colcon.colcon_core.package_identification:_identify(src/scout_ros2/scout_description) by extension 'colcon_pkg'
[0.259s] Level 1:colcon.colcon_core.package_identification:_identify(src/scout_ros2/scout_description) by extensions ['colcon_meta']
[0.259s] Level 1:colcon.colcon_core.package_identification:_identify(src/scout_ros2/scout_description) by extension 'colcon_meta'
[0.259s] Level 1:colcon.colcon_core.package_identification:_identify(src/scout_ros2/scout_description) by extensions ['ros']
[0.259s] Level 1:colcon.colcon_core.package_identification:_identify(src/scout_ros2/scout_description) by extension 'ros'
[0.260s] DEBUG:colcon.colcon_core.package_identification:Package 'src/scout_ros2/scout_description' with type 'ros.ament_cmake' and name 'scout_description'
[0.260s] Level 1:colcon.colcon_core.package_identification:_identify(src/scout_ros2/scout_msgs) by extensions ['ignore', 'ignore_ament_install']
[0.260s] Level 1:colcon.colcon_core.package_identification:_identify(src/scout_ros2/scout_msgs) by extension 'ignore'
[0.260s] Level 1:colcon.colcon_core.package_identification:_identify(src/scout_ros2/scout_msgs) by extension 'ignore_ament_install'
[0.260s] Level 1:colcon.colcon_core.package_identification:_identify(src/scout_ros2/scout_msgs) by extensions ['colcon_pkg']
[0.260s] Level 1:colcon.colcon_core.package_identification:_identify(src/scout_ros2/scout_msgs) by extension 'colcon_pkg'
[0.260s] Level 1:colcon.colcon_core.package_identification:_identify(src/scout_ros2/scout_msgs) by extensions ['colcon_meta']
[0.260s] Level 1:colcon.colcon_core.package_identification:_identify(src/scout_ros2/scout_msgs) by extension 'colcon_meta'
[0.260s] Level 1:colcon.colcon_core.package_identification:_identify(src/scout_ros2/scout_msgs) by extensions ['ros']
[0.260s] Level 1:colcon.colcon_core.package_identification:_identify(src/scout_ros2/scout_msgs) by extension 'ros'
[0.261s] DEBUG:colcon.colcon_core.package_identification:Package 'src/scout_ros2/scout_msgs' with type 'ros.ament_cmake' and name 'scout_msgs'
[0.261s] Level 1:colcon.colcon_core.package_identification:_identify(src/ugv_sdk) by extensions ['ignore', 'ignore_ament_install']
[0.261s] Level 1:colcon.colcon_core.package_identification:_identify(src/ugv_sdk) by extension 'ignore'
[0.261s] Level 1:colcon.colcon_core.package_identification:_identify(src/ugv_sdk) by extension 'ignore_ament_install'
[0.261s] Level 1:colcon.colcon_core.package_identification:_identify(src/ugv_sdk) by extensions ['colcon_pkg']
[0.261s] Level 1:colcon.colcon_core.package_identification:_identify(src/ugv_sdk) by extension 'colcon_pkg'
[0.261s] Level 1:colcon.colcon_core.package_identification:_identify(src/ugv_sdk) by extensions ['colcon_meta']
[0.261s] Level 1:colcon.colcon_core.package_identification:_identify(src/ugv_sdk) by extension 'colcon_meta'
[0.261s] Level 1:colcon.colcon_core.package_identification:_identify(src/ugv_sdk) by extensions ['ros']
[0.261s] Level 1:colcon.colcon_core.package_identification:_identify(src/ugv_sdk) by extension 'ros'
[0.261s] DEBUG:colcon.colcon_core.package_identification:Package 'src/ugv_sdk' with type 'ros.catkin' and name 'ugv_sdk'
[0.262s] Level 1:colcon.colcon_core.package_discovery:discover_packages(recursive) using defaults
[0.262s] Level 1:colcon.colcon_core.package_discovery:discover_packages(ignore) discover
[0.262s] Level 1:colcon.colcon_core.package_discovery:discover_packages(ignore) using defaults
[0.262s] Level 1:colcon.colcon_core.package_discovery:discover_packages(path) discover
[0.262s] Level 1:colcon.colcon_core.package_discovery:discover_packages(path) using defaults
[0.291s] Level 1:colcon.colcon_core.package_discovery:discover_packages(prefix_path) check parameters
[0.291s] Level 1:colcon.colcon_core.package_discovery:discover_packages(prefix_path) discover
[0.293s] DEBUG:colcon.colcon_installed_package_information.package_discovery:Found 4 installed packages in /home/eddy/ros2_ws/install
[0.294s] DEBUG:colcon.colcon_installed_package_information.package_discovery:Found 363 installed packages in /opt/ros/humble
[0.296s] Level 1:colcon.colcon_core.package_discovery:discover_packages(prefix_path) using defaults
[0.337s] Level 5:colcon.colcon_core.verb:set package 'scout_description' build argument 'cmake_args' from command line to 'None'
[0.337s] Level 5:colcon.colcon_core.verb:set package 'scout_description' build argument 'cmake_target' from command line to 'None'
[0.337s] Level 5:colcon.colcon_core.verb:set package 'scout_description' build argument 'cmake_target_skip_unavailable' from command line to 'False'
[0.337s] Level 5:colcon.colcon_core.verb:set package 'scout_description' build argument 'cmake_clean_cache' from command line to 'False'
[0.337s] Level 5:colcon.colcon_core.verb:set package 'scout_description' build argument 'cmake_clean_first' from command line to 'False'
[0.337s] Level 5:colcon.colcon_core.verb:set package 'scout_description' build argument 'cmake_force_configure' from command line to 'False'
[0.337s] Level 5:colcon.colcon_core.verb:set package 'scout_description' build argument 'ament_cmake_args' from command line to 'None'
[0.337s] Level 5:colcon.colcon_core.verb:set package 'scout_description' build argument 'catkin_cmake_args' from command line to 'None'
[0.337s] Level 5:colcon.colcon_core.verb:set package 'scout_description' build argument 'catkin_skip_building_tests' from command line to 'False'
[0.337s] DEBUG:colcon.colcon_core.verb:Building package 'scout_description' with the following arguments: {'ament_cmake_args': None, 'build_base': '/home/eddy/ros2_ws/build/scout_description', 'catkin_cmake_args': None, 'catkin_skip_building_tests': False, 'cmake_args': None, 'cmake_clean_cache': False, 'cmake_clean_first': False, 'cmake_force_configure': False, 'cmake_target': None, 'cmake_target_skip_unavailable': False, 'install_base': '/home/eddy/ros2_ws/install/scout_description', 'merge_install': False, 'path': '/home/eddy/ros2_ws/src/scout_ros2/scout_description', 'symlink_install': False, 'test_result_base': None}
[0.337s] Level 5:colcon.colcon_core.verb:set package 'scout_msgs' build argument 'cmake_args' from command line to 'None'
[0.337s] Level 5:colcon.colcon_core.verb:set package 'scout_msgs' build argument 'cmake_target' from command line to 'None'
[0.337s] Level 5:colcon.colcon_core.verb:set package 'scout_msgs' build argument 'cmake_target_skip_unavailable' from command line to 'False'
[0.337s] Level 5:colcon.colcon_core.verb:set package 'scout_msgs' build argument 'cmake_clean_cache' from command line to 'False'
[0.337s] Level 5:colcon.colcon_core.verb:set package 'scout_msgs' build argument 'cmake_clean_first' from command line to 'False'
[0.337s] Level 5:colcon.colcon_core.verb:set package 'scout_msgs' build argument 'cmake_force_configure' from command line to 'False'
[0.337s] Level 5:colcon.colcon_core.verb:set package 'scout_msgs' build argument 'ament_cmake_args' from command line to 'None'
[0.337s] Level 5:colcon.colcon_core.verb:set package 'scout_msgs' build argument 'catkin_cmake_args' from command line to 'None'
[0.338s] Level 5:colcon.colcon_core.verb:set package 'scout_msgs' build argument 'catkin_skip_building_tests' from command line to 'False'
[0.338s] DEBUG:colcon.colcon_core.verb:Building package 'scout_msgs' with the following arguments: {'ament_cmake_args': None, 'build_base': '/home/eddy/ros2_ws/build/scout_msgs', 'catkin_cmake_args': None, 'catkin_skip_building_tests': False, 'cmake_args': None, 'cmake_clean_cache': False, 'cmake_clean_first': False, 'cmake_force_configure': False, 'cmake_target': None, 'cmake_target_skip_unavailable': False, 'install_base': '/home/eddy/ros2_ws/install/scout_msgs', 'merge_install': False, 'path': '/home/eddy/ros2_ws/src/scout_ros2/scout_msgs', 'symlink_install': False, 'test_result_base': None}
[0.338s] Level 5:colcon.colcon_core.verb:set package 'ugv_sdk' build argument 'cmake_args' from command line to 'None'
[0.338s] Level 5:colcon.colcon_core.verb:set package 'ugv_sdk' build argument 'cmake_target' from command line to 'None'
[0.338s] Level 5:colcon.colcon_core.verb:set package 'ugv_sdk' build argument 'cmake_target_skip_unavailable' from command line to 'False'
[0.338s] Level 5:colcon.colcon_core.verb:set package 'ugv_sdk' build argument 'cmake_clean_cache' from command line to 'False'
[0.338s] Level 5:colcon.colcon_core.verb:set package 'ugv_sdk' build argument 'cmake_clean_first' from command line to 'False'
[0.338s] Level 5:colcon.colcon_core.verb:set package 'ugv_sdk' build argument 'cmake_force_configure' from command line to 'False'
[0.338s] Level 5:colcon.colcon_core.verb:set package 'ugv_sdk' build argument 'ament_cmake_args' from command line to 'None'
[0.338s] Level 5:colcon.colcon_core.verb:set package 'ugv_sdk' build argument 'catkin_cmake_args' from command line to 'None'
[0.338s] Level 5:colcon.colcon_core.verb:set package 'ugv_sdk' build argument 'catkin_skip_building_tests' from command line to 'False'
[0.338s] DEBUG:colcon.colcon_core.verb:Building package 'ugv_sdk' with the following arguments: {'ament_cmake_args': None, 'build_base': '/home/eddy/ros2_ws/build/ugv_sdk', 'catkin_cmake_args': None, 'catkin_skip_building_tests': False, 'cmake_args': None, 'cmake_clean_cache': False, 'cmake_clean_first': False, 'cmake_force_configure': False, 'cmake_target': None, 'cmake_target_skip_unavailable': False, 'install_base': '/home/eddy/ros2_ws/install/ugv_sdk', 'merge_install': False, 'path': '/home/eddy/ros2_ws/src/ugv_sdk', 'symlink_install': False, 'test_result_base': None}
[0.338s] Level 5:colcon.colcon_core.verb:set package 'scout_base' build argument 'cmake_args' from command line to 'None'
[0.338s] Level 5:colcon.colcon_core.verb:set package 'scout_base' build argument 'cmake_target' from command line to 'None'
[0.338s] Level 5:colcon.colcon_core.verb:set package 'scout_base' build argument 'cmake_target_skip_unavailable' from command line to 'False'
[0.339s] Level 5:colcon.colcon_core.verb:set package 'scout_base' build argument 'cmake_clean_cache' from command line to 'False'
[0.339s] Level 5:colcon.colcon_core.verb:set package 'scout_base' build argument 'cmake_clean_first' from command line to 'False'
[0.339s] Level 5:colcon.colcon_core.verb:set package 'scout_base' build argument 'cmake_force_configure' from command line to 'False'
[0.339s] Level 5:colcon.colcon_core.verb:set package 'scout_base' build argument 'ament_cmake_args' from command line to 'None'
[0.339s] Level 5:colcon.colcon_core.verb:set package 'scout_base' build argument 'catkin_cmake_args' from command line to 'None'
[0.339s] Level 5:colcon.colcon_core.verb:set package 'scout_base' build argument 'catkin_skip_building_tests' from command line to 'False'
[0.339s] DEBUG:colcon.colcon_core.verb:Building package 'scout_base' with the following arguments: {'ament_cmake_args': None, 'build_base': '/home/eddy/ros2_ws/build/scout_base', 'catkin_cmake_args': None, 'catkin_skip_building_tests': False, 'cmake_args': None, 'cmake_clean_cache': False, 'cmake_clean_first': False, 'cmake_force_configure': False, 'cmake_target': None, 'cmake_target_skip_unavailable': False, 'install_base': '/home/eddy/ros2_ws/install/scout_base', 'merge_install': False, 'path': '/home/eddy/ros2_ws/src/scout_ros2/scout_base', 'symlink_install': False, 'test_result_base': None}
[0.339s] INFO:colcon.colcon_core.executor:Executing jobs using 'parallel' executor
[0.340s] DEBUG:colcon.colcon_parallel_executor.executor.parallel:run_until_complete
[0.340s] INFO:colcon.colcon_ros.task.ament_cmake.build:Building ROS package in '/home/eddy/ros2_ws/src/scout_ros2/scout_msgs' with build type 'ament_cmake'
[0.340s] INFO:colcon.colcon_cmake.task.cmake.build:Building CMake package in '/home/eddy/ros2_ws/src/scout_ros2/scout_msgs'
[0.342s] INFO:colcon.colcon_core.plugin_system:Skipping extension 'colcon_core.shell.bat': Not used on non-Windows systems
[0.342s] INFO:colcon.colcon_core.shell:Skip shell extension 'powershell' for command environment: Not usable outside of PowerShell
[0.342s] DEBUG:colcon.colcon_core.shell:Skip shell extension 'dsv' for command environment
[0.346s] INFO:colcon.colcon_ros.task.catkin.build:Building ROS package in '/home/eddy/ros2_ws/src/ugv_sdk' with build type 'catkin'
[0.346s] INFO:colcon.colcon_cmake.task.cmake.build:Building CMake package in '/home/eddy/ros2_ws/src/ugv_sdk'
[0.346s] INFO:colcon.colcon_core.shell:Skip shell extension 'powershell' for command environment: Not usable outside of PowerShell
[0.346s] DEBUG:colcon.colcon_core.shell:Skip shell extension 'dsv' for command environment
[0.354s] DEBUG:colcon.colcon_core.event_handler.log_command:Invoking command in '/home/eddy/ros2_ws/build/scout_msgs': CMAKE_PREFIX_PATH=/home/eddy/ros2_ws/install/scout_base:/opt/ros/humble:/home/eddy/ros2_ws/install/ugv_sdk:/home/eddy/ros2_ws/install/scout_msgs:/home/eddy/ros2_ws/install/scout_description /usr/bin/cmake --build /home/eddy/ros2_ws/build/scout_msgs -- -j2 -l2
[0.360s] DEBUG:colcon.colcon_core.event_handler.log_command:Invoking command in '/home/eddy/ros2_ws/build/ugv_sdk': /usr/bin/cmake --build /home/eddy/ros2_ws/build/ugv_sdk -- -j2 -l2
[0.615s] DEBUG:colcon.colcon_core.event_handler.log_command:Invoked command in '/home/eddy/ros2_ws/build/ugv_sdk' returned '0': /usr/bin/cmake --build /home/eddy/ros2_ws/build/ugv_sdk -- -j2 -l2
[0.634s] DEBUG:colcon.colcon_core.event_handler.log_command:Invoking command in '/home/eddy/ros2_ws/build/ugv_sdk': /usr/bin/cmake --install /home/eddy/ros2_ws/build/ugv_sdk
[0.651s] Level 1:colcon.colcon_core.shell:create_environment_hook('ugv_sdk', 'ros_package_path')
[0.651s] INFO:colcon.colcon_core.shell:Creating environment hook '/home/eddy/ros2_ws/install/ugv_sdk/share/ugv_sdk/hook/ros_package_path.ps1'
[0.655s] INFO:colcon.colcon_core.shell:Creating environment descriptor '/home/eddy/ros2_ws/install/ugv_sdk/share/ugv_sdk/hook/ros_package_path.dsv'
[0.656s] DEBUG:colcon.colcon_core.event_handler.log_command:Invoked command in '/home/eddy/ros2_ws/build/ugv_sdk' returned '0': /usr/bin/cmake --install /home/eddy/ros2_ws/build/ugv_sdk
[0.656s] INFO:colcon.colcon_core.shell:Creating environment hook '/home/eddy/ros2_ws/install/ugv_sdk/share/ugv_sdk/hook/ros_package_path.sh'
[0.657s] Level 1:colcon.colcon_core.shell:create_environment_hook('ugv_sdk', 'pkg_config_path')
[0.657s] INFO:colcon.colcon_core.shell:Creating environment hook '/home/eddy/ros2_ws/install/ugv_sdk/share/ugv_sdk/hook/pkg_config_path.ps1'
[0.657s] INFO:colcon.colcon_core.shell:Creating environment descriptor '/home/eddy/ros2_ws/install/ugv_sdk/share/ugv_sdk/hook/pkg_config_path.dsv'
[0.659s] INFO:colcon.colcon_core.shell:Creating environment hook '/home/eddy/ros2_ws/install/ugv_sdk/share/ugv_sdk/hook/pkg_config_path.sh'
[0.663s] Level 1:colcon.colcon_core.shell:create_environment_hook('ugv_sdk', 'pkg_config_path_multiarch')
[0.663s] INFO:colcon.colcon_core.shell:Creating environment hook '/home/eddy/ros2_ws/install/ugv_sdk/share/ugv_sdk/hook/pkg_config_path_multiarch.ps1'
[0.664s] INFO:colcon.colcon_core.shell:Creating environment descriptor '/home/eddy/ros2_ws/install/ugv_sdk/share/ugv_sdk/hook/pkg_config_path_multiarch.dsv'
[0.664s] INFO:colcon.colcon_core.shell:Creating environment hook '/home/eddy/ros2_ws/install/ugv_sdk/share/ugv_sdk/hook/pkg_config_path_multiarch.sh'
[0.665s] Level 1:colcon.colcon_core.environment:create_environment_scripts_only(ugv_sdk)
[0.667s] Level 1:colcon.colcon_core.environment:checking '/home/eddy/ros2_ws/install/ugv_sdk' for CMake module files
[0.667s] Level 1:colcon.colcon_core.environment:checking '/home/eddy/ros2_ws/install/ugv_sdk' for CMake config files
[0.667s] Level 1:colcon.colcon_core.shell:create_environment_hook('ugv_sdk', 'cmake_prefix_path')
[0.668s] INFO:colcon.colcon_core.shell:Creating environment hook '/home/eddy/ros2_ws/install/ugv_sdk/share/ugv_sdk/hook/cmake_prefix_path.ps1'
[0.668s] INFO:colcon.colcon_core.shell:Creating environment descriptor '/home/eddy/ros2_ws/install/ugv_sdk/share/ugv_sdk/hook/cmake_prefix_path.dsv'
[0.668s] INFO:colcon.colcon_core.shell:Creating environment hook '/home/eddy/ros2_ws/install/ugv_sdk/share/ugv_sdk/hook/cmake_prefix_path.sh'
[0.670s] Level 1:colcon.colcon_core.environment:checking '/home/eddy/ros2_ws/install/ugv_sdk/lib'
[0.670s] Level 1:colcon.colcon_core.environment:checking '/home/eddy/ros2_ws/install/ugv_sdk/bin'
[0.670s] Level 1:colcon.colcon_core.environment:checking '/home/eddy/ros2_ws/install/ugv_sdk/lib/pkgconfig/ugv_sdk.pc'
[0.671s] Level 1:colcon.colcon_core.environment:checking '/home/eddy/ros2_ws/install/ugv_sdk/lib/python3.10/site-packages'
[0.671s] Level 1:colcon.colcon_core.environment:checking '/home/eddy/ros2_ws/install/ugv_sdk/bin'
[0.671s] INFO:colcon.colcon_core.shell:Creating package script '/home/eddy/ros2_ws/install/ugv_sdk/share/ugv_sdk/package.ps1'
[0.672s] INFO:colcon.colcon_core.shell:Creating package descriptor '/home/eddy/ros2_ws/install/ugv_sdk/share/ugv_sdk/package.dsv'
[0.673s] INFO:colcon.colcon_core.shell:Creating package script '/home/eddy/ros2_ws/install/ugv_sdk/share/ugv_sdk/package.sh'
[0.674s] INFO:colcon.colcon_core.shell:Creating package script '/home/eddy/ros2_ws/install/ugv_sdk/share/ugv_sdk/package.bash'
[0.674s] INFO:colcon.colcon_core.shell:Creating package script '/home/eddy/ros2_ws/install/ugv_sdk/share/ugv_sdk/package.zsh'
[0.675s] Level 1:colcon.colcon_core.environment:create_file_with_runtime_dependencies(/home/eddy/ros2_ws/install/ugv_sdk/share/colcon-core/packages/ugv_sdk)
[0.676s] INFO:colcon.colcon_ros.task.ament_cmake.build:Building ROS package in '/home/eddy/ros2_ws/src/scout_ros2/scout_description' with build type 'ament_cmake'
[0.676s] INFO:colcon.colcon_cmake.task.cmake.build:Building CMake package in '/home/eddy/ros2_ws/src/scout_ros2/scout_description'
[0.676s] INFO:colcon.colcon_core.shell:Skip shell extension 'powershell' for command environment: Not usable outside of PowerShell
[0.676s] DEBUG:colcon.colcon_core.shell:Skip shell extension 'dsv' for command environment
[0.692s] DEBUG:colcon.colcon_core.event_handler.log_command:Invoking command in '/home/eddy/ros2_ws/build/scout_description': CMAKE_PREFIX_PATH=/home/eddy/ros2_ws/install/scout_base:/opt/ros/humble:/home/eddy/ros2_ws/install/ugv_sdk:/home/eddy/ros2_ws/install/scout_msgs:/home/eddy/ros2_ws/install/scout_description /usr/bin/cmake --build /home/eddy/ros2_ws/build/scout_description -- -j2 -l2
[0.746s] DEBUG:colcon.colcon_core.event_handler.log_command:Invoked command in '/home/eddy/ros2_ws/build/scout_description' returned '0': CMAKE_PREFIX_PATH=/home/eddy/ros2_ws/install/scout_base:/opt/ros/humble:/home/eddy/ros2_ws/install/ugv_sdk:/home/eddy/ros2_ws/install/scout_msgs:/home/eddy/ros2_ws/install/scout_description /usr/bin/cmake --build /home/eddy/ros2_ws/build/scout_description -- -j2 -l2
[0.746s] DEBUG:colcon.colcon_core.event_handler.log_command:Invoking command in '/home/eddy/ros2_ws/build/scout_description': CMAKE_PREFIX_PATH=/home/eddy/ros2_ws/install/scout_base:/opt/ros/humble:/home/eddy/ros2_ws/install/ugv_sdk:/home/eddy/ros2_ws/install/scout_msgs:/home/eddy/ros2_ws/install/scout_description /usr/bin/cmake --install /home/eddy/ros2_ws/build/scout_description
[0.760s] Level 1:colcon.colcon_core.environment:create_environment_scripts_only(scout_description)
[0.761s] Level 1:colcon.colcon_core.environment:checking '/home/eddy/ros2_ws/install/scout_description' for CMake module files
[0.761s] Level 1:colcon.colcon_core.environment:checking '/home/eddy/ros2_ws/install/scout_description' for CMake config files
[0.761s] Level 1:colcon.colcon_core.shell:create_environment_hook('scout_description', 'cmake_prefix_path')
[0.761s] INFO:colcon.colcon_core.shell:Creating environment hook '/home/eddy/ros2_ws/install/scout_description/share/scout_description/hook/cmake_prefix_path.ps1'
[0.760s] DEBUG:colcon.colcon_core.event_handler.log_command:Invoked command in '/home/eddy/ros2_ws/build/scout_description' returned '0': CMAKE_PREFIX_PATH=/home/eddy/ros2_ws/install/scout_base:/opt/ros/humble:/home/eddy/ros2_ws/install/ugv_sdk:/home/eddy/ros2_ws/install/scout_msgs:/home/eddy/ros2_ws/install/scout_description /usr/bin/cmake --install /home/eddy/ros2_ws/build/scout_description
[0.762s] INFO:colcon.colcon_core.shell:Creating environment descriptor '/home/eddy/ros2_ws/install/scout_description/share/scout_description/hook/cmake_prefix_path.dsv'
[0.762s] INFO:colcon.colcon_core.shell:Creating environment hook '/home/eddy/ros2_ws/install/scout_description/share/scout_description/hook/cmake_prefix_path.sh'
[0.763s] Level 1:colcon.colcon_core.environment:checking '/home/eddy/ros2_ws/install/scout_description/bin'
[0.763s] Level 1:colcon.colcon_core.environment:checking '/home/eddy/ros2_ws/install/scout_description/lib/pkgconfig/scout_description.pc'
[0.763s] Level 1:colcon.colcon_core.environment:checking '/home/eddy/ros2_ws/install/scout_description/lib/python3.10/site-packages'
[0.764s] Level 1:colcon.colcon_core.environment:checking '/home/eddy/ros2_ws/install/scout_description/bin'
[0.764s] INFO:colcon.colcon_core.shell:Creating package script '/home/eddy/ros2_ws/install/scout_description/share/scout_description/package.ps1'
[0.764s] INFO:colcon.colcon_core.shell:Creating package descriptor '/home/eddy/ros2_ws/install/scout_description/share/scout_description/package.dsv'
[0.765s] INFO:colcon.colcon_core.shell:Creating package script '/home/eddy/ros2_ws/install/scout_description/share/scout_description/package.sh'
[0.766s] INFO:colcon.colcon_core.shell:Creating package script '/home/eddy/ros2_ws/install/scout_description/share/scout_description/package.bash'
[0.767s] INFO:colcon.colcon_core.shell:Creating package script '/home/eddy/ros2_ws/install/scout_description/share/scout_description/package.zsh'
[0.767s] Level 1:colcon.colcon_core.environment:create_file_with_runtime_dependencies(/home/eddy/ros2_ws/install/scout_description/share/colcon-core/packages/scout_description)
[0.768s] Level 1:colcon.colcon_core.environment:create_environment_scripts_only(scout_description)
[0.768s] Level 1:colcon.colcon_core.environment:checking '/home/eddy/ros2_ws/install/scout_description' for CMake module files
[0.769s] Level 1:colcon.colcon_core.environment:checking '/home/eddy/ros2_ws/install/scout_description' for CMake config files
[0.770s] Level 1:colcon.colcon_core.shell:create_environment_hook('scout_description', 'cmake_prefix_path')
[0.770s] INFO:colcon.colcon_core.shell:Creating environment hook '/home/eddy/ros2_ws/install/scout_description/share/scout_description/hook/cmake_prefix_path.ps1'
[0.771s] INFO:colcon.colcon_core.shell:Creating environment descriptor '/home/eddy/ros2_ws/install/scout_description/share/scout_description/hook/cmake_prefix_path.dsv'
[0.772s] INFO:colcon.colcon_core.shell:Creating environment hook '/home/eddy/ros2_ws/install/scout_description/share/scout_description/hook/cmake_prefix_path.sh'
[0.772s] Level 1:colcon.colcon_core.environment:checking '/home/eddy/ros2_ws/install/scout_description/bin'
[0.773s] Level 1:colcon.colcon_core.environment:checking '/home/eddy/ros2_ws/install/scout_description/lib/pkgconfig/scout_description.pc'
[0.773s] Level 1:colcon.colcon_core.environment:checking '/home/eddy/ros2_ws/install/scout_description/lib/python3.10/site-packages'
[0.773s] Level 1:colcon.colcon_core.environment:checking '/home/eddy/ros2_ws/install/scout_description/bin'
[0.773s] INFO:colcon.colcon_core.shell:Creating package script '/home/eddy/ros2_ws/install/scout_description/share/scout_description/package.ps1'
[0.774s] INFO:colcon.colcon_core.shell:Creating package descriptor '/home/eddy/ros2_ws/install/scout_description/share/scout_description/package.dsv'
[0.774s] INFO:colcon.colcon_core.shell:Creating package script '/home/eddy/ros2_ws/install/scout_description/share/scout_description/package.sh'
[0.775s] INFO:colcon.colcon_core.shell:Creating package script '/home/eddy/ros2_ws/install/scout_description/share/scout_description/package.bash'
[0.775s] INFO:colcon.colcon_core.shell:Creating package script '/home/eddy/ros2_ws/install/scout_description/share/scout_description/package.zsh'
[0.776s] Level 1:colcon.colcon_core.environment:create_file_with_runtime_dependencies(/home/eddy/ros2_ws/install/scout_description/share/colcon-core/packages/scout_description)
[0.900s] DEBUG:colcon.colcon_core.event_handler.log_command:Invoked command in '/home/eddy/ros2_ws/build/scout_msgs' returned '0': CMAKE_PREFIX_PATH=/home/eddy/ros2_ws/install/scout_base:/opt/ros/humble:/home/eddy/ros2_ws/install/ugv_sdk:/home/eddy/ros2_ws/install/scout_msgs:/home/eddy/ros2_ws/install/scout_description /usr/bin/cmake --build /home/eddy/ros2_ws/build/scout_msgs -- -j2 -l2
[0.901s] DEBUG:colcon.colcon_core.event_handler.log_command:Invoking command in '/home/eddy/ros2_ws/build/scout_msgs': CMAKE_PREFIX_PATH=/home/eddy/ros2_ws/install/scout_base:/opt/ros/humble:/home/eddy/ros2_ws/install/ugv_sdk:/home/eddy/ros2_ws/install/scout_msgs:/home/eddy/ros2_ws/install/scout_description /usr/bin/cmake --install /home/eddy/ros2_ws/build/scout_msgs
[0.949s] Level 1:colcon.colcon_core.environment:create_environment_scripts_only(scout_msgs)
[0.950s] Level 1:colcon.colcon_core.environment:checking '/home/eddy/ros2_ws/install/scout_msgs' for CMake module files
[0.950s] DEBUG:colcon.colcon_core.event_handler.log_command:Invoked command in '/home/eddy/ros2_ws/build/scout_msgs' returned '0': CMAKE_PREFIX_PATH=/home/eddy/ros2_ws/install/scout_base:/opt/ros/humble:/home/eddy/ros2_ws/install/ugv_sdk:/home/eddy/ros2_ws/install/scout_msgs:/home/eddy/ros2_ws/install/scout_description /usr/bin/cmake --install /home/eddy/ros2_ws/build/scout_msgs
[0.950s] Level 1:colcon.colcon_core.environment:checking '/home/eddy/ros2_ws/install/scout_msgs' for CMake config files
[0.951s] Level 1:colcon.colcon_core.shell:create_environment_hook('scout_msgs', 'cmake_prefix_path')
[0.951s] INFO:colcon.colcon_core.shell:Creating environment hook '/home/eddy/ros2_ws/install/scout_msgs/share/scout_msgs/hook/cmake_prefix_path.ps1'
[0.952s] INFO:colcon.colcon_core.shell:Creating environment descriptor '/home/eddy/ros2_ws/install/scout_msgs/share/scout_msgs/hook/cmake_prefix_path.dsv'
[0.952s] INFO:colcon.colcon_core.shell:Creating environment hook '/home/eddy/ros2_ws/install/scout_msgs/share/scout_msgs/hook/cmake_prefix_path.sh'
[0.953s] Level 1:colcon.colcon_core.environment:checking '/home/eddy/ros2_ws/install/scout_msgs/lib'
[0.953s] Level 1:colcon.colcon_core.shell:create_environment_hook('scout_msgs', 'ld_library_path_lib')
[0.953s] INFO:colcon.colcon_core.shell:Creating environment hook '/home/eddy/ros2_ws/install/scout_msgs/share/scout_msgs/hook/ld_library_path_lib.ps1'
[0.954s] INFO:colcon.colcon_core.shell:Creating environment descriptor '/home/eddy/ros2_ws/install/scout_msgs/share/scout_msgs/hook/ld_library_path_lib.dsv'
[0.954s] INFO:colcon.colcon_core.shell:Creating environment hook '/home/eddy/ros2_ws/install/scout_msgs/share/scout_msgs/hook/ld_library_path_lib.sh'
[0.955s] Level 1:colcon.colcon_core.environment:checking '/home/eddy/ros2_ws/install/scout_msgs/bin'
[0.955s] Level 1:colcon.colcon_core.environment:checking '/home/eddy/ros2_ws/install/scout_msgs/lib/pkgconfig/scout_msgs.pc'
[0.955s] Level 1:colcon.colcon_core.environment:checking '/home/eddy/ros2_ws/install/scout_msgs/lib/python3.10/site-packages'
[0.955s] Level 1:colcon.colcon_core.environment:checking '/home/eddy/ros2_ws/install/scout_msgs/bin'
[0.956s] INFO:colcon.colcon_core.shell:Creating package script '/home/eddy/ros2_ws/install/scout_msgs/share/scout_msgs/package.ps1'
[0.956s] INFO:colcon.colcon_core.shell:Creating package descriptor '/home/eddy/ros2_ws/install/scout_msgs/share/scout_msgs/package.dsv'
[0.956s] INFO:colcon.colcon_core.shell:Creating package script '/home/eddy/ros2_ws/install/scout_msgs/share/scout_msgs/package.sh'
[0.957s] INFO:colcon.colcon_core.shell:Creating package script '/home/eddy/ros2_ws/install/scout_msgs/share/scout_msgs/package.bash'
[0.957s] INFO:colcon.colcon_core.shell:Creating package script '/home/eddy/ros2_ws/install/scout_msgs/share/scout_msgs/package.zsh'
[0.958s] Level 1:colcon.colcon_core.environment:create_file_with_runtime_dependencies(/home/eddy/ros2_ws/install/scout_msgs/share/colcon-core/packages/scout_msgs)
[0.958s] Level 1:colcon.colcon_core.environment:create_environment_scripts_only(scout_msgs)
[0.958s] Level 1:colcon.colcon_core.environment:checking '/home/eddy/ros2_ws/install/scout_msgs' for CMake module files
[0.959s] Level 1:colcon.colcon_core.environment:checking '/home/eddy/ros2_ws/install/scout_msgs' for CMake config files
[0.959s] Level 1:colcon.colcon_core.shell:create_environment_hook('scout_msgs', 'cmake_prefix_path')
[0.959s] INFO:colcon.colcon_core.shell:Creating environment hook '/home/eddy/ros2_ws/install/scout_msgs/share/scout_msgs/hook/cmake_prefix_path.ps1'
[0.960s] INFO:colcon.colcon_core.shell:Creating environment descriptor '/home/eddy/ros2_ws/install/scout_msgs/share/scout_msgs/hook/cmake_prefix_path.dsv'
[0.960s] INFO:colcon.colcon_core.shell:Creating environment hook '/home/eddy/ros2_ws/install/scout_msgs/share/scout_msgs/hook/cmake_prefix_path.sh'
[0.961s] Level 1:colcon.colcon_core.environment:checking '/home/eddy/ros2_ws/install/scout_msgs/lib'
[0.961s] Level 1:colcon.colcon_core.shell:create_environment_hook('scout_msgs', 'ld_library_path_lib')
[0.961s] INFO:colcon.colcon_core.shell:Creating environment hook '/home/eddy/ros2_ws/install/scout_msgs/share/scout_msgs/hook/ld_library_path_lib.ps1'
[0.961s] INFO:colcon.colcon_core.shell:Creating environment descriptor '/home/eddy/ros2_ws/install/scout_msgs/share/scout_msgs/hook/ld_library_path_lib.dsv'
[0.962s] INFO:colcon.colcon_core.shell:Creating environment hook '/home/eddy/ros2_ws/install/scout_msgs/share/scout_msgs/hook/ld_library_path_lib.sh'
[0.962s] Level 1:colcon.colcon_core.environment:checking '/home/eddy/ros2_ws/install/scout_msgs/bin'
[0.962s] Level 1:colcon.colcon_core.environment:checking '/home/eddy/ros2_ws/install/scout_msgs/lib/pkgconfig/scout_msgs.pc'
[0.963s] Level 1:colcon.colcon_core.environment:checking '/home/eddy/ros2_ws/install/scout_msgs/lib/python3.10/site-packages'
[0.963s] Level 1:colcon.colcon_core.environment:checking '/home/eddy/ros2_ws/install/scout_msgs/bin'
[0.963s] INFO:colcon.colcon_core.shell:Creating package script '/home/eddy/ros2_ws/install/scout_msgs/share/scout_msgs/package.ps1'
[0.964s] INFO:colcon.colcon_core.shell:Creating package descriptor '/home/eddy/ros2_ws/install/scout_msgs/share/scout_msgs/package.dsv'
[0.964s] INFO:colcon.colcon_core.shell:Creating package script '/home/eddy/ros2_ws/install/scout_msgs/share/scout_msgs/package.sh'
[0.965s] INFO:colcon.colcon_core.shell:Creating package script '/home/eddy/ros2_ws/install/scout_msgs/share/scout_msgs/package.bash'
[0.965s] INFO:colcon.colcon_core.shell:Creating package script '/home/eddy/ros2_ws/install/scout_msgs/share/scout_msgs/package.zsh'
[0.965s] Level 1:colcon.colcon_core.environment:create_file_with_runtime_dependencies(/home/eddy/ros2_ws/install/scout_msgs/share/colcon-core/packages/scout_msgs)
[0.966s] INFO:colcon.colcon_ros.task.ament_cmake.build:Building ROS package in '/home/eddy/ros2_ws/src/scout_ros2/scout_base' with build type 'ament_cmake'
[0.966s] INFO:colcon.colcon_cmake.task.cmake.build:Building CMake package in '/home/eddy/ros2_ws/src/scout_ros2/scout_base'
[0.966s] INFO:colcon.colcon_core.shell:Skip shell extension 'powershell' for command environment: Not usable outside of PowerShell
[0.966s] DEBUG:colcon.colcon_core.shell:Skip shell extension 'dsv' for command environment
[0.979s] DEBUG:colcon.colcon_core.event_handler.log_command:Invoking command in '/home/eddy/ros2_ws/build/scout_base': CMAKE_PREFIX_PATH=/opt/ros/humble:/home/eddy/ros2_ws/install/ugv_sdk:/home/eddy/ros2_ws/install/scout_msgs:/home/eddy/ros2_ws/install/scout_base:/home/eddy/ros2_ws/install/scout_description /usr/bin/cmake --build /home/eddy/ros2_ws/build/scout_base -- -j2 -l2
[1.050s] DEBUG:colcon.colcon_core.event_handler.log_command:Invoked command in '/home/eddy/ros2_ws/build/scout_base' returned '0': CMAKE_PREFIX_PATH=/opt/ros/humble:/home/eddy/ros2_ws/install/ugv_sdk:/home/eddy/ros2_ws/install/scout_msgs:/home/eddy/ros2_ws/install/scout_base:/home/eddy/ros2_ws/install/scout_description /usr/bin/cmake --build /home/eddy/ros2_ws/build/scout_base -- -j2 -l2
[1.050s] DEBUG:colcon.colcon_core.event_handler.log_command:Invoking command in '/home/eddy/ros2_ws/build/scout_base': CMAKE_PREFIX_PATH=/opt/ros/humble:/home/eddy/ros2_ws/install/ugv_sdk:/home/eddy/ros2_ws/install/scout_msgs:/home/eddy/ros2_ws/install/scout_base:/home/eddy/ros2_ws/install/scout_description /usr/bin/cmake --install /home/eddy/ros2_ws/build/scout_base
[1.064s] Level 1:colcon.colcon_core.environment:create_environment_scripts_only(scout_base)
[1.065s] Level 1:colcon.colcon_core.environment:checking '/home/eddy/ros2_ws/install/scout_base' for CMake module files
[1.065s] DEBUG:colcon.colcon_core.event_handler.log_command:Invoked command in '/home/eddy/ros2_ws/build/scout_base' returned '0': CMAKE_PREFIX_PATH=/opt/ros/humble:/home/eddy/ros2_ws/install/ugv_sdk:/home/eddy/ros2_ws/install/scout_msgs:/home/eddy/ros2_ws/install/scout_base:/home/eddy/ros2_ws/install/scout_description /usr/bin/cmake --install /home/eddy/ros2_ws/build/scout_base
[1.066s] Level 1:colcon.colcon_core.environment:checking '/home/eddy/ros2_ws/install/scout_base' for CMake config files
[1.066s] Level 1:colcon.colcon_core.shell:create_environment_hook('scout_base', 'cmake_prefix_path')
[1.066s] INFO:colcon.colcon_core.shell:Creating environment hook '/home/eddy/ros2_ws/install/scout_base/share/scout_base/hook/cmake_prefix_path.ps1'
[1.066s] INFO:colcon.colcon_core.shell:Creating environment descriptor '/home/eddy/ros2_ws/install/scout_base/share/scout_base/hook/cmake_prefix_path.dsv'
[1.067s] INFO:colcon.colcon_core.shell:Creating environment hook '/home/eddy/ros2_ws/install/scout_base/share/scout_base/hook/cmake_prefix_path.sh'
[1.067s] Level 1:colcon.colcon_core.environment:checking '/home/eddy/ros2_ws/install/scout_base/lib'
[1.067s] Level 1:colcon.colcon_core.environment:checking '/home/eddy/ros2_ws/install/scout_base/bin'
[1.068s] Level 1:colcon.colcon_core.environment:checking '/home/eddy/ros2_ws/install/scout_base/lib/pkgconfig/scout_base.pc'
[1.068s] Level 1:colcon.colcon_core.environment:checking '/home/eddy/ros2_ws/install/scout_base/lib/python3.10/site-packages'
[1.068s] Level 1:colcon.colcon_core.environment:checking '/home/eddy/ros2_ws/install/scout_base/bin'
[1.068s] INFO:colcon.colcon_core.shell:Creating package script '/home/eddy/ros2_ws/install/scout_base/share/scout_base/package.ps1'
[1.069s] INFO:colcon.colcon_core.shell:Creating package descriptor '/home/eddy/ros2_ws/install/scout_base/share/scout_base/package.dsv'
[1.069s] INFO:colcon.colcon_core.shell:Creating package script '/home/eddy/ros2_ws/install/scout_base/share/scout_base/package.sh'
[1.070s] INFO:colcon.colcon_core.shell:Creating package script '/home/eddy/ros2_ws/install/scout_base/share/scout_base/package.bash'
[1.070s] INFO:colcon.colcon_core.shell:Creating package script '/home/eddy/ros2_ws/install/scout_base/share/scout_base/package.zsh'
[1.070s] Level 1:colcon.colcon_core.environment:create_file_with_runtime_dependencies(/home/eddy/ros2_ws/install/scout_base/share/colcon-core/packages/scout_base)
[1.071s] Level 1:colcon.colcon_core.environment:create_environment_scripts_only(scout_base)
[1.071s] Level 1:colcon.colcon_core.environment:checking '/home/eddy/ros2_ws/install/scout_base' for CMake module files
[1.072s] Level 1:colcon.colcon_core.environment:checking '/home/eddy/ros2_ws/install/scout_base' for CMake config files
[1.072s] Level 1:colcon.colcon_core.shell:create_environment_hook('scout_base', 'cmake_prefix_path')
[1.072s] INFO:colcon.colcon_core.shell:Creating environment hook '/home/eddy/ros2_ws/install/scout_base/share/scout_base/hook/cmake_prefix_path.ps1'
[1.073s] INFO:colcon.colcon_core.shell:Creating environment descriptor '/home/eddy/ros2_ws/install/scout_base/share/scout_base/hook/cmake_prefix_path.dsv'
[1.073s] INFO:colcon.colcon_core.shell:Creating environment hook '/home/eddy/ros2_ws/install/scout_base/share/scout_base/hook/cmake_prefix_path.sh'
[1.074s] Level 1:colcon.colcon_core.environment:checking '/home/eddy/ros2_ws/install/scout_base/lib'
[1.074s] Level 1:colcon.colcon_core.environment:checking '/home/eddy/ros2_ws/install/scout_base/bin'
[1.074s] Level 1:colcon.colcon_core.environment:checking '/home/eddy/ros2_ws/install/scout_base/lib/pkgconfig/scout_base.pc'
[1.074s] Level 1:colcon.colcon_core.environment:checking '/home/eddy/ros2_ws/install/scout_base/lib/python3.10/site-packages'
[1.074s] Level 1:colcon.colcon_core.environment:checking '/home/eddy/ros2_ws/install/scout_base/bin'
[1.075s] INFO:colcon.colcon_core.shell:Creating package script '/home/eddy/ros2_ws/install/scout_base/share/scout_base/package.ps1'
[1.076s] INFO:colcon.colcon_core.shell:Creating package descriptor '/home/eddy/ros2_ws/install/scout_base/share/scout_base/package.dsv'
[1.077s] INFO:colcon.colcon_core.shell:Creating package script '/home/eddy/ros2_ws/install/scout_base/share/scout_base/package.sh'
[1.078s] INFO:colcon.colcon_core.shell:Creating package script '/home/eddy/ros2_ws/install/scout_base/share/scout_base/package.bash'
[1.078s] INFO:colcon.colcon_core.shell:Creating package script '/home/eddy/ros2_ws/install/scout_base/share/scout_base/package.zsh'
[1.079s] Level 1:colcon.colcon_core.environment:create_file_with_runtime_dependencies(/home/eddy/ros2_ws/install/scout_base/share/colcon-core/packages/scout_base)
[1.079s] DEBUG:colcon.colcon_parallel_executor.executor.parallel:closing loop
[1.079s] DEBUG:colcon.colcon_parallel_executor.executor.parallel:loop closed
[1.079s] DEBUG:colcon.colcon_parallel_executor.executor.parallel:run_until_complete finished with '0'
[1.079s] DEBUG:colcon.colcon_core.event_reactor:joining thread
[1.084s] INFO:colcon.colcon_core.plugin_system:Skipping extension 'colcon_notification.desktop_notification.terminal_notifier': Not used on non-Darwin systems
[1.084s] INFO:colcon.colcon_core.plugin_system:Skipping extension 'colcon_notification.desktop_notification.win32': Not used on non-Windows systems
[1.084s] INFO:colcon.colcon_notification.desktop_notification:Sending desktop notification using 'notify2'
[1.098s] DEBUG:colcon.colcon_core.event_reactor:joined thread
[1.098s] INFO:colcon.colcon_core.shell:Creating prefix script '/home/eddy/ros2_ws/install/local_setup.ps1'
[1.099s] INFO:colcon.colcon_core.shell:Creating prefix util module '/home/eddy/ros2_ws/install/_local_setup_util_ps1.py'
[1.101s] INFO:colcon.colcon_core.shell:Creating prefix chain script '/home/eddy/ros2_ws/install/setup.ps1'
[1.103s] INFO:colcon.colcon_core.shell:Creating prefix script '/home/eddy/ros2_ws/install/local_setup.sh'
[1.103s] INFO:colcon.colcon_core.shell:Creating prefix util module '/home/eddy/ros2_ws/install/_local_setup_util_sh.py'
[1.104s] INFO:colcon.colcon_core.shell:Creating prefix chain script '/home/eddy/ros2_ws/install/setup.sh'
[1.106s] INFO:colcon.colcon_core.shell:Creating prefix script '/home/eddy/ros2_ws/install/local_setup.bash'
[1.107s] INFO:colcon.colcon_core.shell:Creating prefix chain script '/home/eddy/ros2_ws/install/setup.bash'
[1.109s] INFO:colcon.colcon_core.shell:Creating prefix script '/home/eddy/ros2_ws/install/local_setup.zsh'
[1.109s] INFO:colcon.colcon_core.shell:Creating prefix chain script '/home/eddy/ros2_ws/install/setup.zsh'
