[0.094s] DEBUG:colcon:Command line arguments: ['/usr/bin/colcon', 'build']
[0.094s] DEBUG:colcon:Parsed command line arguments: Namespace(log_base=None, log_level=None, verb_name='build', build_base='build', install_base='install', merge_install=False, symlink_install=False, test_result_base=None, continue_on_error=False, executor='parallel', parallel_workers=2, event_handlers=None, ignore_user_meta=False, metas=['./colcon.meta'], base_paths=['.'], packages_ignore=None, packages_ignore_regex=None, paths=None, packages_up_to=None, packages_up_to_regex=None, packages_above=None, packages_above_and_dependencies=None, packages_above_depth=None, packages_select_by_dep=None, packages_skip_by_dep=None, packages_skip_up_to=None, packages_select_build_failed=False, packages_skip_build_finished=False, packages_select_test_failures=False, packages_skip_test_passed=False, packages_select=None, packages_skip=None, packages_select_regex=None, packages_skip_regex=None, packages_start=None, packages_end=None, allow_overriding=[], cmake_args=None, cmake_target=None, cmake_target_skip_unavailable=False, cmake_clean_cache=False, cmake_clean_first=False, cmake_force_configure=False, ament_cmake_args=None, catkin_cmake_args=None, catkin_skip_building_tests=False, mixin_files=None, mixin=None, verb_parser=<colcon_mixin.mixin.mixin_argument.MixinArgumentDecorator object at 0x742b8fd56230>, verb_extension=<colcon_core.verb.build.BuildVerb object at 0x742b8fd55d80>, main=<bound method BuildVerb.main of <colcon_core.verb.build.BuildVerb object at 0x742b8fd55d80>>, mixin_verb=('build',))
[0.234s] Level 1:colcon.colcon_core.package_discovery:discover_packages(colcon_meta) check parameters
[0.235s] Level 1:colcon.colcon_core.package_discovery:discover_packages(recursive) check parameters
[0.235s] Level 1:colcon.colcon_core.package_discovery:discover_packages(ignore) check parameters
[0.235s] Level 1:colcon.colcon_core.package_discovery:discover_packages(path) check parameters
[0.235s] Level 1:colcon.colcon_core.package_discovery:discover_packages(colcon_meta) discover
[0.235s] Level 1:colcon.colcon_core.package_discovery:discover_packages(recursive) discover
[0.235s] INFO:colcon.colcon_core.package_discovery:Crawling recursively for packages in '/home/eddy/ros2_ws'
[0.235s] Level 1:colcon.colcon_core.package_identification:_identify(.) by extensions ['ignore', 'ignore_ament_install']
[0.235s] Level 1:colcon.colcon_core.package_identification:_identify(.) by extension 'ignore'
[0.235s] Level 1:colcon.colcon_core.package_identification:_identify(.) by extension 'ignore_ament_install'
[0.235s] Level 1:colcon.colcon_core.package_identification:_identify(.) by extensions ['colcon_pkg']
[0.235s] Level 1:colcon.colcon_core.package_identification:_identify(.) by extension 'colcon_pkg'
[0.235s] Level 1:colcon.colcon_core.package_identification:_identify(.) by extensions ['colcon_meta']
[0.235s] Level 1:colcon.colcon_core.package_identification:_identify(.) by extension 'colcon_meta'
[0.235s] Level 1:colcon.colcon_core.package_identification:_identify(.) by extensions ['ros']
[0.235s] Level 1:colcon.colcon_core.package_identification:_identify(.) by extension 'ros'
[0.244s] Level 1:colcon.colcon_core.package_identification:_identify(.) by extensions ['cmake', 'python']
[0.245s] Level 1:colcon.colcon_core.package_identification:_identify(.) by extension 'cmake'
[0.245s] Level 1:colcon.colcon_core.package_identification:_identify(.) by extension 'python'
[0.245s] Level 1:colcon.colcon_core.package_identification:_identify(.) by extensions ['python_setup_py']
[0.245s] Level 1:colcon.colcon_core.package_identification:_identify(.) by extension 'python_setup_py'
[0.245s] Level 1:colcon.colcon_core.package_identification:_identify(build) by extensions ['ignore', 'ignore_ament_install']
[0.245s] Level 1:colcon.colcon_core.package_identification:_identify(build) by extension 'ignore'
[0.245s] Level 1:colcon.colcon_core.package_identification:_identify(build) ignored
[0.245s] Level 1:colcon.colcon_core.package_identification:_identify(install) by extensions ['ignore', 'ignore_ament_install']
[0.245s] Level 1:colcon.colcon_core.package_identification:_identify(install) by extension 'ignore'
[0.245s] Level 1:colcon.colcon_core.package_identification:_identify(install) ignored
[0.245s] Level 1:colcon.colcon_core.package_identification:_identify(log) by extensions ['ignore', 'ignore_ament_install']
[0.245s] Level 1:colcon.colcon_core.package_identification:_identify(log) by extension 'ignore'
[0.245s] Level 1:colcon.colcon_core.package_identification:_identify(log) ignored
[0.246s] Level 1:colcon.colcon_core.package_identification:_identify(src) by extensions ['ignore', 'ignore_ament_install']
[0.246s] Level 1:colcon.colcon_core.package_identification:_identify(src) by extension 'ignore'
[0.246s] Level 1:colcon.colcon_core.package_identification:_identify(src) by extension 'ignore_ament_install'
[0.246s] Level 1:colcon.colcon_core.package_identification:_identify(src) by extensions ['colcon_pkg']
[0.246s] Level 1:colcon.colcon_core.package_identification:_identify(src) by extension 'colcon_pkg'
[0.246s] Level 1:colcon.colcon_core.package_identification:_identify(src) by extensions ['colcon_meta']
[0.246s] Level 1:colcon.colcon_core.package_identification:_identify(src) by extension 'colcon_meta'
[0.246s] Level 1:colcon.colcon_core.package_identification:_identify(src) by extensions ['ros']
[0.246s] Level 1:colcon.colcon_core.package_identification:_identify(src) by extension 'ros'
[0.246s] Level 1:colcon.colcon_core.package_identification:_identify(src) by extensions ['cmake', 'python']
[0.246s] Level 1:colcon.colcon_core.package_identification:_identify(src) by extension 'cmake'
[0.246s] Level 1:colcon.colcon_core.package_identification:_identify(src) by extension 'python'
[0.246s] Level 1:colcon.colcon_core.package_identification:_identify(src) by extensions ['python_setup_py']
[0.246s] Level 1:colcon.colcon_core.package_identification:_identify(src) by extension 'python_setup_py'
[0.246s] Level 1:colcon.colcon_core.package_identification:_identify(src/scout_ros2) by extensions ['ignore', 'ignore_ament_install']
[0.246s] Level 1:colcon.colcon_core.package_identification:_identify(src/scout_ros2) by extension 'ignore'
[0.247s] Level 1:colcon.colcon_core.package_identification:_identify(src/scout_ros2) by extension 'ignore_ament_install'
[0.247s] Level 1:colcon.colcon_core.package_identification:_identify(src/scout_ros2) by extensions ['colcon_pkg']
[0.247s] Level 1:colcon.colcon_core.package_identification:_identify(src/scout_ros2) by extension 'colcon_pkg'
[0.247s] Level 1:colcon.colcon_core.package_identification:_identify(src/scout_ros2) by extensions ['colcon_meta']
[0.247s] Level 1:colcon.colcon_core.package_identification:_identify(src/scout_ros2) by extension 'colcon_meta'
[0.247s] Level 1:colcon.colcon_core.package_identification:_identify(src/scout_ros2) by extensions ['ros']
[0.247s] Level 1:colcon.colcon_core.package_identification:_identify(src/scout_ros2) by extension 'ros'
[0.247s] Level 1:colcon.colcon_core.package_identification:_identify(src/scout_ros2) by extensions ['cmake', 'python']
[0.247s] Level 1:colcon.colcon_core.package_identification:_identify(src/scout_ros2) by extension 'cmake'
[0.247s] Level 1:colcon.colcon_core.package_identification:_identify(src/scout_ros2) by extension 'python'
[0.247s] Level 1:colcon.colcon_core.package_identification:_identify(src/scout_ros2) by extensions ['python_setup_py']
[0.247s] Level 1:colcon.colcon_core.package_identification:_identify(src/scout_ros2) by extension 'python_setup_py'
[0.247s] Level 1:colcon.colcon_core.package_identification:_identify(src/scout_ros2/scout_base) by extensions ['ignore', 'ignore_ament_install']
[0.247s] Level 1:colcon.colcon_core.package_identification:_identify(src/scout_ros2/scout_base) by extension 'ignore'
[0.247s] Level 1:colcon.colcon_core.package_identification:_identify(src/scout_ros2/scout_base) by extension 'ignore_ament_install'
[0.247s] Level 1:colcon.colcon_core.package_identification:_identify(src/scout_ros2/scout_base) by extensions ['colcon_pkg']
[0.247s] Level 1:colcon.colcon_core.package_identification:_identify(src/scout_ros2/scout_base) by extension 'colcon_pkg'
[0.247s] Level 1:colcon.colcon_core.package_identification:_identify(src/scout_ros2/scout_base) by extensions ['colcon_meta']
[0.247s] Level 1:colcon.colcon_core.package_identification:_identify(src/scout_ros2/scout_base) by extension 'colcon_meta'
[0.247s] Level 1:colcon.colcon_core.package_identification:_identify(src/scout_ros2/scout_base) by extensions ['ros']
[0.247s] Level 1:colcon.colcon_core.package_identification:_identify(src/scout_ros2/scout_base) by extension 'ros'
[0.250s] DEBUG:colcon.colcon_core.package_identification:Package 'src/scout_ros2/scout_base' with type 'ros.ament_cmake' and name 'scout_base'
[0.250s] Level 1:colcon.colcon_core.package_identification:_identify(src/scout_ros2/scout_description) by extensions ['ignore', 'ignore_ament_install']
[0.250s] Level 1:colcon.colcon_core.package_identification:_identify(src/scout_ros2/scout_description) by extension 'ignore'
[0.250s] Level 1:colcon.colcon_core.package_identification:_identify(src/scout_ros2/scout_description) by extension 'ignore_ament_install'
[0.250s] Level 1:colcon.colcon_core.package_identification:_identify(src/scout_ros2/scout_description) by extensions ['colcon_pkg']
[0.250s] Level 1:colcon.colcon_core.package_identification:_identify(src/scout_ros2/scout_description) by extension 'colcon_pkg'
[0.250s] Level 1:colcon.colcon_core.package_identification:_identify(src/scout_ros2/scout_description) by extensions ['colcon_meta']
[0.250s] Level 1:colcon.colcon_core.package_identification:_identify(src/scout_ros2/scout_description) by extension 'colcon_meta'
[0.250s] Level 1:colcon.colcon_core.package_identification:_identify(src/scout_ros2/scout_description) by extensions ['ros']
[0.250s] Level 1:colcon.colcon_core.package_identification:_identify(src/scout_ros2/scout_description) by extension 'ros'
[0.251s] DEBUG:colcon.colcon_core.package_identification:Package 'src/scout_ros2/scout_description' with type 'ros.ament_cmake' and name 'scout_description'
[0.251s] Level 1:colcon.colcon_core.package_identification:_identify(src/scout_ros2/scout_msgs) by extensions ['ignore', 'ignore_ament_install']
[0.251s] Level 1:colcon.colcon_core.package_identification:_identify(src/scout_ros2/scout_msgs) by extension 'ignore'
[0.251s] Level 1:colcon.colcon_core.package_identification:_identify(src/scout_ros2/scout_msgs) by extension 'ignore_ament_install'
[0.251s] Level 1:colcon.colcon_core.package_identification:_identify(src/scout_ros2/scout_msgs) by extensions ['colcon_pkg']
[0.251s] Level 1:colcon.colcon_core.package_identification:_identify(src/scout_ros2/scout_msgs) by extension 'colcon_pkg'
[0.251s] Level 1:colcon.colcon_core.package_identification:_identify(src/scout_ros2/scout_msgs) by extensions ['colcon_meta']
[0.251s] Level 1:colcon.colcon_core.package_identification:_identify(src/scout_ros2/scout_msgs) by extension 'colcon_meta'
[0.251s] Level 1:colcon.colcon_core.package_identification:_identify(src/scout_ros2/scout_msgs) by extensions ['ros']
[0.251s] Level 1:colcon.colcon_core.package_identification:_identify(src/scout_ros2/scout_msgs) by extension 'ros'
[0.252s] DEBUG:colcon.colcon_core.package_identification:Package 'src/scout_ros2/scout_msgs' with type 'ros.ament_cmake' and name 'scout_msgs'
[0.252s] Level 1:colcon.colcon_core.package_identification:_identify(src/ugv_sdk) by extensions ['ignore', 'ignore_ament_install']
[0.252s] Level 1:colcon.colcon_core.package_identification:_identify(src/ugv_sdk) by extension 'ignore'
[0.252s] Level 1:colcon.colcon_core.package_identification:_identify(src/ugv_sdk) by extension 'ignore_ament_install'
[0.252s] Level 1:colcon.colcon_core.package_identification:_identify(src/ugv_sdk) by extensions ['colcon_pkg']
[0.252s] Level 1:colcon.colcon_core.package_identification:_identify(src/ugv_sdk) by extension 'colcon_pkg'
[0.252s] Level 1:colcon.colcon_core.package_identification:_identify(src/ugv_sdk) by extensions ['colcon_meta']
[0.252s] Level 1:colcon.colcon_core.package_identification:_identify(src/ugv_sdk) by extension 'colcon_meta'
[0.252s] Level 1:colcon.colcon_core.package_identification:_identify(src/ugv_sdk) by extensions ['ros']
[0.252s] Level 1:colcon.colcon_core.package_identification:_identify(src/ugv_sdk) by extension 'ros'
[0.253s] DEBUG:colcon.colcon_core.package_identification:Package 'src/ugv_sdk' with type 'ros.catkin' and name 'ugv_sdk'
[0.253s] Level 1:colcon.colcon_core.package_discovery:discover_packages(recursive) using defaults
[0.253s] Level 1:colcon.colcon_core.package_discovery:discover_packages(ignore) discover
[0.253s] Level 1:colcon.colcon_core.package_discovery:discover_packages(ignore) using defaults
[0.253s] Level 1:colcon.colcon_core.package_discovery:discover_packages(path) discover
[0.253s] Level 1:colcon.colcon_core.package_discovery:discover_packages(path) using defaults
[0.280s] Level 1:colcon.colcon_core.package_discovery:discover_packages(prefix_path) check parameters
[0.281s] Level 1:colcon.colcon_core.package_discovery:discover_packages(prefix_path) discover
[0.282s] DEBUG:colcon.colcon_installed_package_information.package_discovery:Found 4 installed packages in /home/eddy/ros2_ws/install
[0.283s] DEBUG:colcon.colcon_installed_package_information.package_discovery:Found 363 installed packages in /opt/ros/humble
[0.285s] Level 1:colcon.colcon_core.package_discovery:discover_packages(prefix_path) using defaults
[0.324s] Level 5:colcon.colcon_core.verb:set package 'scout_description' build argument 'cmake_args' from command line to 'None'
[0.324s] Level 5:colcon.colcon_core.verb:set package 'scout_description' build argument 'cmake_target' from command line to 'None'
[0.324s] Level 5:colcon.colcon_core.verb:set package 'scout_description' build argument 'cmake_target_skip_unavailable' from command line to 'False'
[0.324s] Level 5:colcon.colcon_core.verb:set package 'scout_description' build argument 'cmake_clean_cache' from command line to 'False'
[0.324s] Level 5:colcon.colcon_core.verb:set package 'scout_description' build argument 'cmake_clean_first' from command line to 'False'
[0.324s] Level 5:colcon.colcon_core.verb:set package 'scout_description' build argument 'cmake_force_configure' from command line to 'False'
[0.325s] Level 5:colcon.colcon_core.verb:set package 'scout_description' build argument 'ament_cmake_args' from command line to 'None'
[0.325s] Level 5:colcon.colcon_core.verb:set package 'scout_description' build argument 'catkin_cmake_args' from command line to 'None'
[0.325s] Level 5:colcon.colcon_core.verb:set package 'scout_description' build argument 'catkin_skip_building_tests' from command line to 'False'
[0.325s] DEBUG:colcon.colcon_core.verb:Building package 'scout_description' with the following arguments: {'ament_cmake_args': None, 'build_base': '/home/eddy/ros2_ws/build/scout_description', 'catkin_cmake_args': None, 'catkin_skip_building_tests': False, 'cmake_args': None, 'cmake_clean_cache': False, 'cmake_clean_first': False, 'cmake_force_configure': False, 'cmake_target': None, 'cmake_target_skip_unavailable': False, 'install_base': '/home/eddy/ros2_ws/install/scout_description', 'merge_install': False, 'path': '/home/eddy/ros2_ws/src/scout_ros2/scout_description', 'symlink_install': False, 'test_result_base': None}
[0.325s] Level 5:colcon.colcon_core.verb:set package 'scout_msgs' build argument 'cmake_args' from command line to 'None'
[0.325s] Level 5:colcon.colcon_core.verb:set package 'scout_msgs' build argument 'cmake_target' from command line to 'None'
[0.325s] Level 5:colcon.colcon_core.verb:set package 'scout_msgs' build argument 'cmake_target_skip_unavailable' from command line to 'False'
[0.325s] Level 5:colcon.colcon_core.verb:set package 'scout_msgs' build argument 'cmake_clean_cache' from command line to 'False'
[0.325s] Level 5:colcon.colcon_core.verb:set package 'scout_msgs' build argument 'cmake_clean_first' from command line to 'False'
[0.325s] Level 5:colcon.colcon_core.verb:set package 'scout_msgs' build argument 'cmake_force_configure' from command line to 'False'
[0.325s] Level 5:colcon.colcon_core.verb:set package 'scout_msgs' build argument 'ament_cmake_args' from command line to 'None'
[0.325s] Level 5:colcon.colcon_core.verb:set package 'scout_msgs' build argument 'catkin_cmake_args' from command line to 'None'
[0.325s] Level 5:colcon.colcon_core.verb:set package 'scout_msgs' build argument 'catkin_skip_building_tests' from command line to 'False'
[0.325s] DEBUG:colcon.colcon_core.verb:Building package 'scout_msgs' with the following arguments: {'ament_cmake_args': None, 'build_base': '/home/eddy/ros2_ws/build/scout_msgs', 'catkin_cmake_args': None, 'catkin_skip_building_tests': False, 'cmake_args': None, 'cmake_clean_cache': False, 'cmake_clean_first': False, 'cmake_force_configure': False, 'cmake_target': None, 'cmake_target_skip_unavailable': False, 'install_base': '/home/eddy/ros2_ws/install/scout_msgs', 'merge_install': False, 'path': '/home/eddy/ros2_ws/src/scout_ros2/scout_msgs', 'symlink_install': False, 'test_result_base': None}
[0.325s] Level 5:colcon.colcon_core.verb:set package 'ugv_sdk' build argument 'cmake_args' from command line to 'None'
[0.325s] Level 5:colcon.colcon_core.verb:set package 'ugv_sdk' build argument 'cmake_target' from command line to 'None'
[0.325s] Level 5:colcon.colcon_core.verb:set package 'ugv_sdk' build argument 'cmake_target_skip_unavailable' from command line to 'False'
[0.326s] Level 5:colcon.colcon_core.verb:set package 'ugv_sdk' build argument 'cmake_clean_cache' from command line to 'False'
[0.326s] Level 5:colcon.colcon_core.verb:set package 'ugv_sdk' build argument 'cmake_clean_first' from command line to 'False'
[0.326s] Level 5:colcon.colcon_core.verb:set package 'ugv_sdk' build argument 'cmake_force_configure' from command line to 'False'
[0.326s] Level 5:colcon.colcon_core.verb:set package 'ugv_sdk' build argument 'ament_cmake_args' from command line to 'None'
[0.326s] Level 5:colcon.colcon_core.verb:set package 'ugv_sdk' build argument 'catkin_cmake_args' from command line to 'None'
[0.326s] Level 5:colcon.colcon_core.verb:set package 'ugv_sdk' build argument 'catkin_skip_building_tests' from command line to 'False'
[0.326s] DEBUG:colcon.colcon_core.verb:Building package 'ugv_sdk' with the following arguments: {'ament_cmake_args': None, 'build_base': '/home/eddy/ros2_ws/build/ugv_sdk', 'catkin_cmake_args': None, 'catkin_skip_building_tests': False, 'cmake_args': None, 'cmake_clean_cache': False, 'cmake_clean_first': False, 'cmake_force_configure': False, 'cmake_target': None, 'cmake_target_skip_unavailable': False, 'install_base': '/home/eddy/ros2_ws/install/ugv_sdk', 'merge_install': False, 'path': '/home/eddy/ros2_ws/src/ugv_sdk', 'symlink_install': False, 'test_result_base': None}
[0.326s] Level 5:colcon.colcon_core.verb:set package 'scout_base' build argument 'cmake_args' from command line to 'None'
[0.326s] Level 5:colcon.colcon_core.verb:set package 'scout_base' build argument 'cmake_target' from command line to 'None'
[0.326s] Level 5:colcon.colcon_core.verb:set package 'scout_base' build argument 'cmake_target_skip_unavailable' from command line to 'False'
[0.326s] Level 5:colcon.colcon_core.verb:set package 'scout_base' build argument 'cmake_clean_cache' from command line to 'False'
[0.326s] Level 5:colcon.colcon_core.verb:set package 'scout_base' build argument 'cmake_clean_first' from command line to 'False'
[0.326s] Level 5:colcon.colcon_core.verb:set package 'scout_base' build argument 'cmake_force_configure' from command line to 'False'
[0.326s] Level 5:colcon.colcon_core.verb:set package 'scout_base' build argument 'ament_cmake_args' from command line to 'None'
[0.326s] Level 5:colcon.colcon_core.verb:set package 'scout_base' build argument 'catkin_cmake_args' from command line to 'None'
[0.326s] Level 5:colcon.colcon_core.verb:set package 'scout_base' build argument 'catkin_skip_building_tests' from command line to 'False'
[0.326s] DEBUG:colcon.colcon_core.verb:Building package 'scout_base' with the following arguments: {'ament_cmake_args': None, 'build_base': '/home/eddy/ros2_ws/build/scout_base', 'catkin_cmake_args': None, 'catkin_skip_building_tests': False, 'cmake_args': None, 'cmake_clean_cache': False, 'cmake_clean_first': False, 'cmake_force_configure': False, 'cmake_target': None, 'cmake_target_skip_unavailable': False, 'install_base': '/home/eddy/ros2_ws/install/scout_base', 'merge_install': False, 'path': '/home/eddy/ros2_ws/src/scout_ros2/scout_base', 'symlink_install': False, 'test_result_base': None}
[0.326s] INFO:colcon.colcon_core.executor:Executing jobs using 'parallel' executor
[0.327s] DEBUG:colcon.colcon_parallel_executor.executor.parallel:run_until_complete
[0.327s] INFO:colcon.colcon_ros.task.ament_cmake.build:Building ROS package in '/home/eddy/ros2_ws/src/scout_ros2/scout_msgs' with build type 'ament_cmake'
[0.327s] INFO:colcon.colcon_cmake.task.cmake.build:Building CMake package in '/home/eddy/ros2_ws/src/scout_ros2/scout_msgs'
[0.330s] INFO:colcon.colcon_core.plugin_system:Skipping extension 'colcon_core.shell.bat': Not used on non-Windows systems
[0.330s] INFO:colcon.colcon_core.shell:Skip shell extension 'powershell' for command environment: Not usable outside of PowerShell
[0.330s] DEBUG:colcon.colcon_core.shell:Skip shell extension 'dsv' for command environment
[0.334s] INFO:colcon.colcon_ros.task.catkin.build:Building ROS package in '/home/eddy/ros2_ws/src/ugv_sdk' with build type 'catkin'
[0.334s] INFO:colcon.colcon_cmake.task.cmake.build:Building CMake package in '/home/eddy/ros2_ws/src/ugv_sdk'
[0.334s] INFO:colcon.colcon_core.shell:Skip shell extension 'powershell' for command environment: Not usable outside of PowerShell
[0.334s] DEBUG:colcon.colcon_core.shell:Skip shell extension 'dsv' for command environment
[0.344s] DEBUG:colcon.colcon_core.event_handler.log_command:Invoking command in '/home/eddy/ros2_ws/build/scout_msgs': CMAKE_PREFIX_PATH=/opt/ros/humble:${CMAKE_PREFIX_PATH} /usr/bin/cmake --build /home/eddy/ros2_ws/build/scout_msgs -- -j2 -l2
[0.351s] DEBUG:colcon.colcon_core.event_handler.log_command:Invoking command in '/home/eddy/ros2_ws/build/ugv_sdk': /usr/bin/cmake --build /home/eddy/ros2_ws/build/ugv_sdk -- -j2 -l2
[0.652s] DEBUG:colcon.colcon_core.event_handler.log_command:Invoked command in '/home/eddy/ros2_ws/build/ugv_sdk' returned '0': /usr/bin/cmake --build /home/eddy/ros2_ws/build/ugv_sdk -- -j2 -l2
[0.672s] DEBUG:colcon.colcon_core.event_handler.log_command:Invoking command in '/home/eddy/ros2_ws/build/ugv_sdk': /usr/bin/cmake --install /home/eddy/ros2_ws/build/ugv_sdk
[0.692s] DEBUG:colcon.colcon_core.event_handler.log_command:Invoked command in '/home/eddy/ros2_ws/build/ugv_sdk' returned '0': /usr/bin/cmake --install /home/eddy/ros2_ws/build/ugv_sdk
[0.692s] Level 1:colcon.colcon_core.shell:create_environment_hook('ugv_sdk', 'ros_package_path')
[0.693s] INFO:colcon.colcon_core.shell:Creating environment hook '/home/eddy/ros2_ws/install/ugv_sdk/share/ugv_sdk/hook/ros_package_path.ps1'
[0.693s] INFO:colcon.colcon_core.shell:Creating environment descriptor '/home/eddy/ros2_ws/install/ugv_sdk/share/ugv_sdk/hook/ros_package_path.dsv'
[0.696s] INFO:colcon.colcon_core.shell:Creating environment hook '/home/eddy/ros2_ws/install/ugv_sdk/share/ugv_sdk/hook/ros_package_path.sh'
[0.697s] Level 1:colcon.colcon_core.shell:create_environment_hook('ugv_sdk', 'pkg_config_path')
[0.697s] INFO:colcon.colcon_core.shell:Creating environment hook '/home/eddy/ros2_ws/install/ugv_sdk/share/ugv_sdk/hook/pkg_config_path.ps1'
[0.698s] INFO:colcon.colcon_core.shell:Creating environment descriptor '/home/eddy/ros2_ws/install/ugv_sdk/share/ugv_sdk/hook/pkg_config_path.dsv'
[0.698s] INFO:colcon.colcon_core.shell:Creating environment hook '/home/eddy/ros2_ws/install/ugv_sdk/share/ugv_sdk/hook/pkg_config_path.sh'
[0.704s] Level 1:colcon.colcon_core.shell:create_environment_hook('ugv_sdk', 'pkg_config_path_multiarch')
[0.705s] INFO:colcon.colcon_core.shell:Creating environment hook '/home/eddy/ros2_ws/install/ugv_sdk/share/ugv_sdk/hook/pkg_config_path_multiarch.ps1'
[0.705s] INFO:colcon.colcon_core.shell:Creating environment descriptor '/home/eddy/ros2_ws/install/ugv_sdk/share/ugv_sdk/hook/pkg_config_path_multiarch.dsv'
[0.706s] INFO:colcon.colcon_core.shell:Creating environment hook '/home/eddy/ros2_ws/install/ugv_sdk/share/ugv_sdk/hook/pkg_config_path_multiarch.sh'
[0.712s] Level 1:colcon.colcon_core.environment:create_environment_scripts_only(ugv_sdk)
[0.713s] Level 1:colcon.colcon_core.environment:checking '/home/eddy/ros2_ws/install/ugv_sdk' for CMake module files
[0.714s] Level 1:colcon.colcon_core.environment:checking '/home/eddy/ros2_ws/install/ugv_sdk' for CMake config files
[0.714s] Level 1:colcon.colcon_core.shell:create_environment_hook('ugv_sdk', 'cmake_prefix_path')
[0.714s] INFO:colcon.colcon_core.shell:Creating environment hook '/home/eddy/ros2_ws/install/ugv_sdk/share/ugv_sdk/hook/cmake_prefix_path.ps1'
[0.717s] INFO:colcon.colcon_core.shell:Creating environment descriptor '/home/eddy/ros2_ws/install/ugv_sdk/share/ugv_sdk/hook/cmake_prefix_path.dsv'
[0.718s] INFO:colcon.colcon_core.shell:Creating environment hook '/home/eddy/ros2_ws/install/ugv_sdk/share/ugv_sdk/hook/cmake_prefix_path.sh'
[0.719s] Level 1:colcon.colcon_core.environment:checking '/home/eddy/ros2_ws/install/ugv_sdk/lib'
[0.719s] Level 1:colcon.colcon_core.environment:checking '/home/eddy/ros2_ws/install/ugv_sdk/bin'
[0.719s] Level 1:colcon.colcon_core.environment:checking '/home/eddy/ros2_ws/install/ugv_sdk/lib/pkgconfig/ugv_sdk.pc'
[0.719s] Level 1:colcon.colcon_core.environment:checking '/home/eddy/ros2_ws/install/ugv_sdk/lib/python3.10/site-packages'
[0.719s] Level 1:colcon.colcon_core.environment:checking '/home/eddy/ros2_ws/install/ugv_sdk/bin'
[0.720s] INFO:colcon.colcon_core.shell:Creating package script '/home/eddy/ros2_ws/install/ugv_sdk/share/ugv_sdk/package.ps1'
[0.726s] INFO:colcon.colcon_core.shell:Creating package descriptor '/home/eddy/ros2_ws/install/ugv_sdk/share/ugv_sdk/package.dsv'
[0.726s] INFO:colcon.colcon_core.shell:Creating package script '/home/eddy/ros2_ws/install/ugv_sdk/share/ugv_sdk/package.sh'
[0.727s] INFO:colcon.colcon_core.shell:Creating package script '/home/eddy/ros2_ws/install/ugv_sdk/share/ugv_sdk/package.bash'
[0.730s] INFO:colcon.colcon_core.shell:Creating package script '/home/eddy/ros2_ws/install/ugv_sdk/share/ugv_sdk/package.zsh'
[0.731s] Level 1:colcon.colcon_core.environment:create_file_with_runtime_dependencies(/home/eddy/ros2_ws/install/ugv_sdk/share/colcon-core/packages/ugv_sdk)
[0.732s] INFO:colcon.colcon_ros.task.ament_cmake.build:Building ROS package in '/home/eddy/ros2_ws/src/scout_ros2/scout_description' with build type 'ament_cmake'
[0.732s] INFO:colcon.colcon_cmake.task.cmake.build:Building CMake package in '/home/eddy/ros2_ws/src/scout_ros2/scout_description'
[0.732s] INFO:colcon.colcon_core.shell:Skip shell extension 'powershell' for command environment: Not usable outside of PowerShell
[0.732s] DEBUG:colcon.colcon_core.shell:Skip shell extension 'dsv' for command environment
[0.752s] DEBUG:colcon.colcon_core.event_handler.log_command:Invoking command in '/home/eddy/ros2_ws/build/scout_description': CMAKE_PREFIX_PATH=/opt/ros/humble:${CMAKE_PREFIX_PATH} /usr/bin/cmake --build /home/eddy/ros2_ws/build/scout_description -- -j2 -l2
[0.787s] DEBUG:colcon.colcon_core.event_handler.log_command:Invoked command in '/home/eddy/ros2_ws/build/scout_description' returned '0': CMAKE_PREFIX_PATH=/opt/ros/humble:${CMAKE_PREFIX_PATH} /usr/bin/cmake --build /home/eddy/ros2_ws/build/scout_description -- -j2 -l2
[0.789s] DEBUG:colcon.colcon_core.event_handler.log_command:Invoking command in '/home/eddy/ros2_ws/build/scout_description': CMAKE_PREFIX_PATH=/opt/ros/humble:${CMAKE_PREFIX_PATH} /usr/bin/cmake --install /home/eddy/ros2_ws/build/scout_description
[0.801s] Level 1:colcon.colcon_core.environment:create_environment_scripts_only(scout_description)
[0.801s] Level 1:colcon.colcon_core.environment:checking '/home/eddy/ros2_ws/install/scout_description' for CMake module files
[0.802s] Level 1:colcon.colcon_core.environment:checking '/home/eddy/ros2_ws/install/scout_description' for CMake config files
[0.801s] DEBUG:colcon.colcon_core.event_handler.log_command:Invoked command in '/home/eddy/ros2_ws/build/scout_description' returned '0': CMAKE_PREFIX_PATH=/opt/ros/humble:${CMAKE_PREFIX_PATH} /usr/bin/cmake --install /home/eddy/ros2_ws/build/scout_description
[0.802s] Level 1:colcon.colcon_core.shell:create_environment_hook('scout_description', 'cmake_prefix_path')
[0.802s] INFO:colcon.colcon_core.shell:Creating environment hook '/home/eddy/ros2_ws/install/scout_description/share/scout_description/hook/cmake_prefix_path.ps1'
[0.803s] INFO:colcon.colcon_core.shell:Creating environment descriptor '/home/eddy/ros2_ws/install/scout_description/share/scout_description/hook/cmake_prefix_path.dsv'
[0.803s] INFO:colcon.colcon_core.shell:Creating environment hook '/home/eddy/ros2_ws/install/scout_description/share/scout_description/hook/cmake_prefix_path.sh'
[0.804s] Level 1:colcon.colcon_core.environment:checking '/home/eddy/ros2_ws/install/scout_description/bin'
[0.804s] Level 1:colcon.colcon_core.environment:checking '/home/eddy/ros2_ws/install/scout_description/lib/pkgconfig/scout_description.pc'
[0.804s] Level 1:colcon.colcon_core.environment:checking '/home/eddy/ros2_ws/install/scout_description/lib/python3.10/site-packages'
[0.804s] Level 1:colcon.colcon_core.environment:checking '/home/eddy/ros2_ws/install/scout_description/bin'
[0.805s] INFO:colcon.colcon_core.shell:Creating package script '/home/eddy/ros2_ws/install/scout_description/share/scout_description/package.ps1'
[0.805s] INFO:colcon.colcon_core.shell:Creating package descriptor '/home/eddy/ros2_ws/install/scout_description/share/scout_description/package.dsv'
[0.805s] INFO:colcon.colcon_core.shell:Creating package script '/home/eddy/ros2_ws/install/scout_description/share/scout_description/package.sh'
[0.806s] INFO:colcon.colcon_core.shell:Creating package script '/home/eddy/ros2_ws/install/scout_description/share/scout_description/package.bash'
[0.806s] INFO:colcon.colcon_core.shell:Creating package script '/home/eddy/ros2_ws/install/scout_description/share/scout_description/package.zsh'
[0.807s] Level 1:colcon.colcon_core.environment:create_file_with_runtime_dependencies(/home/eddy/ros2_ws/install/scout_description/share/colcon-core/packages/scout_description)
[0.807s] Level 1:colcon.colcon_core.environment:create_environment_scripts_only(scout_description)
[0.807s] Level 1:colcon.colcon_core.environment:checking '/home/eddy/ros2_ws/install/scout_description' for CMake module files
[0.808s] Level 1:colcon.colcon_core.environment:checking '/home/eddy/ros2_ws/install/scout_description' for CMake config files
[0.808s] Level 1:colcon.colcon_core.shell:create_environment_hook('scout_description', 'cmake_prefix_path')
[0.808s] INFO:colcon.colcon_core.shell:Creating environment hook '/home/eddy/ros2_ws/install/scout_description/share/scout_description/hook/cmake_prefix_path.ps1'
[0.809s] INFO:colcon.colcon_core.shell:Creating environment descriptor '/home/eddy/ros2_ws/install/scout_description/share/scout_description/hook/cmake_prefix_path.dsv'
[0.809s] INFO:colcon.colcon_core.shell:Creating environment hook '/home/eddy/ros2_ws/install/scout_description/share/scout_description/hook/cmake_prefix_path.sh'
[0.809s] Level 1:colcon.colcon_core.environment:checking '/home/eddy/ros2_ws/install/scout_description/bin'
[0.810s] Level 1:colcon.colcon_core.environment:checking '/home/eddy/ros2_ws/install/scout_description/lib/pkgconfig/scout_description.pc'
[0.810s] Level 1:colcon.colcon_core.environment:checking '/home/eddy/ros2_ws/install/scout_description/lib/python3.10/site-packages'
[0.810s] Level 1:colcon.colcon_core.environment:checking '/home/eddy/ros2_ws/install/scout_description/bin'
[0.810s] INFO:colcon.colcon_core.shell:Creating package script '/home/eddy/ros2_ws/install/scout_description/share/scout_description/package.ps1'
[0.811s] INFO:colcon.colcon_core.shell:Creating package descriptor '/home/eddy/ros2_ws/install/scout_description/share/scout_description/package.dsv'
[0.811s] INFO:colcon.colcon_core.shell:Creating package script '/home/eddy/ros2_ws/install/scout_description/share/scout_description/package.sh'
[0.812s] INFO:colcon.colcon_core.shell:Creating package script '/home/eddy/ros2_ws/install/scout_description/share/scout_description/package.bash'
[0.812s] INFO:colcon.colcon_core.shell:Creating package script '/home/eddy/ros2_ws/install/scout_description/share/scout_description/package.zsh'
[0.813s] Level 1:colcon.colcon_core.environment:create_file_with_runtime_dependencies(/home/eddy/ros2_ws/install/scout_description/share/colcon-core/packages/scout_description)
[0.870s] DEBUG:colcon.colcon_core.event_handler.log_command:Invoked command in '/home/eddy/ros2_ws/build/scout_msgs' returned '0': CMAKE_PREFIX_PATH=/opt/ros/humble:${CMAKE_PREFIX_PATH} /usr/bin/cmake --build /home/eddy/ros2_ws/build/scout_msgs -- -j2 -l2
[0.872s] DEBUG:colcon.colcon_core.event_handler.log_command:Invoking command in '/home/eddy/ros2_ws/build/scout_msgs': CMAKE_PREFIX_PATH=/opt/ros/humble:${CMAKE_PREFIX_PATH} /usr/bin/cmake --install /home/eddy/ros2_ws/build/scout_msgs
[0.919s] Level 1:colcon.colcon_core.environment:create_environment_scripts_only(scout_msgs)
[0.919s] Level 1:colcon.colcon_core.environment:checking '/home/eddy/ros2_ws/install/scout_msgs' for CMake module files
[0.920s] DEBUG:colcon.colcon_core.event_handler.log_command:Invoked command in '/home/eddy/ros2_ws/build/scout_msgs' returned '0': CMAKE_PREFIX_PATH=/opt/ros/humble:${CMAKE_PREFIX_PATH} /usr/bin/cmake --install /home/eddy/ros2_ws/build/scout_msgs
[0.920s] Level 1:colcon.colcon_core.environment:checking '/home/eddy/ros2_ws/install/scout_msgs' for CMake config files
[0.921s] Level 1:colcon.colcon_core.shell:create_environment_hook('scout_msgs', 'cmake_prefix_path')
[0.921s] INFO:colcon.colcon_core.shell:Creating environment hook '/home/eddy/ros2_ws/install/scout_msgs/share/scout_msgs/hook/cmake_prefix_path.ps1'
[0.921s] INFO:colcon.colcon_core.shell:Creating environment descriptor '/home/eddy/ros2_ws/install/scout_msgs/share/scout_msgs/hook/cmake_prefix_path.dsv'
[0.922s] INFO:colcon.colcon_core.shell:Creating environment hook '/home/eddy/ros2_ws/install/scout_msgs/share/scout_msgs/hook/cmake_prefix_path.sh'
[0.922s] Level 1:colcon.colcon_core.environment:checking '/home/eddy/ros2_ws/install/scout_msgs/lib'
[0.923s] Level 1:colcon.colcon_core.shell:create_environment_hook('scout_msgs', 'ld_library_path_lib')
[0.923s] INFO:colcon.colcon_core.shell:Creating environment hook '/home/eddy/ros2_ws/install/scout_msgs/share/scout_msgs/hook/ld_library_path_lib.ps1'
[0.923s] INFO:colcon.colcon_core.shell:Creating environment descriptor '/home/eddy/ros2_ws/install/scout_msgs/share/scout_msgs/hook/ld_library_path_lib.dsv'
[0.923s] INFO:colcon.colcon_core.shell:Creating environment hook '/home/eddy/ros2_ws/install/scout_msgs/share/scout_msgs/hook/ld_library_path_lib.sh'
[0.924s] Level 1:colcon.colcon_core.environment:checking '/home/eddy/ros2_ws/install/scout_msgs/bin'
[0.924s] Level 1:colcon.colcon_core.environment:checking '/home/eddy/ros2_ws/install/scout_msgs/lib/pkgconfig/scout_msgs.pc'
[0.924s] Level 1:colcon.colcon_core.environment:checking '/home/eddy/ros2_ws/install/scout_msgs/lib/python3.10/site-packages'
[0.925s] Level 1:colcon.colcon_core.environment:checking '/home/eddy/ros2_ws/install/scout_msgs/bin'
[0.925s] INFO:colcon.colcon_core.shell:Creating package script '/home/eddy/ros2_ws/install/scout_msgs/share/scout_msgs/package.ps1'
[0.925s] INFO:colcon.colcon_core.shell:Creating package descriptor '/home/eddy/ros2_ws/install/scout_msgs/share/scout_msgs/package.dsv'
[0.926s] INFO:colcon.colcon_core.shell:Creating package script '/home/eddy/ros2_ws/install/scout_msgs/share/scout_msgs/package.sh'
[0.926s] INFO:colcon.colcon_core.shell:Creating package script '/home/eddy/ros2_ws/install/scout_msgs/share/scout_msgs/package.bash'
[0.926s] INFO:colcon.colcon_core.shell:Creating package script '/home/eddy/ros2_ws/install/scout_msgs/share/scout_msgs/package.zsh'
[0.927s] Level 1:colcon.colcon_core.environment:create_file_with_runtime_dependencies(/home/eddy/ros2_ws/install/scout_msgs/share/colcon-core/packages/scout_msgs)
[0.927s] Level 1:colcon.colcon_core.environment:create_environment_scripts_only(scout_msgs)
[0.928s] Level 1:colcon.colcon_core.environment:checking '/home/eddy/ros2_ws/install/scout_msgs' for CMake module files
[0.928s] Level 1:colcon.colcon_core.environment:checking '/home/eddy/ros2_ws/install/scout_msgs' for CMake config files
[0.928s] Level 1:colcon.colcon_core.shell:create_environment_hook('scout_msgs', 'cmake_prefix_path')
[0.929s] INFO:colcon.colcon_core.shell:Creating environment hook '/home/eddy/ros2_ws/install/scout_msgs/share/scout_msgs/hook/cmake_prefix_path.ps1'
[0.929s] INFO:colcon.colcon_core.shell:Creating environment descriptor '/home/eddy/ros2_ws/install/scout_msgs/share/scout_msgs/hook/cmake_prefix_path.dsv'
[0.929s] INFO:colcon.colcon_core.shell:Creating environment hook '/home/eddy/ros2_ws/install/scout_msgs/share/scout_msgs/hook/cmake_prefix_path.sh'
[0.930s] Level 1:colcon.colcon_core.environment:checking '/home/eddy/ros2_ws/install/scout_msgs/lib'
[0.930s] Level 1:colcon.colcon_core.shell:create_environment_hook('scout_msgs', 'ld_library_path_lib')
[0.930s] INFO:colcon.colcon_core.shell:Creating environment hook '/home/eddy/ros2_ws/install/scout_msgs/share/scout_msgs/hook/ld_library_path_lib.ps1'
[0.931s] INFO:colcon.colcon_core.shell:Creating environment descriptor '/home/eddy/ros2_ws/install/scout_msgs/share/scout_msgs/hook/ld_library_path_lib.dsv'
[0.931s] INFO:colcon.colcon_core.shell:Creating environment hook '/home/eddy/ros2_ws/install/scout_msgs/share/scout_msgs/hook/ld_library_path_lib.sh'
[0.931s] Level 1:colcon.colcon_core.environment:checking '/home/eddy/ros2_ws/install/scout_msgs/bin'
[0.931s] Level 1:colcon.colcon_core.environment:checking '/home/eddy/ros2_ws/install/scout_msgs/lib/pkgconfig/scout_msgs.pc'
[0.932s] Level 1:colcon.colcon_core.environment:checking '/home/eddy/ros2_ws/install/scout_msgs/lib/python3.10/site-packages'
[0.932s] Level 1:colcon.colcon_core.environment:checking '/home/eddy/ros2_ws/install/scout_msgs/bin'
[0.932s] INFO:colcon.colcon_core.shell:Creating package script '/home/eddy/ros2_ws/install/scout_msgs/share/scout_msgs/package.ps1'
[0.933s] INFO:colcon.colcon_core.shell:Creating package descriptor '/home/eddy/ros2_ws/install/scout_msgs/share/scout_msgs/package.dsv'
[0.934s] INFO:colcon.colcon_core.shell:Creating package script '/home/eddy/ros2_ws/install/scout_msgs/share/scout_msgs/package.sh'
[0.934s] INFO:colcon.colcon_core.shell:Creating package script '/home/eddy/ros2_ws/install/scout_msgs/share/scout_msgs/package.bash'
[0.934s] INFO:colcon.colcon_core.shell:Creating package script '/home/eddy/ros2_ws/install/scout_msgs/share/scout_msgs/package.zsh'
[0.935s] Level 1:colcon.colcon_core.environment:create_file_with_runtime_dependencies(/home/eddy/ros2_ws/install/scout_msgs/share/colcon-core/packages/scout_msgs)
[0.935s] INFO:colcon.colcon_ros.task.ament_cmake.build:Building ROS package in '/home/eddy/ros2_ws/src/scout_ros2/scout_base' with build type 'ament_cmake'
[0.935s] INFO:colcon.colcon_cmake.task.cmake.build:Building CMake package in '/home/eddy/ros2_ws/src/scout_ros2/scout_base'
[0.936s] INFO:colcon.colcon_core.shell:Skip shell extension 'powershell' for command environment: Not usable outside of PowerShell
[0.936s] DEBUG:colcon.colcon_core.shell:Skip shell extension 'dsv' for command environment
[0.947s] DEBUG:colcon.colcon_core.event_handler.log_command:Invoking command in '/home/eddy/ros2_ws/build/scout_base': CMAKE_PREFIX_PATH=/opt/ros/humble:${CMAKE_PREFIX_PATH} /usr/bin/cmake --build /home/eddy/ros2_ws/build/scout_base -- -j2 -l2
[8.389s] Level 1:colcon.colcon_core.environment:create_environment_scripts_only(scout_base)
[8.389s] Level 1:colcon.colcon_core.environment:checking '/home/eddy/ros2_ws/install/scout_base' for CMake module files
[8.389s] Level 1:colcon.colcon_core.environment:checking '/home/eddy/ros2_ws/install/scout_base' for CMake config files
[8.390s] DEBUG:colcon.colcon_core.event_handler.log_command:Invoked command in '/home/eddy/ros2_ws/build/scout_base' returned '2': CMAKE_PREFIX_PATH=/opt/ros/humble:${CMAKE_PREFIX_PATH} /usr/bin/cmake --build /home/eddy/ros2_ws/build/scout_base -- -j2 -l2
[8.390s] Level 1:colcon.colcon_core.environment:checking '/home/eddy/ros2_ws/install/scout_base/bin'
[8.390s] Level 1:colcon.colcon_core.environment:checking '/home/eddy/ros2_ws/install/scout_base/lib/pkgconfig/scout_base.pc'
[8.390s] Level 1:colcon.colcon_core.environment:checking '/home/eddy/ros2_ws/install/scout_base/lib/python3.10/site-packages'
[8.391s] Level 1:colcon.colcon_core.environment:checking '/home/eddy/ros2_ws/install/scout_base/bin'
[8.391s] INFO:colcon.colcon_core.shell:Creating package script '/home/eddy/ros2_ws/install/scout_base/share/scout_base/package.ps1'
[8.391s] INFO:colcon.colcon_core.shell:Creating package descriptor '/home/eddy/ros2_ws/install/scout_base/share/scout_base/package.dsv'
[8.392s] INFO:colcon.colcon_core.shell:Creating package script '/home/eddy/ros2_ws/install/scout_base/share/scout_base/package.sh'
[8.392s] INFO:colcon.colcon_core.shell:Creating package script '/home/eddy/ros2_ws/install/scout_base/share/scout_base/package.bash'
[8.393s] INFO:colcon.colcon_core.shell:Creating package script '/home/eddy/ros2_ws/install/scout_base/share/scout_base/package.zsh'
[8.393s] Level 1:colcon.colcon_core.environment:create_file_with_runtime_dependencies(/home/eddy/ros2_ws/install/scout_base/share/colcon-core/packages/scout_base)
[8.404s] DEBUG:colcon.colcon_parallel_executor.executor.parallel:closing loop
[8.404s] DEBUG:colcon.colcon_parallel_executor.executor.parallel:loop closed
[8.405s] DEBUG:colcon.colcon_parallel_executor.executor.parallel:run_until_complete finished with '2'
[8.405s] DEBUG:colcon.colcon_core.event_reactor:joining thread
[8.410s] INFO:colcon.colcon_core.plugin_system:Skipping extension 'colcon_notification.desktop_notification.terminal_notifier': Not used on non-Darwin systems
[8.411s] INFO:colcon.colcon_core.plugin_system:Skipping extension 'colcon_notification.desktop_notification.win32': Not used on non-Windows systems
[8.411s] INFO:colcon.colcon_notification.desktop_notification:Sending desktop notification using 'notify2'
[8.426s] DEBUG:colcon.colcon_core.event_reactor:joined thread
[8.426s] INFO:colcon.colcon_core.shell:Creating prefix script '/home/eddy/ros2_ws/install/local_setup.ps1'
[8.427s] INFO:colcon.colcon_core.shell:Creating prefix util module '/home/eddy/ros2_ws/install/_local_setup_util_ps1.py'
[8.429s] INFO:colcon.colcon_core.shell:Creating prefix chain script '/home/eddy/ros2_ws/install/setup.ps1'
[8.431s] INFO:colcon.colcon_core.shell:Creating prefix script '/home/eddy/ros2_ws/install/local_setup.sh'
[8.432s] INFO:colcon.colcon_core.shell:Creating prefix util module '/home/eddy/ros2_ws/install/_local_setup_util_sh.py'
[8.433s] INFO:colcon.colcon_core.shell:Creating prefix chain script '/home/eddy/ros2_ws/install/setup.sh'
[8.434s] INFO:colcon.colcon_core.shell:Creating prefix script '/home/eddy/ros2_ws/install/local_setup.bash'
[8.435s] INFO:colcon.colcon_core.shell:Creating prefix chain script '/home/eddy/ros2_ws/install/setup.bash'
[8.436s] INFO:colcon.colcon_core.shell:Creating prefix script '/home/eddy/ros2_ws/install/local_setup.zsh'
[8.436s] INFO:colcon.colcon_core.shell:Creating prefix chain script '/home/eddy/ros2_ws/install/setup.zsh'
