running egg_info
creating ../../build/my_nav2_controller/my_nav2_controller.egg-info
writing ../../build/my_nav2_controller/my_nav2_controller.egg-info/PKG-INFO
writing dependency_links to ../../build/my_nav2_controller/my_nav2_controller.egg-info/dependency_links.txt
writing entry points to ../../build/my_nav2_controller/my_nav2_controller.egg-info/entry_points.txt
writing requirements to ../../build/my_nav2_controller/my_nav2_controller.egg-info/requires.txt
writing top-level names to ../../build/my_nav2_controller/my_nav2_controller.egg-info/top_level.txt
writing manifest file '../../build/my_nav2_controller/my_nav2_controller.egg-info/SOURCES.txt'
reading manifest file '../../build/my_nav2_controller/my_nav2_controller.egg-info/SOURCES.txt'
writing manifest file '../../build/my_nav2_controller/my_nav2_controller.egg-info/SOURCES.txt'
running build
running build_py
creating /home/eddy/ros2_ws/build/my_nav2_controller/build
creating /home/eddy/ros2_ws/build/my_nav2_controller/build/lib
creating /home/eddy/ros2_ws/build/my_nav2_controller/build/lib/my_nav2_controller
copying my_nav2_controller/__init__.py -> /home/eddy/ros2_ws/build/my_nav2_controller/build/lib/my_nav2_controller
running install
running install_lib
creating /home/eddy/ros2_ws/install/my_nav2_controller/lib/python3.10/site-packages/my_nav2_controller
copying /home/eddy/ros2_ws/build/my_nav2_controller/build/lib/my_nav2_controller/__init__.py -> /home/eddy/ros2_ws/install/my_nav2_controller/lib/python3.10/site-packages/my_nav2_controller
byte-compiling /home/eddy/ros2_ws/install/my_nav2_controller/lib/python3.10/site-packages/my_nav2_controller/__init__.py to __init__.cpython-310.pyc
running install_data
creating /home/eddy/ros2_ws/install/my_nav2_controller/share/ament_index
creating /home/eddy/ros2_ws/install/my_nav2_controller/share/ament_index/resource_index
creating /home/eddy/ros2_ws/install/my_nav2_controller/share/ament_index/resource_index/packages
copying resource/my_nav2_controller -> /home/eddy/ros2_ws/install/my_nav2_controller/share/ament_index/resource_index/packages
copying package.xml -> /home/eddy/ros2_ws/install/my_nav2_controller/share/my_nav2_controller
running install_egg_info
Copying ../../build/my_nav2_controller/my_nav2_controller.egg-info to /home/eddy/ros2_ws/install/my_nav2_controller/lib/python3.10/site-packages/my_nav2_controller-0.0.0-py3.10.egg-info
running install_scripts
writing list of installed files to '/home/eddy/ros2_ws/build/my_nav2_controller/install.log'
