[0.869s] Invoking command in '/home/eddy/ros2_ws/src/my_nav2_controller': PYTHONPATH=/home/eddy/ros2_ws/build/my_nav2_controller/prefix_override:/usr/lib/python3/dist-packages/colcon_core/task/python/colcon_distutils_commands:/home/eddy/ros2_ws/install/my_nav2_controller/lib/python3.10/site-packages:${PYTHONPATH} /usr/bin/python3 -W ignore:setup.py install is deprecated -W ignore:easy_install command is deprecated setup.py egg_info --egg-base ../../build/my_nav2_controller build --build-base /home/eddy/ros2_ws/build/my_nav2_controller/build install --record /home/eddy/ros2_ws/build/my_nav2_controller/install.log --single-version-externally-managed install_data
[1.207s] running egg_info
[1.207s] creating ../../build/my_nav2_controller/my_nav2_controller.egg-info
[1.208s] writing ../../build/my_nav2_controller/my_nav2_controller.egg-info/PKG-INFO
[1.208s] writing dependency_links to ../../build/my_nav2_controller/my_nav2_controller.egg-info/dependency_links.txt
[1.208s] writing entry points to ../../build/my_nav2_controller/my_nav2_controller.egg-info/entry_points.txt
[1.208s] writing requirements to ../../build/my_nav2_controller/my_nav2_controller.egg-info/requires.txt
[1.208s] writing top-level names to ../../build/my_nav2_controller/my_nav2_controller.egg-info/top_level.txt
[1.208s] writing manifest file '../../build/my_nav2_controller/my_nav2_controller.egg-info/SOURCES.txt'
[1.210s] reading manifest file '../../build/my_nav2_controller/my_nav2_controller.egg-info/SOURCES.txt'
[1.211s] writing manifest file '../../build/my_nav2_controller/my_nav2_controller.egg-info/SOURCES.txt'
[1.211s] running build
[1.211s] running build_py
[1.211s] creating /home/eddy/ros2_ws/build/my_nav2_controller/build
[1.211s] creating /home/eddy/ros2_ws/build/my_nav2_controller/build/lib
[1.212s] creating /home/eddy/ros2_ws/build/my_nav2_controller/build/lib/my_nav2_controller
[1.212s] copying my_nav2_controller/__init__.py -> /home/eddy/ros2_ws/build/my_nav2_controller/build/lib/my_nav2_controller
[1.212s] running install
[1.212s] running install_lib
[1.213s] creating /home/eddy/ros2_ws/install/my_nav2_controller/lib/python3.10/site-packages/my_nav2_controller
[1.213s] copying /home/eddy/ros2_ws/build/my_nav2_controller/build/lib/my_nav2_controller/__init__.py -> /home/eddy/ros2_ws/install/my_nav2_controller/lib/python3.10/site-packages/my_nav2_controller
[1.214s] byte-compiling /home/eddy/ros2_ws/install/my_nav2_controller/lib/python3.10/site-packages/my_nav2_controller/__init__.py to __init__.cpython-310.pyc
[1.214s] running install_data
[1.214s] creating /home/eddy/ros2_ws/install/my_nav2_controller/share/ament_index
[1.214s] creating /home/eddy/ros2_ws/install/my_nav2_controller/share/ament_index/resource_index
[1.215s] creating /home/eddy/ros2_ws/install/my_nav2_controller/share/ament_index/resource_index/packages
[1.215s] copying resource/my_nav2_controller -> /home/eddy/ros2_ws/install/my_nav2_controller/share/ament_index/resource_index/packages
[1.215s] copying package.xml -> /home/eddy/ros2_ws/install/my_nav2_controller/share/my_nav2_controller
[1.215s] running install_egg_info
[1.218s] Copying ../../build/my_nav2_controller/my_nav2_controller.egg-info to /home/eddy/ros2_ws/install/my_nav2_controller/lib/python3.10/site-packages/my_nav2_controller-0.0.0-py3.10.egg-info
[1.219s] running install_scripts
[1.258s] writing list of installed files to '/home/eddy/ros2_ws/build/my_nav2_controller/install.log'
[1.279s] Invoked command in '/home/eddy/ros2_ws/src/my_nav2_controller' returned '0': PYTHONPATH=/home/eddy/ros2_ws/build/my_nav2_controller/prefix_override:/usr/lib/python3/dist-packages/colcon_core/task/python/colcon_distutils_commands:/home/eddy/ros2_ws/install/my_nav2_controller/lib/python3.10/site-packages:${PYTHONPATH} /usr/bin/python3 -W ignore:setup.py install is deprecated -W ignore:easy_install command is deprecated setup.py egg_info --egg-base ../../build/my_nav2_controller build --build-base /home/eddy/ros2_ws/build/my_nav2_controller/build install --record /home/eddy/ros2_ws/build/my_nav2_controller/install.log --single-version-externally-managed install_data
