[0.021s] Invoking command in '/home/eddy/ros2_ws/build/image_publisher': CMAKE_PREFIX_PATH=/home/eddy/ros2_ws/install/scout_base:/home/eddy/ros2_ws/install/scout_robot:/home/eddy/ros2_ws/install/scout_navigation2:/home/eddy/ros2_ws/install/rfid_serial_node:/home/eddy/ros2_ws/install/my_nav2_controller:/home/eddy/ros2_ws/install/camera_calibration:/opt/ros/humble:/home/eddy/ros2_ws/install/ugv_sdk:/home/eddy/ros2_ws/install/image_pipeline:/home/eddy/ros2_ws/install/stereo_image_proc:/home/eddy/ros2_ws/install/image_proc:/home/eddy/ros2_ws/install/tracetools_image_pipeline:/home/eddy/ros2_ws/install/scout_msgs:/home/eddy/ros2_ws/install/scout_description:/home/eddy/ros2_ws/install/rplidar_ros:/home/eddy/ros2_ws/install/image_view:/home/eddy/ros2_ws/install/image_rotate:/home/eddy/ros2_ws/install/image_publisher:/home/eddy/ros2_ws/install/depth_image_proc VIRTUAL_ENV_PROMPT=(myvenv) /usr/bin/cmake --build /home/eddy/ros2_ws/build/image_publisher -- -j2 -l2
[0.179s] [ 50%] Built target image_publisher
[0.213s] [100%] Built target image_publisher_node
[0.228s] Invoked command in '/home/eddy/ros2_ws/build/image_publisher' returned '0': CMAKE_PREFIX_PATH=/home/eddy/ros2_ws/install/scout_base:/home/eddy/ros2_ws/install/scout_robot:/home/eddy/ros2_ws/install/scout_navigation2:/home/eddy/ros2_ws/install/rfid_serial_node:/home/eddy/ros2_ws/install/my_nav2_controller:/home/eddy/ros2_ws/install/camera_calibration:/opt/ros/humble:/home/eddy/ros2_ws/install/ugv_sdk:/home/eddy/ros2_ws/install/image_pipeline:/home/eddy/ros2_ws/install/stereo_image_proc:/home/eddy/ros2_ws/install/image_proc:/home/eddy/ros2_ws/install/tracetools_image_pipeline:/home/eddy/ros2_ws/install/scout_msgs:/home/eddy/ros2_ws/install/scout_description:/home/eddy/ros2_ws/install/rplidar_ros:/home/eddy/ros2_ws/install/image_view:/home/eddy/ros2_ws/install/image_rotate:/home/eddy/ros2_ws/install/image_publisher:/home/eddy/ros2_ws/install/depth_image_proc VIRTUAL_ENV_PROMPT=(myvenv) /usr/bin/cmake --build /home/eddy/ros2_ws/build/image_publisher -- -j2 -l2
[0.238s] Invoking command in '/home/eddy/ros2_ws/build/image_publisher': CMAKE_PREFIX_PATH=/home/eddy/ros2_ws/install/scout_base:/home/eddy/ros2_ws/install/scout_robot:/home/eddy/ros2_ws/install/scout_navigation2:/home/eddy/ros2_ws/install/rfid_serial_node:/home/eddy/ros2_ws/install/my_nav2_controller:/home/eddy/ros2_ws/install/camera_calibration:/opt/ros/humble:/home/eddy/ros2_ws/install/ugv_sdk:/home/eddy/ros2_ws/install/image_pipeline:/home/eddy/ros2_ws/install/stereo_image_proc:/home/eddy/ros2_ws/install/image_proc:/home/eddy/ros2_ws/install/tracetools_image_pipeline:/home/eddy/ros2_ws/install/scout_msgs:/home/eddy/ros2_ws/install/scout_description:/home/eddy/ros2_ws/install/rplidar_ros:/home/eddy/ros2_ws/install/image_view:/home/eddy/ros2_ws/install/image_rotate:/home/eddy/ros2_ws/install/image_publisher:/home/eddy/ros2_ws/install/depth_image_proc VIRTUAL_ENV_PROMPT=(myvenv) /usr/bin/cmake --install /home/eddy/ros2_ws/build/image_publisher
[0.255s] -- Install configuration: ""
[0.256s] -- Up-to-date: /home/eddy/ros2_ws/install/image_publisher/include
[0.256s] -- Up-to-date: /home/eddy/ros2_ws/install/image_publisher/include/image_publisher
[0.256s] -- Up-to-date: /home/eddy/ros2_ws/install/image_publisher/include/image_publisher/visibility.h
[0.257s] -- Up-to-date: /home/eddy/ros2_ws/install/image_publisher/include/image_publisher/image_publisher.hpp
[0.257s] -- Up-to-date: /home/eddy/ros2_ws/install/image_publisher/share/image_publisher/environment/library_path.sh
[0.257s] -- Up-to-date: /home/eddy/ros2_ws/install/image_publisher/share/image_publisher/environment/library_path.dsv
[0.258s] -- Up-to-date: /home/eddy/ros2_ws/install/image_publisher/lib/libimage_publisher.so
[0.259s] -- Up-to-date: /home/eddy/ros2_ws/install/image_publisher/lib/image_publisher/image_publisher_node
[0.259s] -- Up-to-date: /home/eddy/ros2_ws/install/image_publisher/share/image_publisher/launch
[0.259s] -- Up-to-date: /home/eddy/ros2_ws/install/image_publisher/share/image_publisher/launch/image_publisher_file.launch.py
[0.260s] -- Up-to-date: /home/eddy/ros2_ws/install/image_publisher/share/image_publisher/launch/splash.png
[0.260s] -- Up-to-date: /home/eddy/ros2_ws/install/image_publisher/share/image_publisher/launch/image_publisher_stereo.launch.py
[0.260s] -- Up-to-date: /home/eddy/ros2_ws/install/image_publisher/share/image_publisher/launch/image_publisher_mono.launch.py
[0.261s] -- Up-to-date: /home/eddy/ros2_ws/install/image_publisher/share/ament_index/resource_index/package_run_dependencies/image_publisher
[0.261s] -- Up-to-date: /home/eddy/ros2_ws/install/image_publisher/share/ament_index/resource_index/parent_prefix_path/image_publisher
[0.261s] -- Up-to-date: /home/eddy/ros2_ws/install/image_publisher/share/image_publisher/environment/ament_prefix_path.sh
[0.261s] -- Up-to-date: /home/eddy/ros2_ws/install/image_publisher/share/image_publisher/environment/ament_prefix_path.dsv
[0.265s] -- Up-to-date: /home/eddy/ros2_ws/install/image_publisher/share/image_publisher/environment/path.sh
[0.265s] -- Up-to-date: /home/eddy/ros2_ws/install/image_publisher/share/image_publisher/environment/path.dsv
[0.265s] -- Up-to-date: /home/eddy/ros2_ws/install/image_publisher/share/image_publisher/local_setup.bash
[0.265s] -- Up-to-date: /home/eddy/ros2_ws/install/image_publisher/share/image_publisher/local_setup.sh
[0.265s] -- Up-to-date: /home/eddy/ros2_ws/install/image_publisher/share/image_publisher/local_setup.zsh
[0.265s] -- Up-to-date: /home/eddy/ros2_ws/install/image_publisher/share/image_publisher/local_setup.dsv
[0.265s] -- Installing: /home/eddy/ros2_ws/install/image_publisher/share/image_publisher/package.dsv
[0.268s] -- Up-to-date: /home/eddy/ros2_ws/install/image_publisher/share/ament_index/resource_index/packages/image_publisher
[0.268s] -- Up-to-date: /home/eddy/ros2_ws/install/image_publisher/share/ament_index/resource_index/rclcpp_components/image_publisher
[0.269s] -- Up-to-date: /home/eddy/ros2_ws/install/image_publisher/share/image_publisher/cmake/ament_cmake_export_dependencies-extras.cmake
[0.269s] -- Up-to-date: /home/eddy/ros2_ws/install/image_publisher/share/image_publisher/cmake/ament_cmake_export_include_directories-extras.cmake
[0.269s] -- Up-to-date: /home/eddy/ros2_ws/install/image_publisher/share/image_publisher/cmake/ament_cmake_export_libraries-extras.cmake
[0.269s] -- Up-to-date: /home/eddy/ros2_ws/install/image_publisher/share/image_publisher/cmake/image_publisherConfig.cmake
[0.269s] -- Up-to-date: /home/eddy/ros2_ws/install/image_publisher/share/image_publisher/cmake/image_publisherConfig-version.cmake
[0.269s] -- Up-to-date: /home/eddy/ros2_ws/install/image_publisher/share/image_publisher/package.xml
[0.277s] Invoked command in '/home/eddy/ros2_ws/build/image_publisher' returned '0': CMAKE_PREFIX_PATH=/home/eddy/ros2_ws/install/scout_base:/home/eddy/ros2_ws/install/scout_robot:/home/eddy/ros2_ws/install/scout_navigation2:/home/eddy/ros2_ws/install/rfid_serial_node:/home/eddy/ros2_ws/install/my_nav2_controller:/home/eddy/ros2_ws/install/camera_calibration:/opt/ros/humble:/home/eddy/ros2_ws/install/ugv_sdk:/home/eddy/ros2_ws/install/image_pipeline:/home/eddy/ros2_ws/install/stereo_image_proc:/home/eddy/ros2_ws/install/image_proc:/home/eddy/ros2_ws/install/tracetools_image_pipeline:/home/eddy/ros2_ws/install/scout_msgs:/home/eddy/ros2_ws/install/scout_description:/home/eddy/ros2_ws/install/rplidar_ros:/home/eddy/ros2_ws/install/image_view:/home/eddy/ros2_ws/install/image_rotate:/home/eddy/ros2_ws/install/image_publisher:/home/eddy/ros2_ws/install/depth_image_proc VIRTUAL_ENV_PROMPT=(myvenv) /usr/bin/cmake --install /home/eddy/ros2_ws/build/image_publisher
