[1.605s] Invoking command in '/home/eddy/ros2_ws/src/image_pipeline/camera_calibration': PYTHONPATH=/home/eddy/ros2_ws/build/camera_calibration/prefix_override:/usr/lib/python3/dist-packages/colcon_core/task/python/colcon_distutils_commands:/home/eddy/ros2_ws/install/camera_calibration/lib/python3.10/site-packages:${PYTHONPATH} VIRTUAL_ENV_PROMPT=(myvenv) /usr/bin/python3 -W ignore:setup.py install is deprecated -W ignore:easy_install command is deprecated setup.py egg_info --egg-base ../../../build/camera_calibration build --build-base /home/eddy/ros2_ws/build/camera_calibration/build install --record /home/eddy/ros2_ws/build/camera_calibration/install.log --single-version-externally-managed install_data
[2.133s] running egg_info
[2.135s] writing ../../../build/camera_calibration/camera_calibration.egg-info/PKG-INFO
[2.135s] writing dependency_links to ../../../build/camera_calibration/camera_calibration.egg-info/dependency_links.txt
[2.135s] writing entry points to ../../../build/camera_calibration/camera_calibration.egg-info/entry_points.txt
[2.135s] writing requirements to ../../../build/camera_calibration/camera_calibration.egg-info/requires.txt
[2.135s] writing top-level names to ../../../build/camera_calibration/camera_calibration.egg-info/top_level.txt
[2.136s] reading manifest file '../../../build/camera_calibration/camera_calibration.egg-info/SOURCES.txt'
[2.138s] writing manifest file '../../../build/camera_calibration/camera_calibration.egg-info/SOURCES.txt'
[2.138s] running build
[2.138s] running build_py
[2.140s] running install
[2.141s] running install_lib
[2.147s] running install_data
[2.148s] running install_egg_info
[2.153s] removing '/home/eddy/ros2_ws/install/camera_calibration/lib/python3.10/site-packages/camera_calibration-3.0.8-py3.10.egg-info' (and everything under it)
[2.155s] Copying ../../../build/camera_calibration/camera_calibration.egg-info to /home/eddy/ros2_ws/install/camera_calibration/lib/python3.10/site-packages/camera_calibration-3.0.8-py3.10.egg-info
[2.160s] running install_scripts
[2.199s] Installing cameracalibrator script to /home/eddy/ros2_ws/install/camera_calibration/lib/camera_calibration
[2.199s] Installing cameracheck script to /home/eddy/ros2_ws/install/camera_calibration/lib/camera_calibration
[2.208s] writing list of installed files to '/home/eddy/ros2_ws/build/camera_calibration/install.log'
[2.262s] Invoked command in '/home/eddy/ros2_ws/src/image_pipeline/camera_calibration' returned '0': PYTHONPATH=/home/eddy/ros2_ws/build/camera_calibration/prefix_override:/usr/lib/python3/dist-packages/colcon_core/task/python/colcon_distutils_commands:/home/eddy/ros2_ws/install/camera_calibration/lib/python3.10/site-packages:${PYTHONPATH} VIRTUAL_ENV_PROMPT=(myvenv) /usr/bin/python3 -W ignore:setup.py install is deprecated -W ignore:easy_install command is deprecated setup.py egg_info --egg-base ../../../build/camera_calibration build --build-base /home/eddy/ros2_ws/build/camera_calibration/build install --record /home/eddy/ros2_ws/build/camera_calibration/install.log --single-version-externally-managed install_data
