[0.013s] Invoking command in '/home/eddy/ros2_ws/build/rplidar_ros': CMAKE_PREFIX_PATH=/home/eddy/ros2_ws/install/scout_base:/home/eddy/ros2_ws/install/scout_robot:/home/eddy/ros2_ws/install/scout_navigation2:/home/eddy/ros2_ws/install/rfid_serial_node:/home/eddy/ros2_ws/install/my_nav2_controller:/home/eddy/ros2_ws/install/camera_calibration:/opt/ros/humble:/home/eddy/ros2_ws/install/ugv_sdk:/home/eddy/ros2_ws/install/image_pipeline:/home/eddy/ros2_ws/install/stereo_image_proc:/home/eddy/ros2_ws/install/image_proc:/home/eddy/ros2_ws/install/tracetools_image_pipeline:/home/eddy/ros2_ws/install/scout_msgs:/home/eddy/ros2_ws/install/scout_description:/home/eddy/ros2_ws/install/rplidar_ros:/home/eddy/ros2_ws/install/image_view:/home/eddy/ros2_ws/install/image_rotate:/home/eddy/ros2_ws/install/image_publisher:/home/eddy/ros2_ws/install/depth_image_proc VIRTUAL_ENV_PROMPT=(myvenv) /usr/bin/cmake --build /home/eddy/ros2_ws/build/rplidar_ros -- -j2 -l2
[0.116s] [ 77%] Built target rplidar_composition_node
[0.178s] [100%] Built target rplidar_composition
[0.195s] Invoked command in '/home/eddy/ros2_ws/build/rplidar_ros' returned '0': CMAKE_PREFIX_PATH=/home/eddy/ros2_ws/install/scout_base:/home/eddy/ros2_ws/install/scout_robot:/home/eddy/ros2_ws/install/scout_navigation2:/home/eddy/ros2_ws/install/rfid_serial_node:/home/eddy/ros2_ws/install/my_nav2_controller:/home/eddy/ros2_ws/install/camera_calibration:/opt/ros/humble:/home/eddy/ros2_ws/install/ugv_sdk:/home/eddy/ros2_ws/install/image_pipeline:/home/eddy/ros2_ws/install/stereo_image_proc:/home/eddy/ros2_ws/install/image_proc:/home/eddy/ros2_ws/install/tracetools_image_pipeline:/home/eddy/ros2_ws/install/scout_msgs:/home/eddy/ros2_ws/install/scout_description:/home/eddy/ros2_ws/install/rplidar_ros:/home/eddy/ros2_ws/install/image_view:/home/eddy/ros2_ws/install/image_rotate:/home/eddy/ros2_ws/install/image_publisher:/home/eddy/ros2_ws/install/depth_image_proc VIRTUAL_ENV_PROMPT=(myvenv) /usr/bin/cmake --build /home/eddy/ros2_ws/build/rplidar_ros -- -j2 -l2
[0.197s] Invoking command in '/home/eddy/ros2_ws/build/rplidar_ros': CMAKE_PREFIX_PATH=/home/eddy/ros2_ws/install/scout_base:/home/eddy/ros2_ws/install/scout_robot:/home/eddy/ros2_ws/install/scout_navigation2:/home/eddy/ros2_ws/install/rfid_serial_node:/home/eddy/ros2_ws/install/my_nav2_controller:/home/eddy/ros2_ws/install/camera_calibration:/opt/ros/humble:/home/eddy/ros2_ws/install/ugv_sdk:/home/eddy/ros2_ws/install/image_pipeline:/home/eddy/ros2_ws/install/stereo_image_proc:/home/eddy/ros2_ws/install/image_proc:/home/eddy/ros2_ws/install/tracetools_image_pipeline:/home/eddy/ros2_ws/install/scout_msgs:/home/eddy/ros2_ws/install/scout_description:/home/eddy/ros2_ws/install/rplidar_ros:/home/eddy/ros2_ws/install/image_view:/home/eddy/ros2_ws/install/image_rotate:/home/eddy/ros2_ws/install/image_publisher:/home/eddy/ros2_ws/install/depth_image_proc VIRTUAL_ENV_PROMPT=(myvenv) /usr/bin/cmake --install /home/eddy/ros2_ws/build/rplidar_ros
[0.208s] -- Install configuration: ""
[0.209s] -- Up-to-date: /home/eddy/ros2_ws/install/rplidar_ros/lib/rplidar_ros/rplidar_composition
[0.210s] -- Up-to-date: /home/eddy/ros2_ws/install/rplidar_ros/share/rplidar_ros/launch
[0.210s] -- Up-to-date: /home/eddy/ros2_ws/install/rplidar_ros/share/rplidar_ros/launch/view_rplidar_a3.launch.py
[0.210s] -- Up-to-date: /home/eddy/ros2_ws/install/rplidar_ros/share/rplidar_ros/launch/view_rplidar.launch.py
[0.212s] -- Up-to-date: /home/eddy/ros2_ws/install/rplidar_ros/share/rplidar_ros/launch/rplidar_s1.launch.py
[0.214s] -- Up-to-date: /home/eddy/ros2_ws/install/rplidar_ros/share/rplidar_ros/launch/rplidar_s1_tcp.launch.py
[0.214s] -- Up-to-date: /home/eddy/ros2_ws/install/rplidar_ros/share/rplidar_ros/launch/view_rplidar_s1.launch.py
[0.214s] -- Up-to-date: /home/eddy/ros2_ws/install/rplidar_ros/share/rplidar_ros/launch/rplidar_a3.launch.py
[0.214s] -- Up-to-date: /home/eddy/ros2_ws/install/rplidar_ros/share/rplidar_ros/launch/view_rplidar_s1_tcp.launch.py
[0.214s] -- Up-to-date: /home/eddy/ros2_ws/install/rplidar_ros/share/rplidar_ros/launch/test_rplidar_a3.launch.py
[0.214s] -- Up-to-date: /home/eddy/ros2_ws/install/rplidar_ros/share/rplidar_ros/launch/rplidar.launch.py
[0.214s] -- Up-to-date: /home/eddy/ros2_ws/install/rplidar_ros/share/rplidar_ros/rviz
[0.214s] -- Up-to-date: /home/eddy/ros2_ws/install/rplidar_ros/share/rplidar_ros/rviz/rplidar.rviz
[0.214s] -- Up-to-date: /home/eddy/ros2_ws/install/rplidar_ros/lib/librplidar_composition_node.so
[0.219s] -- Up-to-date: /home/eddy/ros2_ws/install/rplidar_ros/include
[0.219s] -- Up-to-date: /home/eddy/ros2_ws/install/rplidar_ros/include/visibility.h
[0.219s] -- Up-to-date: /home/eddy/ros2_ws/install/rplidar_ros/include/rplidar_node.hpp
[0.219s] -- Up-to-date: /home/eddy/ros2_ws/install/rplidar_ros/lib/rplidar_ros/rplidar_composition
[0.219s] -- Up-to-date: /home/eddy/ros2_ws/install/rplidar_ros/share/ament_index/resource_index/package_run_dependencies/rplidar_ros
[0.220s] -- Up-to-date: /home/eddy/ros2_ws/install/rplidar_ros/share/ament_index/resource_index/parent_prefix_path/rplidar_ros
[0.220s] -- Up-to-date: /home/eddy/ros2_ws/install/rplidar_ros/share/rplidar_ros/environment/ament_prefix_path.sh
[0.220s] -- Up-to-date: /home/eddy/ros2_ws/install/rplidar_ros/share/rplidar_ros/environment/ament_prefix_path.dsv
[0.220s] -- Up-to-date: /home/eddy/ros2_ws/install/rplidar_ros/share/rplidar_ros/environment/path.sh
[0.220s] -- Up-to-date: /home/eddy/ros2_ws/install/rplidar_ros/share/rplidar_ros/environment/path.dsv
[0.220s] -- Up-to-date: /home/eddy/ros2_ws/install/rplidar_ros/share/rplidar_ros/local_setup.bash
[0.220s] -- Up-to-date: /home/eddy/ros2_ws/install/rplidar_ros/share/rplidar_ros/local_setup.sh
[0.220s] -- Up-to-date: /home/eddy/ros2_ws/install/rplidar_ros/share/rplidar_ros/local_setup.zsh
[0.220s] -- Up-to-date: /home/eddy/ros2_ws/install/rplidar_ros/share/rplidar_ros/local_setup.dsv
[0.220s] -- Installing: /home/eddy/ros2_ws/install/rplidar_ros/share/rplidar_ros/package.dsv
[0.220s] -- Up-to-date: /home/eddy/ros2_ws/install/rplidar_ros/share/ament_index/resource_index/packages/rplidar_ros
[0.220s] -- Up-to-date: /home/eddy/ros2_ws/install/rplidar_ros/share/ament_index/resource_index/rclcpp_components/rplidar_ros
[0.220s] -- Up-to-date: /home/eddy/ros2_ws/install/rplidar_ros/share/rplidar_ros/cmake/ament_cmake_export_dependencies-extras.cmake
[0.220s] -- Up-to-date: /home/eddy/ros2_ws/install/rplidar_ros/share/rplidar_ros/cmake/ament_cmake_export_include_directories-extras.cmake
[0.220s] -- Up-to-date: /home/eddy/ros2_ws/install/rplidar_ros/share/rplidar_ros/cmake/rplidar_rosConfig.cmake
[0.230s] -- Up-to-date: /home/eddy/ros2_ws/install/rplidar_ros/share/rplidar_ros/cmake/rplidar_rosConfig-version.cmake
[0.231s] -- Up-to-date: /home/eddy/ros2_ws/install/rplidar_ros/share/rplidar_ros/package.xml
[0.231s] Invoked command in '/home/eddy/ros2_ws/build/rplidar_ros' returned '0': CMAKE_PREFIX_PATH=/home/eddy/ros2_ws/install/scout_base:/home/eddy/ros2_ws/install/scout_robot:/home/eddy/ros2_ws/install/scout_navigation2:/home/eddy/ros2_ws/install/rfid_serial_node:/home/eddy/ros2_ws/install/my_nav2_controller:/home/eddy/ros2_ws/install/camera_calibration:/opt/ros/humble:/home/eddy/ros2_ws/install/ugv_sdk:/home/eddy/ros2_ws/install/image_pipeline:/home/eddy/ros2_ws/install/stereo_image_proc:/home/eddy/ros2_ws/install/image_proc:/home/eddy/ros2_ws/install/tracetools_image_pipeline:/home/eddy/ros2_ws/install/scout_msgs:/home/eddy/ros2_ws/install/scout_description:/home/eddy/ros2_ws/install/rplidar_ros:/home/eddy/ros2_ws/install/image_view:/home/eddy/ros2_ws/install/image_rotate:/home/eddy/ros2_ws/install/image_publisher:/home/eddy/ros2_ws/install/depth_image_proc VIRTUAL_ENV_PROMPT=(myvenv) /usr/bin/cmake --install /home/eddy/ros2_ws/build/rplidar_ros
