[0.017s] Invoking command in '/home/eddy/ros2_ws/build/scout_base': AMENT_PREFIX_PATH=/home/eddy/ros2_ws/install/scout_msgs:${AMENT_PREFIX_PATH} CMAKE_PREFIX_PATH=/opt/ros/humble:/home/eddy/ros2_ws/install/ugv_sdk:/home/eddy/ros2_ws/install/scout_msgs:${CMAKE_PREFIX_PATH} LD_LIBRARY_PATH=/home/eddy/ros2_ws/install/scout_msgs/lib:${LD_LIBRARY_PATH} PKG_CONFIG_PATH=/home/eddy/ros2_ws/install/ugv_sdk/lib/x86_64-linux-gnu/pkgconfig:/home/eddy/ros2_ws/install/ugv_sdk/lib/pkgconfig PYTHONPATH=/home/eddy/ros2_ws/install/scout_msgs/local/lib/python3.10/dist-packages:${PYTHONPATH} ROS_PACKAGE_PATH=/home/eddy/ros2_ws/install/ugv_sdk/share /usr/bin/cmake /home/eddy/ros2_ws/src/scout_ros2/scout_base -DCMAKE_INSTALL_PREFIX=/home/eddy/ros2_ws/install/scout_base
[0.097s] -- The C compiler identification is GNU 11.4.0
[0.170s] -- The CXX compiler identification is GNU 11.4.0
[0.180s] -- Detecting C compiler ABI info
[0.273s] -- Detecting C compiler ABI info - done
[0.283s] -- Check for working C compiler: /usr/bin/cc - skipped
[0.284s] -- Detecting C compile features
[0.284s] -- Detecting C compile features - done
[0.288s] -- Detecting CXX compiler ABI info
[0.402s] -- Detecting CXX compiler ABI info - done
[0.411s] -- Check for working CXX compiler: /usr/bin/c++ - skipped
[0.412s] -- Detecting CXX compile features
[0.414s] -- Detecting CXX compile features - done
[0.416s] -- Found ament_cmake: 1.3.12 (/opt/ros/humble/share/ament_cmake/cmake)
[0.613s] -- Found Python3: /usr/bin/python3 (found version "3.10.12") found components: Interpreter 
[0.739s] -- Found rclcpp: 16.0.15 (/opt/ros/humble/share/rclcpp/cmake)
[0.792s] -- Found rosidl_generator_c: 3.1.7 (/opt/ros/humble/share/rosidl_generator_c/cmake)
[0.798s] -- Found rosidl_adapter: 3.1.7 (/opt/ros/humble/share/rosidl_adapter/cmake)
[0.811s] -- Found rosidl_generator_cpp: 3.1.7 (/opt/ros/humble/share/rosidl_generator_cpp/cmake)
[0.824s] -- Using all available rosidl_typesupport_c: rosidl_typesupport_fastrtps_c;rosidl_typesupport_introspection_c
[0.846s] -- Using all available rosidl_typesupport_cpp: rosidl_typesupport_fastrtps_cpp;rosidl_typesupport_introspection_cpp
[0.900s] -- Found rmw_implementation_cmake: 6.1.2 (/opt/ros/humble/share/rmw_implementation_cmake/cmake)
[0.904s] -- Found rmw_cyclonedds_cpp: 1.3.4 (/opt/ros/humble/share/rmw_cyclonedds_cpp/cmake)
[0.931s] -- Using RMW implementation 'rmw_cyclonedds_cpp' as default
[0.943s] -- Looking for pthread.h
[1.026s] -- Looking for pthread.h - found
[1.026s] -- Performing Test CMAKE_HAVE_LIBC_PTHREAD
[1.113s] -- Performing Test CMAKE_HAVE_LIBC_PTHREAD - Success
[1.114s] -- Found Threads: TRUE  
[1.174s] -- Found geometry_msgs: 4.9.0 (/opt/ros/humble/share/geometry_msgs/cmake)
[1.194s] -- Found nav_msgs: 4.9.0 (/opt/ros/humble/share/nav_msgs/cmake)
[1.230s] -- Found sensor_msgs: 4.9.0 (/opt/ros/humble/share/sensor_msgs/cmake)
[1.252s] -- Found tf2: 0.25.16 (/opt/ros/humble/share/tf2/cmake)
[1.267s] -- Found tf2_ros: 0.25.16 (/opt/ros/humble/share/tf2_ros/cmake)
[1.410s] -- Found tf2_geometry_msgs: 0.25.16 (/opt/ros/humble/share/tf2_geometry_msgs/cmake)
[1.431s] -- Found eigen3_cmake_module: 0.1.1 (/opt/ros/humble/share/eigen3_cmake_module/cmake)
[1.433s] -- Found Eigen3: TRUE (found version "3.4.0") 
[1.434s] -- Ensuring Eigen3 include directory is part of orocos-kdl CMake target
[1.437s] -- Found scout_msgs: 0.1.0 (/home/eddy/ros2_ws/install/scout_msgs/share/scout_msgs/cmake)
[1.461s] -- Found ament_lint_auto: 0.12.14 (/opt/ros/humble/share/ament_lint_auto/cmake)
[1.555s] -- Added test 'copyright' to check source files copyright and LICENSE
[1.560s] -- Added test 'cppcheck' to perform static code analysis on C / C++ code
[1.560s] -- Configured cppcheck include dirs: /home/eddy/ros2_ws/src/scout_ros2/scout_base/include
[1.560s] -- Configured cppcheck exclude dirs and/or files: 
[1.560s] -- Added test 'cpplint' to check C / C++ code against the Google style
[1.560s] -- Configured cpplint exclude dirs and/or files: 
[1.560s] -- Added test 'flake8' to check Python code syntax and style conventions
[1.561s] -- Added test 'lint_cmake' to check CMake code style
[1.561s] -- Added test 'pep257' to check Python code against some of the docstring style conventions in PEP 257
[1.562s] -- Added test 'uncrustify' to check C / C++ code style
[1.563s] -- Configured uncrustify additional arguments: 
[1.564s] -- Added test 'xmllint' to check XML markup files
[1.565s] -- Configuring done
[1.579s] -- Generating done
[1.585s] -- Build files have been written to: /home/eddy/ros2_ws/build/scout_base
[1.600s] Invoked command in '/home/eddy/ros2_ws/build/scout_base' returned '0': AMENT_PREFIX_PATH=/home/eddy/ros2_ws/install/scout_msgs:${AMENT_PREFIX_PATH} CMAKE_PREFIX_PATH=/opt/ros/humble:/home/eddy/ros2_ws/install/ugv_sdk:/home/eddy/ros2_ws/install/scout_msgs:${CMAKE_PREFIX_PATH} LD_LIBRARY_PATH=/home/eddy/ros2_ws/install/scout_msgs/lib:${LD_LIBRARY_PATH} PKG_CONFIG_PATH=/home/eddy/ros2_ws/install/ugv_sdk/lib/x86_64-linux-gnu/pkgconfig:/home/eddy/ros2_ws/install/ugv_sdk/lib/pkgconfig PYTHONPATH=/home/eddy/ros2_ws/install/scout_msgs/local/lib/python3.10/dist-packages:${PYTHONPATH} ROS_PACKAGE_PATH=/home/eddy/ros2_ws/install/ugv_sdk/share /usr/bin/cmake /home/eddy/ros2_ws/src/scout_ros2/scout_base -DCMAKE_INSTALL_PREFIX=/home/eddy/ros2_ws/install/scout_base
[1.600s] Invoking command in '/home/eddy/ros2_ws/build/scout_base': AMENT_PREFIX_PATH=/home/eddy/ros2_ws/install/scout_msgs:${AMENT_PREFIX_PATH} CMAKE_PREFIX_PATH=/opt/ros/humble:/home/eddy/ros2_ws/install/ugv_sdk:/home/eddy/ros2_ws/install/scout_msgs:${CMAKE_PREFIX_PATH} LD_LIBRARY_PATH=/home/eddy/ros2_ws/install/scout_msgs/lib:${LD_LIBRARY_PATH} PKG_CONFIG_PATH=/home/eddy/ros2_ws/install/ugv_sdk/lib/x86_64-linux-gnu/pkgconfig:/home/eddy/ros2_ws/install/ugv_sdk/lib/pkgconfig PYTHONPATH=/home/eddy/ros2_ws/install/scout_msgs/local/lib/python3.10/dist-packages:${PYTHONPATH} ROS_PACKAGE_PATH=/home/eddy/ros2_ws/install/ugv_sdk/share /usr/bin/cmake --build /home/eddy/ros2_ws/build/scout_base -- -j2 -l2
[1.656s] [ 33%] [32mBuilding CXX object CMakeFiles/scout_base_node.dir/src/scout_base_ros.cpp.o[0m
[1.962s] In file included from [01m[K/home/eddy/ros2_ws/src/scout_ros2/scout_base/include/scout_base/scout_messenger.hpp:21[m[K,
[1.963s]                  from [01m[K/home/eddy/ros2_ws/src/scout_ros2/scout_base/src/scout_base_ros.cpp:12[m[K:
[1.963s] [01m[K/opt/ros/humble/include/tf2_geometry_msgs/tf2_geometry_msgs/tf2_geometry_msgs.h:35:2:[m[K [01;35m[Kwarning: [m[K#warning This header is obsolete, please include tf2_geometry_msgs/tf2_geometry_msgs.hpp instead [[01;35m[K]8;;https://gcc.gnu.org/onlinedocs/gcc/Warning-Options.html#index-Wcpp-Wcpp]8;;[m[K]
[1.963s]    35 | #[01;35m[Kwarning[m[K This header is obsolete, please include tf2_geometry_msgs/tf2_geometry_msgs.hpp instead
[1.965s]       |  [01;35m[K^~~~~~~[m[K
[18.431s] [ 66%] [32mBuilding CXX object CMakeFiles/scout_base_node.dir/src/scout_base_node.cpp.o[0m
[22.236s] [100%] [32m[1mLinking CXX executable scout_base_node[0m
[23.144s] [100%] Built target scout_base_node
[23.157s] Invoked command in '/home/eddy/ros2_ws/build/scout_base' returned '0': AMENT_PREFIX_PATH=/home/eddy/ros2_ws/install/scout_msgs:${AMENT_PREFIX_PATH} CMAKE_PREFIX_PATH=/opt/ros/humble:/home/eddy/ros2_ws/install/ugv_sdk:/home/eddy/ros2_ws/install/scout_msgs:${CMAKE_PREFIX_PATH} LD_LIBRARY_PATH=/home/eddy/ros2_ws/install/scout_msgs/lib:${LD_LIBRARY_PATH} PKG_CONFIG_PATH=/home/eddy/ros2_ws/install/ugv_sdk/lib/x86_64-linux-gnu/pkgconfig:/home/eddy/ros2_ws/install/ugv_sdk/lib/pkgconfig PYTHONPATH=/home/eddy/ros2_ws/install/scout_msgs/local/lib/python3.10/dist-packages:${PYTHONPATH} ROS_PACKAGE_PATH=/home/eddy/ros2_ws/install/ugv_sdk/share /usr/bin/cmake --build /home/eddy/ros2_ws/build/scout_base -- -j2 -l2
[23.160s] Invoking command in '/home/eddy/ros2_ws/build/scout_base': AMENT_PREFIX_PATH=/home/eddy/ros2_ws/install/scout_msgs:${AMENT_PREFIX_PATH} CMAKE_PREFIX_PATH=/opt/ros/humble:/home/eddy/ros2_ws/install/ugv_sdk:/home/eddy/ros2_ws/install/scout_msgs:${CMAKE_PREFIX_PATH} LD_LIBRARY_PATH=/home/eddy/ros2_ws/install/scout_msgs/lib:${LD_LIBRARY_PATH} PKG_CONFIG_PATH=/home/eddy/ros2_ws/install/ugv_sdk/lib/x86_64-linux-gnu/pkgconfig:/home/eddy/ros2_ws/install/ugv_sdk/lib/pkgconfig PYTHONPATH=/home/eddy/ros2_ws/install/scout_msgs/local/lib/python3.10/dist-packages:${PYTHONPATH} ROS_PACKAGE_PATH=/home/eddy/ros2_ws/install/ugv_sdk/share /usr/bin/cmake --install /home/eddy/ros2_ws/build/scout_base
[23.168s] -- Install configuration: ""
[23.168s] -- Installing: /home/eddy/ros2_ws/install/scout_base/lib/scout_base/scout_base_node
[23.173s] -- Set runtime path of "/home/eddy/ros2_ws/install/scout_base/lib/scout_base/scout_base_node" to ""
[23.173s] -- Installing: /home/eddy/ros2_ws/install/scout_base/share/scout_base//launch
[23.174s] -- Installing: /home/eddy/ros2_ws/install/scout_base/share/scout_base//launch/scout_mini_omni_base.launch.py
[23.175s] -- Installing: /home/eddy/ros2_ws/install/scout_base/share/scout_base//launch/scout_base.launch.py
[23.176s] -- Installing: /home/eddy/ros2_ws/install/scout_base/share/scout_base//launch/scout_mini_base.launch.py
[23.177s] -- Installing: /home/eddy/ros2_ws/install/scout_base/share/ament_index/resource_index/package_run_dependencies/scout_base
[23.178s] -- Installing: /home/eddy/ros2_ws/install/scout_base/share/ament_index/resource_index/parent_prefix_path/scout_base
[23.178s] -- Installing: /home/eddy/ros2_ws/install/scout_base/share/scout_base/environment/ament_prefix_path.sh
[23.178s] -- Installing: /home/eddy/ros2_ws/install/scout_base/share/scout_base/environment/ament_prefix_path.dsv
[23.178s] -- Installing: /home/eddy/ros2_ws/install/scout_base/share/scout_base/environment/path.sh
[23.179s] -- Installing: /home/eddy/ros2_ws/install/scout_base/share/scout_base/environment/path.dsv
[23.179s] -- Installing: /home/eddy/ros2_ws/install/scout_base/share/scout_base/local_setup.bash
[23.179s] -- Installing: /home/eddy/ros2_ws/install/scout_base/share/scout_base/local_setup.sh
[23.179s] -- Installing: /home/eddy/ros2_ws/install/scout_base/share/scout_base/local_setup.zsh
[23.180s] -- Installing: /home/eddy/ros2_ws/install/scout_base/share/scout_base/local_setup.dsv
[23.180s] -- Installing: /home/eddy/ros2_ws/install/scout_base/share/scout_base/package.dsv
[23.180s] -- Installing: /home/eddy/ros2_ws/install/scout_base/share/ament_index/resource_index/packages/scout_base
[23.181s] -- Installing: /home/eddy/ros2_ws/install/scout_base/share/scout_base/cmake/scout_baseConfig.cmake
[23.181s] -- Installing: /home/eddy/ros2_ws/install/scout_base/share/scout_base/cmake/scout_baseConfig-version.cmake
[23.181s] -- Installing: /home/eddy/ros2_ws/install/scout_base/share/scout_base/package.xml
[23.187s] Invoked command in '/home/eddy/ros2_ws/build/scout_base' returned '0': AMENT_PREFIX_PATH=/home/eddy/ros2_ws/install/scout_msgs:${AMENT_PREFIX_PATH} CMAKE_PREFIX_PATH=/opt/ros/humble:/home/eddy/ros2_ws/install/ugv_sdk:/home/eddy/ros2_ws/install/scout_msgs:${CMAKE_PREFIX_PATH} LD_LIBRARY_PATH=/home/eddy/ros2_ws/install/scout_msgs/lib:${LD_LIBRARY_PATH} PKG_CONFIG_PATH=/home/eddy/ros2_ws/install/ugv_sdk/lib/x86_64-linux-gnu/pkgconfig:/home/eddy/ros2_ws/install/ugv_sdk/lib/pkgconfig PYTHONPATH=/home/eddy/ros2_ws/install/scout_msgs/local/lib/python3.10/dist-packages:${PYTHONPATH} ROS_PACKAGE_PATH=/home/eddy/ros2_ws/install/ugv_sdk/share /usr/bin/cmake --install /home/eddy/ros2_ws/build/scout_base
