[0.096s] DEBUG:colcon:Command line arguments: ['/usr/bin/colcon', 'build']
[0.096s] DEBUG:colcon:Parsed command line arguments: Namespace(log_base=None, log_level=None, verb_name='build', build_base='build', install_base='install', merge_install=False, symlink_install=False, test_result_base=None, continue_on_error=False, executor='parallel', parallel_workers=2, event_handlers=None, ignore_user_meta=False, metas=['./colcon.meta'], base_paths=['.'], packages_ignore=None, packages_ignore_regex=None, paths=None, packages_up_to=None, packages_up_to_regex=None, packages_above=None, packages_above_and_dependencies=None, packages_above_depth=None, packages_select_by_dep=None, packages_skip_by_dep=None, packages_skip_up_to=None, packages_select_build_failed=False, packages_skip_build_finished=False, packages_select_test_failures=False, packages_skip_test_passed=False, packages_select=None, packages_skip=None, packages_select_regex=None, packages_skip_regex=None, packages_start=None, packages_end=None, allow_overriding=[], cmake_args=None, cmake_target=None, cmake_target_skip_unavailable=False, cmake_clean_cache=False, cmake_clean_first=False, cmake_force_configure=False, ament_cmake_args=None, catkin_cmake_args=None, catkin_skip_building_tests=False, mixin_files=None, mixin=None, verb_parser=<colcon_mixin.mixin.mixin_argument.MixinArgumentDecorator object at 0x7b286fa5e2f0>, verb_extension=<colcon_core.verb.build.BuildVerb object at 0x7b286fa5de40>, main=<bound method BuildVerb.main of <colcon_core.verb.build.BuildVerb object at 0x7b286fa5de40>>, mixin_verb=('build',))
[0.240s] Level 1:colcon.colcon_core.package_discovery:discover_packages(colcon_meta) check parameters
[0.240s] Level 1:colcon.colcon_core.package_discovery:discover_packages(recursive) check parameters
[0.240s] Level 1:colcon.colcon_core.package_discovery:discover_packages(ignore) check parameters
[0.240s] Level 1:colcon.colcon_core.package_discovery:discover_packages(path) check parameters
[0.240s] Level 1:colcon.colcon_core.package_discovery:discover_packages(colcon_meta) discover
[0.240s] Level 1:colcon.colcon_core.package_discovery:discover_packages(recursive) discover
[0.240s] INFO:colcon.colcon_core.package_discovery:Crawling recursively for packages in '/home/eddy/ros2_ws'
[0.240s] Level 1:colcon.colcon_core.package_identification:_identify(.) by extensions ['ignore', 'ignore_ament_install']
[0.240s] Level 1:colcon.colcon_core.package_identification:_identify(.) by extension 'ignore'
[0.240s] Level 1:colcon.colcon_core.package_identification:_identify(.) by extension 'ignore_ament_install'
[0.240s] Level 1:colcon.colcon_core.package_identification:_identify(.) by extensions ['colcon_pkg']
[0.240s] Level 1:colcon.colcon_core.package_identification:_identify(.) by extension 'colcon_pkg'
[0.240s] Level 1:colcon.colcon_core.package_identification:_identify(.) by extensions ['colcon_meta']
[0.240s] Level 1:colcon.colcon_core.package_identification:_identify(.) by extension 'colcon_meta'
[0.240s] Level 1:colcon.colcon_core.package_identification:_identify(.) by extensions ['ros']
[0.240s] Level 1:colcon.colcon_core.package_identification:_identify(.) by extension 'ros'
[0.250s] Level 1:colcon.colcon_core.package_identification:_identify(.) by extensions ['cmake', 'python']
[0.250s] Level 1:colcon.colcon_core.package_identification:_identify(.) by extension 'cmake'
[0.250s] Level 1:colcon.colcon_core.package_identification:_identify(.) by extension 'python'
[0.250s] Level 1:colcon.colcon_core.package_identification:_identify(.) by extensions ['python_setup_py']
[0.250s] Level 1:colcon.colcon_core.package_identification:_identify(.) by extension 'python_setup_py'
[0.250s] Level 1:colcon.colcon_core.package_identification:_identify(build) by extensions ['ignore', 'ignore_ament_install']
[0.250s] Level 1:colcon.colcon_core.package_identification:_identify(build) by extension 'ignore'
[0.250s] Level 1:colcon.colcon_core.package_identification:_identify(build) ignored
[0.251s] Level 1:colcon.colcon_core.package_identification:_identify(install) by extensions ['ignore', 'ignore_ament_install']
[0.251s] Level 1:colcon.colcon_core.package_identification:_identify(install) by extension 'ignore'
[0.251s] Level 1:colcon.colcon_core.package_identification:_identify(install) ignored
[0.251s] Level 1:colcon.colcon_core.package_identification:_identify(log) by extensions ['ignore', 'ignore_ament_install']
[0.251s] Level 1:colcon.colcon_core.package_identification:_identify(log) by extension 'ignore'
[0.251s] Level 1:colcon.colcon_core.package_identification:_identify(log) ignored
[0.251s] Level 1:colcon.colcon_core.package_identification:_identify(src) by extensions ['ignore', 'ignore_ament_install']
[0.251s] Level 1:colcon.colcon_core.package_identification:_identify(src) by extension 'ignore'
[0.251s] Level 1:colcon.colcon_core.package_identification:_identify(src) by extension 'ignore_ament_install'
[0.251s] Level 1:colcon.colcon_core.package_identification:_identify(src) by extensions ['colcon_pkg']
[0.251s] Level 1:colcon.colcon_core.package_identification:_identify(src) by extension 'colcon_pkg'
[0.251s] Level 1:colcon.colcon_core.package_identification:_identify(src) by extensions ['colcon_meta']
[0.251s] Level 1:colcon.colcon_core.package_identification:_identify(src) by extension 'colcon_meta'
[0.251s] Level 1:colcon.colcon_core.package_identification:_identify(src) by extensions ['ros']
[0.251s] Level 1:colcon.colcon_core.package_identification:_identify(src) by extension 'ros'
[0.251s] Level 1:colcon.colcon_core.package_identification:_identify(src) by extensions ['cmake', 'python']
[0.251s] Level 1:colcon.colcon_core.package_identification:_identify(src) by extension 'cmake'
[0.251s] Level 1:colcon.colcon_core.package_identification:_identify(src) by extension 'python'
[0.251s] Level 1:colcon.colcon_core.package_identification:_identify(src) by extensions ['python_setup_py']
[0.251s] Level 1:colcon.colcon_core.package_identification:_identify(src) by extension 'python_setup_py'
[0.252s] Level 1:colcon.colcon_core.package_identification:_identify(src/scout_ros2) by extensions ['ignore', 'ignore_ament_install']
[0.252s] Level 1:colcon.colcon_core.package_identification:_identify(src/scout_ros2) by extension 'ignore'
[0.252s] Level 1:colcon.colcon_core.package_identification:_identify(src/scout_ros2) by extension 'ignore_ament_install'
[0.252s] Level 1:colcon.colcon_core.package_identification:_identify(src/scout_ros2) by extensions ['colcon_pkg']
[0.252s] Level 1:colcon.colcon_core.package_identification:_identify(src/scout_ros2) by extension 'colcon_pkg'
[0.252s] Level 1:colcon.colcon_core.package_identification:_identify(src/scout_ros2) by extensions ['colcon_meta']
[0.252s] Level 1:colcon.colcon_core.package_identification:_identify(src/scout_ros2) by extension 'colcon_meta'
[0.252s] Level 1:colcon.colcon_core.package_identification:_identify(src/scout_ros2) by extensions ['ros']
[0.252s] Level 1:colcon.colcon_core.package_identification:_identify(src/scout_ros2) by extension 'ros'
[0.252s] Level 1:colcon.colcon_core.package_identification:_identify(src/scout_ros2) by extensions ['cmake', 'python']
[0.252s] Level 1:colcon.colcon_core.package_identification:_identify(src/scout_ros2) by extension 'cmake'
[0.252s] Level 1:colcon.colcon_core.package_identification:_identify(src/scout_ros2) by extension 'python'
[0.252s] Level 1:colcon.colcon_core.package_identification:_identify(src/scout_ros2) by extensions ['python_setup_py']
[0.252s] Level 1:colcon.colcon_core.package_identification:_identify(src/scout_ros2) by extension 'python_setup_py'
[0.252s] Level 1:colcon.colcon_core.package_identification:_identify(src/scout_ros2/scout_base) by extensions ['ignore', 'ignore_ament_install']
[0.252s] Level 1:colcon.colcon_core.package_identification:_identify(src/scout_ros2/scout_base) by extension 'ignore'
[0.252s] Level 1:colcon.colcon_core.package_identification:_identify(src/scout_ros2/scout_base) by extension 'ignore_ament_install'
[0.252s] Level 1:colcon.colcon_core.package_identification:_identify(src/scout_ros2/scout_base) by extensions ['colcon_pkg']
[0.252s] Level 1:colcon.colcon_core.package_identification:_identify(src/scout_ros2/scout_base) by extension 'colcon_pkg'
[0.252s] Level 1:colcon.colcon_core.package_identification:_identify(src/scout_ros2/scout_base) by extensions ['colcon_meta']
[0.252s] Level 1:colcon.colcon_core.package_identification:_identify(src/scout_ros2/scout_base) by extension 'colcon_meta'
[0.252s] Level 1:colcon.colcon_core.package_identification:_identify(src/scout_ros2/scout_base) by extensions ['ros']
[0.252s] Level 1:colcon.colcon_core.package_identification:_identify(src/scout_ros2/scout_base) by extension 'ros'
[0.255s] DEBUG:colcon.colcon_core.package_identification:Package 'src/scout_ros2/scout_base' with type 'ros.ament_cmake' and name 'scout_base'
[0.255s] Level 1:colcon.colcon_core.package_identification:_identify(src/scout_ros2/scout_description) by extensions ['ignore', 'ignore_ament_install']
[0.255s] Level 1:colcon.colcon_core.package_identification:_identify(src/scout_ros2/scout_description) by extension 'ignore'
[0.255s] Level 1:colcon.colcon_core.package_identification:_identify(src/scout_ros2/scout_description) by extension 'ignore_ament_install'
[0.255s] Level 1:colcon.colcon_core.package_identification:_identify(src/scout_ros2/scout_description) by extensions ['colcon_pkg']
[0.255s] Level 1:colcon.colcon_core.package_identification:_identify(src/scout_ros2/scout_description) by extension 'colcon_pkg'
[0.255s] Level 1:colcon.colcon_core.package_identification:_identify(src/scout_ros2/scout_description) by extensions ['colcon_meta']
[0.255s] Level 1:colcon.colcon_core.package_identification:_identify(src/scout_ros2/scout_description) by extension 'colcon_meta'
[0.255s] Level 1:colcon.colcon_core.package_identification:_identify(src/scout_ros2/scout_description) by extensions ['ros']
[0.255s] Level 1:colcon.colcon_core.package_identification:_identify(src/scout_ros2/scout_description) by extension 'ros'
[0.256s] DEBUG:colcon.colcon_core.package_identification:Package 'src/scout_ros2/scout_description' with type 'ros.ament_cmake' and name 'scout_description'
[0.256s] Level 1:colcon.colcon_core.package_identification:_identify(src/scout_ros2/scout_msgs) by extensions ['ignore', 'ignore_ament_install']
[0.256s] Level 1:colcon.colcon_core.package_identification:_identify(src/scout_ros2/scout_msgs) by extension 'ignore'
[0.256s] Level 1:colcon.colcon_core.package_identification:_identify(src/scout_ros2/scout_msgs) by extension 'ignore_ament_install'
[0.256s] Level 1:colcon.colcon_core.package_identification:_identify(src/scout_ros2/scout_msgs) by extensions ['colcon_pkg']
[0.256s] Level 1:colcon.colcon_core.package_identification:_identify(src/scout_ros2/scout_msgs) by extension 'colcon_pkg'
[0.256s] Level 1:colcon.colcon_core.package_identification:_identify(src/scout_ros2/scout_msgs) by extensions ['colcon_meta']
[0.256s] Level 1:colcon.colcon_core.package_identification:_identify(src/scout_ros2/scout_msgs) by extension 'colcon_meta'
[0.256s] Level 1:colcon.colcon_core.package_identification:_identify(src/scout_ros2/scout_msgs) by extensions ['ros']
[0.256s] Level 1:colcon.colcon_core.package_identification:_identify(src/scout_ros2/scout_msgs) by extension 'ros'
[0.257s] DEBUG:colcon.colcon_core.package_identification:Package 'src/scout_ros2/scout_msgs' with type 'ros.ament_cmake' and name 'scout_msgs'
[0.257s] Level 1:colcon.colcon_core.package_identification:_identify(src/ugv_sdk) by extensions ['ignore', 'ignore_ament_install']
[0.257s] Level 1:colcon.colcon_core.package_identification:_identify(src/ugv_sdk) by extension 'ignore'
[0.257s] Level 1:colcon.colcon_core.package_identification:_identify(src/ugv_sdk) by extension 'ignore_ament_install'
[0.257s] Level 1:colcon.colcon_core.package_identification:_identify(src/ugv_sdk) by extensions ['colcon_pkg']
[0.257s] Level 1:colcon.colcon_core.package_identification:_identify(src/ugv_sdk) by extension 'colcon_pkg'
[0.257s] Level 1:colcon.colcon_core.package_identification:_identify(src/ugv_sdk) by extensions ['colcon_meta']
[0.257s] Level 1:colcon.colcon_core.package_identification:_identify(src/ugv_sdk) by extension 'colcon_meta'
[0.257s] Level 1:colcon.colcon_core.package_identification:_identify(src/ugv_sdk) by extensions ['ros']
[0.257s] Level 1:colcon.colcon_core.package_identification:_identify(src/ugv_sdk) by extension 'ros'
[0.258s] DEBUG:colcon.colcon_core.package_identification:Package 'src/ugv_sdk' with type 'ros.catkin' and name 'ugv_sdk'
[0.258s] Level 1:colcon.colcon_core.package_discovery:discover_packages(recursive) using defaults
[0.258s] Level 1:colcon.colcon_core.package_discovery:discover_packages(ignore) discover
[0.258s] Level 1:colcon.colcon_core.package_discovery:discover_packages(ignore) using defaults
[0.258s] Level 1:colcon.colcon_core.package_discovery:discover_packages(path) discover
[0.258s] Level 1:colcon.colcon_core.package_discovery:discover_packages(path) using defaults
[0.284s] Level 1:colcon.colcon_core.package_discovery:discover_packages(prefix_path) check parameters
[0.284s] Level 1:colcon.colcon_core.package_discovery:discover_packages(prefix_path) discover
[0.284s] WARNING:colcon.colcon_ros.prefix_path.ament:The path '/home/eddy/ros2_ws/install/scout_msgs' in the environment variable AMENT_PREFIX_PATH doesn't exist
[0.284s] WARNING:colcon.colcon_ros.prefix_path.ament:The path '/home/eddy/ros2_ws/install/scout_description' in the environment variable AMENT_PREFIX_PATH doesn't exist
[0.285s] WARNING:colcon.colcon_ros.prefix_path.catkin:The path '/home/eddy/ros2_ws/install/ugv_sdk' in the environment variable CMAKE_PREFIX_PATH doesn't exist
[0.285s] WARNING:colcon.colcon_ros.prefix_path.catkin:The path '/home/eddy/ros2_ws/install/scout_msgs' in the environment variable CMAKE_PREFIX_PATH doesn't exist
[0.285s] WARNING:colcon.colcon_ros.prefix_path.catkin:The path '/home/eddy/ros2_ws/install/scout_description' in the environment variable CMAKE_PREFIX_PATH doesn't exist
[0.285s] DEBUG:colcon.colcon_installed_package_information.package_discovery:Found 0 installed packages in /home/eddy/ros2_ws/install
[0.286s] DEBUG:colcon.colcon_installed_package_information.package_discovery:Found 363 installed packages in /opt/ros/humble
[0.288s] Level 1:colcon.colcon_core.package_discovery:discover_packages(prefix_path) using defaults
[0.329s] Level 5:colcon.colcon_core.verb:set package 'scout_description' build argument 'cmake_args' from command line to 'None'
[0.329s] Level 5:colcon.colcon_core.verb:set package 'scout_description' build argument 'cmake_target' from command line to 'None'
[0.329s] Level 5:colcon.colcon_core.verb:set package 'scout_description' build argument 'cmake_target_skip_unavailable' from command line to 'False'
[0.329s] Level 5:colcon.colcon_core.verb:set package 'scout_description' build argument 'cmake_clean_cache' from command line to 'False'
[0.329s] Level 5:colcon.colcon_core.verb:set package 'scout_description' build argument 'cmake_clean_first' from command line to 'False'
[0.329s] Level 5:colcon.colcon_core.verb:set package 'scout_description' build argument 'cmake_force_configure' from command line to 'False'
[0.329s] Level 5:colcon.colcon_core.verb:set package 'scout_description' build argument 'ament_cmake_args' from command line to 'None'
[0.329s] Level 5:colcon.colcon_core.verb:set package 'scout_description' build argument 'catkin_cmake_args' from command line to 'None'
[0.329s] Level 5:colcon.colcon_core.verb:set package 'scout_description' build argument 'catkin_skip_building_tests' from command line to 'False'
[0.329s] DEBUG:colcon.colcon_core.verb:Building package 'scout_description' with the following arguments: {'ament_cmake_args': None, 'build_base': '/home/eddy/ros2_ws/build/scout_description', 'catkin_cmake_args': None, 'catkin_skip_building_tests': False, 'cmake_args': None, 'cmake_clean_cache': False, 'cmake_clean_first': False, 'cmake_force_configure': False, 'cmake_target': None, 'cmake_target_skip_unavailable': False, 'install_base': '/home/eddy/ros2_ws/install/scout_description', 'merge_install': False, 'path': '/home/eddy/ros2_ws/src/scout_ros2/scout_description', 'symlink_install': False, 'test_result_base': None}
[0.330s] Level 5:colcon.colcon_core.verb:set package 'scout_msgs' build argument 'cmake_args' from command line to 'None'
[0.330s] Level 5:colcon.colcon_core.verb:set package 'scout_msgs' build argument 'cmake_target' from command line to 'None'
[0.330s] Level 5:colcon.colcon_core.verb:set package 'scout_msgs' build argument 'cmake_target_skip_unavailable' from command line to 'False'
[0.330s] Level 5:colcon.colcon_core.verb:set package 'scout_msgs' build argument 'cmake_clean_cache' from command line to 'False'
[0.330s] Level 5:colcon.colcon_core.verb:set package 'scout_msgs' build argument 'cmake_clean_first' from command line to 'False'
[0.330s] Level 5:colcon.colcon_core.verb:set package 'scout_msgs' build argument 'cmake_force_configure' from command line to 'False'
[0.330s] Level 5:colcon.colcon_core.verb:set package 'scout_msgs' build argument 'ament_cmake_args' from command line to 'None'
[0.330s] Level 5:colcon.colcon_core.verb:set package 'scout_msgs' build argument 'catkin_cmake_args' from command line to 'None'
[0.330s] Level 5:colcon.colcon_core.verb:set package 'scout_msgs' build argument 'catkin_skip_building_tests' from command line to 'False'
[0.330s] DEBUG:colcon.colcon_core.verb:Building package 'scout_msgs' with the following arguments: {'ament_cmake_args': None, 'build_base': '/home/eddy/ros2_ws/build/scout_msgs', 'catkin_cmake_args': None, 'catkin_skip_building_tests': False, 'cmake_args': None, 'cmake_clean_cache': False, 'cmake_clean_first': False, 'cmake_force_configure': False, 'cmake_target': None, 'cmake_target_skip_unavailable': False, 'install_base': '/home/eddy/ros2_ws/install/scout_msgs', 'merge_install': False, 'path': '/home/eddy/ros2_ws/src/scout_ros2/scout_msgs', 'symlink_install': False, 'test_result_base': None}
[0.330s] Level 5:colcon.colcon_core.verb:set package 'ugv_sdk' build argument 'cmake_args' from command line to 'None'
[0.330s] Level 5:colcon.colcon_core.verb:set package 'ugv_sdk' build argument 'cmake_target' from command line to 'None'
[0.330s] Level 5:colcon.colcon_core.verb:set package 'ugv_sdk' build argument 'cmake_target_skip_unavailable' from command line to 'False'
[0.330s] Level 5:colcon.colcon_core.verb:set package 'ugv_sdk' build argument 'cmake_clean_cache' from command line to 'False'
[0.330s] Level 5:colcon.colcon_core.verb:set package 'ugv_sdk' build argument 'cmake_clean_first' from command line to 'False'
[0.330s] Level 5:colcon.colcon_core.verb:set package 'ugv_sdk' build argument 'cmake_force_configure' from command line to 'False'
[0.330s] Level 5:colcon.colcon_core.verb:set package 'ugv_sdk' build argument 'ament_cmake_args' from command line to 'None'
[0.330s] Level 5:colcon.colcon_core.verb:set package 'ugv_sdk' build argument 'catkin_cmake_args' from command line to 'None'
[0.330s] Level 5:colcon.colcon_core.verb:set package 'ugv_sdk' build argument 'catkin_skip_building_tests' from command line to 'False'
[0.330s] DEBUG:colcon.colcon_core.verb:Building package 'ugv_sdk' with the following arguments: {'ament_cmake_args': None, 'build_base': '/home/eddy/ros2_ws/build/ugv_sdk', 'catkin_cmake_args': None, 'catkin_skip_building_tests': False, 'cmake_args': None, 'cmake_clean_cache': False, 'cmake_clean_first': False, 'cmake_force_configure': False, 'cmake_target': None, 'cmake_target_skip_unavailable': False, 'install_base': '/home/eddy/ros2_ws/install/ugv_sdk', 'merge_install': False, 'path': '/home/eddy/ros2_ws/src/ugv_sdk', 'symlink_install': False, 'test_result_base': None}
[0.331s] Level 5:colcon.colcon_core.verb:set package 'scout_base' build argument 'cmake_args' from command line to 'None'
[0.331s] Level 5:colcon.colcon_core.verb:set package 'scout_base' build argument 'cmake_target' from command line to 'None'
[0.331s] Level 5:colcon.colcon_core.verb:set package 'scout_base' build argument 'cmake_target_skip_unavailable' from command line to 'False'
[0.331s] Level 5:colcon.colcon_core.verb:set package 'scout_base' build argument 'cmake_clean_cache' from command line to 'False'
[0.331s] Level 5:colcon.colcon_core.verb:set package 'scout_base' build argument 'cmake_clean_first' from command line to 'False'
[0.331s] Level 5:colcon.colcon_core.verb:set package 'scout_base' build argument 'cmake_force_configure' from command line to 'False'
[0.331s] Level 5:colcon.colcon_core.verb:set package 'scout_base' build argument 'ament_cmake_args' from command line to 'None'
[0.331s] Level 5:colcon.colcon_core.verb:set package 'scout_base' build argument 'catkin_cmake_args' from command line to 'None'
[0.331s] Level 5:colcon.colcon_core.verb:set package 'scout_base' build argument 'catkin_skip_building_tests' from command line to 'False'
[0.331s] DEBUG:colcon.colcon_core.verb:Building package 'scout_base' with the following arguments: {'ament_cmake_args': None, 'build_base': '/home/eddy/ros2_ws/build/scout_base', 'catkin_cmake_args': None, 'catkin_skip_building_tests': False, 'cmake_args': None, 'cmake_clean_cache': False, 'cmake_clean_first': False, 'cmake_force_configure': False, 'cmake_target': None, 'cmake_target_skip_unavailable': False, 'install_base': '/home/eddy/ros2_ws/install/scout_base', 'merge_install': False, 'path': '/home/eddy/ros2_ws/src/scout_ros2/scout_base', 'symlink_install': False, 'test_result_base': None}
[0.331s] INFO:colcon.colcon_core.executor:Executing jobs using 'parallel' executor
[0.332s] DEBUG:colcon.colcon_parallel_executor.executor.parallel:run_until_complete
[0.332s] INFO:colcon.colcon_ros.task.ament_cmake.build:Building ROS package in '/home/eddy/ros2_ws/src/scout_ros2/scout_msgs' with build type 'ament_cmake'
[0.332s] INFO:colcon.colcon_cmake.task.cmake.build:Building CMake package in '/home/eddy/ros2_ws/src/scout_ros2/scout_msgs'
[0.335s] INFO:colcon.colcon_core.plugin_system:Skipping extension 'colcon_core.shell.bat': Not used on non-Windows systems
[0.335s] INFO:colcon.colcon_core.shell:Skip shell extension 'powershell' for command environment: Not usable outside of PowerShell
[0.335s] DEBUG:colcon.colcon_core.shell:Skip shell extension 'dsv' for command environment
[0.338s] INFO:colcon.colcon_ros.task.catkin.build:Building ROS package in '/home/eddy/ros2_ws/src/ugv_sdk' with build type 'catkin'
[0.338s] INFO:colcon.colcon_cmake.task.cmake.build:Building CMake package in '/home/eddy/ros2_ws/src/ugv_sdk'
[0.339s] INFO:colcon.colcon_core.shell:Skip shell extension 'powershell' for command environment: Not usable outside of PowerShell
[0.339s] DEBUG:colcon.colcon_core.shell:Skip shell extension 'dsv' for command environment
[0.352s] DEBUG:colcon.colcon_core.event_handler.log_command:Invoking command in '/home/eddy/ros2_ws/build/scout_msgs': CMAKE_PREFIX_PATH=${CMAKE_PREFIX_PATH}:/opt/ros/humble /usr/bin/cmake /home/eddy/ros2_ws/src/scout_ros2/scout_msgs -DCMAKE_INSTALL_PREFIX=/home/eddy/ros2_ws/install/scout_msgs
[0.354s] DEBUG:colcon.colcon_core.event_handler.log_command:Invoking command in '/home/eddy/ros2_ws/build/ugv_sdk': /usr/bin/cmake /home/eddy/ros2_ws/src/ugv_sdk -DCATKIN_INSTALL_INTO_PREFIX_ROOT=0 -DCMAKE_INSTALL_PREFIX=/home/eddy/ros2_ws/install/ugv_sdk
[0.754s] DEBUG:colcon.colcon_core.event_handler.log_command:Invoked command in '/home/eddy/ros2_ws/build/ugv_sdk' returned '0': /usr/bin/cmake /home/eddy/ros2_ws/src/ugv_sdk -DCATKIN_INSTALL_INTO_PREFIX_ROOT=0 -DCMAKE_INSTALL_PREFIX=/home/eddy/ros2_ws/install/ugv_sdk
[0.758s] DEBUG:colcon.colcon_core.event_handler.log_command:Invoking command in '/home/eddy/ros2_ws/build/ugv_sdk': /usr/bin/cmake --build /home/eddy/ros2_ws/build/ugv_sdk -- -j2 -l2
[2.733s] DEBUG:colcon.colcon_core.event_handler.log_command:Invoked command in '/home/eddy/ros2_ws/build/scout_msgs' returned '0': CMAKE_PREFIX_PATH=${CMAKE_PREFIX_PATH}:/opt/ros/humble /usr/bin/cmake /home/eddy/ros2_ws/src/scout_ros2/scout_msgs -DCMAKE_INSTALL_PREFIX=/home/eddy/ros2_ws/install/scout_msgs
[2.737s] DEBUG:colcon.colcon_core.event_handler.log_command:Invoking command in '/home/eddy/ros2_ws/build/scout_msgs': CMAKE_PREFIX_PATH=${CMAKE_PREFIX_PATH}:/opt/ros/humble /usr/bin/cmake --build /home/eddy/ros2_ws/build/scout_msgs -- -j2 -l2
[18.208s] DEBUG:colcon.colcon_core.event_handler.log_command:Invoked command in '/home/eddy/ros2_ws/build/scout_msgs' returned '0': CMAKE_PREFIX_PATH=${CMAKE_PREFIX_PATH}:/opt/ros/humble /usr/bin/cmake --build /home/eddy/ros2_ws/build/scout_msgs -- -j2 -l2
[18.222s] DEBUG:colcon.colcon_core.event_handler.log_command:Invoking command in '/home/eddy/ros2_ws/build/scout_msgs': CMAKE_PREFIX_PATH=${CMAKE_PREFIX_PATH}:/opt/ros/humble /usr/bin/cmake --install /home/eddy/ros2_ws/build/scout_msgs
[18.385s] Level 1:colcon.colcon_core.environment:create_environment_scripts_only(scout_msgs)
[18.387s] DEBUG:colcon.colcon_core.event_handler.log_command:Invoked command in '/home/eddy/ros2_ws/build/scout_msgs' returned '0': CMAKE_PREFIX_PATH=${CMAKE_PREFIX_PATH}:/opt/ros/humble /usr/bin/cmake --install /home/eddy/ros2_ws/build/scout_msgs
[18.388s] Level 1:colcon.colcon_core.environment:checking '/home/eddy/ros2_ws/install/scout_msgs' for CMake module files
[18.389s] Level 1:colcon.colcon_core.environment:checking '/home/eddy/ros2_ws/install/scout_msgs' for CMake config files
[18.392s] Level 1:colcon.colcon_core.shell:create_environment_hook('scout_msgs', 'cmake_prefix_path')
[18.392s] INFO:colcon.colcon_core.shell:Creating environment hook '/home/eddy/ros2_ws/install/scout_msgs/share/scout_msgs/hook/cmake_prefix_path.ps1'
[18.393s] INFO:colcon.colcon_core.shell:Creating environment descriptor '/home/eddy/ros2_ws/install/scout_msgs/share/scout_msgs/hook/cmake_prefix_path.dsv'
[18.393s] INFO:colcon.colcon_core.shell:Creating environment hook '/home/eddy/ros2_ws/install/scout_msgs/share/scout_msgs/hook/cmake_prefix_path.sh'
[18.395s] Level 1:colcon.colcon_core.environment:checking '/home/eddy/ros2_ws/install/scout_msgs/lib'
[18.395s] Level 1:colcon.colcon_core.shell:create_environment_hook('scout_msgs', 'ld_library_path_lib')
[18.396s] INFO:colcon.colcon_core.shell:Creating environment hook '/home/eddy/ros2_ws/install/scout_msgs/share/scout_msgs/hook/ld_library_path_lib.ps1'
[18.396s] INFO:colcon.colcon_core.shell:Creating environment descriptor '/home/eddy/ros2_ws/install/scout_msgs/share/scout_msgs/hook/ld_library_path_lib.dsv'
[18.396s] INFO:colcon.colcon_core.shell:Creating environment hook '/home/eddy/ros2_ws/install/scout_msgs/share/scout_msgs/hook/ld_library_path_lib.sh'
[18.397s] Level 1:colcon.colcon_core.environment:checking '/home/eddy/ros2_ws/install/scout_msgs/bin'
[18.397s] Level 1:colcon.colcon_core.environment:checking '/home/eddy/ros2_ws/install/scout_msgs/lib/pkgconfig/scout_msgs.pc'
[18.400s] Level 1:colcon.colcon_core.environment:checking '/home/eddy/ros2_ws/install/scout_msgs/lib/python3.10/site-packages'
[18.400s] Level 1:colcon.colcon_core.environment:checking '/home/eddy/ros2_ws/install/scout_msgs/bin'
[18.401s] INFO:colcon.colcon_core.shell:Creating package script '/home/eddy/ros2_ws/install/scout_msgs/share/scout_msgs/package.ps1'
[18.402s] INFO:colcon.colcon_core.shell:Creating package descriptor '/home/eddy/ros2_ws/install/scout_msgs/share/scout_msgs/package.dsv'
[18.404s] INFO:colcon.colcon_core.shell:Creating package script '/home/eddy/ros2_ws/install/scout_msgs/share/scout_msgs/package.sh'
[18.405s] INFO:colcon.colcon_core.shell:Creating package script '/home/eddy/ros2_ws/install/scout_msgs/share/scout_msgs/package.bash'
[18.408s] INFO:colcon.colcon_core.shell:Creating package script '/home/eddy/ros2_ws/install/scout_msgs/share/scout_msgs/package.zsh'
[18.409s] Level 1:colcon.colcon_core.environment:create_file_with_runtime_dependencies(/home/eddy/ros2_ws/install/scout_msgs/share/colcon-core/packages/scout_msgs)
[18.409s] Level 1:colcon.colcon_core.environment:create_environment_scripts_only(scout_msgs)
[18.410s] Level 1:colcon.colcon_core.environment:checking '/home/eddy/ros2_ws/install/scout_msgs' for CMake module files
[18.410s] Level 1:colcon.colcon_core.environment:checking '/home/eddy/ros2_ws/install/scout_msgs' for CMake config files
[18.411s] Level 1:colcon.colcon_core.shell:create_environment_hook('scout_msgs', 'cmake_prefix_path')
[18.411s] INFO:colcon.colcon_core.shell:Creating environment hook '/home/eddy/ros2_ws/install/scout_msgs/share/scout_msgs/hook/cmake_prefix_path.ps1'
[18.411s] INFO:colcon.colcon_core.shell:Creating environment descriptor '/home/eddy/ros2_ws/install/scout_msgs/share/scout_msgs/hook/cmake_prefix_path.dsv'
[18.414s] INFO:colcon.colcon_core.shell:Creating environment hook '/home/eddy/ros2_ws/install/scout_msgs/share/scout_msgs/hook/cmake_prefix_path.sh'
[18.417s] Level 1:colcon.colcon_core.environment:checking '/home/eddy/ros2_ws/install/scout_msgs/lib'
[18.417s] Level 1:colcon.colcon_core.shell:create_environment_hook('scout_msgs', 'ld_library_path_lib')
[18.417s] INFO:colcon.colcon_core.shell:Creating environment hook '/home/eddy/ros2_ws/install/scout_msgs/share/scout_msgs/hook/ld_library_path_lib.ps1'
[18.418s] INFO:colcon.colcon_core.shell:Creating environment descriptor '/home/eddy/ros2_ws/install/scout_msgs/share/scout_msgs/hook/ld_library_path_lib.dsv'
[18.418s] INFO:colcon.colcon_core.shell:Creating environment hook '/home/eddy/ros2_ws/install/scout_msgs/share/scout_msgs/hook/ld_library_path_lib.sh'
[18.421s] Level 1:colcon.colcon_core.environment:checking '/home/eddy/ros2_ws/install/scout_msgs/bin'
[18.421s] Level 1:colcon.colcon_core.environment:checking '/home/eddy/ros2_ws/install/scout_msgs/lib/pkgconfig/scout_msgs.pc'
[18.422s] Level 1:colcon.colcon_core.environment:checking '/home/eddy/ros2_ws/install/scout_msgs/lib/python3.10/site-packages'
[18.422s] Level 1:colcon.colcon_core.environment:checking '/home/eddy/ros2_ws/install/scout_msgs/bin'
[18.422s] INFO:colcon.colcon_core.shell:Creating package script '/home/eddy/ros2_ws/install/scout_msgs/share/scout_msgs/package.ps1'
[18.423s] INFO:colcon.colcon_core.shell:Creating package descriptor '/home/eddy/ros2_ws/install/scout_msgs/share/scout_msgs/package.dsv'
[18.423s] INFO:colcon.colcon_core.shell:Creating package script '/home/eddy/ros2_ws/install/scout_msgs/share/scout_msgs/package.sh'
[18.426s] INFO:colcon.colcon_core.shell:Creating package script '/home/eddy/ros2_ws/install/scout_msgs/share/scout_msgs/package.bash'
[18.427s] INFO:colcon.colcon_core.shell:Creating package script '/home/eddy/ros2_ws/install/scout_msgs/share/scout_msgs/package.zsh'
[18.427s] Level 1:colcon.colcon_core.environment:create_file_with_runtime_dependencies(/home/eddy/ros2_ws/install/scout_msgs/share/colcon-core/packages/scout_msgs)
[18.430s] INFO:colcon.colcon_ros.task.ament_cmake.build:Building ROS package in '/home/eddy/ros2_ws/src/scout_ros2/scout_description' with build type 'ament_cmake'
[18.430s] INFO:colcon.colcon_cmake.task.cmake.build:Building CMake package in '/home/eddy/ros2_ws/src/scout_ros2/scout_description'
[18.430s] INFO:colcon.colcon_core.shell:Skip shell extension 'powershell' for command environment: Not usable outside of PowerShell
[18.431s] DEBUG:colcon.colcon_core.shell:Skip shell extension 'dsv' for command environment
[18.440s] DEBUG:colcon.colcon_core.event_handler.log_command:Invoking command in '/home/eddy/ros2_ws/build/scout_description': CMAKE_PREFIX_PATH=${CMAKE_PREFIX_PATH}:/opt/ros/humble /usr/bin/cmake /home/eddy/ros2_ws/src/scout_ros2/scout_description -DCMAKE_INSTALL_PREFIX=/home/eddy/ros2_ws/install/scout_description
[19.563s] DEBUG:colcon.colcon_core.event_handler.log_command:Invoked command in '/home/eddy/ros2_ws/build/scout_description' returned '0': CMAKE_PREFIX_PATH=${CMAKE_PREFIX_PATH}:/opt/ros/humble /usr/bin/cmake /home/eddy/ros2_ws/src/scout_ros2/scout_description -DCMAKE_INSTALL_PREFIX=/home/eddy/ros2_ws/install/scout_description
[19.563s] DEBUG:colcon.colcon_core.event_handler.log_command:Invoking command in '/home/eddy/ros2_ws/build/scout_description': CMAKE_PREFIX_PATH=${CMAKE_PREFIX_PATH}:/opt/ros/humble /usr/bin/cmake --build /home/eddy/ros2_ws/build/scout_description -- -j2 -l2
[19.638s] DEBUG:colcon.colcon_core.event_handler.log_command:Invoked command in '/home/eddy/ros2_ws/build/scout_description' returned '0': CMAKE_PREFIX_PATH=${CMAKE_PREFIX_PATH}:/opt/ros/humble /usr/bin/cmake --build /home/eddy/ros2_ws/build/scout_description -- -j2 -l2
[19.638s] DEBUG:colcon.colcon_core.event_handler.log_command:Invoking command in '/home/eddy/ros2_ws/build/scout_description': CMAKE_PREFIX_PATH=${CMAKE_PREFIX_PATH}:/opt/ros/humble /usr/bin/cmake --install /home/eddy/ros2_ws/build/scout_description
[19.726s] Level 1:colcon.colcon_core.environment:create_environment_scripts_only(scout_description)
[19.726s] Level 1:colcon.colcon_core.environment:checking '/home/eddy/ros2_ws/install/scout_description' for CMake module files
[19.727s] Level 1:colcon.colcon_core.environment:checking '/home/eddy/ros2_ws/install/scout_description' for CMake config files
[19.727s] Level 1:colcon.colcon_core.shell:create_environment_hook('scout_description', 'cmake_prefix_path')
[19.727s] INFO:colcon.colcon_core.shell:Creating environment hook '/home/eddy/ros2_ws/install/scout_description/share/scout_description/hook/cmake_prefix_path.ps1'
[19.728s] INFO:colcon.colcon_core.shell:Creating environment descriptor '/home/eddy/ros2_ws/install/scout_description/share/scout_description/hook/cmake_prefix_path.dsv'
[19.728s] INFO:colcon.colcon_core.shell:Creating environment hook '/home/eddy/ros2_ws/install/scout_description/share/scout_description/hook/cmake_prefix_path.sh'
[19.733s] Level 1:colcon.colcon_core.environment:checking '/home/eddy/ros2_ws/install/scout_description/bin'
[19.733s] Level 1:colcon.colcon_core.environment:checking '/home/eddy/ros2_ws/install/scout_description/lib/pkgconfig/scout_description.pc'
[19.734s] Level 1:colcon.colcon_core.environment:checking '/home/eddy/ros2_ws/install/scout_description/lib/python3.10/site-packages'
[19.734s] Level 1:colcon.colcon_core.environment:checking '/home/eddy/ros2_ws/install/scout_description/bin'
[19.734s] INFO:colcon.colcon_core.shell:Creating package script '/home/eddy/ros2_ws/install/scout_description/share/scout_description/package.ps1'
[19.735s] INFO:colcon.colcon_core.shell:Creating package descriptor '/home/eddy/ros2_ws/install/scout_description/share/scout_description/package.dsv'
[19.735s] DEBUG:colcon.colcon_core.event_handler.log_command:Invoked command in '/home/eddy/ros2_ws/build/scout_description' returned '0': CMAKE_PREFIX_PATH=${CMAKE_PREFIX_PATH}:/opt/ros/humble /usr/bin/cmake --install /home/eddy/ros2_ws/build/scout_description
[19.736s] INFO:colcon.colcon_core.shell:Creating package script '/home/eddy/ros2_ws/install/scout_description/share/scout_description/package.sh'
[19.736s] INFO:colcon.colcon_core.shell:Creating package script '/home/eddy/ros2_ws/install/scout_description/share/scout_description/package.bash'
[19.736s] INFO:colcon.colcon_core.shell:Creating package script '/home/eddy/ros2_ws/install/scout_description/share/scout_description/package.zsh'
[19.737s] Level 1:colcon.colcon_core.environment:create_file_with_runtime_dependencies(/home/eddy/ros2_ws/install/scout_description/share/colcon-core/packages/scout_description)
[19.739s] Level 1:colcon.colcon_core.environment:create_environment_scripts_only(scout_description)
[19.739s] Level 1:colcon.colcon_core.environment:checking '/home/eddy/ros2_ws/install/scout_description' for CMake module files
[19.740s] Level 1:colcon.colcon_core.environment:checking '/home/eddy/ros2_ws/install/scout_description' for CMake config files
[19.740s] Level 1:colcon.colcon_core.shell:create_environment_hook('scout_description', 'cmake_prefix_path')
[19.740s] INFO:colcon.colcon_core.shell:Creating environment hook '/home/eddy/ros2_ws/install/scout_description/share/scout_description/hook/cmake_prefix_path.ps1'
[19.741s] INFO:colcon.colcon_core.shell:Creating environment descriptor '/home/eddy/ros2_ws/install/scout_description/share/scout_description/hook/cmake_prefix_path.dsv'
[19.741s] INFO:colcon.colcon_core.shell:Creating environment hook '/home/eddy/ros2_ws/install/scout_description/share/scout_description/hook/cmake_prefix_path.sh'
[19.742s] Level 1:colcon.colcon_core.environment:checking '/home/eddy/ros2_ws/install/scout_description/bin'
[19.742s] Level 1:colcon.colcon_core.environment:checking '/home/eddy/ros2_ws/install/scout_description/lib/pkgconfig/scout_description.pc'
[19.742s] Level 1:colcon.colcon_core.environment:checking '/home/eddy/ros2_ws/install/scout_description/lib/python3.10/site-packages'
[19.743s] Level 1:colcon.colcon_core.environment:checking '/home/eddy/ros2_ws/install/scout_description/bin'
[19.743s] INFO:colcon.colcon_core.shell:Creating package script '/home/eddy/ros2_ws/install/scout_description/share/scout_description/package.ps1'
[19.744s] INFO:colcon.colcon_core.shell:Creating package descriptor '/home/eddy/ros2_ws/install/scout_description/share/scout_description/package.dsv'
[19.744s] INFO:colcon.colcon_core.shell:Creating package script '/home/eddy/ros2_ws/install/scout_description/share/scout_description/package.sh'
[19.745s] INFO:colcon.colcon_core.shell:Creating package script '/home/eddy/ros2_ws/install/scout_description/share/scout_description/package.bash'
[19.745s] INFO:colcon.colcon_core.shell:Creating package script '/home/eddy/ros2_ws/install/scout_description/share/scout_description/package.zsh'
[19.746s] Level 1:colcon.colcon_core.environment:create_file_with_runtime_dependencies(/home/eddy/ros2_ws/install/scout_description/share/colcon-core/packages/scout_description)
[22.964s] DEBUG:colcon.colcon_core.event_handler.log_command:Invoked command in '/home/eddy/ros2_ws/build/ugv_sdk' returned '0': /usr/bin/cmake --build /home/eddy/ros2_ws/build/ugv_sdk -- -j2 -l2
[22.964s] DEBUG:colcon.colcon_core.event_handler.log_command:Invoking command in '/home/eddy/ros2_ws/build/ugv_sdk': /usr/bin/cmake --install /home/eddy/ros2_ws/build/ugv_sdk
[22.979s] DEBUG:colcon.colcon_core.event_handler.log_command:Invoked command in '/home/eddy/ros2_ws/build/ugv_sdk' returned '0': /usr/bin/cmake --install /home/eddy/ros2_ws/build/ugv_sdk
[22.980s] Level 1:colcon.colcon_core.shell:create_environment_hook('ugv_sdk', 'ros_package_path')
[22.980s] INFO:colcon.colcon_core.shell:Creating environment hook '/home/eddy/ros2_ws/install/ugv_sdk/share/ugv_sdk/hook/ros_package_path.ps1'
[22.980s] INFO:colcon.colcon_core.shell:Creating environment descriptor '/home/eddy/ros2_ws/install/ugv_sdk/share/ugv_sdk/hook/ros_package_path.dsv'
[22.981s] INFO:colcon.colcon_core.shell:Creating environment hook '/home/eddy/ros2_ws/install/ugv_sdk/share/ugv_sdk/hook/ros_package_path.sh'
[22.981s] Level 1:colcon.colcon_core.shell:create_environment_hook('ugv_sdk', 'pkg_config_path')
[22.981s] INFO:colcon.colcon_core.shell:Creating environment hook '/home/eddy/ros2_ws/install/ugv_sdk/share/ugv_sdk/hook/pkg_config_path.ps1'
[22.982s] INFO:colcon.colcon_core.shell:Creating environment descriptor '/home/eddy/ros2_ws/install/ugv_sdk/share/ugv_sdk/hook/pkg_config_path.dsv'
[22.982s] INFO:colcon.colcon_core.shell:Creating environment hook '/home/eddy/ros2_ws/install/ugv_sdk/share/ugv_sdk/hook/pkg_config_path.sh'
[22.984s] Level 1:colcon.colcon_core.shell:create_environment_hook('ugv_sdk', 'pkg_config_path_multiarch')
[22.984s] INFO:colcon.colcon_core.shell:Creating environment hook '/home/eddy/ros2_ws/install/ugv_sdk/share/ugv_sdk/hook/pkg_config_path_multiarch.ps1'
[22.984s] INFO:colcon.colcon_core.shell:Creating environment descriptor '/home/eddy/ros2_ws/install/ugv_sdk/share/ugv_sdk/hook/pkg_config_path_multiarch.dsv'
[22.985s] INFO:colcon.colcon_core.shell:Creating environment hook '/home/eddy/ros2_ws/install/ugv_sdk/share/ugv_sdk/hook/pkg_config_path_multiarch.sh'
[22.986s] Level 1:colcon.colcon_core.environment:create_environment_scripts_only(ugv_sdk)
[22.986s] Level 1:colcon.colcon_core.environment:checking '/home/eddy/ros2_ws/install/ugv_sdk' for CMake module files
[22.986s] Level 1:colcon.colcon_core.environment:checking '/home/eddy/ros2_ws/install/ugv_sdk' for CMake config files
[22.986s] Level 1:colcon.colcon_core.shell:create_environment_hook('ugv_sdk', 'cmake_prefix_path')
[22.987s] INFO:colcon.colcon_core.shell:Creating environment hook '/home/eddy/ros2_ws/install/ugv_sdk/share/ugv_sdk/hook/cmake_prefix_path.ps1'
[22.987s] INFO:colcon.colcon_core.shell:Creating environment descriptor '/home/eddy/ros2_ws/install/ugv_sdk/share/ugv_sdk/hook/cmake_prefix_path.dsv'
[22.987s] INFO:colcon.colcon_core.shell:Creating environment hook '/home/eddy/ros2_ws/install/ugv_sdk/share/ugv_sdk/hook/cmake_prefix_path.sh'
[22.988s] Level 1:colcon.colcon_core.environment:checking '/home/eddy/ros2_ws/install/ugv_sdk/lib'
[22.988s] Level 1:colcon.colcon_core.environment:checking '/home/eddy/ros2_ws/install/ugv_sdk/bin'
[22.988s] Level 1:colcon.colcon_core.environment:checking '/home/eddy/ros2_ws/install/ugv_sdk/lib/pkgconfig/ugv_sdk.pc'
[22.988s] Level 1:colcon.colcon_core.environment:checking '/home/eddy/ros2_ws/install/ugv_sdk/lib/python3.10/site-packages'
[22.988s] Level 1:colcon.colcon_core.environment:checking '/home/eddy/ros2_ws/install/ugv_sdk/bin'
[22.989s] INFO:colcon.colcon_core.shell:Creating package script '/home/eddy/ros2_ws/install/ugv_sdk/share/ugv_sdk/package.ps1'
[22.989s] INFO:colcon.colcon_core.shell:Creating package descriptor '/home/eddy/ros2_ws/install/ugv_sdk/share/ugv_sdk/package.dsv'
[22.990s] INFO:colcon.colcon_core.shell:Creating package script '/home/eddy/ros2_ws/install/ugv_sdk/share/ugv_sdk/package.sh'
[22.990s] INFO:colcon.colcon_core.shell:Creating package script '/home/eddy/ros2_ws/install/ugv_sdk/share/ugv_sdk/package.bash'
[22.990s] INFO:colcon.colcon_core.shell:Creating package script '/home/eddy/ros2_ws/install/ugv_sdk/share/ugv_sdk/package.zsh'
[22.991s] Level 1:colcon.colcon_core.environment:create_file_with_runtime_dependencies(/home/eddy/ros2_ws/install/ugv_sdk/share/colcon-core/packages/ugv_sdk)
[22.991s] INFO:colcon.colcon_ros.task.ament_cmake.build:Building ROS package in '/home/eddy/ros2_ws/src/scout_ros2/scout_base' with build type 'ament_cmake'
[22.992s] INFO:colcon.colcon_cmake.task.cmake.build:Building CMake package in '/home/eddy/ros2_ws/src/scout_ros2/scout_base'
[22.992s] INFO:colcon.colcon_core.shell:Skip shell extension 'powershell' for command environment: Not usable outside of PowerShell
[22.992s] DEBUG:colcon.colcon_core.shell:Skip shell extension 'dsv' for command environment
[23.003s] DEBUG:colcon.colcon_core.event_handler.log_command:Invoking command in '/home/eddy/ros2_ws/build/scout_base': CMAKE_PREFIX_PATH=/opt/ros/humble:${CMAKE_PREFIX_PATH} /usr/bin/cmake /home/eddy/ros2_ws/src/scout_ros2/scout_base -DCMAKE_INSTALL_PREFIX=/home/eddy/ros2_ws/install/scout_base
[24.165s] DEBUG:colcon.colcon_core.event_handler.log_command:Invoked command in '/home/eddy/ros2_ws/build/scout_base' returned '0': CMAKE_PREFIX_PATH=/opt/ros/humble:${CMAKE_PREFIX_PATH} /usr/bin/cmake /home/eddy/ros2_ws/src/scout_ros2/scout_base -DCMAKE_INSTALL_PREFIX=/home/eddy/ros2_ws/install/scout_base
[24.165s] DEBUG:colcon.colcon_core.event_handler.log_command:Invoking command in '/home/eddy/ros2_ws/build/scout_base': CMAKE_PREFIX_PATH=/opt/ros/humble:${CMAKE_PREFIX_PATH} /usr/bin/cmake --build /home/eddy/ros2_ws/build/scout_base -- -j2 -l2
[26.967s] DEBUG:colcon.colcon_core.event_handler.log_command:Invoked command in '/home/eddy/ros2_ws/build/scout_base' returned '2': CMAKE_PREFIX_PATH=/opt/ros/humble:${CMAKE_PREFIX_PATH} /usr/bin/cmake --build /home/eddy/ros2_ws/build/scout_base -- -j2 -l2
[26.968s] Level 1:colcon.colcon_core.environment:create_environment_scripts_only(scout_base)
[26.968s] Level 1:colcon.colcon_core.environment:checking '/home/eddy/ros2_ws/install/scout_base' for CMake module files
[26.968s] Level 1:colcon.colcon_core.environment:checking '/home/eddy/ros2_ws/install/scout_base' for CMake config files
[26.969s] Level 1:colcon.colcon_core.environment:checking '/home/eddy/ros2_ws/install/scout_base/bin'
[26.969s] Level 1:colcon.colcon_core.environment:checking '/home/eddy/ros2_ws/install/scout_base/lib/pkgconfig/scout_base.pc'
[26.969s] Level 1:colcon.colcon_core.environment:checking '/home/eddy/ros2_ws/install/scout_base/lib/python3.10/site-packages'
[26.969s] Level 1:colcon.colcon_core.environment:checking '/home/eddy/ros2_ws/install/scout_base/bin'
[26.970s] INFO:colcon.colcon_core.shell:Creating package script '/home/eddy/ros2_ws/install/scout_base/share/scout_base/package.ps1'
[26.970s] INFO:colcon.colcon_core.shell:Creating package descriptor '/home/eddy/ros2_ws/install/scout_base/share/scout_base/package.dsv'
[26.971s] INFO:colcon.colcon_core.shell:Creating package script '/home/eddy/ros2_ws/install/scout_base/share/scout_base/package.sh'
[26.971s] INFO:colcon.colcon_core.shell:Creating package script '/home/eddy/ros2_ws/install/scout_base/share/scout_base/package.bash'
[26.971s] INFO:colcon.colcon_core.shell:Creating package script '/home/eddy/ros2_ws/install/scout_base/share/scout_base/package.zsh'
[26.972s] Level 1:colcon.colcon_core.environment:create_file_with_runtime_dependencies(/home/eddy/ros2_ws/install/scout_base/share/colcon-core/packages/scout_base)
[26.983s] DEBUG:colcon.colcon_parallel_executor.executor.parallel:closing loop
[26.983s] DEBUG:colcon.colcon_parallel_executor.executor.parallel:loop closed
[26.983s] DEBUG:colcon.colcon_parallel_executor.executor.parallel:run_until_complete finished with '2'
[26.983s] DEBUG:colcon.colcon_core.event_reactor:joining thread
[26.990s] INFO:colcon.colcon_core.plugin_system:Skipping extension 'colcon_notification.desktop_notification.terminal_notifier': Not used on non-Darwin systems
[26.990s] INFO:colcon.colcon_core.plugin_system:Skipping extension 'colcon_notification.desktop_notification.win32': Not used on non-Windows systems
[26.990s] INFO:colcon.colcon_notification.desktop_notification:Sending desktop notification using 'notify2'
[27.007s] DEBUG:colcon.colcon_core.event_reactor:joined thread
[27.008s] INFO:colcon.colcon_core.shell:Creating prefix script '/home/eddy/ros2_ws/install/local_setup.ps1'
[27.009s] INFO:colcon.colcon_core.shell:Creating prefix util module '/home/eddy/ros2_ws/install/_local_setup_util_ps1.py'
[27.011s] INFO:colcon.colcon_core.shell:Creating prefix chain script '/home/eddy/ros2_ws/install/setup.ps1'
[27.013s] INFO:colcon.colcon_core.shell:Creating prefix script '/home/eddy/ros2_ws/install/local_setup.sh'
[27.014s] INFO:colcon.colcon_core.shell:Creating prefix util module '/home/eddy/ros2_ws/install/_local_setup_util_sh.py'
[27.015s] INFO:colcon.colcon_core.shell:Creating prefix chain script '/home/eddy/ros2_ws/install/setup.sh'
[27.016s] INFO:colcon.colcon_core.shell:Creating prefix script '/home/eddy/ros2_ws/install/local_setup.bash'
[27.016s] INFO:colcon.colcon_core.shell:Creating prefix chain script '/home/eddy/ros2_ws/install/setup.bash'
[27.017s] INFO:colcon.colcon_core.shell:Creating prefix script '/home/eddy/ros2_ws/install/local_setup.zsh'
[27.018s] INFO:colcon.colcon_core.shell:Creating prefix chain script '/home/eddy/ros2_ws/install/setup.zsh'
