running develop
Removing /home/eddy/ros2_ws/install/scout_robot/lib/python3.10/site-packages/scout-robot.egg-link (link to .)
running egg_info
writing ../../build/scout_robot/scout_robot.egg-info/PKG-INFO
writing dependency_links to ../../build/scout_robot/scout_robot.egg-info/dependency_links.txt
writing entry points to ../../build/scout_robot/scout_robot.egg-info/entry_points.txt
writing requirements to ../../build/scout_robot/scout_robot.egg-info/requires.txt
writing top-level names to ../../build/scout_robot/scout_robot.egg-info/top_level.txt
reading manifest file '../../build/scout_robot/scout_robot.egg-info/SOURCES.txt'
writing manifest file '../../build/scout_robot/scout_robot.egg-info/SOURCES.txt'
running build
running build_py
creating /home/eddy/ros2_ws/build/scout_robot/build
creating /home/eddy/ros2_ws/build/scout_robot/build/lib
creating /home/eddy/ros2_ws/build/scout_robot/build/lib/scout_robot
copying scout_robot/nav2_commander.py -> /home/eddy/ros2_ws/build/scout_robot/build/lib/scout_robot
copying scout_robot/amcl_reset_node.py -> /home/eddy/ros2_ws/build/scout_robot/build/lib/scout_robot
copying scout_robot/robot_rotator_node.py -> /home/eddy/ros2_ws/build/scout_robot/build/lib/scout_robot
copying scout_robot/aruco.py -> /home/eddy/ros2_ws/build/scout_robot/build/lib/scout_robot
copying scout_robot/__init__.py -> /home/eddy/ros2_ws/build/scout_robot/build/lib/scout_robot
copying scout_robot/assign_order_node.py -> /home/eddy/ros2_ws/build/scout_robot/build/lib/scout_robot
copying scout_robot/qr_detector_node.py -> /home/eddy/ros2_ws/build/scout_robot/build/lib/scout_robot
running install
running install_lib
creating /home/eddy/ros2_ws/install/scout_robot/lib/python3.10/site-packages/scout_robot
copying /home/eddy/ros2_ws/build/scout_robot/build/lib/scout_robot/nav2_commander.py -> /home/eddy/ros2_ws/install/scout_robot/lib/python3.10/site-packages/scout_robot
copying /home/eddy/ros2_ws/build/scout_robot/build/lib/scout_robot/amcl_reset_node.py -> /home/eddy/ros2_ws/install/scout_robot/lib/python3.10/site-packages/scout_robot
copying /home/eddy/ros2_ws/build/scout_robot/build/lib/scout_robot/robot_rotator_node.py -> /home/eddy/ros2_ws/install/scout_robot/lib/python3.10/site-packages/scout_robot
copying /home/eddy/ros2_ws/build/scout_robot/build/lib/scout_robot/aruco.py -> /home/eddy/ros2_ws/install/scout_robot/lib/python3.10/site-packages/scout_robot
copying /home/eddy/ros2_ws/build/scout_robot/build/lib/scout_robot/__init__.py -> /home/eddy/ros2_ws/install/scout_robot/lib/python3.10/site-packages/scout_robot
copying /home/eddy/ros2_ws/build/scout_robot/build/lib/scout_robot/assign_order_node.py -> /home/eddy/ros2_ws/install/scout_robot/lib/python3.10/site-packages/scout_robot
copying /home/eddy/ros2_ws/build/scout_robot/build/lib/scout_robot/qr_detector_node.py -> /home/eddy/ros2_ws/install/scout_robot/lib/python3.10/site-packages/scout_robot
byte-compiling /home/eddy/ros2_ws/install/scout_robot/lib/python3.10/site-packages/scout_robot/nav2_commander.py to nav2_commander.cpython-310.pyc
byte-compiling /home/eddy/ros2_ws/install/scout_robot/lib/python3.10/site-packages/scout_robot/amcl_reset_node.py to amcl_reset_node.cpython-310.pyc
byte-compiling /home/eddy/ros2_ws/install/scout_robot/lib/python3.10/site-packages/scout_robot/robot_rotator_node.py to robot_rotator_node.cpython-310.pyc
byte-compiling /home/eddy/ros2_ws/install/scout_robot/lib/python3.10/site-packages/scout_robot/aruco.py to aruco.cpython-310.pyc
byte-compiling /home/eddy/ros2_ws/install/scout_robot/lib/python3.10/site-packages/scout_robot/__init__.py to __init__.cpython-310.pyc
byte-compiling /home/eddy/ros2_ws/install/scout_robot/lib/python3.10/site-packages/scout_robot/assign_order_node.py to assign_order_node.cpython-310.pyc
byte-compiling /home/eddy/ros2_ws/install/scout_robot/lib/python3.10/site-packages/scout_robot/qr_detector_node.py to qr_detector_node.cpython-310.pyc
running install_data
copying resource/scout_robot -> /home/eddy/ros2_ws/install/scout_robot/share/ament_index/resource_index/packages
copying package.xml -> /home/eddy/ros2_ws/install/scout_robot/share/scout_robot
copying rooms.yaml -> /home/eddy/ros2_ws/install/scout_robot/share/scout_robot
copying launch/scout_main_launch.py -> /home/eddy/ros2_ws/install/scout_robot/share/scout_robot/launch
running install_egg_info
Copying ../../build/scout_robot/scout_robot.egg-info to /home/eddy/ros2_ws/install/scout_robot/lib/python3.10/site-packages/scout_robot-0.0.0-py3.10.egg-info
running install_scripts
Installing aruco_detector script to /home/eddy/ros2_ws/install/scout_robot/lib/scout_robot
Installing assign_order_node script to /home/eddy/ros2_ws/install/scout_robot/lib/scout_robot
Installing nav2_commander script to /home/eddy/ros2_ws/install/scout_robot/lib/scout_robot
Installing qr_detector script to /home/eddy/ros2_ws/install/scout_robot/lib/scout_robot
writing list of installed files to '/home/eddy/ros2_ws/build/scout_robot/install.log'
