[0.777s] Invoking command in '/home/eddy/ros2_ws/build/scout_robot': PYTHONPATH=/home/eddy/ros2_ws/build/scout_robot/prefix_override:/usr/lib/python3/dist-packages/colcon_core/task/python/colcon_distutils_commands:/home/eddy/ros2_ws/install/scout_robot/lib/python3.10/site-packages:${PYTHONPATH} /usr/bin/python3 -W ignore:setup.py install is deprecated -W ignore:easy_install command is deprecated setup.py develop --uninstall --editable --build-directory /home/eddy/ros2_ws/build/scout_robot/build
[1.173s] running develop
[1.407s] Removing /home/eddy/ros2_ws/install/scout_robot/lib/python3.10/site-packages/scout-robot.egg-link (link to .)
[1.437s] Invoked command in '/home/eddy/ros2_ws/build/scout_robot' returned '0': PYTHONPATH=/home/eddy/ros2_ws/build/scout_robot/prefix_override:/usr/lib/python3/dist-packages/colcon_core/task/python/colcon_distutils_commands:/home/eddy/ros2_ws/install/scout_robot/lib/python3.10/site-packages:${PYTHONPATH} /usr/bin/python3 -W ignore:setup.py install is deprecated -W ignore:easy_install command is deprecated setup.py develop --uninstall --editable --build-directory /home/eddy/ros2_ws/build/scout_robot/build
[1.437s] Invoking command in '/home/eddy/ros2_ws/src/scout_robot': PYTHONPATH=/home/eddy/ros2_ws/build/scout_robot/prefix_override:/usr/lib/python3/dist-packages/colcon_core/task/python/colcon_distutils_commands:/home/eddy/ros2_ws/install/scout_robot/lib/python3.10/site-packages:${PYTHONPATH} /usr/bin/python3 -W ignore:setup.py install is deprecated -W ignore:easy_install command is deprecated setup.py egg_info --egg-base ../../build/scout_robot build --build-base /home/eddy/ros2_ws/build/scout_robot/build install --record /home/eddy/ros2_ws/build/scout_robot/install.log --single-version-externally-managed install_data --force
[1.720s] running egg_info
[1.720s] writing ../../build/scout_robot/scout_robot.egg-info/PKG-INFO
[1.721s] writing dependency_links to ../../build/scout_robot/scout_robot.egg-info/dependency_links.txt
[1.721s] writing entry points to ../../build/scout_robot/scout_robot.egg-info/entry_points.txt
[1.721s] writing requirements to ../../build/scout_robot/scout_robot.egg-info/requires.txt
[1.721s] writing top-level names to ../../build/scout_robot/scout_robot.egg-info/top_level.txt
[1.723s] reading manifest file '../../build/scout_robot/scout_robot.egg-info/SOURCES.txt'
[1.724s] writing manifest file '../../build/scout_robot/scout_robot.egg-info/SOURCES.txt'
[1.724s] running build
[1.724s] running build_py
[1.725s] creating /home/eddy/ros2_ws/build/scout_robot/build
[1.725s] creating /home/eddy/ros2_ws/build/scout_robot/build/lib
[1.725s] creating /home/eddy/ros2_ws/build/scout_robot/build/lib/scout_robot
[1.725s] copying scout_robot/nav2_commander.py -> /home/eddy/ros2_ws/build/scout_robot/build/lib/scout_robot
[1.725s] copying scout_robot/amcl_reset_node.py -> /home/eddy/ros2_ws/build/scout_robot/build/lib/scout_robot
[1.725s] copying scout_robot/robot_rotator_node.py -> /home/eddy/ros2_ws/build/scout_robot/build/lib/scout_robot
[1.725s] copying scout_robot/aruco.py -> /home/eddy/ros2_ws/build/scout_robot/build/lib/scout_robot
[1.725s] copying scout_robot/__init__.py -> /home/eddy/ros2_ws/build/scout_robot/build/lib/scout_robot
[1.725s] copying scout_robot/assign_order_node.py -> /home/eddy/ros2_ws/build/scout_robot/build/lib/scout_robot
[1.725s] copying scout_robot/qr_detector_node.py -> /home/eddy/ros2_ws/build/scout_robot/build/lib/scout_robot
[1.726s] running install
[1.726s] running install_lib
[1.727s] creating /home/eddy/ros2_ws/install/scout_robot/lib/python3.10/site-packages/scout_robot
[1.727s] copying /home/eddy/ros2_ws/build/scout_robot/build/lib/scout_robot/nav2_commander.py -> /home/eddy/ros2_ws/install/scout_robot/lib/python3.10/site-packages/scout_robot
[1.727s] copying /home/eddy/ros2_ws/build/scout_robot/build/lib/scout_robot/amcl_reset_node.py -> /home/eddy/ros2_ws/install/scout_robot/lib/python3.10/site-packages/scout_robot
[1.727s] copying /home/eddy/ros2_ws/build/scout_robot/build/lib/scout_robot/robot_rotator_node.py -> /home/eddy/ros2_ws/install/scout_robot/lib/python3.10/site-packages/scout_robot
[1.727s] copying /home/eddy/ros2_ws/build/scout_robot/build/lib/scout_robot/aruco.py -> /home/eddy/ros2_ws/install/scout_robot/lib/python3.10/site-packages/scout_robot
[1.727s] copying /home/eddy/ros2_ws/build/scout_robot/build/lib/scout_robot/__init__.py -> /home/eddy/ros2_ws/install/scout_robot/lib/python3.10/site-packages/scout_robot
[1.728s] copying /home/eddy/ros2_ws/build/scout_robot/build/lib/scout_robot/assign_order_node.py -> /home/eddy/ros2_ws/install/scout_robot/lib/python3.10/site-packages/scout_robot
[1.728s] copying /home/eddy/ros2_ws/build/scout_robot/build/lib/scout_robot/qr_detector_node.py -> /home/eddy/ros2_ws/install/scout_robot/lib/python3.10/site-packages/scout_robot
[1.728s] byte-compiling /home/eddy/ros2_ws/install/scout_robot/lib/python3.10/site-packages/scout_robot/nav2_commander.py to nav2_commander.cpython-310.pyc
[1.730s] byte-compiling /home/eddy/ros2_ws/install/scout_robot/lib/python3.10/site-packages/scout_robot/amcl_reset_node.py to amcl_reset_node.cpython-310.pyc
[1.731s] byte-compiling /home/eddy/ros2_ws/install/scout_robot/lib/python3.10/site-packages/scout_robot/robot_rotator_node.py to robot_rotator_node.cpython-310.pyc
[1.731s] byte-compiling /home/eddy/ros2_ws/install/scout_robot/lib/python3.10/site-packages/scout_robot/aruco.py to aruco.cpython-310.pyc
[1.732s] byte-compiling /home/eddy/ros2_ws/install/scout_robot/lib/python3.10/site-packages/scout_robot/__init__.py to __init__.cpython-310.pyc
[1.732s] byte-compiling /home/eddy/ros2_ws/install/scout_robot/lib/python3.10/site-packages/scout_robot/assign_order_node.py to assign_order_node.cpython-310.pyc
[1.732s] byte-compiling /home/eddy/ros2_ws/install/scout_robot/lib/python3.10/site-packages/scout_robot/qr_detector_node.py to qr_detector_node.cpython-310.pyc
[1.734s] running install_data
[1.735s] copying resource/scout_robot -> /home/eddy/ros2_ws/install/scout_robot/share/ament_index/resource_index/packages
[1.735s] copying package.xml -> /home/eddy/ros2_ws/install/scout_robot/share/scout_robot
[1.735s] copying rooms.yaml -> /home/eddy/ros2_ws/install/scout_robot/share/scout_robot
[1.735s] copying launch/scout_main_launch.py -> /home/eddy/ros2_ws/install/scout_robot/share/scout_robot/launch
[1.735s] running install_egg_info
[1.740s] Copying ../../build/scout_robot/scout_robot.egg-info to /home/eddy/ros2_ws/install/scout_robot/lib/python3.10/site-packages/scout_robot-0.0.0-py3.10.egg-info
[1.740s] running install_scripts
[1.761s] Installing aruco_detector script to /home/eddy/ros2_ws/install/scout_robot/lib/scout_robot
[1.761s] Installing assign_order_node script to /home/eddy/ros2_ws/install/scout_robot/lib/scout_robot
[1.761s] Installing nav2_commander script to /home/eddy/ros2_ws/install/scout_robot/lib/scout_robot
[1.762s] Installing qr_detector script to /home/eddy/ros2_ws/install/scout_robot/lib/scout_robot
[1.762s] writing list of installed files to '/home/eddy/ros2_ws/build/scout_robot/install.log'
[1.791s] Invoked command in '/home/eddy/ros2_ws/src/scout_robot' returned '0': PYTHONPATH=/home/eddy/ros2_ws/build/scout_robot/prefix_override:/usr/lib/python3/dist-packages/colcon_core/task/python/colcon_distutils_commands:/home/eddy/ros2_ws/install/scout_robot/lib/python3.10/site-packages:${PYTHONPATH} /usr/bin/python3 -W ignore:setup.py install is deprecated -W ignore:easy_install command is deprecated setup.py egg_info --egg-base ../../build/scout_robot build --build-base /home/eddy/ros2_ws/build/scout_robot/build install --record /home/eddy/ros2_ws/build/scout_robot/install.log --single-version-externally-managed install_data --force
