running egg_info
writing ../../build/scout_robot/scout_robot.egg-info/PKG-INFO
writing dependency_links to ../../build/scout_robot/scout_robot.egg-info/dependency_links.txt
writing entry points to ../../build/scout_robot/scout_robot.egg-info/entry_points.txt
writing requirements to ../../build/scout_robot/scout_robot.egg-info/requires.txt
writing top-level names to ../../build/scout_robot/scout_robot.egg-info/top_level.txt
reading manifest file '../../build/scout_robot/scout_robot.egg-info/SOURCES.txt'
writing manifest file '../../build/scout_robot/scout_robot.egg-info/SOURCES.txt'
running build
running build_py
copying scout_robot/qr_detector_node.py -> /home/eddy/ros2_ws/build/scout_robot/build/lib/scout_robot
running install
running install_lib
copying /home/eddy/ros2_ws/build/scout_robot/build/lib/scout_robot/qr_detector_node.py -> /home/eddy/ros2_ws/install/scout_robot/lib/python3.10/site-packages/scout_robot
byte-compiling /home/eddy/ros2_ws/install/scout_robot/lib/python3.10/site-packages/scout_robot/qr_detector_node.py to qr_detector_node.cpython-310.pyc
running install_data
running install_egg_info
removing '/home/eddy/ros2_ws/install/scout_robot/lib/python3.10/site-packages/scout_robot-0.0.0-py3.10.egg-info' (and everything under it)
Copying ../../build/scout_robot/scout_robot.egg-info to /home/eddy/ros2_ws/install/scout_robot/lib/python3.10/site-packages/scout_robot-0.0.0-py3.10.egg-info
running install_scripts
Installing aruco_detector script to /home/eddy/ros2_ws/install/scout_robot/lib/scout_robot
Installing assign_order_node script to /home/eddy/ros2_ws/install/scout_robot/lib/scout_robot
Installing nav2_commander script to /home/eddy/ros2_ws/install/scout_robot/lib/scout_robot
Installing qr_detector script to /home/eddy/ros2_ws/install/scout_robot/lib/scout_robot
writing list of installed files to '/home/eddy/ros2_ws/build/scout_robot/install.log'
