[1.092s] Invoking command in '/home/eddy/ros2_ws/src/scout_robot': PYTHONPATH=/home/eddy/ros2_ws/build/scout_robot/prefix_override:/usr/lib/python3/dist-packages/colcon_core/task/python/colcon_distutils_commands:/home/eddy/ros2_ws/install/scout_robot/lib/python3.10/site-packages:${PYTHONPATH} VIRTUAL_ENV_PROMPT=(myvenv) /usr/bin/python3 -W ignore:setup.py install is deprecated -W ignore:easy_install command is deprecated setup.py egg_info --egg-base ../../build/scout_robot build --build-base /home/eddy/ros2_ws/build/scout_robot/build install --record /home/eddy/ros2_ws/build/scout_robot/install.log --single-version-externally-managed install_data
[1.522s] running egg_info
[1.523s] writing ../../build/scout_robot/scout_robot.egg-info/PKG-INFO
[1.524s] writing dependency_links to ../../build/scout_robot/scout_robot.egg-info/dependency_links.txt
[1.524s] writing entry points to ../../build/scout_robot/scout_robot.egg-info/entry_points.txt
[1.524s] writing requirements to ../../build/scout_robot/scout_robot.egg-info/requires.txt
[1.526s] writing top-level names to ../../build/scout_robot/scout_robot.egg-info/top_level.txt
[1.527s] reading manifest file '../../build/scout_robot/scout_robot.egg-info/SOURCES.txt'
[1.531s] writing manifest file '../../build/scout_robot/scout_robot.egg-info/SOURCES.txt'
[1.531s] running build
[1.531s] running build_py
[1.531s] copying scout_robot/qr_detector_node.py -> /home/eddy/ros2_ws/build/scout_robot/build/lib/scout_robot
[1.532s] running install
[1.532s] running install_lib
[1.532s] copying /home/eddy/ros2_ws/build/scout_robot/build/lib/scout_robot/qr_detector_node.py -> /home/eddy/ros2_ws/install/scout_robot/lib/python3.10/site-packages/scout_robot
[1.538s] byte-compiling /home/eddy/ros2_ws/install/scout_robot/lib/python3.10/site-packages/scout_robot/qr_detector_node.py to qr_detector_node.cpython-310.pyc
[1.538s] running install_data
[1.538s] running install_egg_info
[1.538s] removing '/home/eddy/ros2_ws/install/scout_robot/lib/python3.10/site-packages/scout_robot-0.0.0-py3.10.egg-info' (and everything under it)
[1.542s] Copying ../../build/scout_robot/scout_robot.egg-info to /home/eddy/ros2_ws/install/scout_robot/lib/python3.10/site-packages/scout_robot-0.0.0-py3.10.egg-info
[1.547s] running install_scripts
[1.577s] Installing aruco_detector script to /home/eddy/ros2_ws/install/scout_robot/lib/scout_robot
[1.579s] Installing assign_order_node script to /home/eddy/ros2_ws/install/scout_robot/lib/scout_robot
[1.579s] Installing nav2_commander script to /home/eddy/ros2_ws/install/scout_robot/lib/scout_robot
[1.579s] Installing qr_detector script to /home/eddy/ros2_ws/install/scout_robot/lib/scout_robot
[1.582s] writing list of installed files to '/home/eddy/ros2_ws/build/scout_robot/install.log'
[1.616s] Invoked command in '/home/eddy/ros2_ws/src/scout_robot' returned '0': PYTHONPATH=/home/eddy/ros2_ws/build/scout_robot/prefix_override:/usr/lib/python3/dist-packages/colcon_core/task/python/colcon_distutils_commands:/home/eddy/ros2_ws/install/scout_robot/lib/python3.10/site-packages:${PYTHONPATH} VIRTUAL_ENV_PROMPT=(myvenv) /usr/bin/python3 -W ignore:setup.py install is deprecated -W ignore:easy_install command is deprecated setup.py egg_info --egg-base ../../build/scout_robot build --build-base /home/eddy/ros2_ws/build/scout_robot/build install --record /home/eddy/ros2_ws/build/scout_robot/install.log --single-version-externally-managed install_data
