[0.016s] Invoking command in '/home/eddy/ros2_ws/build/scout_msgs': CMAKE_PREFIX_PATH=/opt/ros/humble:${CMAKE_PREFIX_PATH} /usr/bin/cmake --build /home/eddy/ros2_ws/build/scout_msgs -- -j2 -l2
[0.057s] [35m[1mConsolidate compiler generated dependencies of target scout_msgs__rosidl_generator_c[0m
[0.069s] [ 11%] Built target scout_msgs__rosidl_generator_c
[0.074s] [ 12%] Built target scout_msgs__cpp
[0.093s] [35m[1mConsolidate compiler generated dependencies of target scout_msgs__rosidl_typesupport_cpp[0m
[0.100s] [ 12%] Built target ament_cmake_python_copy_scout_msgs
[0.107s] [35m[1mConsolidate compiler generated dependencies of target scout_msgs__rosidl_typesupport_fastrtps_c[0m
[0.110s] [ 23%] Built target scout_msgs__rosidl_typesupport_cpp
[0.126s] [35m[1mConsolidate compiler generated dependencies of target scout_msgs__rosidl_typesupport_fastrtps_cpp[0m
[0.132s] [ 34%] Built target scout_msgs__rosidl_typesupport_fastrtps_c
[0.149s] [ 46%] Built target scout_msgs__rosidl_typesupport_fastrtps_cpp
[0.154s] [35m[1mConsolidate compiler generated dependencies of target scout_msgs__rosidl_typesupport_introspection_c[0m
[0.166s] [ 57%] Built target scout_msgs__rosidl_typesupport_introspection_c
[0.174s] [35m[1mConsolidate compiler generated dependencies of target scout_msgs__rosidl_typesupport_c[0m
[0.175s] [35m[1mConsolidate compiler generated dependencies of target scout_msgs__rosidl_typesupport_introspection_cpp[0m
[0.195s] [ 68%] Built target scout_msgs__rosidl_typesupport_c
[0.201s] [ 79%] Built target scout_msgs__rosidl_typesupport_introspection_cpp
[0.239s] [ 79%] Built target scout_msgs
[0.275s] [ 80%] Built target scout_msgs__py
[0.292s] [35m[1mConsolidate compiler generated dependencies of target scout_msgs__rosidl_generator_py[0m
[0.319s] [ 90%] Built target scout_msgs__rosidl_generator_py
[0.340s] [35m[1mConsolidate compiler generated dependencies of target scout_msgs__rosidl_typesupport_fastrtps_c__pyext[0m
[0.362s] [ 93%] Built target scout_msgs__rosidl_typesupport_fastrtps_c__pyext
[0.376s] [35m[1mConsolidate compiler generated dependencies of target scout_msgs__rosidl_typesupport_introspection_c__pyext[0m
[0.396s] [ 96%] Built target scout_msgs__rosidl_typesupport_introspection_c__pyext
[0.411s] [35m[1mConsolidate compiler generated dependencies of target scout_msgs__rosidl_typesupport_c__pyext[0m
[0.424s] [100%] Built target scout_msgs__rosidl_typesupport_c__pyext
[0.498s] running egg_info
[0.498s] writing scout_msgs.egg-info/PKG-INFO
[0.499s] writing dependency_links to scout_msgs.egg-info/dependency_links.txt
[0.500s] writing top-level names to scout_msgs.egg-info/top_level.txt
[0.502s] reading manifest file 'scout_msgs.egg-info/SOURCES.txt'
[0.503s] writing manifest file 'scout_msgs.egg-info/SOURCES.txt'
[0.531s] [100%] Built target ament_cmake_python_build_scout_msgs_egg
[0.541s] Invoked command in '/home/eddy/ros2_ws/build/scout_msgs' returned '0': CMAKE_PREFIX_PATH=/opt/ros/humble:${CMAKE_PREFIX_PATH} /usr/bin/cmake --build /home/eddy/ros2_ws/build/scout_msgs -- -j2 -l2
[0.543s] Invoking command in '/home/eddy/ros2_ws/build/scout_msgs': CMAKE_PREFIX_PATH=/opt/ros/humble:${CMAKE_PREFIX_PATH} /usr/bin/cmake --install /home/eddy/ros2_ws/build/scout_msgs
[0.550s] -- Install configuration: ""
[0.550s] -- Up-to-date: /home/eddy/ros2_ws/install/scout_msgs/share/ament_index/resource_index/rosidl_interfaces/scout_msgs
[0.550s] -- Up-to-date: /home/eddy/ros2_ws/install/scout_msgs/include/scout_msgs/scout_msgs
[0.550s] -- Up-to-date: /home/eddy/ros2_ws/install/scout_msgs/include/scout_msgs/scout_msgs/msg
[0.551s] -- Up-to-date: /home/eddy/ros2_ws/install/scout_msgs/include/scout_msgs/scout_msgs/msg/rosidl_generator_c__visibility_control.h
[0.551s] -- Up-to-date: /home/eddy/ros2_ws/install/scout_msgs/include/scout_msgs/scout_msgs/msg/scout_status.h
[0.551s] -- Up-to-date: /home/eddy/ros2_ws/install/scout_msgs/include/scout_msgs/scout_msgs/msg/scout_light_state.h
[0.551s] -- Up-to-date: /home/eddy/ros2_ws/install/scout_msgs/include/scout_msgs/scout_msgs/msg/scout_rc_state.h
[0.551s] -- Up-to-date: /home/eddy/ros2_ws/install/scout_msgs/include/scout_msgs/scout_msgs/msg/scout_light_cmd.h
[0.551s] -- Up-to-date: /home/eddy/ros2_ws/install/scout_msgs/include/scout_msgs/scout_msgs/msg/detail
[0.551s] -- Up-to-date: /home/eddy/ros2_ws/install/scout_msgs/include/scout_msgs/scout_msgs/msg/detail/scout_light_cmd__struct.h
[0.551s] -- Up-to-date: /home/eddy/ros2_ws/install/scout_msgs/include/scout_msgs/scout_msgs/msg/detail/scout_light_state__struct.h
[0.551s] -- Up-to-date: /home/eddy/ros2_ws/install/scout_msgs/include/scout_msgs/scout_msgs/msg/detail/scout_status__functions.h
[0.551s] -- Up-to-date: /home/eddy/ros2_ws/install/scout_msgs/include/scout_msgs/scout_msgs/msg/detail/scout_rc_state__functions.c
[0.551s] -- Up-to-date: /home/eddy/ros2_ws/install/scout_msgs/include/scout_msgs/scout_msgs/msg/detail/scout_light_cmd__functions.c
[0.551s] -- Up-to-date: /home/eddy/ros2_ws/install/scout_msgs/include/scout_msgs/scout_msgs/msg/detail/scout_light_state__functions.h
[0.551s] -- Up-to-date: /home/eddy/ros2_ws/install/scout_msgs/include/scout_msgs/scout_msgs/msg/detail/scout_status__struct.h
[0.551s] -- Up-to-date: /home/eddy/ros2_ws/install/scout_msgs/include/scout_msgs/scout_msgs/msg/detail/scout_status__type_support.h
[0.551s] -- Up-to-date: /home/eddy/ros2_ws/install/scout_msgs/include/scout_msgs/scout_msgs/msg/detail/scout_rc_state__struct.h
[0.551s] -- Up-to-date: /home/eddy/ros2_ws/install/scout_msgs/include/scout_msgs/scout_msgs/msg/detail/scout_rc_state__type_support.h
[0.552s] -- Up-to-date: /home/eddy/ros2_ws/install/scout_msgs/include/scout_msgs/scout_msgs/msg/detail/scout_actuator_state__type_support.h
[0.552s] -- Up-to-date: /home/eddy/ros2_ws/install/scout_msgs/include/scout_msgs/scout_msgs/msg/detail/scout_light_cmd__type_support.h
[0.552s] -- Up-to-date: /home/eddy/ros2_ws/install/scout_msgs/include/scout_msgs/scout_msgs/msg/detail/scout_light_state__functions.c
[0.552s] -- Up-to-date: /home/eddy/ros2_ws/install/scout_msgs/include/scout_msgs/scout_msgs/msg/detail/scout_status__functions.c
[0.552s] -- Up-to-date: /home/eddy/ros2_ws/install/scout_msgs/include/scout_msgs/scout_msgs/msg/detail/scout_light_state__type_support.h
[0.552s] -- Up-to-date: /home/eddy/ros2_ws/install/scout_msgs/include/scout_msgs/scout_msgs/msg/detail/scout_actuator_state__struct.h
[0.552s] -- Up-to-date: /home/eddy/ros2_ws/install/scout_msgs/include/scout_msgs/scout_msgs/msg/detail/scout_actuator_state__functions.h
[0.552s] -- Up-to-date: /home/eddy/ros2_ws/install/scout_msgs/include/scout_msgs/scout_msgs/msg/detail/scout_rc_state__functions.h
[0.552s] -- Up-to-date: /home/eddy/ros2_ws/install/scout_msgs/include/scout_msgs/scout_msgs/msg/detail/scout_light_cmd__functions.h
[0.552s] -- Up-to-date: /home/eddy/ros2_ws/install/scout_msgs/include/scout_msgs/scout_msgs/msg/detail/scout_actuator_state__functions.c
[0.552s] -- Up-to-date: /home/eddy/ros2_ws/install/scout_msgs/include/scout_msgs/scout_msgs/msg/scout_actuator_state.h
[0.552s] -- Up-to-date: /home/eddy/ros2_ws/install/scout_msgs/share/scout_msgs/environment/library_path.sh
[0.552s] -- Up-to-date: /home/eddy/ros2_ws/install/scout_msgs/share/scout_msgs/environment/library_path.dsv
[0.552s] -- Up-to-date: /home/eddy/ros2_ws/install/scout_msgs/lib/libscout_msgs__rosidl_generator_c.so
[0.552s] -- Up-to-date: /home/eddy/ros2_ws/install/scout_msgs/include/scout_msgs/scout_msgs
[0.552s] -- Up-to-date: /home/eddy/ros2_ws/install/scout_msgs/include/scout_msgs/scout_msgs/msg
[0.553s] -- Up-to-date: /home/eddy/ros2_ws/install/scout_msgs/include/scout_msgs/scout_msgs/msg/detail
[0.553s] -- Up-to-date: /home/eddy/ros2_ws/install/scout_msgs/include/scout_msgs/scout_msgs/msg/detail/scout_light_state__rosidl_typesupport_fastrtps_c.h
[0.553s] -- Up-to-date: /home/eddy/ros2_ws/install/scout_msgs/include/scout_msgs/scout_msgs/msg/detail/scout_light_cmd__rosidl_typesupport_fastrtps_c.h
[0.553s] -- Up-to-date: /home/eddy/ros2_ws/install/scout_msgs/include/scout_msgs/scout_msgs/msg/detail/scout_rc_state__rosidl_typesupport_fastrtps_c.h
[0.553s] -- Up-to-date: /home/eddy/ros2_ws/install/scout_msgs/include/scout_msgs/scout_msgs/msg/detail/scout_actuator_state__rosidl_typesupport_fastrtps_c.h
[0.553s] -- Up-to-date: /home/eddy/ros2_ws/install/scout_msgs/include/scout_msgs/scout_msgs/msg/detail/scout_status__rosidl_typesupport_fastrtps_c.h
[0.553s] -- Up-to-date: /home/eddy/ros2_ws/install/scout_msgs/include/scout_msgs/scout_msgs/msg/rosidl_typesupport_fastrtps_c__visibility_control.h
[0.553s] -- Up-to-date: /home/eddy/ros2_ws/install/scout_msgs/lib/libscout_msgs__rosidl_typesupport_fastrtps_c.so
[0.553s] -- Up-to-date: /home/eddy/ros2_ws/install/scout_msgs/include/scout_msgs/scout_msgs
[0.553s] -- Up-to-date: /home/eddy/ros2_ws/install/scout_msgs/include/scout_msgs/scout_msgs/msg
[0.553s] -- Up-to-date: /home/eddy/ros2_ws/install/scout_msgs/include/scout_msgs/scout_msgs/msg/rosidl_generator_cpp__visibility_control.hpp
[0.554s] -- Up-to-date: /home/eddy/ros2_ws/install/scout_msgs/include/scout_msgs/scout_msgs/msg/detail
[0.554s] -- Up-to-date: /home/eddy/ros2_ws/install/scout_msgs/include/scout_msgs/scout_msgs/msg/detail/scout_light_cmd__type_support.hpp
[0.554s] -- Up-to-date: /home/eddy/ros2_ws/install/scout_msgs/include/scout_msgs/scout_msgs/msg/detail/scout_light_cmd__traits.hpp
[0.554s] -- Up-to-date: /home/eddy/ros2_ws/install/scout_msgs/include/scout_msgs/scout_msgs/msg/detail/scout_status__builder.hpp
[0.554s] -- Up-to-date: /home/eddy/ros2_ws/install/scout_msgs/include/scout_msgs/scout_msgs/msg/detail/scout_actuator_state__builder.hpp
[0.554s] -- Up-to-date: /home/eddy/ros2_ws/install/scout_msgs/include/scout_msgs/scout_msgs/msg/detail/scout_rc_state__builder.hpp
[0.554s] -- Up-to-date: /home/eddy/ros2_ws/install/scout_msgs/include/scout_msgs/scout_msgs/msg/detail/scout_status__traits.hpp
[0.554s] -- Up-to-date: /home/eddy/ros2_ws/install/scout_msgs/include/scout_msgs/scout_msgs/msg/detail/scout_rc_state__type_support.hpp
[0.554s] -- Up-to-date: /home/eddy/ros2_ws/install/scout_msgs/include/scout_msgs/scout_msgs/msg/detail/scout_actuator_state__type_support.hpp
[0.554s] -- Up-to-date: /home/eddy/ros2_ws/install/scout_msgs/include/scout_msgs/scout_msgs/msg/detail/scout_light_state__type_support.hpp
[0.555s] -- Up-to-date: /home/eddy/ros2_ws/install/scout_msgs/include/scout_msgs/scout_msgs/msg/detail/scout_rc_state__struct.hpp
[0.555s] -- Up-to-date: /home/eddy/ros2_ws/install/scout_msgs/include/scout_msgs/scout_msgs/msg/detail/scout_light_state__struct.hpp
[0.555s] -- Up-to-date: /home/eddy/ros2_ws/install/scout_msgs/include/scout_msgs/scout_msgs/msg/detail/scout_light_cmd__builder.hpp
[0.555s] -- Up-to-date: /home/eddy/ros2_ws/install/scout_msgs/include/scout_msgs/scout_msgs/msg/detail/scout_status__type_support.hpp
[0.555s] -- Up-to-date: /home/eddy/ros2_ws/install/scout_msgs/include/scout_msgs/scout_msgs/msg/detail/scout_status__struct.hpp
[0.555s] -- Up-to-date: /home/eddy/ros2_ws/install/scout_msgs/include/scout_msgs/scout_msgs/msg/detail/scout_rc_state__traits.hpp
[0.555s] -- Up-to-date: /home/eddy/ros2_ws/install/scout_msgs/include/scout_msgs/scout_msgs/msg/detail/scout_actuator_state__struct.hpp
[0.555s] -- Up-to-date: /home/eddy/ros2_ws/install/scout_msgs/include/scout_msgs/scout_msgs/msg/detail/scout_light_cmd__struct.hpp
[0.555s] -- Up-to-date: /home/eddy/ros2_ws/install/scout_msgs/include/scout_msgs/scout_msgs/msg/detail/scout_light_state__traits.hpp
[0.555s] -- Up-to-date: /home/eddy/ros2_ws/install/scout_msgs/include/scout_msgs/scout_msgs/msg/detail/scout_light_state__builder.hpp
[0.556s] -- Up-to-date: /home/eddy/ros2_ws/install/scout_msgs/include/scout_msgs/scout_msgs/msg/detail/scout_actuator_state__traits.hpp
[0.556s] -- Up-to-date: /home/eddy/ros2_ws/install/scout_msgs/include/scout_msgs/scout_msgs/msg/scout_actuator_state.hpp
[0.556s] -- Up-to-date: /home/eddy/ros2_ws/install/scout_msgs/include/scout_msgs/scout_msgs/msg/scout_rc_state.hpp
[0.556s] -- Up-to-date: /home/eddy/ros2_ws/install/scout_msgs/include/scout_msgs/scout_msgs/msg/scout_light_state.hpp
[0.556s] -- Up-to-date: /home/eddy/ros2_ws/install/scout_msgs/include/scout_msgs/scout_msgs/msg/scout_status.hpp
[0.556s] -- Up-to-date: /home/eddy/ros2_ws/install/scout_msgs/include/scout_msgs/scout_msgs/msg/scout_light_cmd.hpp
[0.556s] -- Up-to-date: /home/eddy/ros2_ws/install/scout_msgs/include/scout_msgs/scout_msgs
[0.556s] -- Up-to-date: /home/eddy/ros2_ws/install/scout_msgs/include/scout_msgs/scout_msgs/msg
[0.556s] -- Up-to-date: /home/eddy/ros2_ws/install/scout_msgs/include/scout_msgs/scout_msgs/msg/rosidl_typesupport_fastrtps_cpp__visibility_control.h
[0.556s] -- Up-to-date: /home/eddy/ros2_ws/install/scout_msgs/include/scout_msgs/scout_msgs/msg/detail
[0.556s] -- Up-to-date: /home/eddy/ros2_ws/install/scout_msgs/include/scout_msgs/scout_msgs/msg/detail/scout_light_cmd__rosidl_typesupport_fastrtps_cpp.hpp
[0.556s] -- Up-to-date: /home/eddy/ros2_ws/install/scout_msgs/include/scout_msgs/scout_msgs/msg/detail/scout_rc_state__rosidl_typesupport_fastrtps_cpp.hpp
[0.556s] -- Up-to-date: /home/eddy/ros2_ws/install/scout_msgs/include/scout_msgs/scout_msgs/msg/detail/scout_light_state__rosidl_typesupport_fastrtps_cpp.hpp
[0.556s] -- Up-to-date: /home/eddy/ros2_ws/install/scout_msgs/include/scout_msgs/scout_msgs/msg/detail/dds_fastrtps
[0.556s] -- Up-to-date: /home/eddy/ros2_ws/install/scout_msgs/include/scout_msgs/scout_msgs/msg/detail/scout_actuator_state__rosidl_typesupport_fastrtps_cpp.hpp
[0.556s] -- Up-to-date: /home/eddy/ros2_ws/install/scout_msgs/include/scout_msgs/scout_msgs/msg/detail/scout_status__rosidl_typesupport_fastrtps_cpp.hpp
[0.556s] -- Up-to-date: /home/eddy/ros2_ws/install/scout_msgs/lib/libscout_msgs__rosidl_typesupport_fastrtps_cpp.so
[0.556s] -- Up-to-date: /home/eddy/ros2_ws/install/scout_msgs/include/scout_msgs/scout_msgs
[0.556s] -- Up-to-date: /home/eddy/ros2_ws/install/scout_msgs/include/scout_msgs/scout_msgs/msg
[0.556s] -- Up-to-date: /home/eddy/ros2_ws/install/scout_msgs/include/scout_msgs/scout_msgs/msg/detail
[0.556s] -- Up-to-date: /home/eddy/ros2_ws/install/scout_msgs/include/scout_msgs/scout_msgs/msg/detail/scout_light_state__rosidl_typesupport_introspection_c.h
[0.557s] -- Up-to-date: /home/eddy/ros2_ws/install/scout_msgs/include/scout_msgs/scout_msgs/msg/detail/scout_status__rosidl_typesupport_introspection_c.h
[0.557s] -- Up-to-date: /home/eddy/ros2_ws/install/scout_msgs/include/scout_msgs/scout_msgs/msg/detail/scout_actuator_state__rosidl_typesupport_introspection_c.h
[0.557s] -- Up-to-date: /home/eddy/ros2_ws/install/scout_msgs/include/scout_msgs/scout_msgs/msg/detail/scout_light_cmd__rosidl_typesupport_introspection_c.h
[0.557s] -- Up-to-date: /home/eddy/ros2_ws/install/scout_msgs/include/scout_msgs/scout_msgs/msg/detail/scout_status__type_support.c
[0.557s] -- Up-to-date: /home/eddy/ros2_ws/install/scout_msgs/include/scout_msgs/scout_msgs/msg/detail/scout_actuator_state__type_support.c
[0.557s] -- Up-to-date: /home/eddy/ros2_ws/install/scout_msgs/include/scout_msgs/scout_msgs/msg/detail/scout_rc_state__rosidl_typesupport_introspection_c.h
[0.557s] -- Up-to-date: /home/eddy/ros2_ws/install/scout_msgs/include/scout_msgs/scout_msgs/msg/detail/scout_rc_state__type_support.c
[0.557s] -- Up-to-date: /home/eddy/ros2_ws/install/scout_msgs/include/scout_msgs/scout_msgs/msg/detail/scout_light_cmd__type_support.c
[0.557s] -- Up-to-date: /home/eddy/ros2_ws/install/scout_msgs/include/scout_msgs/scout_msgs/msg/detail/scout_light_state__type_support.c
[0.557s] -- Up-to-date: /home/eddy/ros2_ws/install/scout_msgs/include/scout_msgs/scout_msgs/msg/rosidl_typesupport_introspection_c__visibility_control.h
[0.557s] -- Up-to-date: /home/eddy/ros2_ws/install/scout_msgs/lib/libscout_msgs__rosidl_typesupport_introspection_c.so
[0.557s] -- Up-to-date: /home/eddy/ros2_ws/install/scout_msgs/lib/libscout_msgs__rosidl_typesupport_c.so
[0.557s] -- Up-to-date: /home/eddy/ros2_ws/install/scout_msgs/include/scout_msgs/scout_msgs
[0.557s] -- Up-to-date: /home/eddy/ros2_ws/install/scout_msgs/include/scout_msgs/scout_msgs/msg
[0.557s] -- Up-to-date: /home/eddy/ros2_ws/install/scout_msgs/include/scout_msgs/scout_msgs/msg/detail
[0.557s] -- Up-to-date: /home/eddy/ros2_ws/install/scout_msgs/include/scout_msgs/scout_msgs/msg/detail/scout_light_cmd__type_support.cpp
[0.557s] -- Up-to-date: /home/eddy/ros2_ws/install/scout_msgs/include/scout_msgs/scout_msgs/msg/detail/scout_status__rosidl_typesupport_introspection_cpp.hpp
[0.557s] -- Up-to-date: /home/eddy/ros2_ws/install/scout_msgs/include/scout_msgs/scout_msgs/msg/detail/scout_light_state__type_support.cpp
[0.557s] -- Up-to-date: /home/eddy/ros2_ws/install/scout_msgs/include/scout_msgs/scout_msgs/msg/detail/scout_actuator_state__rosidl_typesupport_introspection_cpp.hpp
[0.557s] -- Up-to-date: /home/eddy/ros2_ws/install/scout_msgs/include/scout_msgs/scout_msgs/msg/detail/scout_status__type_support.cpp
[0.557s] -- Up-to-date: /home/eddy/ros2_ws/install/scout_msgs/include/scout_msgs/scout_msgs/msg/detail/scout_rc_state__type_support.cpp
[0.557s] -- Up-to-date: /home/eddy/ros2_ws/install/scout_msgs/include/scout_msgs/scout_msgs/msg/detail/scout_light_state__rosidl_typesupport_introspection_cpp.hpp
[0.558s] -- Up-to-date: /home/eddy/ros2_ws/install/scout_msgs/include/scout_msgs/scout_msgs/msg/detail/scout_rc_state__rosidl_typesupport_introspection_cpp.hpp
[0.558s] -- Up-to-date: /home/eddy/ros2_ws/install/scout_msgs/include/scout_msgs/scout_msgs/msg/detail/scout_actuator_state__type_support.cpp
[0.558s] -- Up-to-date: /home/eddy/ros2_ws/install/scout_msgs/include/scout_msgs/scout_msgs/msg/detail/scout_light_cmd__rosidl_typesupport_introspection_cpp.hpp
[0.558s] -- Up-to-date: /home/eddy/ros2_ws/install/scout_msgs/lib/libscout_msgs__rosidl_typesupport_introspection_cpp.so
[0.558s] -- Up-to-date: /home/eddy/ros2_ws/install/scout_msgs/lib/libscout_msgs__rosidl_typesupport_cpp.so
[0.558s] -- Up-to-date: /home/eddy/ros2_ws/install/scout_msgs/share/scout_msgs/environment/pythonpath.sh
[0.558s] -- Up-to-date: /home/eddy/ros2_ws/install/scout_msgs/share/scout_msgs/environment/pythonpath.dsv
[0.558s] -- Up-to-date: /home/eddy/ros2_ws/install/scout_msgs/local/lib/python3.10/dist-packages/scout_msgs-0.1.0-py3.10.egg-info
[0.558s] -- Installing: /home/eddy/ros2_ws/install/scout_msgs/local/lib/python3.10/dist-packages/scout_msgs-0.1.0-py3.10.egg-info/PKG-INFO
[0.558s] -- Installing: /home/eddy/ros2_ws/install/scout_msgs/local/lib/python3.10/dist-packages/scout_msgs-0.1.0-py3.10.egg-info/dependency_links.txt
[0.558s] -- Installing: /home/eddy/ros2_ws/install/scout_msgs/local/lib/python3.10/dist-packages/scout_msgs-0.1.0-py3.10.egg-info/top_level.txt
[0.558s] -- Installing: /home/eddy/ros2_ws/install/scout_msgs/local/lib/python3.10/dist-packages/scout_msgs-0.1.0-py3.10.egg-info/SOURCES.txt
[0.558s] -- Up-to-date: /home/eddy/ros2_ws/install/scout_msgs/local/lib/python3.10/dist-packages/scout_msgs
[0.558s] -- Up-to-date: /home/eddy/ros2_ws/install/scout_msgs/local/lib/python3.10/dist-packages/scout_msgs/_scout_msgs_s.ep.rosidl_typesupport_c.c
[0.558s] -- Up-to-date: /home/eddy/ros2_ws/install/scout_msgs/local/lib/python3.10/dist-packages/scout_msgs/msg
[0.558s] -- Up-to-date: /home/eddy/ros2_ws/install/scout_msgs/local/lib/python3.10/dist-packages/scout_msgs/msg/_scout_status.py
[0.558s] -- Up-to-date: /home/eddy/ros2_ws/install/scout_msgs/local/lib/python3.10/dist-packages/scout_msgs/msg/_scout_light_cmd_s.c
[0.558s] -- Up-to-date: /home/eddy/ros2_ws/install/scout_msgs/local/lib/python3.10/dist-packages/scout_msgs/msg/_scout_rc_state.py
[0.558s] -- Up-to-date: /home/eddy/ros2_ws/install/scout_msgs/local/lib/python3.10/dist-packages/scout_msgs/msg/_scout_status_s.c
[0.558s] -- Up-to-date: /home/eddy/ros2_ws/install/scout_msgs/local/lib/python3.10/dist-packages/scout_msgs/msg/_scout_light_state.py
[0.558s] -- Up-to-date: /home/eddy/ros2_ws/install/scout_msgs/local/lib/python3.10/dist-packages/scout_msgs/msg/_scout_actuator_state.py
[0.559s] -- Up-to-date: /home/eddy/ros2_ws/install/scout_msgs/local/lib/python3.10/dist-packages/scout_msgs/msg/_scout_actuator_state_s.c
[0.559s] -- Up-to-date: /home/eddy/ros2_ws/install/scout_msgs/local/lib/python3.10/dist-packages/scout_msgs/msg/_scout_rc_state_s.c
[0.559s] -- Up-to-date: /home/eddy/ros2_ws/install/scout_msgs/local/lib/python3.10/dist-packages/scout_msgs/msg/__init__.py
[0.559s] -- Up-to-date: /home/eddy/ros2_ws/install/scout_msgs/local/lib/python3.10/dist-packages/scout_msgs/msg/_scout_light_state_s.c
[0.559s] -- Up-to-date: /home/eddy/ros2_ws/install/scout_msgs/local/lib/python3.10/dist-packages/scout_msgs/msg/_scout_light_cmd.py
[0.559s] -- Up-to-date: /home/eddy/ros2_ws/install/scout_msgs/local/lib/python3.10/dist-packages/scout_msgs/_scout_msgs_s.ep.rosidl_typesupport_introspection_c.c
[0.559s] -- Up-to-date: /home/eddy/ros2_ws/install/scout_msgs/local/lib/python3.10/dist-packages/scout_msgs/scout_msgs_s__rosidl_typesupport_introspection_c.cpython-310-x86_64-linux-gnu.so
[0.559s] -- Up-to-date: /home/eddy/ros2_ws/install/scout_msgs/local/lib/python3.10/dist-packages/scout_msgs/libscout_msgs__rosidl_generator_py.so
[0.559s] -- Up-to-date: /home/eddy/ros2_ws/install/scout_msgs/local/lib/python3.10/dist-packages/scout_msgs/_scout_msgs_s.ep.rosidl_typesupport_fastrtps_c.c
[0.559s] -- Up-to-date: /home/eddy/ros2_ws/install/scout_msgs/local/lib/python3.10/dist-packages/scout_msgs/scout_msgs_s__rosidl_typesupport_c.cpython-310-x86_64-linux-gnu.so
[0.559s] -- Up-to-date: /home/eddy/ros2_ws/install/scout_msgs/local/lib/python3.10/dist-packages/scout_msgs/__init__.py
[0.559s] -- Up-to-date: /home/eddy/ros2_ws/install/scout_msgs/local/lib/python3.10/dist-packages/scout_msgs/scout_msgs_s__rosidl_typesupport_fastrtps_c.cpython-310-x86_64-linux-gnu.so
[0.582s] Listing '/home/eddy/ros2_ws/install/scout_msgs/local/lib/python3.10/dist-packages/scout_msgs'...
[0.582s] Listing '/home/eddy/ros2_ws/install/scout_msgs/local/lib/python3.10/dist-packages/scout_msgs/msg'...
[0.586s] -- Up-to-date: /home/eddy/ros2_ws/install/scout_msgs/local/lib/python3.10/dist-packages/scout_msgs/scout_msgs_s__rosidl_typesupport_fastrtps_c.cpython-310-x86_64-linux-gnu.so
[0.586s] -- Up-to-date: /home/eddy/ros2_ws/install/scout_msgs/local/lib/python3.10/dist-packages/scout_msgs/scout_msgs_s__rosidl_typesupport_introspection_c.cpython-310-x86_64-linux-gnu.so
[0.586s] -- Up-to-date: /home/eddy/ros2_ws/install/scout_msgs/local/lib/python3.10/dist-packages/scout_msgs/scout_msgs_s__rosidl_typesupport_c.cpython-310-x86_64-linux-gnu.so
[0.587s] -- Up-to-date: /home/eddy/ros2_ws/install/scout_msgs/lib/libscout_msgs__rosidl_generator_py.so
[0.587s] -- Up-to-date: /home/eddy/ros2_ws/install/scout_msgs/share/scout_msgs/msg/ScoutActuatorState.idl
[0.587s] -- Up-to-date: /home/eddy/ros2_ws/install/scout_msgs/share/scout_msgs/msg/ScoutLightCmd.idl
[0.587s] -- Up-to-date: /home/eddy/ros2_ws/install/scout_msgs/share/scout_msgs/msg/ScoutLightState.idl
[0.587s] -- Up-to-date: /home/eddy/ros2_ws/install/scout_msgs/share/scout_msgs/msg/ScoutRCState.idl
[0.587s] -- Up-to-date: /home/eddy/ros2_ws/install/scout_msgs/share/scout_msgs/msg/ScoutStatus.idl
[0.587s] -- Up-to-date: /home/eddy/ros2_ws/install/scout_msgs/share/scout_msgs/msg/ScoutActuatorState.msg
[0.587s] -- Up-to-date: /home/eddy/ros2_ws/install/scout_msgs/share/scout_msgs/msg/ScoutLightCmd.msg
[0.587s] -- Up-to-date: /home/eddy/ros2_ws/install/scout_msgs/share/scout_msgs/msg/ScoutLightState.msg
[0.587s] -- Up-to-date: /home/eddy/ros2_ws/install/scout_msgs/share/scout_msgs/msg/ScoutRCState.msg
[0.587s] -- Up-to-date: /home/eddy/ros2_ws/install/scout_msgs/share/scout_msgs/msg/ScoutStatus.msg
[0.587s] -- Up-to-date: /home/eddy/ros2_ws/install/scout_msgs/share/ament_index/resource_index/package_run_dependencies/scout_msgs
[0.587s] -- Up-to-date: /home/eddy/ros2_ws/install/scout_msgs/share/ament_index/resource_index/parent_prefix_path/scout_msgs
[0.588s] -- Up-to-date: /home/eddy/ros2_ws/install/scout_msgs/share/scout_msgs/environment/ament_prefix_path.sh
[0.588s] -- Up-to-date: /home/eddy/ros2_ws/install/scout_msgs/share/scout_msgs/environment/ament_prefix_path.dsv
[0.588s] -- Up-to-date: /home/eddy/ros2_ws/install/scout_msgs/share/scout_msgs/environment/path.sh
[0.588s] -- Up-to-date: /home/eddy/ros2_ws/install/scout_msgs/share/scout_msgs/environment/path.dsv
[0.588s] -- Up-to-date: /home/eddy/ros2_ws/install/scout_msgs/share/scout_msgs/local_setup.bash
[0.588s] -- Up-to-date: /home/eddy/ros2_ws/install/scout_msgs/share/scout_msgs/local_setup.sh
[0.589s] -- Up-to-date: /home/eddy/ros2_ws/install/scout_msgs/share/scout_msgs/local_setup.zsh
[0.589s] -- Up-to-date: /home/eddy/ros2_ws/install/scout_msgs/share/scout_msgs/local_setup.dsv
[0.589s] -- Installing: /home/eddy/ros2_ws/install/scout_msgs/share/scout_msgs/package.dsv
[0.589s] -- Up-to-date: /home/eddy/ros2_ws/install/scout_msgs/share/ament_index/resource_index/packages/scout_msgs
[0.589s] -- Up-to-date: /home/eddy/ros2_ws/install/scout_msgs/share/scout_msgs/cmake/export_scout_msgs__rosidl_generator_cExport.cmake
[0.589s] -- Up-to-date: /home/eddy/ros2_ws/install/scout_msgs/share/scout_msgs/cmake/export_scout_msgs__rosidl_generator_cExport-noconfig.cmake
[0.589s] -- Up-to-date: /home/eddy/ros2_ws/install/scout_msgs/share/scout_msgs/cmake/export_scout_msgs__rosidl_typesupport_fastrtps_cExport.cmake
[0.589s] -- Up-to-date: /home/eddy/ros2_ws/install/scout_msgs/share/scout_msgs/cmake/export_scout_msgs__rosidl_typesupport_fastrtps_cExport-noconfig.cmake
[0.589s] -- Up-to-date: /home/eddy/ros2_ws/install/scout_msgs/share/scout_msgs/cmake/export_scout_msgs__rosidl_generator_cppExport.cmake
[0.589s] -- Up-to-date: /home/eddy/ros2_ws/install/scout_msgs/share/scout_msgs/cmake/export_scout_msgs__rosidl_typesupport_fastrtps_cppExport.cmake
[0.589s] -- Up-to-date: /home/eddy/ros2_ws/install/scout_msgs/share/scout_msgs/cmake/export_scout_msgs__rosidl_typesupport_fastrtps_cppExport-noconfig.cmake
[0.589s] -- Up-to-date: /home/eddy/ros2_ws/install/scout_msgs/share/scout_msgs/cmake/scout_msgs__rosidl_typesupport_introspection_cExport.cmake
[0.589s] -- Up-to-date: /home/eddy/ros2_ws/install/scout_msgs/share/scout_msgs/cmake/scout_msgs__rosidl_typesupport_introspection_cExport-noconfig.cmake
[0.589s] -- Up-to-date: /home/eddy/ros2_ws/install/scout_msgs/share/scout_msgs/cmake/scout_msgs__rosidl_typesupport_cExport.cmake
[0.589s] -- Up-to-date: /home/eddy/ros2_ws/install/scout_msgs/share/scout_msgs/cmake/scout_msgs__rosidl_typesupport_cExport-noconfig.cmake
[0.589s] -- Up-to-date: /home/eddy/ros2_ws/install/scout_msgs/share/scout_msgs/cmake/scout_msgs__rosidl_typesupport_introspection_cppExport.cmake
[0.589s] -- Up-to-date: /home/eddy/ros2_ws/install/scout_msgs/share/scout_msgs/cmake/scout_msgs__rosidl_typesupport_introspection_cppExport-noconfig.cmake
[0.589s] -- Up-to-date: /home/eddy/ros2_ws/install/scout_msgs/share/scout_msgs/cmake/scout_msgs__rosidl_typesupport_cppExport.cmake
[0.589s] -- Up-to-date: /home/eddy/ros2_ws/install/scout_msgs/share/scout_msgs/cmake/scout_msgs__rosidl_typesupport_cppExport-noconfig.cmake
[0.589s] -- Up-to-date: /home/eddy/ros2_ws/install/scout_msgs/share/scout_msgs/cmake/export_scout_msgs__rosidl_generator_pyExport.cmake
[0.590s] -- Up-to-date: /home/eddy/ros2_ws/install/scout_msgs/share/scout_msgs/cmake/export_scout_msgs__rosidl_generator_pyExport-noconfig.cmake
[0.590s] -- Up-to-date: /home/eddy/ros2_ws/install/scout_msgs/share/scout_msgs/cmake/rosidl_cmake-extras.cmake
[0.590s] -- Up-to-date: /home/eddy/ros2_ws/install/scout_msgs/share/scout_msgs/cmake/ament_cmake_export_dependencies-extras.cmake
[0.590s] -- Up-to-date: /home/eddy/ros2_ws/install/scout_msgs/share/scout_msgs/cmake/ament_cmake_export_include_directories-extras.cmake
[0.590s] -- Up-to-date: /home/eddy/ros2_ws/install/scout_msgs/share/scout_msgs/cmake/ament_cmake_export_libraries-extras.cmake
[0.590s] -- Up-to-date: /home/eddy/ros2_ws/install/scout_msgs/share/scout_msgs/cmake/ament_cmake_export_targets-extras.cmake
[0.590s] -- Up-to-date: /home/eddy/ros2_ws/install/scout_msgs/share/scout_msgs/cmake/rosidl_cmake_export_typesupport_targets-extras.cmake
[0.590s] -- Up-to-date: /home/eddy/ros2_ws/install/scout_msgs/share/scout_msgs/cmake/rosidl_cmake_export_typesupport_libraries-extras.cmake
[0.590s] -- Up-to-date: /home/eddy/ros2_ws/install/scout_msgs/share/scout_msgs/cmake/scout_msgsConfig.cmake
[0.590s] -- Up-to-date: /home/eddy/ros2_ws/install/scout_msgs/share/scout_msgs/cmake/scout_msgsConfig-version.cmake
[0.590s] -- Up-to-date: /home/eddy/ros2_ws/install/scout_msgs/share/scout_msgs/package.xml
[0.591s] Invoked command in '/home/eddy/ros2_ws/build/scout_msgs' returned '0': CMAKE_PREFIX_PATH=/opt/ros/humble:${CMAKE_PREFIX_PATH} /usr/bin/cmake --install /home/eddy/ros2_ws/build/scout_msgs
