[0.010s] Invoking command in '/home/eddy/ros2_ws/build/scout_description': CMAKE_PREFIX_PATH=/home/eddy/ros2_ws/install/scout_base:/home/eddy/ros2_ws/install/scout_navigation2:/home/eddy/ros2_ws/install/rfid_serial_node:/home/eddy/ros2_ws/install/my_nav2_controller:/home/eddy/ros2_ws/install/camera_calibration:/opt/ros/humble:/home/eddy/ros2_ws/install/ugv_sdk:/home/eddy/ros2_ws/install/image_pipeline:/home/eddy/ros2_ws/install/stereo_image_proc:/home/eddy/ros2_ws/install/image_proc:/home/eddy/ros2_ws/install/tracetools_image_pipeline:/home/eddy/ros2_ws/install/scout_msgs:/home/eddy/ros2_ws/install/scout_description:/home/eddy/ros2_ws/install/rplidar_ros:/home/eddy/ros2_ws/install/image_view:/home/eddy/ros2_ws/install/image_rotate:/home/eddy/ros2_ws/install/image_publisher:/home/eddy/ros2_ws/install/depth_image_proc /usr/bin/cmake --build /home/eddy/ros2_ws/build/scout_description -- -j2 -l2
[0.069s] Invoked command in '/home/eddy/ros2_ws/build/scout_description' returned '0': CMAKE_PREFIX_PATH=/home/eddy/ros2_ws/install/scout_base:/home/eddy/ros2_ws/install/scout_navigation2:/home/eddy/ros2_ws/install/rfid_serial_node:/home/eddy/ros2_ws/install/my_nav2_controller:/home/eddy/ros2_ws/install/camera_calibration:/opt/ros/humble:/home/eddy/ros2_ws/install/ugv_sdk:/home/eddy/ros2_ws/install/image_pipeline:/home/eddy/ros2_ws/install/stereo_image_proc:/home/eddy/ros2_ws/install/image_proc:/home/eddy/ros2_ws/install/tracetools_image_pipeline:/home/eddy/ros2_ws/install/scout_msgs:/home/eddy/ros2_ws/install/scout_description:/home/eddy/ros2_ws/install/rplidar_ros:/home/eddy/ros2_ws/install/image_view:/home/eddy/ros2_ws/install/image_rotate:/home/eddy/ros2_ws/install/image_publisher:/home/eddy/ros2_ws/install/depth_image_proc /usr/bin/cmake --build /home/eddy/ros2_ws/build/scout_description -- -j2 -l2
[0.074s] Invoking command in '/home/eddy/ros2_ws/build/scout_description': CMAKE_PREFIX_PATH=/home/eddy/ros2_ws/install/scout_base:/home/eddy/ros2_ws/install/scout_navigation2:/home/eddy/ros2_ws/install/rfid_serial_node:/home/eddy/ros2_ws/install/my_nav2_controller:/home/eddy/ros2_ws/install/camera_calibration:/opt/ros/humble:/home/eddy/ros2_ws/install/ugv_sdk:/home/eddy/ros2_ws/install/image_pipeline:/home/eddy/ros2_ws/install/stereo_image_proc:/home/eddy/ros2_ws/install/image_proc:/home/eddy/ros2_ws/install/tracetools_image_pipeline:/home/eddy/ros2_ws/install/scout_msgs:/home/eddy/ros2_ws/install/scout_description:/home/eddy/ros2_ws/install/rplidar_ros:/home/eddy/ros2_ws/install/image_view:/home/eddy/ros2_ws/install/image_rotate:/home/eddy/ros2_ws/install/image_publisher:/home/eddy/ros2_ws/install/depth_image_proc /usr/bin/cmake --install /home/eddy/ros2_ws/build/scout_description
[0.084s] -- Install configuration: ""
[0.084s] -- Up-to-date: /home/eddy/ros2_ws/install/scout_description/share/scout_description//launch
[0.085s] -- Up-to-date: /home/eddy/ros2_ws/install/scout_description/share/scout_description//launch/scout_base_description.launch.py
[0.085s] -- Up-to-date: /home/eddy/ros2_ws/install/scout_description/share/scout_description//launch/robot_bringup.launch.py
[0.085s] -- Up-to-date: /home/eddy/ros2_ws/install/scout_description/share/scout_description//urdf
[0.086s] -- Up-to-date: /home/eddy/ros2_ws/install/scout_description/share/scout_description//urdf/scout_v2.urdf
[0.086s] -- Up-to-date: /home/eddy/ros2_ws/install/scout_description/share/scout_description//urdf/scout_v2.xacro
[0.086s] -- Up-to-date: /home/eddy/ros2_ws/install/scout_description/share/scout_description//urdf/scout_wheel_type1.xacro
[0.086s] -- Up-to-date: /home/eddy/ros2_ws/install/scout_description/share/scout_description//urdf/scout_wheel_type2.xacro
[0.087s] -- Up-to-date: /home/eddy/ros2_ws/install/scout_description/share/scout_description//urdf/generate_urdf.sh
[0.087s] -- Up-to-date: /home/eddy/ros2_ws/install/scout_description/share/scout_description//meshes
[0.087s] -- Up-to-date: /home/eddy/ros2_ws/install/scout_description/share/scout_description//meshes/hokuyo.dae
[0.087s] -- Up-to-date: /home/eddy/ros2_ws/install/scout_description/share/scout_description//meshes/base_link.dae
[0.088s] -- Up-to-date: /home/eddy/ros2_ws/install/scout_description/share/scout_description//meshes/wheel_type2.dae
[0.088s] -- Up-to-date: /home/eddy/ros2_ws/install/scout_description/share/scout_description//meshes/wheel_type1.dae
[0.088s] -- Up-to-date: /home/eddy/ros2_ws/install/scout_description/share/scout_description//meshes/base_link_full.dae
[0.088s] -- Up-to-date: /home/eddy/ros2_ws/install/scout_description/share/ament_index/resource_index/package_run_dependencies/scout_description
[0.088s] -- Up-to-date: /home/eddy/ros2_ws/install/scout_description/share/ament_index/resource_index/parent_prefix_path/scout_description
[0.088s] -- Up-to-date: /home/eddy/ros2_ws/install/scout_description/share/scout_description/environment/ament_prefix_path.sh
[0.088s] -- Up-to-date: /home/eddy/ros2_ws/install/scout_description/share/scout_description/environment/ament_prefix_path.dsv
[0.089s] -- Up-to-date: /home/eddy/ros2_ws/install/scout_description/share/scout_description/environment/path.sh
[0.089s] -- Up-to-date: /home/eddy/ros2_ws/install/scout_description/share/scout_description/environment/path.dsv
[0.090s] -- Up-to-date: /home/eddy/ros2_ws/install/scout_description/share/scout_description/local_setup.bash
[0.090s] -- Up-to-date: /home/eddy/ros2_ws/install/scout_description/share/scout_description/local_setup.sh
[0.090s] -- Up-to-date: /home/eddy/ros2_ws/install/scout_description/share/scout_description/local_setup.zsh
[0.090s] -- Up-to-date: /home/eddy/ros2_ws/install/scout_description/share/scout_description/local_setup.dsv
[0.091s] -- Installing: /home/eddy/ros2_ws/install/scout_description/share/scout_description/package.dsv
[0.092s] -- Up-to-date: /home/eddy/ros2_ws/install/scout_description/share/ament_index/resource_index/packages/scout_description
[0.093s] -- Up-to-date: /home/eddy/ros2_ws/install/scout_description/share/scout_description/cmake/scout_descriptionConfig.cmake
[0.094s] -- Up-to-date: /home/eddy/ros2_ws/install/scout_description/share/scout_description/cmake/scout_descriptionConfig-version.cmake
[0.094s] -- Up-to-date: /home/eddy/ros2_ws/install/scout_description/share/scout_description/package.xml
[0.097s] Invoked command in '/home/eddy/ros2_ws/build/scout_description' returned '0': CMAKE_PREFIX_PATH=/home/eddy/ros2_ws/install/scout_base:/home/eddy/ros2_ws/install/scout_navigation2:/home/eddy/ros2_ws/install/rfid_serial_node:/home/eddy/ros2_ws/install/my_nav2_controller:/home/eddy/ros2_ws/install/camera_calibration:/opt/ros/humble:/home/eddy/ros2_ws/install/ugv_sdk:/home/eddy/ros2_ws/install/image_pipeline:/home/eddy/ros2_ws/install/stereo_image_proc:/home/eddy/ros2_ws/install/image_proc:/home/eddy/ros2_ws/install/tracetools_image_pipeline:/home/eddy/ros2_ws/install/scout_msgs:/home/eddy/ros2_ws/install/scout_description:/home/eddy/ros2_ws/install/rplidar_ros:/home/eddy/ros2_ws/install/image_view:/home/eddy/ros2_ws/install/image_rotate:/home/eddy/ros2_ws/install/image_publisher:/home/eddy/ros2_ws/install/depth_image_proc /usr/bin/cmake --install /home/eddy/ros2_ws/build/scout_description
