running egg_info
creating ../../build/scout_navigation2/scout_navigation2.egg-info
writing ../../build/scout_navigation2/scout_navigation2.egg-info/PKG-INFO
writing dependency_links to ../../build/scout_navigation2/scout_navigation2.egg-info/dependency_links.txt
writing entry points to ../../build/scout_navigation2/scout_navigation2.egg-info/entry_points.txt
writing requirements to ../../build/scout_navigation2/scout_navigation2.egg-info/requires.txt
writing top-level names to ../../build/scout_navigation2/scout_navigation2.egg-info/top_level.txt
writing manifest file '../../build/scout_navigation2/scout_navigation2.egg-info/SOURCES.txt'
reading manifest file '../../build/scout_navigation2/scout_navigation2.egg-info/SOURCES.txt'
writing manifest file '../../build/scout_navigation2/scout_navigation2.egg-info/SOURCES.txt'
running build
running build_py
creating /home/eddy/ros2_ws/build/scout_navigation2/build
creating /home/eddy/ros2_ws/build/scout_navigation2/build/lib
creating /home/eddy/ros2_ws/build/scout_navigation2/build/lib/scout_navigation2
copying scout_navigation2/__init__.py -> /home/eddy/ros2_ws/build/scout_navigation2/build/lib/scout_navigation2
running install
running install_lib
creating /home/eddy/ros2_ws/install/scout_navigation2/lib/python3.10/site-packages/scout_navigation2
copying /home/eddy/ros2_ws/build/scout_navigation2/build/lib/scout_navigation2/__init__.py -> /home/eddy/ros2_ws/install/scout_navigation2/lib/python3.10/site-packages/scout_navigation2
byte-compiling /home/eddy/ros2_ws/install/scout_navigation2/lib/python3.10/site-packages/scout_navigation2/__init__.py to __init__.cpython-310.pyc
running install_data
creating /home/eddy/ros2_ws/install/scout_navigation2/share/ament_index
creating /home/eddy/ros2_ws/install/scout_navigation2/share/ament_index/resource_index
creating /home/eddy/ros2_ws/install/scout_navigation2/share/ament_index/resource_index/packages
copying resource/scout_navigation2 -> /home/eddy/ros2_ws/install/scout_navigation2/share/ament_index/resource_index/packages
copying package.xml -> /home/eddy/ros2_ws/install/scout_navigation2/share/scout_navigation2
running install_egg_info
Copying ../../build/scout_navigation2/scout_navigation2.egg-info to /home/eddy/ros2_ws/install/scout_navigation2/lib/python3.10/site-packages/scout_navigation2-0.0.0-py3.10.egg-info
running install_scripts
writing list of installed files to '/home/eddy/ros2_ws/build/scout_navigation2/install.log'
