[0.016s] Invoking command in '/home/eddy/ros2_ws/build/ugv_sdk': /usr/bin/cmake --build /home/eddy/ros2_ws/build/ugv_sdk -- -j2 -l2
[0.065s] [35m[1mConsolidate compiler generated dependencies of target ugv_sdk[0m
[0.118s] [ 44%] Built target ugv_sdk
[0.137s] [35m[1mConsolidate compiler generated dependencies of target demo_scout_robot[0m
[0.144s] [35m[1mConsolidate compiler generated dependencies of target demo_scout_mini_omni_robot[0m
[0.172s] [ 51%] Built target demo_scout_robot
[0.173s] [ 58%] Built target demo_scout_mini_omni_robot
[0.185s] [35m[1mConsolidate compiler generated dependencies of target demo_tracer_robot[0m
[0.192s] [35m[1mConsolidate compiler generated dependencies of target demo_ranger_robot[0m
[0.207s] [ 65%] Built target demo_tracer_robot
[0.221s] [ 72%] Built target demo_ranger_robot
[0.221s] [35m[1mConsolidate compiler generated dependencies of target demo_bunker_robot[0m
[0.240s] [35m[1mConsolidate compiler generated dependencies of target demo_hunter_robot[0m
[0.243s] [ 79%] Built target demo_bunker_robot
[0.257s] [35m[1mConsolidate compiler generated dependencies of target demo_protocol_detector[0m
[0.265s] [ 86%] Built target demo_hunter_robot
[0.286s] [35m[1mConsolidate compiler generated dependencies of target demo_robot_version[0m
[0.286s] [ 93%] Built target demo_protocol_detector
[0.301s] [100%] Built target demo_robot_version
[0.318s] Invoked command in '/home/eddy/ros2_ws/build/ugv_sdk' returned '0': /usr/bin/cmake --build /home/eddy/ros2_ws/build/ugv_sdk -- -j2 -l2
[0.337s] Invoking command in '/home/eddy/ros2_ws/build/ugv_sdk': /usr/bin/cmake --install /home/eddy/ros2_ws/build/ugv_sdk
[0.349s] -- Install configuration: "Release"
[0.349s] -- Up-to-date: /home/eddy/ros2_ws/install/ugv_sdk/lib/libugv_sdk.a
[0.349s] -- Up-to-date: /home/eddy/ros2_ws/install/ugv_sdk/include/ugv_sdk
[0.349s] -- Up-to-date: /home/eddy/ros2_ws/install/ugv_sdk/include/ugv_sdk/mobile_robot
[0.349s] -- Up-to-date: /home/eddy/ros2_ws/install/ugv_sdk/include/ugv_sdk/mobile_robot/titan_robot.hpp
[0.349s] -- Up-to-date: /home/eddy/ros2_ws/install/ugv_sdk/include/ugv_sdk/mobile_robot/ranger_robot.hpp
[0.349s] -- Up-to-date: /home/eddy/ros2_ws/install/ugv_sdk/include/ugv_sdk/mobile_robot/hunter_robot.hpp
[0.349s] -- Up-to-date: /home/eddy/ros2_ws/install/ugv_sdk/include/ugv_sdk/mobile_robot/tracer_robot.hpp
[0.349s] -- Up-to-date: /home/eddy/ros2_ws/install/ugv_sdk/include/ugv_sdk/mobile_robot/scout_robot.hpp
[0.349s] -- Up-to-date: /home/eddy/ros2_ws/install/ugv_sdk/include/ugv_sdk/mobile_robot/bunker_robot.hpp
[0.350s] -- Up-to-date: /home/eddy/ros2_ws/install/ugv_sdk/include/ugv_sdk/utilities
[0.350s] -- Up-to-date: /home/eddy/ros2_ws/install/ugv_sdk/include/ugv_sdk/utilities/protocol_detector.hpp
[0.350s] -- Up-to-date: /home/eddy/ros2_ws/install/ugv_sdk/include/ugv_sdk/details
[0.350s] -- Up-to-date: /home/eddy/ros2_ws/install/ugv_sdk/include/ugv_sdk/details/interface
[0.350s] -- Up-to-date: /home/eddy/ros2_ws/install/ugv_sdk/include/ugv_sdk/details/interface/robot_common_interface.hpp
[0.350s] -- Up-to-date: /home/eddy/ros2_ws/install/ugv_sdk/include/ugv_sdk/details/interface/bunker_interface.hpp
[0.350s] -- Up-to-date: /home/eddy/ros2_ws/install/ugv_sdk/include/ugv_sdk/details/interface/ranger_interface.hpp
[0.350s] -- Up-to-date: /home/eddy/ros2_ws/install/ugv_sdk/include/ugv_sdk/details/interface/titan_interface.hpp
[0.350s] -- Up-to-date: /home/eddy/ros2_ws/install/ugv_sdk/include/ugv_sdk/details/interface/scout_interface.hpp
[0.350s] -- Up-to-date: /home/eddy/ros2_ws/install/ugv_sdk/include/ugv_sdk/details/interface/agilex_message.h
[0.350s] -- Up-to-date: /home/eddy/ros2_ws/install/ugv_sdk/include/ugv_sdk/details/interface/tracer_interface.hpp
[0.350s] -- Up-to-date: /home/eddy/ros2_ws/install/ugv_sdk/include/ugv_sdk/details/interface/hunter_interface.hpp
[0.350s] -- Up-to-date: /home/eddy/ros2_ws/install/ugv_sdk/include/ugv_sdk/details/interface/agilex_types.h
[0.350s] -- Up-to-date: /home/eddy/ros2_ws/install/ugv_sdk/include/ugv_sdk/details/robot_base
[0.350s] -- Up-to-date: /home/eddy/ros2_ws/install/ugv_sdk/include/ugv_sdk/details/robot_base/tracer_base.hpp
[0.350s] -- Up-to-date: /home/eddy/ros2_ws/install/ugv_sdk/include/ugv_sdk/details/robot_base/ranger_base.hpp
[0.350s] -- Up-to-date: /home/eddy/ros2_ws/install/ugv_sdk/include/ugv_sdk/details/robot_base/titan_base.hpp
[0.350s] -- Up-to-date: /home/eddy/ros2_ws/install/ugv_sdk/include/ugv_sdk/details/robot_base/bunker_base.hpp
[0.350s] -- Up-to-date: /home/eddy/ros2_ws/install/ugv_sdk/include/ugv_sdk/details/robot_base/hunter_base.hpp
[0.350s] -- Up-to-date: /home/eddy/ros2_ws/install/ugv_sdk/include/ugv_sdk/details/robot_base/agilex_base.hpp
[0.350s] -- Up-to-date: /home/eddy/ros2_ws/install/ugv_sdk/include/ugv_sdk/details/robot_base/scout_base.hpp
[0.350s] -- Up-to-date: /home/eddy/ros2_ws/install/ugv_sdk/include/ugv_sdk/details/protocol_v2
[0.351s] -- Up-to-date: /home/eddy/ros2_ws/install/ugv_sdk/include/ugv_sdk/details/protocol_v2/protocol_v2_parser.hpp
[0.351s] -- Up-to-date: /home/eddy/ros2_ws/install/ugv_sdk/include/ugv_sdk/details/async_port
[0.353s] -- Up-to-date: /home/eddy/ros2_ws/install/ugv_sdk/include/ugv_sdk/details/async_port/ring_buffer.hpp
[0.353s] -- Up-to-date: /home/eddy/ros2_ws/install/ugv_sdk/include/ugv_sdk/details/async_port/async_serial.hpp
[0.353s] -- Up-to-date: /home/eddy/ros2_ws/install/ugv_sdk/include/ugv_sdk/details/async_port/async_can.hpp
[0.353s] -- Up-to-date: /home/eddy/ros2_ws/install/ugv_sdk/include/ugv_sdk/details/parser_base.hpp
[0.353s] -- Up-to-date: /home/eddy/ros2_ws/install/ugv_sdk/include/ugv_sdk/details/protocol_v1
[0.353s] -- Up-to-date: /home/eddy/ros2_ws/install/ugv_sdk/include/ugv_sdk/details/protocol_v1/protocol_v1_parser.hpp
[0.353s] -- Up-to-date: /home/eddy/ros2_ws/install/ugv_sdk/include/ugv_sdk/details/protocol_v1/robot_limits.hpp
[0.354s] -- Up-to-date: /home/eddy/ros2_ws/install/ugv_sdk/include/ugv_sdk/details/protocol_v1/agilex_msg_parser_v1.h
[0.354s] -- Up-to-date: /home/eddy/ros2_ws/install/ugv_sdk/lib/cmake/ugv_sdk/ugv_sdkTargets.cmake
[0.354s] -- Up-to-date: /home/eddy/ros2_ws/install/ugv_sdk/lib/cmake/ugv_sdk/ugv_sdkTargets-release.cmake
[0.354s] -- Up-to-date: /home/eddy/ros2_ws/install/ugv_sdk/lib/cmake/ugv_sdk/ugv_sdkConfig.cmake
[0.354s] -- Up-to-date: /home/eddy/ros2_ws/install/ugv_sdk/lib/cmake/ugv_sdk/ugv_sdkConfigVersion.cmake
[0.358s] Invoked command in '/home/eddy/ros2_ws/build/ugv_sdk' returned '0': /usr/bin/cmake --install /home/eddy/ros2_ws/build/ugv_sdk
