running egg_info
creating ../../build/rfid_serial_node/rfid_serial_node.egg-info
writing ../../build/rfid_serial_node/rfid_serial_node.egg-info/PKG-INFO
writing dependency_links to ../../build/rfid_serial_node/rfid_serial_node.egg-info/dependency_links.txt
writing entry points to ../../build/rfid_serial_node/rfid_serial_node.egg-info/entry_points.txt
writing requirements to ../../build/rfid_serial_node/rfid_serial_node.egg-info/requires.txt
writing top-level names to ../../build/rfid_serial_node/rfid_serial_node.egg-info/top_level.txt
writing manifest file '../../build/rfid_serial_node/rfid_serial_node.egg-info/SOURCES.txt'
reading manifest file '../../build/rfid_serial_node/rfid_serial_node.egg-info/SOURCES.txt'
writing manifest file '../../build/rfid_serial_node/rfid_serial_node.egg-info/SOURCES.txt'
running build
running build_py
creating /home/eddy/ros2_ws/build/rfid_serial_node/build
creating /home/eddy/ros2_ws/build/rfid_serial_node/build/lib
creating /home/eddy/ros2_ws/build/rfid_serial_node/build/lib/rfid_serial_node
copying rfid_serial_node/rfid_reader.py -> /home/eddy/ros2_ws/build/rfid_serial_node/build/lib/rfid_serial_node
copying rfid_serial_node/__init__.py -> /home/eddy/ros2_ws/build/rfid_serial_node/build/lib/rfid_serial_node
running install
running install_lib
creating /home/eddy/ros2_ws/install/rfid_serial_node/lib/python3.10/site-packages/rfid_serial_node
copying /home/eddy/ros2_ws/build/rfid_serial_node/build/lib/rfid_serial_node/rfid_reader.py -> /home/eddy/ros2_ws/install/rfid_serial_node/lib/python3.10/site-packages/rfid_serial_node
copying /home/eddy/ros2_ws/build/rfid_serial_node/build/lib/rfid_serial_node/__init__.py -> /home/eddy/ros2_ws/install/rfid_serial_node/lib/python3.10/site-packages/rfid_serial_node
byte-compiling /home/eddy/ros2_ws/install/rfid_serial_node/lib/python3.10/site-packages/rfid_serial_node/rfid_reader.py to rfid_reader.cpython-310.pyc
byte-compiling /home/eddy/ros2_ws/install/rfid_serial_node/lib/python3.10/site-packages/rfid_serial_node/__init__.py to __init__.cpython-310.pyc
running install_data
creating /home/eddy/ros2_ws/install/rfid_serial_node/share/ament_index
creating /home/eddy/ros2_ws/install/rfid_serial_node/share/ament_index/resource_index
creating /home/eddy/ros2_ws/install/rfid_serial_node/share/ament_index/resource_index/packages
copying resource/rfid_serial_node -> /home/eddy/ros2_ws/install/rfid_serial_node/share/ament_index/resource_index/packages
copying package.xml -> /home/eddy/ros2_ws/install/rfid_serial_node/share/rfid_serial_node
running install_egg_info
Copying ../../build/rfid_serial_node/rfid_serial_node.egg-info to /home/eddy/ros2_ws/install/rfid_serial_node/lib/python3.10/site-packages/rfid_serial_node-0.0.0-py3.10.egg-info
running install_scripts
Installing rfid_reader script to /home/eddy/ros2_ws/install/rfid_serial_node/lib/rfid_serial_node
writing list of installed files to '/home/eddy/ros2_ws/build/rfid_serial_node/install.log'
