[1.014s] Invoking command in '/home/eddy/ros2_ws/src/rfid_serial_node': PYTHONPATH=/home/eddy/ros2_ws/build/rfid_serial_node/prefix_override:/usr/lib/python3/dist-packages/colcon_core/task/python/colcon_distutils_commands:/home/eddy/ros2_ws/install/rfid_serial_node/lib/python3.10/site-packages:${PYTHONPATH} /usr/bin/python3 -W ignore:setup.py install is deprecated -W ignore:easy_install command is deprecated setup.py egg_info --egg-base ../../build/rfid_serial_node build --build-base /home/eddy/ros2_ws/build/rfid_serial_node/build install --record /home/eddy/ros2_ws/build/rfid_serial_node/install.log --single-version-externally-managed install_data
[1.346s] running egg_info
[1.346s] creating ../../build/rfid_serial_node/rfid_serial_node.egg-info
[1.346s] writing ../../build/rfid_serial_node/rfid_serial_node.egg-info/PKG-INFO
[1.346s] writing dependency_links to ../../build/rfid_serial_node/rfid_serial_node.egg-info/dependency_links.txt
[1.346s] writing entry points to ../../build/rfid_serial_node/rfid_serial_node.egg-info/entry_points.txt
[1.348s] writing requirements to ../../build/rfid_serial_node/rfid_serial_node.egg-info/requires.txt
[1.348s] writing top-level names to ../../build/rfid_serial_node/rfid_serial_node.egg-info/top_level.txt
[1.348s] writing manifest file '../../build/rfid_serial_node/rfid_serial_node.egg-info/SOURCES.txt'
[1.348s] reading manifest file '../../build/rfid_serial_node/rfid_serial_node.egg-info/SOURCES.txt'
[1.349s] writing manifest file '../../build/rfid_serial_node/rfid_serial_node.egg-info/SOURCES.txt'
[1.349s] running build
[1.349s] running build_py
[1.350s] creating /home/eddy/ros2_ws/build/rfid_serial_node/build
[1.350s] creating /home/eddy/ros2_ws/build/rfid_serial_node/build/lib
[1.350s] creating /home/eddy/ros2_ws/build/rfid_serial_node/build/lib/rfid_serial_node
[1.350s] copying rfid_serial_node/rfid_reader.py -> /home/eddy/ros2_ws/build/rfid_serial_node/build/lib/rfid_serial_node
[1.350s] copying rfid_serial_node/__init__.py -> /home/eddy/ros2_ws/build/rfid_serial_node/build/lib/rfid_serial_node
[1.350s] running install
[1.350s] running install_lib
[1.351s] creating /home/eddy/ros2_ws/install/rfid_serial_node/lib/python3.10/site-packages/rfid_serial_node
[1.351s] copying /home/eddy/ros2_ws/build/rfid_serial_node/build/lib/rfid_serial_node/rfid_reader.py -> /home/eddy/ros2_ws/install/rfid_serial_node/lib/python3.10/site-packages/rfid_serial_node
[1.351s] copying /home/eddy/ros2_ws/build/rfid_serial_node/build/lib/rfid_serial_node/__init__.py -> /home/eddy/ros2_ws/install/rfid_serial_node/lib/python3.10/site-packages/rfid_serial_node
[1.352s] byte-compiling /home/eddy/ros2_ws/install/rfid_serial_node/lib/python3.10/site-packages/rfid_serial_node/rfid_reader.py to rfid_reader.cpython-310.pyc
[1.352s]   File "/home/eddy/ros2_ws/install/rfid_serial_node/lib/python3.10/site-packages/rfid_serial_node/rfid_reader.py", line 73
[1.352s]     if __name__ == '__main__":
[1.352s]                    ^
[1.352s] SyntaxError: unterminated string literal (detected at line 73)
[1.352s] 
[1.352s] byte-compiling /home/eddy/ros2_ws/install/rfid_serial_node/lib/python3.10/site-packages/rfid_serial_node/__init__.py to __init__.cpython-310.pyc
[1.352s] running install_data
[1.353s] creating /home/eddy/ros2_ws/install/rfid_serial_node/share/ament_index
[1.353s] creating /home/eddy/ros2_ws/install/rfid_serial_node/share/ament_index/resource_index
[1.353s] creating /home/eddy/ros2_ws/install/rfid_serial_node/share/ament_index/resource_index/packages
[1.353s] copying resource/rfid_serial_node -> /home/eddy/ros2_ws/install/rfid_serial_node/share/ament_index/resource_index/packages
[1.353s] copying package.xml -> /home/eddy/ros2_ws/install/rfid_serial_node/share/rfid_serial_node
[1.353s] running install_egg_info
[1.355s] Copying ../../build/rfid_serial_node/rfid_serial_node.egg-info to /home/eddy/ros2_ws/install/rfid_serial_node/lib/python3.10/site-packages/rfid_serial_node-0.0.0-py3.10.egg-info
[1.355s] running install_scripts
[1.379s] Installing rfid_reader script to /home/eddy/ros2_ws/install/rfid_serial_node/lib/rfid_serial_node
[1.379s] writing list of installed files to '/home/eddy/ros2_ws/build/rfid_serial_node/install.log'
[1.407s] Invoked command in '/home/eddy/ros2_ws/src/rfid_serial_node' returned '0': PYTHONPATH=/home/eddy/ros2_ws/build/rfid_serial_node/prefix_override:/usr/lib/python3/dist-packages/colcon_core/task/python/colcon_distutils_commands:/home/eddy/ros2_ws/install/rfid_serial_node/lib/python3.10/site-packages:${PYTHONPATH} /usr/bin/python3 -W ignore:setup.py install is deprecated -W ignore:easy_install command is deprecated setup.py egg_info --egg-base ../../build/rfid_serial_node build --build-base /home/eddy/ros2_ws/build/rfid_serial_node/build install --record /home/eddy/ros2_ws/build/rfid_serial_node/install.log --single-version-externally-managed install_data
