[0.009s] Invoking command in '/home/eddy/ros2_ws/build/depth_image_proc': CMAKE_PREFIX_PATH=${CMAKE_PREFIX_PATH}:/opt/ros/humble /usr/bin/cmake /home/eddy/ros2_ws/src/image_pipeline/depth_image_proc -DCMAKE_INSTALL_PREFIX=/home/eddy/ros2_ws/install/depth_image_proc
[0.071s] -- The C compiler identification is GNU 11.4.0
[0.129s] -- The CXX compiler identification is GNU 11.4.0
[0.137s] -- Detecting C compiler ABI info
[0.206s] -- Detecting C compiler ABI info - done
[0.211s] -- Check for working C compiler: /usr/bin/cc - skipped
[0.212s] -- Detecting C compile features
[0.212s] -- Detecting C compile features - done
[0.214s] -- Detecting CXX compiler ABI info
[0.287s] -- Detecting CXX compiler ABI info - done
[0.295s] -- Check for working CXX compiler: /usr/bin/c++ - skipped
[0.295s] -- Detecting CXX compile features
[0.296s] -- Detecting CXX compile features - done
[0.299s] -- Found ament_cmake_auto: 1.3.12 (/opt/ros/humble/share/ament_cmake_auto/cmake)
[0.442s] -- Found Python3: /usr/bin/python3 (found version "3.10.12") found components: Interpreter 
[0.709s] -- Found rosidl_generator_c: 3.1.7 (/opt/ros/humble/share/rosidl_generator_c/cmake)
[0.716s] -- Found rosidl_adapter: 3.1.7 (/opt/ros/humble/share/rosidl_adapter/cmake)
[0.731s] -- Found rosidl_generator_cpp: 3.1.7 (/opt/ros/humble/share/rosidl_generator_cpp/cmake)
[0.753s] -- Using all available rosidl_typesupport_c: rosidl_typesupport_fastrtps_c;rosidl_typesupport_introspection_c
[0.774s] -- Using all available rosidl_typesupport_cpp: rosidl_typesupport_fastrtps_cpp;rosidl_typesupport_introspection_cpp
[0.957s] -- Found rmw_implementation_cmake: 6.1.2 (/opt/ros/humble/share/rmw_implementation_cmake/cmake)
[0.962s] -- Found rmw_cyclonedds_cpp: 1.3.4 (/opt/ros/humble/share/rmw_cyclonedds_cpp/cmake)
[1.005s] -- Using RMW implementation 'rmw_cyclonedds_cpp' as default
[1.019s] -- Looking for pthread.h
[1.099s] -- Looking for pthread.h - found
[1.099s] -- Performing Test CMAKE_HAVE_LIBC_PTHREAD
[1.159s] -- Performing Test CMAKE_HAVE_LIBC_PTHREAD - Success
[1.160s] -- Found Threads: TRUE  
[1.453s] -- Found OpenCV: /usr (found version "4.5.4") 
[1.466s] -- Found ament_lint_auto: 0.12.14 (/opt/ros/humble/share/ament_lint_auto/cmake)
[1.491s] [0mIn this package, headers install destination is set to `include` by ament_auto_package. It is recommended to install `include/depth_image_proc` instead and will be the default behavior of ament_auto_package from ROS 2 Kilted Kaiju. On distributions before Kilted, ament_auto_package behaves the same way when you use USE_SCOPED_HEADER_INSTALL_DIR option.[0m
[1.498s] -- Added test 'copyright' to check source files copyright and LICENSE
[1.502s] -- Added test 'cppcheck' to perform static code analysis on C / C++ code
[1.503s] -- Configured cppcheck include dirs: /home/eddy/ros2_ws/src/image_pipeline/depth_image_proc/include
[1.503s] -- Configured cppcheck exclude dirs and/or files: 
[1.508s] -- Added test 'cpplint' to check C / C++ code against the Google style
[1.508s] -- Configured cpplint exclude dirs and/or files: 
[1.508s] -- Added test 'flake8' to check Python code syntax and style conventions
[1.509s] -- Added test 'lint_cmake' to check CMake code style
[1.511s] -- Added test 'pep257' to check Python code against some of the docstring style conventions in PEP 257
[1.513s] -- Added test 'uncrustify' to check C / C++ code style
[1.514s] -- Configured uncrustify additional arguments: 
[1.517s] -- Added test 'xmllint' to check XML markup files
[1.519s] -- Configuring done
[1.568s] -- Generating done
[1.580s] -- Build files have been written to: /home/eddy/ros2_ws/build/depth_image_proc
[1.595s] Invoked command in '/home/eddy/ros2_ws/build/depth_image_proc' returned '0': CMAKE_PREFIX_PATH=${CMAKE_PREFIX_PATH}:/opt/ros/humble /usr/bin/cmake /home/eddy/ros2_ws/src/image_pipeline/depth_image_proc -DCMAKE_INSTALL_PREFIX=/home/eddy/ros2_ws/install/depth_image_proc
[1.597s] Invoking command in '/home/eddy/ros2_ws/build/depth_image_proc': CMAKE_PREFIX_PATH=${CMAKE_PREFIX_PATH}:/opt/ros/humble /usr/bin/cmake --build /home/eddy/ros2_ws/build/depth_image_proc -- -j2 -l2
[1.644s] [  3%] [32mBuilding CXX object CMakeFiles/depth_image_proc.dir/src/conversions.cpp.o[0m
[1.682s] [  6%] [32mBuilding CXX object CMakeFiles/convert_metric_node.dir/rclcpp_components/node_main_convert_metric_node.cpp.o[0m
[8.280s] [  9%] [32mBuilding CXX object CMakeFiles/depth_image_proc.dir/src/convert_metric.cpp.o[0m
[13.887s] [ 12%] [32m[1mLinking CXX executable convert_metric_node[0m
[14.349s] [ 12%] Built target convert_metric_node
[14.370s] [ 15%] [32mBuilding CXX object CMakeFiles/depth_image_proc.dir/src/crop_foremost.cpp.o[0m
[17.492s] [ 18%] [32mBuilding CXX object CMakeFiles/depth_image_proc.dir/src/disparity.cpp.o[0m
[24.675s] [ 21%] [32mBuilding CXX object CMakeFiles/depth_image_proc.dir/src/point_cloud_xyz.cpp.o[0m
[41.598s] [ 25%] [32mBuilding CXX object CMakeFiles/depth_image_proc.dir/src/point_cloud_xyzrgb.cpp.o[0m
[58.926s] [ 28%] [32mBuilding CXX object CMakeFiles/depth_image_proc.dir/src/point_cloud_xyzi.cpp.o[0m
[75.660s] [ 31%] [32mBuilding CXX object CMakeFiles/depth_image_proc.dir/src/point_cloud_xyz_radial.cpp.o[0m
[84.981s] [ 34%] [32mBuilding CXX object CMakeFiles/depth_image_proc.dir/src/point_cloud_xyzi_radial.cpp.o[0m
[98.250s] [ 37%] [32mBuilding CXX object CMakeFiles/depth_image_proc.dir/src/point_cloud_xyzrgb_radial.cpp.o[0m
[113.334s] [ 40%] [32mBuilding CXX object CMakeFiles/depth_image_proc.dir/src/register.cpp.o[0m
[130.666s] [ 43%] [32m[1mLinking CXX shared library libdepth_image_proc.so[0m
[133.409s] [ 43%] Built target depth_image_proc
[133.432s] [ 46%] [32mBuilding CXX object CMakeFiles/crop_foremost_node.dir/rclcpp_components/node_main_crop_foremost_node.cpp.o[0m
[137.106s] [ 50%] [32m[1mLinking CXX executable crop_foremost_node[0m
[137.258s] [ 50%] Built target crop_foremost_node
[137.283s] [ 53%] [32mBuilding CXX object CMakeFiles/disparity_node.dir/rclcpp_components/node_main_disparity_node.cpp.o[0m
[140.710s] [ 56%] [32m[1mLinking CXX executable disparity_node[0m
[140.845s] [ 56%] Built target disparity_node
[140.868s] [ 59%] [32mBuilding CXX object CMakeFiles/point_cloud_xyz_node.dir/rclcpp_components/node_main_point_cloud_xyz_node.cpp.o[0m
[144.374s] [ 62%] [32m[1mLinking CXX executable point_cloud_xyz_node[0m
[144.507s] [ 62%] Built target point_cloud_xyz_node
[144.529s] [ 65%] [32mBuilding CXX object CMakeFiles/point_cloud_xyzrgb_node.dir/rclcpp_components/node_main_point_cloud_xyzrgb_node.cpp.o[0m
[147.973s] [ 68%] [32m[1mLinking CXX executable point_cloud_xyzrgb_node[0m
[148.110s] [ 68%] Built target point_cloud_xyzrgb_node
[148.132s] [ 71%] [32mBuilding CXX object CMakeFiles/point_cloud_xyzi_node.dir/rclcpp_components/node_main_point_cloud_xyzi_node.cpp.o[0m
[151.619s] [ 75%] [32m[1mLinking CXX executable point_cloud_xyzi_node[0m
[151.754s] [ 75%] Built target point_cloud_xyzi_node
[151.779s] [ 78%] [32mBuilding CXX object CMakeFiles/point_cloud_xyz_radial_node.dir/rclcpp_components/node_main_point_cloud_xyz_radial_node.cpp.o[0m
[156.369s] [ 81%] [32m[1mLinking CXX executable point_cloud_xyz_radial_node[0m
[156.508s] [ 81%] Built target point_cloud_xyz_radial_node
[156.532s] [ 84%] [32mBuilding CXX object CMakeFiles/point_cloud_xyzi_radial_node.dir/rclcpp_components/node_main_point_cloud_xyzi_radial_node.cpp.o[0m
[160.123s] [ 87%] [32m[1mLinking CXX executable point_cloud_xyzi_radial_node[0m
[160.257s] [ 87%] Built target point_cloud_xyzi_radial_node
[160.281s] [ 90%] [32mBuilding CXX object CMakeFiles/point_cloud_xyzrgb_radial_node.dir/rclcpp_components/node_main_point_cloud_xyzrgb_radial_node.cpp.o[0m
[163.817s] [ 93%] [32m[1mLinking CXX executable point_cloud_xyzrgb_radial_node[0m
[163.957s] [ 93%] Built target point_cloud_xyzrgb_radial_node
[163.983s] [ 96%] [32mBuilding CXX object CMakeFiles/register_node.dir/rclcpp_components/node_main_register_node.cpp.o[0m
[167.532s] [100%] [32m[1mLinking CXX executable register_node[0m
[167.667s] [100%] Built target register_node
[167.683s] Invoked command in '/home/eddy/ros2_ws/build/depth_image_proc' returned '0': CMAKE_PREFIX_PATH=${CMAKE_PREFIX_PATH}:/opt/ros/humble /usr/bin/cmake --build /home/eddy/ros2_ws/build/depth_image_proc -- -j2 -l2
[167.687s] Invoking command in '/home/eddy/ros2_ws/build/depth_image_proc': CMAKE_PREFIX_PATH=${CMAKE_PREFIX_PATH}:/opt/ros/humble /usr/bin/cmake --install /home/eddy/ros2_ws/build/depth_image_proc
[167.695s] -- Install configuration: ""
[167.695s] -- Installing: /home/eddy/ros2_ws/install/depth_image_proc/lib/depth_image_proc/convert_metric_node
[167.697s] -- Set runtime path of "/home/eddy/ros2_ws/install/depth_image_proc/lib/depth_image_proc/convert_metric_node" to ""
[167.697s] -- Installing: /home/eddy/ros2_ws/install/depth_image_proc/lib/depth_image_proc/crop_foremost_node
[167.698s] -- Set runtime path of "/home/eddy/ros2_ws/install/depth_image_proc/lib/depth_image_proc/crop_foremost_node" to ""
[167.699s] -- Installing: /home/eddy/ros2_ws/install/depth_image_proc/lib/depth_image_proc/disparity_node
[167.699s] -- Set runtime path of "/home/eddy/ros2_ws/install/depth_image_proc/lib/depth_image_proc/disparity_node" to ""
[167.700s] -- Installing: /home/eddy/ros2_ws/install/depth_image_proc/lib/depth_image_proc/point_cloud_xyz_node
[167.700s] -- Set runtime path of "/home/eddy/ros2_ws/install/depth_image_proc/lib/depth_image_proc/point_cloud_xyz_node" to ""
[167.700s] -- Installing: /home/eddy/ros2_ws/install/depth_image_proc/lib/depth_image_proc/point_cloud_xyzrgb_node
[167.701s] -- Set runtime path of "/home/eddy/ros2_ws/install/depth_image_proc/lib/depth_image_proc/point_cloud_xyzrgb_node" to ""
[167.701s] -- Installing: /home/eddy/ros2_ws/install/depth_image_proc/lib/depth_image_proc/point_cloud_xyzi_node
[167.702s] -- Set runtime path of "/home/eddy/ros2_ws/install/depth_image_proc/lib/depth_image_proc/point_cloud_xyzi_node" to ""
[167.702s] -- Installing: /home/eddy/ros2_ws/install/depth_image_proc/lib/depth_image_proc/point_cloud_xyz_radial_node
[167.703s] -- Set runtime path of "/home/eddy/ros2_ws/install/depth_image_proc/lib/depth_image_proc/point_cloud_xyz_radial_node" to ""
[167.703s] -- Installing: /home/eddy/ros2_ws/install/depth_image_proc/lib/depth_image_proc/point_cloud_xyzi_radial_node
[167.703s] -- Set runtime path of "/home/eddy/ros2_ws/install/depth_image_proc/lib/depth_image_proc/point_cloud_xyzi_radial_node" to ""
[167.704s] -- Installing: /home/eddy/ros2_ws/install/depth_image_proc/lib/depth_image_proc/point_cloud_xyzrgb_radial_node
[167.705s] -- Set runtime path of "/home/eddy/ros2_ws/install/depth_image_proc/lib/depth_image_proc/point_cloud_xyzrgb_radial_node" to ""
[167.705s] -- Installing: /home/eddy/ros2_ws/install/depth_image_proc/lib/depth_image_proc/register_node
[167.705s] -- Set runtime path of "/home/eddy/ros2_ws/install/depth_image_proc/lib/depth_image_proc/register_node" to ""
[167.706s] -- Installing: /home/eddy/ros2_ws/install/depth_image_proc/include
[167.706s] -- Installing: /home/eddy/ros2_ws/install/depth_image_proc/include/depth_image_proc
[167.706s] -- Installing: /home/eddy/ros2_ws/install/depth_image_proc/include/depth_image_proc/point_cloud_xyzrgb.hpp
[167.707s] -- Installing: /home/eddy/ros2_ws/install/depth_image_proc/include/depth_image_proc/depth_traits.hpp
[167.707s] -- Installing: /home/eddy/ros2_ws/install/depth_image_proc/include/depth_image_proc/point_cloud_xyz_radial.hpp
[167.707s] -- Installing: /home/eddy/ros2_ws/install/depth_image_proc/include/depth_image_proc/point_cloud_xyzrgb_radial.hpp
[167.708s] -- Installing: /home/eddy/ros2_ws/install/depth_image_proc/include/depth_image_proc/visibility.h
[167.708s] -- Installing: /home/eddy/ros2_ws/install/depth_image_proc/include/depth_image_proc/point_cloud_xyz.hpp
[167.708s] -- Installing: /home/eddy/ros2_ws/install/depth_image_proc/include/depth_image_proc/point_cloud_xyzi.hpp
[167.709s] -- Installing: /home/eddy/ros2_ws/install/depth_image_proc/include/depth_image_proc/conversions.hpp
[167.709s] -- Installing: /home/eddy/ros2_ws/install/depth_image_proc/include/depth_image_proc/point_cloud_xyzi_radial.hpp
[167.710s] -- Installing: /home/eddy/ros2_ws/install/depth_image_proc/share/depth_image_proc/environment/library_path.sh
[167.710s] -- Installing: /home/eddy/ros2_ws/install/depth_image_proc/share/depth_image_proc/environment/library_path.dsv
[167.711s] -- Installing: /home/eddy/ros2_ws/install/depth_image_proc/lib/libdepth_image_proc.so
[167.721s] -- Set runtime path of "/home/eddy/ros2_ws/install/depth_image_proc/lib/libdepth_image_proc.so" to ""
[167.721s] -- Installing: /home/eddy/ros2_ws/install/depth_image_proc/share/depth_image_proc/launch
[167.722s] -- Installing: /home/eddy/ros2_ws/install/depth_image_proc/share/depth_image_proc/launch/point_cloud_xyz_radial.launch.py
[167.723s] -- Installing: /home/eddy/ros2_ws/install/depth_image_proc/share/depth_image_proc/launch/point_cloud_xyzrgb_radial.launch.py
[167.723s] -- Installing: /home/eddy/ros2_ws/install/depth_image_proc/share/depth_image_proc/launch/register.launch.py
[167.723s] -- Installing: /home/eddy/ros2_ws/install/depth_image_proc/share/depth_image_proc/launch/rviz
[167.724s] -- Installing: /home/eddy/ros2_ws/install/depth_image_proc/share/depth_image_proc/launch/rviz/convert_metric.rviz
[167.724s] -- Installing: /home/eddy/ros2_ws/install/depth_image_proc/share/depth_image_proc/launch/rviz/point_cloud_xyzi.rviz
[167.725s] -- Installing: /home/eddy/ros2_ws/install/depth_image_proc/share/depth_image_proc/launch/rviz/point_cloud_xyz_radial.rviz
[167.725s] -- Installing: /home/eddy/ros2_ws/install/depth_image_proc/share/depth_image_proc/launch/rviz/point_cloud_xyz.rviz
[167.725s] -- Installing: /home/eddy/ros2_ws/install/depth_image_proc/share/depth_image_proc/launch/rviz/crop_formost.rviz
[167.726s] -- Installing: /home/eddy/ros2_ws/install/depth_image_proc/share/depth_image_proc/launch/rviz/point_cloud_xyzrgb.rviz
[167.727s] -- Installing: /home/eddy/ros2_ws/install/depth_image_proc/share/depth_image_proc/launch/rviz/register.rviz
[167.727s] -- Installing: /home/eddy/ros2_ws/install/depth_image_proc/share/depth_image_proc/launch/rviz/disparity.rviz
[167.727s] -- Installing: /home/eddy/ros2_ws/install/depth_image_proc/share/depth_image_proc/launch/point_cloud_xyz.launch.py
[167.728s] -- Installing: /home/eddy/ros2_ws/install/depth_image_proc/share/depth_image_proc/launch/crop_foremost.launch.py
[167.728s] -- Installing: /home/eddy/ros2_ws/install/depth_image_proc/share/depth_image_proc/launch/point_cloud_xyzi.launch.py
[167.729s] -- Installing: /home/eddy/ros2_ws/install/depth_image_proc/share/depth_image_proc/launch/point_cloud_xyzi_radial.launch.py
[167.729s] -- Installing: /home/eddy/ros2_ws/install/depth_image_proc/share/depth_image_proc/launch/point_cloud_xyzrgb.launch.py
[167.729s] -- Installing: /home/eddy/ros2_ws/install/depth_image_proc/share/depth_image_proc/launch/disparity.launch.py
[167.730s] -- Installing: /home/eddy/ros2_ws/install/depth_image_proc/share/depth_image_proc/launch/convert_metric.launch.py
[167.730s] -- Installing: /home/eddy/ros2_ws/install/depth_image_proc/share/ament_index/resource_index/package_run_dependencies/depth_image_proc
[167.731s] -- Installing: /home/eddy/ros2_ws/install/depth_image_proc/share/ament_index/resource_index/parent_prefix_path/depth_image_proc
[167.731s] -- Installing: /home/eddy/ros2_ws/install/depth_image_proc/share/depth_image_proc/environment/ament_prefix_path.sh
[167.732s] -- Installing: /home/eddy/ros2_ws/install/depth_image_proc/share/depth_image_proc/environment/ament_prefix_path.dsv
[167.732s] -- Installing: /home/eddy/ros2_ws/install/depth_image_proc/share/depth_image_proc/environment/path.sh
[167.733s] -- Installing: /home/eddy/ros2_ws/install/depth_image_proc/share/depth_image_proc/environment/path.dsv
[167.733s] -- Installing: /home/eddy/ros2_ws/install/depth_image_proc/share/depth_image_proc/local_setup.bash
[167.734s] -- Installing: /home/eddy/ros2_ws/install/depth_image_proc/share/depth_image_proc/local_setup.sh
[167.734s] -- Installing: /home/eddy/ros2_ws/install/depth_image_proc/share/depth_image_proc/local_setup.zsh
[167.734s] -- Installing: /home/eddy/ros2_ws/install/depth_image_proc/share/depth_image_proc/local_setup.dsv
[167.735s] -- Installing: /home/eddy/ros2_ws/install/depth_image_proc/share/depth_image_proc/package.dsv
[167.736s] -- Installing: /home/eddy/ros2_ws/install/depth_image_proc/share/ament_index/resource_index/packages/depth_image_proc
[167.736s] -- Installing: /home/eddy/ros2_ws/install/depth_image_proc/share/ament_index/resource_index/rclcpp_components/depth_image_proc
[167.736s] -- Installing: /home/eddy/ros2_ws/install/depth_image_proc/share/depth_image_proc/cmake/ament_cmake_export_dependencies-extras.cmake
[167.736s] -- Installing: /home/eddy/ros2_ws/install/depth_image_proc/share/depth_image_proc/cmake/ament_cmake_export_include_directories-extras.cmake
[167.737s] -- Installing: /home/eddy/ros2_ws/install/depth_image_proc/share/depth_image_proc/cmake/ament_cmake_export_libraries-extras.cmake
[167.738s] -- Installing: /home/eddy/ros2_ws/install/depth_image_proc/share/depth_image_proc/cmake/depth_image_procConfig.cmake
[167.738s] -- Installing: /home/eddy/ros2_ws/install/depth_image_proc/share/depth_image_proc/cmake/depth_image_procConfig-version.cmake
[167.738s] -- Installing: /home/eddy/ros2_ws/install/depth_image_proc/share/depth_image_proc/package.xml
[167.742s] Invoked command in '/home/eddy/ros2_ws/build/depth_image_proc' returned '0': CMAKE_PREFIX_PATH=${CMAKE_PREFIX_PATH}:/opt/ros/humble /usr/bin/cmake --install /home/eddy/ros2_ws/build/depth_image_proc
