[0.022s] Invoking command in '/home/eddy/ros2_ws/build/scout_msgs': CMAKE_PREFIX_PATH=/home/eddy/ros2_ws/install/scout_base:/home/eddy/ros2_ws/install/scout_robot:/home/eddy/ros2_ws/install/scout_navigation2:/home/eddy/ros2_ws/install/rfid_serial_node:/home/eddy/ros2_ws/install/my_nav2_controller:/home/eddy/ros2_ws/install/camera_calibration:/opt/ros/humble:/home/eddy/ros2_ws/install/ugv_sdk:/home/eddy/ros2_ws/install/image_pipeline:/home/eddy/ros2_ws/install/stereo_image_proc:/home/eddy/ros2_ws/install/image_proc:/home/eddy/ros2_ws/install/tracetools_image_pipeline:/home/eddy/ros2_ws/install/scout_msgs:/home/eddy/ros2_ws/install/scout_description:/home/eddy/ros2_ws/install/rplidar_ros:/home/eddy/ros2_ws/install/image_view:/home/eddy/ros2_ws/install/image_rotate:/home/eddy/ros2_ws/install/image_publisher:/home/eddy/ros2_ws/install/depth_image_proc VIRTUAL_ENV_PROMPT=(myvenv) /usr/bin/cmake --build /home/eddy/ros2_ws/build/scout_msgs -- -j2 -l2
[0.154s] [  1%] Built target scout_msgs__cpp
[0.183s] [ 12%] Built target scout_msgs__rosidl_generator_c
[0.254s] [ 12%] Built target ament_cmake_python_copy_scout_msgs
[0.286s] [ 23%] Built target scout_msgs__rosidl_typesupport_cpp
[0.311s] [ 34%] Built target scout_msgs__rosidl_typesupport_fastrtps_c
[0.340s] [ 46%] Built target scout_msgs__rosidl_typesupport_fastrtps_cpp
[0.384s] [ 57%] Built target scout_msgs__rosidl_typesupport_introspection_c
[0.420s] [ 68%] Built target scout_msgs__rosidl_typesupport_c
[0.446s] [ 79%] Built target scout_msgs__rosidl_typesupport_introspection_cpp
[0.485s] [ 79%] Built target scout_msgs
[0.553s] [ 80%] Built target scout_msgs__py
[0.618s] [ 90%] Built target scout_msgs__rosidl_generator_py
[0.677s] [ 93%] Built target scout_msgs__rosidl_typesupport_fastrtps_c__pyext
[0.767s] [ 96%] Built target scout_msgs__rosidl_typesupport_introspection_c__pyext
[0.869s] [100%] Built target scout_msgs__rosidl_typesupport_c__pyext
[1.196s] running egg_info
[1.198s] writing scout_msgs.egg-info/PKG-INFO
[1.207s] writing dependency_links to scout_msgs.egg-info/dependency_links.txt
[1.207s] writing top-level names to scout_msgs.egg-info/top_level.txt
[1.213s] reading manifest file 'scout_msgs.egg-info/SOURCES.txt'
[1.221s] writing manifest file 'scout_msgs.egg-info/SOURCES.txt'
[1.356s] [100%] Built target ament_cmake_python_build_scout_msgs_egg
[1.396s] Invoked command in '/home/eddy/ros2_ws/build/scout_msgs' returned '0': CMAKE_PREFIX_PATH=/home/eddy/ros2_ws/install/scout_base:/home/eddy/ros2_ws/install/scout_robot:/home/eddy/ros2_ws/install/scout_navigation2:/home/eddy/ros2_ws/install/rfid_serial_node:/home/eddy/ros2_ws/install/my_nav2_controller:/home/eddy/ros2_ws/install/camera_calibration:/opt/ros/humble:/home/eddy/ros2_ws/install/ugv_sdk:/home/eddy/ros2_ws/install/image_pipeline:/home/eddy/ros2_ws/install/stereo_image_proc:/home/eddy/ros2_ws/install/image_proc:/home/eddy/ros2_ws/install/tracetools_image_pipeline:/home/eddy/ros2_ws/install/scout_msgs:/home/eddy/ros2_ws/install/scout_description:/home/eddy/ros2_ws/install/rplidar_ros:/home/eddy/ros2_ws/install/image_view:/home/eddy/ros2_ws/install/image_rotate:/home/eddy/ros2_ws/install/image_publisher:/home/eddy/ros2_ws/install/depth_image_proc VIRTUAL_ENV_PROMPT=(myvenv) /usr/bin/cmake --build /home/eddy/ros2_ws/build/scout_msgs -- -j2 -l2
[1.401s] Invoking command in '/home/eddy/ros2_ws/build/scout_msgs': CMAKE_PREFIX_PATH=/home/eddy/ros2_ws/install/scout_base:/home/eddy/ros2_ws/install/scout_robot:/home/eddy/ros2_ws/install/scout_navigation2:/home/eddy/ros2_ws/install/rfid_serial_node:/home/eddy/ros2_ws/install/my_nav2_controller:/home/eddy/ros2_ws/install/camera_calibration:/opt/ros/humble:/home/eddy/ros2_ws/install/ugv_sdk:/home/eddy/ros2_ws/install/image_pipeline:/home/eddy/ros2_ws/install/stereo_image_proc:/home/eddy/ros2_ws/install/image_proc:/home/eddy/ros2_ws/install/tracetools_image_pipeline:/home/eddy/ros2_ws/install/scout_msgs:/home/eddy/ros2_ws/install/scout_description:/home/eddy/ros2_ws/install/rplidar_ros:/home/eddy/ros2_ws/install/image_view:/home/eddy/ros2_ws/install/image_rotate:/home/eddy/ros2_ws/install/image_publisher:/home/eddy/ros2_ws/install/depth_image_proc VIRTUAL_ENV_PROMPT=(myvenv) /usr/bin/cmake --install /home/eddy/ros2_ws/build/scout_msgs
[1.429s] -- Install configuration: ""
[1.433s] -- Up-to-date: /home/eddy/ros2_ws/install/scout_msgs/share/ament_index/resource_index/rosidl_interfaces/scout_msgs
[1.433s] -- Up-to-date: /home/eddy/ros2_ws/install/scout_msgs/include/scout_msgs/scout_msgs
[1.433s] -- Up-to-date: /home/eddy/ros2_ws/install/scout_msgs/include/scout_msgs/scout_msgs/msg
[1.433s] -- Up-to-date: /home/eddy/ros2_ws/install/scout_msgs/include/scout_msgs/scout_msgs/msg/rosidl_generator_c__visibility_control.h
[1.434s] -- Up-to-date: /home/eddy/ros2_ws/install/scout_msgs/include/scout_msgs/scout_msgs/msg/scout_status.h
[1.434s] -- Up-to-date: /home/eddy/ros2_ws/install/scout_msgs/include/scout_msgs/scout_msgs/msg/scout_light_state.h
[1.434s] -- Up-to-date: /home/eddy/ros2_ws/install/scout_msgs/include/scout_msgs/scout_msgs/msg/scout_rc_state.h
[1.441s] -- Up-to-date: /home/eddy/ros2_ws/install/scout_msgs/include/scout_msgs/scout_msgs/msg/scout_light_cmd.h
[1.441s] -- Up-to-date: /home/eddy/ros2_ws/install/scout_msgs/include/scout_msgs/scout_msgs/msg/detail
[1.441s] -- Up-to-date: /home/eddy/ros2_ws/install/scout_msgs/include/scout_msgs/scout_msgs/msg/detail/scout_light_cmd__struct.h
[1.441s] -- Up-to-date: /home/eddy/ros2_ws/install/scout_msgs/include/scout_msgs/scout_msgs/msg/detail/scout_light_state__struct.h
[1.441s] -- Up-to-date: /home/eddy/ros2_ws/install/scout_msgs/include/scout_msgs/scout_msgs/msg/detail/scout_status__functions.h
[1.441s] -- Up-to-date: /home/eddy/ros2_ws/install/scout_msgs/include/scout_msgs/scout_msgs/msg/detail/scout_rc_state__functions.c
[1.441s] -- Up-to-date: /home/eddy/ros2_ws/install/scout_msgs/include/scout_msgs/scout_msgs/msg/detail/scout_light_cmd__functions.c
[1.441s] -- Up-to-date: /home/eddy/ros2_ws/install/scout_msgs/include/scout_msgs/scout_msgs/msg/detail/scout_light_state__functions.h
[1.441s] -- Up-to-date: /home/eddy/ros2_ws/install/scout_msgs/include/scout_msgs/scout_msgs/msg/detail/scout_status__struct.h
[1.441s] -- Up-to-date: /home/eddy/ros2_ws/install/scout_msgs/include/scout_msgs/scout_msgs/msg/detail/scout_status__type_support.h
[1.441s] -- Up-to-date: /home/eddy/ros2_ws/install/scout_msgs/include/scout_msgs/scout_msgs/msg/detail/scout_rc_state__struct.h
[1.441s] -- Up-to-date: /home/eddy/ros2_ws/install/scout_msgs/include/scout_msgs/scout_msgs/msg/detail/scout_rc_state__type_support.h
[1.441s] -- Up-to-date: /home/eddy/ros2_ws/install/scout_msgs/include/scout_msgs/scout_msgs/msg/detail/scout_actuator_state__type_support.h
[1.441s] -- Up-to-date: /home/eddy/ros2_ws/install/scout_msgs/include/scout_msgs/scout_msgs/msg/detail/scout_light_cmd__type_support.h
[1.441s] -- Up-to-date: /home/eddy/ros2_ws/install/scout_msgs/include/scout_msgs/scout_msgs/msg/detail/scout_light_state__functions.c
[1.441s] -- Up-to-date: /home/eddy/ros2_ws/install/scout_msgs/include/scout_msgs/scout_msgs/msg/detail/scout_status__functions.c
[1.442s] -- Up-to-date: /home/eddy/ros2_ws/install/scout_msgs/include/scout_msgs/scout_msgs/msg/detail/scout_light_state__type_support.h
[1.442s] -- Up-to-date: /home/eddy/ros2_ws/install/scout_msgs/include/scout_msgs/scout_msgs/msg/detail/scout_actuator_state__struct.h
[1.442s] -- Up-to-date: /home/eddy/ros2_ws/install/scout_msgs/include/scout_msgs/scout_msgs/msg/detail/scout_actuator_state__functions.h
[1.442s] -- Up-to-date: /home/eddy/ros2_ws/install/scout_msgs/include/scout_msgs/scout_msgs/msg/detail/scout_rc_state__functions.h
[1.442s] -- Up-to-date: /home/eddy/ros2_ws/install/scout_msgs/include/scout_msgs/scout_msgs/msg/detail/scout_light_cmd__functions.h
[1.442s] -- Up-to-date: /home/eddy/ros2_ws/install/scout_msgs/include/scout_msgs/scout_msgs/msg/detail/scout_actuator_state__functions.c
[1.442s] -- Up-to-date: /home/eddy/ros2_ws/install/scout_msgs/include/scout_msgs/scout_msgs/msg/scout_actuator_state.h
[1.442s] -- Up-to-date: /home/eddy/ros2_ws/install/scout_msgs/share/scout_msgs/environment/library_path.sh
[1.442s] -- Up-to-date: /home/eddy/ros2_ws/install/scout_msgs/share/scout_msgs/environment/library_path.dsv
[1.442s] -- Up-to-date: /home/eddy/ros2_ws/install/scout_msgs/lib/libscout_msgs__rosidl_generator_c.so
[1.442s] -- Up-to-date: /home/eddy/ros2_ws/install/scout_msgs/include/scout_msgs/scout_msgs
[1.448s] -- Up-to-date: /home/eddy/ros2_ws/install/scout_msgs/include/scout_msgs/scout_msgs/msg
[1.448s] -- Up-to-date: /home/eddy/ros2_ws/install/scout_msgs/include/scout_msgs/scout_msgs/msg/detail
[1.448s] -- Up-to-date: /home/eddy/ros2_ws/install/scout_msgs/include/scout_msgs/scout_msgs/msg/detail/scout_light_state__rosidl_typesupport_fastrtps_c.h
[1.448s] -- Up-to-date: /home/eddy/ros2_ws/install/scout_msgs/include/scout_msgs/scout_msgs/msg/detail/scout_light_cmd__rosidl_typesupport_fastrtps_c.h
[1.448s] -- Up-to-date: /home/eddy/ros2_ws/install/scout_msgs/include/scout_msgs/scout_msgs/msg/detail/scout_rc_state__rosidl_typesupport_fastrtps_c.h
[1.448s] -- Up-to-date: /home/eddy/ros2_ws/install/scout_msgs/include/scout_msgs/scout_msgs/msg/detail/scout_actuator_state__rosidl_typesupport_fastrtps_c.h
[1.448s] -- Up-to-date: /home/eddy/ros2_ws/install/scout_msgs/include/scout_msgs/scout_msgs/msg/detail/scout_status__rosidl_typesupport_fastrtps_c.h
[1.448s] -- Up-to-date: /home/eddy/ros2_ws/install/scout_msgs/include/scout_msgs/scout_msgs/msg/rosidl_typesupport_fastrtps_c__visibility_control.h
[1.448s] -- Up-to-date: /home/eddy/ros2_ws/install/scout_msgs/lib/libscout_msgs__rosidl_typesupport_fastrtps_c.so
[1.448s] -- Up-to-date: /home/eddy/ros2_ws/install/scout_msgs/include/scout_msgs/scout_msgs
[1.448s] -- Up-to-date: /home/eddy/ros2_ws/install/scout_msgs/include/scout_msgs/scout_msgs/msg
[1.449s] -- Up-to-date: /home/eddy/ros2_ws/install/scout_msgs/include/scout_msgs/scout_msgs/msg/rosidl_generator_cpp__visibility_control.hpp
[1.449s] -- Up-to-date: /home/eddy/ros2_ws/install/scout_msgs/include/scout_msgs/scout_msgs/msg/detail
[1.449s] -- Up-to-date: /home/eddy/ros2_ws/install/scout_msgs/include/scout_msgs/scout_msgs/msg/detail/scout_light_cmd__type_support.hpp
[1.449s] -- Up-to-date: /home/eddy/ros2_ws/install/scout_msgs/include/scout_msgs/scout_msgs/msg/detail/scout_light_cmd__traits.hpp
[1.449s] -- Up-to-date: /home/eddy/ros2_ws/install/scout_msgs/include/scout_msgs/scout_msgs/msg/detail/scout_status__builder.hpp
[1.449s] -- Up-to-date: /home/eddy/ros2_ws/install/scout_msgs/include/scout_msgs/scout_msgs/msg/detail/scout_actuator_state__builder.hpp
[1.449s] -- Up-to-date: /home/eddy/ros2_ws/install/scout_msgs/include/scout_msgs/scout_msgs/msg/detail/scout_rc_state__builder.hpp
[1.461s] -- Up-to-date: /home/eddy/ros2_ws/install/scout_msgs/include/scout_msgs/scout_msgs/msg/detail/scout_status__traits.hpp
[1.461s] -- Up-to-date: /home/eddy/ros2_ws/install/scout_msgs/include/scout_msgs/scout_msgs/msg/detail/scout_rc_state__type_support.hpp
[1.461s] -- Up-to-date: /home/eddy/ros2_ws/install/scout_msgs/include/scout_msgs/scout_msgs/msg/detail/scout_actuator_state__type_support.hpp
[1.461s] -- Up-to-date: /home/eddy/ros2_ws/install/scout_msgs/include/scout_msgs/scout_msgs/msg/detail/scout_light_state__type_support.hpp
[1.461s] -- Up-to-date: /home/eddy/ros2_ws/install/scout_msgs/include/scout_msgs/scout_msgs/msg/detail/scout_rc_state__struct.hpp
[1.461s] -- Up-to-date: /home/eddy/ros2_ws/install/scout_msgs/include/scout_msgs/scout_msgs/msg/detail/scout_light_state__struct.hpp
[1.461s] -- Up-to-date: /home/eddy/ros2_ws/install/scout_msgs/include/scout_msgs/scout_msgs/msg/detail/scout_light_cmd__builder.hpp
[1.461s] -- Up-to-date: /home/eddy/ros2_ws/install/scout_msgs/include/scout_msgs/scout_msgs/msg/detail/scout_status__type_support.hpp
[1.461s] -- Up-to-date: /home/eddy/ros2_ws/install/scout_msgs/include/scout_msgs/scout_msgs/msg/detail/scout_status__struct.hpp
[1.462s] -- Up-to-date: /home/eddy/ros2_ws/install/scout_msgs/include/scout_msgs/scout_msgs/msg/detail/scout_rc_state__traits.hpp
[1.462s] -- Up-to-date: /home/eddy/ros2_ws/install/scout_msgs/include/scout_msgs/scout_msgs/msg/detail/scout_actuator_state__struct.hpp
[1.462s] -- Up-to-date: /home/eddy/ros2_ws/install/scout_msgs/include/scout_msgs/scout_msgs/msg/detail/scout_light_cmd__struct.hpp
[1.462s] -- Up-to-date: /home/eddy/ros2_ws/install/scout_msgs/include/scout_msgs/scout_msgs/msg/detail/scout_light_state__traits.hpp
[1.462s] -- Up-to-date: /home/eddy/ros2_ws/install/scout_msgs/include/scout_msgs/scout_msgs/msg/detail/scout_light_state__builder.hpp
[1.462s] -- Up-to-date: /home/eddy/ros2_ws/install/scout_msgs/include/scout_msgs/scout_msgs/msg/detail/scout_actuator_state__traits.hpp
[1.462s] -- Up-to-date: /home/eddy/ros2_ws/install/scout_msgs/include/scout_msgs/scout_msgs/msg/scout_actuator_state.hpp
[1.462s] -- Up-to-date: /home/eddy/ros2_ws/install/scout_msgs/include/scout_msgs/scout_msgs/msg/scout_rc_state.hpp
[1.462s] -- Up-to-date: /home/eddy/ros2_ws/install/scout_msgs/include/scout_msgs/scout_msgs/msg/scout_light_state.hpp
[1.462s] -- Up-to-date: /home/eddy/ros2_ws/install/scout_msgs/include/scout_msgs/scout_msgs/msg/scout_status.hpp
[1.462s] -- Up-to-date: /home/eddy/ros2_ws/install/scout_msgs/include/scout_msgs/scout_msgs/msg/scout_light_cmd.hpp
[1.462s] -- Up-to-date: /home/eddy/ros2_ws/install/scout_msgs/include/scout_msgs/scout_msgs
[1.462s] -- Up-to-date: /home/eddy/ros2_ws/install/scout_msgs/include/scout_msgs/scout_msgs/msg
[1.462s] -- Up-to-date: /home/eddy/ros2_ws/install/scout_msgs/include/scout_msgs/scout_msgs/msg/rosidl_typesupport_fastrtps_cpp__visibility_control.h
[1.462s] -- Up-to-date: /home/eddy/ros2_ws/install/scout_msgs/include/scout_msgs/scout_msgs/msg/detail
[1.462s] -- Up-to-date: /home/eddy/ros2_ws/install/scout_msgs/include/scout_msgs/scout_msgs/msg/detail/scout_light_cmd__rosidl_typesupport_fastrtps_cpp.hpp
[1.462s] -- Up-to-date: /home/eddy/ros2_ws/install/scout_msgs/include/scout_msgs/scout_msgs/msg/detail/scout_rc_state__rosidl_typesupport_fastrtps_cpp.hpp
[1.462s] -- Up-to-date: /home/eddy/ros2_ws/install/scout_msgs/include/scout_msgs/scout_msgs/msg/detail/scout_light_state__rosidl_typesupport_fastrtps_cpp.hpp
[1.463s] -- Up-to-date: /home/eddy/ros2_ws/install/scout_msgs/include/scout_msgs/scout_msgs/msg/detail/dds_fastrtps
[1.463s] -- Up-to-date: /home/eddy/ros2_ws/install/scout_msgs/include/scout_msgs/scout_msgs/msg/detail/scout_actuator_state__rosidl_typesupport_fastrtps_cpp.hpp
[1.463s] -- Up-to-date: /home/eddy/ros2_ws/install/scout_msgs/include/scout_msgs/scout_msgs/msg/detail/scout_status__rosidl_typesupport_fastrtps_cpp.hpp
[1.463s] -- Up-to-date: /home/eddy/ros2_ws/install/scout_msgs/lib/libscout_msgs__rosidl_typesupport_fastrtps_cpp.so
[1.463s] -- Up-to-date: /home/eddy/ros2_ws/install/scout_msgs/include/scout_msgs/scout_msgs
[1.463s] -- Up-to-date: /home/eddy/ros2_ws/install/scout_msgs/include/scout_msgs/scout_msgs/msg
[1.463s] -- Up-to-date: /home/eddy/ros2_ws/install/scout_msgs/include/scout_msgs/scout_msgs/msg/detail
[1.472s] -- Up-to-date: /home/eddy/ros2_ws/install/scout_msgs/include/scout_msgs/scout_msgs/msg/detail/scout_light_state__rosidl_typesupport_introspection_c.h
[1.472s] -- Up-to-date: /home/eddy/ros2_ws/install/scout_msgs/include/scout_msgs/scout_msgs/msg/detail/scout_status__rosidl_typesupport_introspection_c.h
[1.472s] -- Up-to-date: /home/eddy/ros2_ws/install/scout_msgs/include/scout_msgs/scout_msgs/msg/detail/scout_actuator_state__rosidl_typesupport_introspection_c.h
[1.472s] -- Up-to-date: /home/eddy/ros2_ws/install/scout_msgs/include/scout_msgs/scout_msgs/msg/detail/scout_light_cmd__rosidl_typesupport_introspection_c.h
[1.473s] -- Up-to-date: /home/eddy/ros2_ws/install/scout_msgs/include/scout_msgs/scout_msgs/msg/detail/scout_status__type_support.c
[1.473s] -- Up-to-date: /home/eddy/ros2_ws/install/scout_msgs/include/scout_msgs/scout_msgs/msg/detail/scout_actuator_state__type_support.c
[1.473s] -- Up-to-date: /home/eddy/ros2_ws/install/scout_msgs/include/scout_msgs/scout_msgs/msg/detail/scout_rc_state__rosidl_typesupport_introspection_c.h
[1.473s] -- Up-to-date: /home/eddy/ros2_ws/install/scout_msgs/include/scout_msgs/scout_msgs/msg/detail/scout_rc_state__type_support.c
[1.473s] -- Up-to-date: /home/eddy/ros2_ws/install/scout_msgs/include/scout_msgs/scout_msgs/msg/detail/scout_light_cmd__type_support.c
[1.473s] -- Up-to-date: /home/eddy/ros2_ws/install/scout_msgs/include/scout_msgs/scout_msgs/msg/detail/scout_light_state__type_support.c
[1.473s] -- Up-to-date: /home/eddy/ros2_ws/install/scout_msgs/include/scout_msgs/scout_msgs/msg/rosidl_typesupport_introspection_c__visibility_control.h
[1.473s] -- Up-to-date: /home/eddy/ros2_ws/install/scout_msgs/lib/libscout_msgs__rosidl_typesupport_introspection_c.so
[1.473s] -- Up-to-date: /home/eddy/ros2_ws/install/scout_msgs/lib/libscout_msgs__rosidl_typesupport_c.so
[1.473s] -- Up-to-date: /home/eddy/ros2_ws/install/scout_msgs/include/scout_msgs/scout_msgs
[1.473s] -- Up-to-date: /home/eddy/ros2_ws/install/scout_msgs/include/scout_msgs/scout_msgs/msg
[1.473s] -- Up-to-date: /home/eddy/ros2_ws/install/scout_msgs/include/scout_msgs/scout_msgs/msg/detail
[1.473s] -- Up-to-date: /home/eddy/ros2_ws/install/scout_msgs/include/scout_msgs/scout_msgs/msg/detail/scout_light_cmd__type_support.cpp
[1.473s] -- Up-to-date: /home/eddy/ros2_ws/install/scout_msgs/include/scout_msgs/scout_msgs/msg/detail/scout_status__rosidl_typesupport_introspection_cpp.hpp
[1.473s] -- Up-to-date: /home/eddy/ros2_ws/install/scout_msgs/include/scout_msgs/scout_msgs/msg/detail/scout_light_state__type_support.cpp
[1.473s] -- Up-to-date: /home/eddy/ros2_ws/install/scout_msgs/include/scout_msgs/scout_msgs/msg/detail/scout_actuator_state__rosidl_typesupport_introspection_cpp.hpp
[1.473s] -- Up-to-date: /home/eddy/ros2_ws/install/scout_msgs/include/scout_msgs/scout_msgs/msg/detail/scout_status__type_support.cpp
[1.474s] -- Up-to-date: /home/eddy/ros2_ws/install/scout_msgs/include/scout_msgs/scout_msgs/msg/detail/scout_rc_state__type_support.cpp
[1.474s] -- Up-to-date: /home/eddy/ros2_ws/install/scout_msgs/include/scout_msgs/scout_msgs/msg/detail/scout_light_state__rosidl_typesupport_introspection_cpp.hpp
[1.474s] -- Up-to-date: /home/eddy/ros2_ws/install/scout_msgs/include/scout_msgs/scout_msgs/msg/detail/scout_rc_state__rosidl_typesupport_introspection_cpp.hpp
[1.474s] -- Up-to-date: /home/eddy/ros2_ws/install/scout_msgs/include/scout_msgs/scout_msgs/msg/detail/scout_actuator_state__type_support.cpp
[1.474s] -- Up-to-date: /home/eddy/ros2_ws/install/scout_msgs/include/scout_msgs/scout_msgs/msg/detail/scout_light_cmd__rosidl_typesupport_introspection_cpp.hpp
[1.474s] -- Up-to-date: /home/eddy/ros2_ws/install/scout_msgs/lib/libscout_msgs__rosidl_typesupport_introspection_cpp.so
[1.474s] -- Up-to-date: /home/eddy/ros2_ws/install/scout_msgs/lib/libscout_msgs__rosidl_typesupport_cpp.so
[1.474s] -- Up-to-date: /home/eddy/ros2_ws/install/scout_msgs/share/scout_msgs/environment/pythonpath.sh
[1.474s] -- Up-to-date: /home/eddy/ros2_ws/install/scout_msgs/share/scout_msgs/environment/pythonpath.dsv
[1.474s] -- Up-to-date: /home/eddy/ros2_ws/install/scout_msgs/local/lib/python3.10/dist-packages/scout_msgs-0.1.0-py3.10.egg-info
[1.474s] -- Installing: /home/eddy/ros2_ws/install/scout_msgs/local/lib/python3.10/dist-packages/scout_msgs-0.1.0-py3.10.egg-info/PKG-INFO
[1.474s] -- Installing: /home/eddy/ros2_ws/install/scout_msgs/local/lib/python3.10/dist-packages/scout_msgs-0.1.0-py3.10.egg-info/dependency_links.txt
[1.474s] -- Installing: /home/eddy/ros2_ws/install/scout_msgs/local/lib/python3.10/dist-packages/scout_msgs-0.1.0-py3.10.egg-info/top_level.txt
[1.474s] -- Installing: /home/eddy/ros2_ws/install/scout_msgs/local/lib/python3.10/dist-packages/scout_msgs-0.1.0-py3.10.egg-info/SOURCES.txt
[1.474s] -- Up-to-date: /home/eddy/ros2_ws/install/scout_msgs/local/lib/python3.10/dist-packages/scout_msgs
[1.478s] -- Up-to-date: /home/eddy/ros2_ws/install/scout_msgs/local/lib/python3.10/dist-packages/scout_msgs/_scout_msgs_s.ep.rosidl_typesupport_c.c
[1.478s] -- Up-to-date: /home/eddy/ros2_ws/install/scout_msgs/local/lib/python3.10/dist-packages/scout_msgs/msg
[1.478s] -- Up-to-date: /home/eddy/ros2_ws/install/scout_msgs/local/lib/python3.10/dist-packages/scout_msgs/msg/_scout_status.py
[1.478s] -- Up-to-date: /home/eddy/ros2_ws/install/scout_msgs/local/lib/python3.10/dist-packages/scout_msgs/msg/_scout_light_cmd_s.c
[1.478s] -- Up-to-date: /home/eddy/ros2_ws/install/scout_msgs/local/lib/python3.10/dist-packages/scout_msgs/msg/_scout_rc_state.py
[1.478s] -- Up-to-date: /home/eddy/ros2_ws/install/scout_msgs/local/lib/python3.10/dist-packages/scout_msgs/msg/_scout_status_s.c
[1.478s] -- Up-to-date: /home/eddy/ros2_ws/install/scout_msgs/local/lib/python3.10/dist-packages/scout_msgs/msg/_scout_light_state.py
[1.478s] -- Up-to-date: /home/eddy/ros2_ws/install/scout_msgs/local/lib/python3.10/dist-packages/scout_msgs/msg/_scout_actuator_state.py
[1.478s] -- Up-to-date: /home/eddy/ros2_ws/install/scout_msgs/local/lib/python3.10/dist-packages/scout_msgs/msg/_scout_actuator_state_s.c
[1.478s] -- Up-to-date: /home/eddy/ros2_ws/install/scout_msgs/local/lib/python3.10/dist-packages/scout_msgs/msg/_scout_rc_state_s.c
[1.478s] -- Up-to-date: /home/eddy/ros2_ws/install/scout_msgs/local/lib/python3.10/dist-packages/scout_msgs/msg/__init__.py
[1.478s] -- Up-to-date: /home/eddy/ros2_ws/install/scout_msgs/local/lib/python3.10/dist-packages/scout_msgs/msg/_scout_light_state_s.c
[1.478s] -- Up-to-date: /home/eddy/ros2_ws/install/scout_msgs/local/lib/python3.10/dist-packages/scout_msgs/msg/_scout_light_cmd.py
[1.479s] -- Up-to-date: /home/eddy/ros2_ws/install/scout_msgs/local/lib/python3.10/dist-packages/scout_msgs/_scout_msgs_s.ep.rosidl_typesupport_introspection_c.c
[1.479s] -- Up-to-date: /home/eddy/ros2_ws/install/scout_msgs/local/lib/python3.10/dist-packages/scout_msgs/scout_msgs_s__rosidl_typesupport_introspection_c.cpython-310-x86_64-linux-gnu.so
[1.479s] -- Up-to-date: /home/eddy/ros2_ws/install/scout_msgs/local/lib/python3.10/dist-packages/scout_msgs/libscout_msgs__rosidl_generator_py.so
[1.479s] -- Up-to-date: /home/eddy/ros2_ws/install/scout_msgs/local/lib/python3.10/dist-packages/scout_msgs/_scout_msgs_s.ep.rosidl_typesupport_fastrtps_c.c
[1.479s] -- Up-to-date: /home/eddy/ros2_ws/install/scout_msgs/local/lib/python3.10/dist-packages/scout_msgs/scout_msgs_s__rosidl_typesupport_c.cpython-310-x86_64-linux-gnu.so
[1.479s] -- Up-to-date: /home/eddy/ros2_ws/install/scout_msgs/local/lib/python3.10/dist-packages/scout_msgs/__init__.py
[1.479s] -- Up-to-date: /home/eddy/ros2_ws/install/scout_msgs/local/lib/python3.10/dist-packages/scout_msgs/scout_msgs_s__rosidl_typesupport_fastrtps_c.cpython-310-x86_64-linux-gnu.so
[1.556s] Listing '/home/eddy/ros2_ws/install/scout_msgs/local/lib/python3.10/dist-packages/scout_msgs'...
[1.556s] Listing '/home/eddy/ros2_ws/install/scout_msgs/local/lib/python3.10/dist-packages/scout_msgs/msg'...
[1.565s] -- Up-to-date: /home/eddy/ros2_ws/install/scout_msgs/local/lib/python3.10/dist-packages/scout_msgs/scout_msgs_s__rosidl_typesupport_fastrtps_c.cpython-310-x86_64-linux-gnu.so
[1.565s] -- Up-to-date: /home/eddy/ros2_ws/install/scout_msgs/local/lib/python3.10/dist-packages/scout_msgs/scout_msgs_s__rosidl_typesupport_introspection_c.cpython-310-x86_64-linux-gnu.so
[1.565s] -- Up-to-date: /home/eddy/ros2_ws/install/scout_msgs/local/lib/python3.10/dist-packages/scout_msgs/scout_msgs_s__rosidl_typesupport_c.cpython-310-x86_64-linux-gnu.so
[1.565s] -- Up-to-date: /home/eddy/ros2_ws/install/scout_msgs/lib/libscout_msgs__rosidl_generator_py.so
[1.565s] -- Up-to-date: /home/eddy/ros2_ws/install/scout_msgs/share/scout_msgs/msg/ScoutActuatorState.idl
[1.566s] -- Up-to-date: /home/eddy/ros2_ws/install/scout_msgs/share/scout_msgs/msg/ScoutLightCmd.idl
[1.566s] -- Up-to-date: /home/eddy/ros2_ws/install/scout_msgs/share/scout_msgs/msg/ScoutLightState.idl
[1.566s] -- Up-to-date: /home/eddy/ros2_ws/install/scout_msgs/share/scout_msgs/msg/ScoutRCState.idl
[1.566s] -- Up-to-date: /home/eddy/ros2_ws/install/scout_msgs/share/scout_msgs/msg/ScoutStatus.idl
[1.566s] -- Up-to-date: /home/eddy/ros2_ws/install/scout_msgs/share/scout_msgs/msg/ScoutActuatorState.msg
[1.566s] -- Up-to-date: /home/eddy/ros2_ws/install/scout_msgs/share/scout_msgs/msg/ScoutLightCmd.msg
[1.566s] -- Up-to-date: /home/eddy/ros2_ws/install/scout_msgs/share/scout_msgs/msg/ScoutLightState.msg
[1.566s] -- Up-to-date: /home/eddy/ros2_ws/install/scout_msgs/share/scout_msgs/msg/ScoutRCState.msg
[1.566s] -- Up-to-date: /home/eddy/ros2_ws/install/scout_msgs/share/scout_msgs/msg/ScoutStatus.msg
[1.566s] -- Up-to-date: /home/eddy/ros2_ws/install/scout_msgs/share/ament_index/resource_index/package_run_dependencies/scout_msgs
[1.567s] -- Up-to-date: /home/eddy/ros2_ws/install/scout_msgs/share/ament_index/resource_index/parent_prefix_path/scout_msgs
[1.567s] -- Up-to-date: /home/eddy/ros2_ws/install/scout_msgs/share/scout_msgs/environment/ament_prefix_path.sh
[1.571s] -- Up-to-date: /home/eddy/ros2_ws/install/scout_msgs/share/scout_msgs/environment/ament_prefix_path.dsv
[1.571s] -- Up-to-date: /home/eddy/ros2_ws/install/scout_msgs/share/scout_msgs/environment/path.sh
[1.571s] -- Up-to-date: /home/eddy/ros2_ws/install/scout_msgs/share/scout_msgs/environment/path.dsv
[1.572s] -- Up-to-date: /home/eddy/ros2_ws/install/scout_msgs/share/scout_msgs/local_setup.bash
[1.572s] -- Up-to-date: /home/eddy/ros2_ws/install/scout_msgs/share/scout_msgs/local_setup.sh
[1.572s] -- Up-to-date: /home/eddy/ros2_ws/install/scout_msgs/share/scout_msgs/local_setup.zsh
[1.572s] -- Up-to-date: /home/eddy/ros2_ws/install/scout_msgs/share/scout_msgs/local_setup.dsv
[1.572s] -- Installing: /home/eddy/ros2_ws/install/scout_msgs/share/scout_msgs/package.dsv
[1.572s] -- Up-to-date: /home/eddy/ros2_ws/install/scout_msgs/share/ament_index/resource_index/packages/scout_msgs
[1.572s] -- Up-to-date: /home/eddy/ros2_ws/install/scout_msgs/share/scout_msgs/cmake/export_scout_msgs__rosidl_generator_cExport.cmake
[1.572s] -- Up-to-date: /home/eddy/ros2_ws/install/scout_msgs/share/scout_msgs/cmake/export_scout_msgs__rosidl_generator_cExport-noconfig.cmake
[1.572s] -- Up-to-date: /home/eddy/ros2_ws/install/scout_msgs/share/scout_msgs/cmake/export_scout_msgs__rosidl_typesupport_fastrtps_cExport.cmake
[1.572s] -- Up-to-date: /home/eddy/ros2_ws/install/scout_msgs/share/scout_msgs/cmake/export_scout_msgs__rosidl_typesupport_fastrtps_cExport-noconfig.cmake
[1.573s] -- Up-to-date: /home/eddy/ros2_ws/install/scout_msgs/share/scout_msgs/cmake/export_scout_msgs__rosidl_generator_cppExport.cmake
[1.574s] -- Up-to-date: /home/eddy/ros2_ws/install/scout_msgs/share/scout_msgs/cmake/export_scout_msgs__rosidl_typesupport_fastrtps_cppExport.cmake
[1.574s] -- Up-to-date: /home/eddy/ros2_ws/install/scout_msgs/share/scout_msgs/cmake/export_scout_msgs__rosidl_typesupport_fastrtps_cppExport-noconfig.cmake
[1.577s] -- Up-to-date: /home/eddy/ros2_ws/install/scout_msgs/share/scout_msgs/cmake/scout_msgs__rosidl_typesupport_introspection_cExport.cmake
[1.577s] -- Up-to-date: /home/eddy/ros2_ws/install/scout_msgs/share/scout_msgs/cmake/scout_msgs__rosidl_typesupport_introspection_cExport-noconfig.cmake
[1.577s] -- Up-to-date: /home/eddy/ros2_ws/install/scout_msgs/share/scout_msgs/cmake/scout_msgs__rosidl_typesupport_cExport.cmake
[1.577s] -- Up-to-date: /home/eddy/ros2_ws/install/scout_msgs/share/scout_msgs/cmake/scout_msgs__rosidl_typesupport_cExport-noconfig.cmake
[1.578s] -- Up-to-date: /home/eddy/ros2_ws/install/scout_msgs/share/scout_msgs/cmake/scout_msgs__rosidl_typesupport_introspection_cppExport.cmake
[1.578s] -- Up-to-date: /home/eddy/ros2_ws/install/scout_msgs/share/scout_msgs/cmake/scout_msgs__rosidl_typesupport_introspection_cppExport-noconfig.cmake
[1.580s] -- Up-to-date: /home/eddy/ros2_ws/install/scout_msgs/share/scout_msgs/cmake/scout_msgs__rosidl_typesupport_cppExport.cmake
[1.581s] -- Up-to-date: /home/eddy/ros2_ws/install/scout_msgs/share/scout_msgs/cmake/scout_msgs__rosidl_typesupport_cppExport-noconfig.cmake
[1.581s] -- Up-to-date: /home/eddy/ros2_ws/install/scout_msgs/share/scout_msgs/cmake/export_scout_msgs__rosidl_generator_pyExport.cmake
[1.581s] -- Up-to-date: /home/eddy/ros2_ws/install/scout_msgs/share/scout_msgs/cmake/export_scout_msgs__rosidl_generator_pyExport-noconfig.cmake
[1.581s] -- Up-to-date: /home/eddy/ros2_ws/install/scout_msgs/share/scout_msgs/cmake/rosidl_cmake-extras.cmake
[1.581s] -- Up-to-date: /home/eddy/ros2_ws/install/scout_msgs/share/scout_msgs/cmake/ament_cmake_export_dependencies-extras.cmake
[1.581s] -- Up-to-date: /home/eddy/ros2_ws/install/scout_msgs/share/scout_msgs/cmake/ament_cmake_export_include_directories-extras.cmake
[1.581s] -- Up-to-date: /home/eddy/ros2_ws/install/scout_msgs/share/scout_msgs/cmake/ament_cmake_export_libraries-extras.cmake
[1.586s] -- Up-to-date: /home/eddy/ros2_ws/install/scout_msgs/share/scout_msgs/cmake/ament_cmake_export_targets-extras.cmake
[1.586s] -- Up-to-date: /home/eddy/ros2_ws/install/scout_msgs/share/scout_msgs/cmake/rosidl_cmake_export_typesupport_targets-extras.cmake
[1.586s] -- Up-to-date: /home/eddy/ros2_ws/install/scout_msgs/share/scout_msgs/cmake/rosidl_cmake_export_typesupport_libraries-extras.cmake
[1.586s] -- Up-to-date: /home/eddy/ros2_ws/install/scout_msgs/share/scout_msgs/cmake/scout_msgsConfig.cmake
[1.586s] -- Up-to-date: /home/eddy/ros2_ws/install/scout_msgs/share/scout_msgs/cmake/scout_msgsConfig-version.cmake
[1.586s] -- Up-to-date: /home/eddy/ros2_ws/install/scout_msgs/share/scout_msgs/package.xml
[1.994s] Invoked command in '/home/eddy/ros2_ws/build/scout_msgs' returned '0': CMAKE_PREFIX_PATH=/home/eddy/ros2_ws/install/scout_base:/home/eddy/ros2_ws/install/scout_robot:/home/eddy/ros2_ws/install/scout_navigation2:/home/eddy/ros2_ws/install/rfid_serial_node:/home/eddy/ros2_ws/install/my_nav2_controller:/home/eddy/ros2_ws/install/camera_calibration:/opt/ros/humble:/home/eddy/ros2_ws/install/ugv_sdk:/home/eddy/ros2_ws/install/image_pipeline:/home/eddy/ros2_ws/install/stereo_image_proc:/home/eddy/ros2_ws/install/image_proc:/home/eddy/ros2_ws/install/tracetools_image_pipeline:/home/eddy/ros2_ws/install/scout_msgs:/home/eddy/ros2_ws/install/scout_description:/home/eddy/ros2_ws/install/rplidar_ros:/home/eddy/ros2_ws/install/image_view:/home/eddy/ros2_ws/install/image_rotate:/home/eddy/ros2_ws/install/image_publisher:/home/eddy/ros2_ws/install/depth_image_proc VIRTUAL_ENV_PROMPT=(myvenv) /usr/bin/cmake --install /home/eddy/ros2_ws/build/scout_msgs
