[0.008s] Invoking command in '/home/eddy/ros2_ws/build/image_rotate': CMAKE_PREFIX_PATH=${CMAKE_PREFIX_PATH}:/opt/ros/humble /usr/bin/cmake /home/eddy/ros2_ws/src/image_pipeline/image_rotate -DCMAKE_INSTALL_PREFIX=/home/eddy/ros2_ws/install/image_rotate
[0.089s] -- The C compiler identification is GNU 11.4.0
[0.154s] -- The CXX compiler identification is GNU 11.4.0
[0.167s] -- Detecting C compiler ABI info
[0.250s] -- Detecting C compiler ABI info - done
[0.260s] -- Check for working C compiler: /usr/bin/cc - skipped
[0.260s] -- Detecting C compile features
[0.261s] -- Detecting C compile features - done
[0.266s] -- Detecting CXX compiler ABI info
[0.369s] -- Detecting CXX compiler ABI info - done
[0.379s] -- Check for working CXX compiler: /usr/bin/c++ - skipped
[0.380s] -- Detecting CXX compile features
[0.381s] -- Detecting CXX compile features - done
[0.385s] -- Found ament_cmake_auto: 1.3.12 (/opt/ros/humble/share/ament_cmake_auto/cmake)
[0.585s] -- Found Python3: /usr/bin/python3 (found version "3.10.12") found components: Interpreter 
[0.852s] -- Found rosidl_generator_c: 3.1.7 (/opt/ros/humble/share/rosidl_generator_c/cmake)
[0.859s] -- Found rosidl_adapter: 3.1.7 (/opt/ros/humble/share/rosidl_adapter/cmake)
[0.873s] -- Found rosidl_generator_cpp: 3.1.7 (/opt/ros/humble/share/rosidl_generator_cpp/cmake)
[0.890s] -- Using all available rosidl_typesupport_c: rosidl_typesupport_fastrtps_c;rosidl_typesupport_introspection_c
[0.908s] -- Using all available rosidl_typesupport_cpp: rosidl_typesupport_fastrtps_cpp;rosidl_typesupport_introspection_cpp
[1.056s] -- Found rmw_implementation_cmake: 6.1.2 (/opt/ros/humble/share/rmw_implementation_cmake/cmake)
[1.060s] -- Found rmw_cyclonedds_cpp: 1.3.4 (/opt/ros/humble/share/rmw_cyclonedds_cpp/cmake)
[1.096s] -- Using RMW implementation 'rmw_cyclonedds_cpp' as default
[1.109s] -- Looking for pthread.h
[1.203s] -- Looking for pthread.h - found
[1.203s] -- Performing Test CMAKE_HAVE_LIBC_PTHREAD
[1.293s] -- Performing Test CMAKE_HAVE_LIBC_PTHREAD - Success
[1.294s] -- Found Threads: TRUE  
[1.461s] -- Found eigen3_cmake_module: 0.1.1 (/opt/ros/humble/share/eigen3_cmake_module/cmake)
[1.465s] -- Found Eigen3: TRUE (found version "3.4.0") 
[1.468s] -- Ensuring Eigen3 include directory is part of orocos-kdl CMake target
[1.560s] -- Found OpenCV: /usr (found version "4.5.4") found components: core imgproc 
[1.569s] -- Found ament_lint_auto: 0.12.14 (/opt/ros/humble/share/ament_lint_auto/cmake)
[1.593s] [0mIn this package, headers install destination is set to `include` by ament_auto_package. It is recommended to install `include/image_rotate` instead and will be the default behavior of ament_auto_package from ROS 2 Kilted Kaiju. On distributions before Kilted, ament_auto_package behaves the same way when you use USE_SCOPED_HEADER_INSTALL_DIR option.[0m
[1.598s] -- Added test 'copyright' to check source files copyright and LICENSE
[1.600s] -- Added test 'cppcheck' to perform static code analysis on C / C++ code
[1.601s] -- Configured cppcheck include dirs: /home/eddy/ros2_ws/src/image_pipeline/image_rotate/include
[1.601s] -- Configured cppcheck exclude dirs and/or files: 
[1.602s] -- Added test 'cpplint' to check C / C++ code against the Google style
[1.602s] -- Configured cpplint exclude dirs and/or files: 
[1.604s] -- Added test 'flake8' to check Python code syntax and style conventions
[1.604s] -- Added test 'lint_cmake' to check CMake code style
[1.606s] -- Added test 'pep257' to check Python code against some of the docstring style conventions in PEP 257
[1.606s] -- Added test 'uncrustify' to check C / C++ code style
[1.606s] -- Configured uncrustify additional arguments: 
[1.607s] -- Added test 'xmllint' to check XML markup files
[1.610s] -- Configuring done
[1.651s] -- Generating done
[1.659s] -- Build files have been written to: /home/eddy/ros2_ws/build/image_rotate
[1.671s] Invoked command in '/home/eddy/ros2_ws/build/image_rotate' returned '0': CMAKE_PREFIX_PATH=${CMAKE_PREFIX_PATH}:/opt/ros/humble /usr/bin/cmake /home/eddy/ros2_ws/src/image_pipeline/image_rotate -DCMAKE_INSTALL_PREFIX=/home/eddy/ros2_ws/install/image_rotate
[1.672s] Invoking command in '/home/eddy/ros2_ws/build/image_rotate': CMAKE_PREFIX_PATH=${CMAKE_PREFIX_PATH}:/opt/ros/humble /usr/bin/cmake --build /home/eddy/ros2_ws/build/image_rotate -- -j2 -l2
[1.734s] [ 25%] [32mBuilding CXX object CMakeFiles/image_rotate.dir/src/image_rotate_node.cpp.o[0m
[11.358s] [ 50%] [32m[1mLinking CXX shared library libimage_rotate.so[0m
[11.723s] [ 50%] Built target image_rotate
[11.745s] [ 75%] [32mBuilding CXX object CMakeFiles/image_rotate_bin.dir/src/image_rotate.cpp.o[0m
[15.392s] [100%] [32m[1mLinking CXX executable image_rotate[0m
[15.887s] [100%] Built target image_rotate_bin
[15.900s] Invoked command in '/home/eddy/ros2_ws/build/image_rotate' returned '0': CMAKE_PREFIX_PATH=${CMAKE_PREFIX_PATH}:/opt/ros/humble /usr/bin/cmake --build /home/eddy/ros2_ws/build/image_rotate -- -j2 -l2
[15.901s] Invoking command in '/home/eddy/ros2_ws/build/image_rotate': CMAKE_PREFIX_PATH=${CMAKE_PREFIX_PATH}:/opt/ros/humble /usr/bin/cmake --install /home/eddy/ros2_ws/build/image_rotate
[15.908s] -- Install configuration: ""
[15.909s] -- Installing: /home/eddy/ros2_ws/install/image_rotate/include
[15.909s] -- Installing: /home/eddy/ros2_ws/install/image_rotate/include/image_rotate
[15.909s] -- Installing: /home/eddy/ros2_ws/install/image_rotate/include/image_rotate/visibility.h
[15.909s] -- Installing: /home/eddy/ros2_ws/install/image_rotate/include/image_rotate/image_rotate_node.hpp
[15.909s] -- Installing: /home/eddy/ros2_ws/install/image_rotate/share/image_rotate/environment/library_path.sh
[15.909s] -- Installing: /home/eddy/ros2_ws/install/image_rotate/share/image_rotate/environment/library_path.dsv
[15.909s] -- Installing: /home/eddy/ros2_ws/install/image_rotate/lib/libimage_rotate.so
[15.911s] -- Set runtime path of "/home/eddy/ros2_ws/install/image_rotate/lib/libimage_rotate.so" to ""
[15.911s] -- Installing: /home/eddy/ros2_ws/install/image_rotate/lib/image_rotate/image_rotate
[15.912s] -- Set runtime path of "/home/eddy/ros2_ws/install/image_rotate/lib/image_rotate/image_rotate" to ""
[15.912s] -- Installing: /home/eddy/ros2_ws/install/image_rotate/share/image_rotate/launch
[15.912s] -- Installing: /home/eddy/ros2_ws/install/image_rotate/share/image_rotate/launch/image_rotate.launch.py
[15.912s] -- Installing: /home/eddy/ros2_ws/install/image_rotate/share/ament_index/resource_index/package_run_dependencies/image_rotate
[15.912s] -- Installing: /home/eddy/ros2_ws/install/image_rotate/share/ament_index/resource_index/parent_prefix_path/image_rotate
[15.913s] -- Installing: /home/eddy/ros2_ws/install/image_rotate/share/image_rotate/environment/ament_prefix_path.sh
[15.913s] -- Installing: /home/eddy/ros2_ws/install/image_rotate/share/image_rotate/environment/ament_prefix_path.dsv
[15.913s] -- Installing: /home/eddy/ros2_ws/install/image_rotate/share/image_rotate/environment/path.sh
[15.913s] -- Installing: /home/eddy/ros2_ws/install/image_rotate/share/image_rotate/environment/path.dsv
[15.915s] -- Installing: /home/eddy/ros2_ws/install/image_rotate/share/image_rotate/local_setup.bash
[15.915s] -- Installing: /home/eddy/ros2_ws/install/image_rotate/share/image_rotate/local_setup.sh
[15.915s] -- Installing: /home/eddy/ros2_ws/install/image_rotate/share/image_rotate/local_setup.zsh
[15.915s] -- Installing: /home/eddy/ros2_ws/install/image_rotate/share/image_rotate/local_setup.dsv
[15.915s] -- Installing: /home/eddy/ros2_ws/install/image_rotate/share/image_rotate/package.dsv
[15.915s] -- Installing: /home/eddy/ros2_ws/install/image_rotate/share/ament_index/resource_index/packages/image_rotate
[15.915s] -- Installing: /home/eddy/ros2_ws/install/image_rotate/share/ament_index/resource_index/rclcpp_components/image_rotate
[15.915s] -- Installing: /home/eddy/ros2_ws/install/image_rotate/share/image_rotate/cmake/ament_cmake_export_dependencies-extras.cmake
[15.915s] -- Installing: /home/eddy/ros2_ws/install/image_rotate/share/image_rotate/cmake/ament_cmake_export_include_directories-extras.cmake
[15.915s] -- Installing: /home/eddy/ros2_ws/install/image_rotate/share/image_rotate/cmake/ament_cmake_export_libraries-extras.cmake
[15.915s] -- Installing: /home/eddy/ros2_ws/install/image_rotate/share/image_rotate/cmake/image_rotateConfig.cmake
[15.915s] -- Installing: /home/eddy/ros2_ws/install/image_rotate/share/image_rotate/cmake/image_rotateConfig-version.cmake
[15.919s] -- Installing: /home/eddy/ros2_ws/install/image_rotate/share/image_rotate/package.xml
[15.919s] Invoked command in '/home/eddy/ros2_ws/build/image_rotate' returned '0': CMAKE_PREFIX_PATH=${CMAKE_PREFIX_PATH}:/opt/ros/humble /usr/bin/cmake --install /home/eddy/ros2_ws/build/image_rotate
