[1.151s] Invoking command in '/home/eddy/ros2_ws/src/rfid_serial_node': PYTHONPATH=/home/eddy/ros2_ws/build/rfid_serial_node/prefix_override:/usr/lib/python3/dist-packages/colcon_core/task/python/colcon_distutils_commands:/home/eddy/ros2_ws/install/rfid_serial_node/lib/python3.10/site-packages:${PYTHONPATH} VIRTUAL_ENV_PROMPT=(myvenv) /usr/bin/python3 -W ignore:setup.py install is deprecated -W ignore:easy_install command is deprecated setup.py egg_info --egg-base ../../build/rfid_serial_node build --build-base /home/eddy/ros2_ws/build/rfid_serial_node/build install --record /home/eddy/ros2_ws/build/rfid_serial_node/install.log --single-version-externally-managed install_data
[1.605s] running egg_info
[1.606s] writing ../../build/rfid_serial_node/rfid_serial_node.egg-info/PKG-INFO
[1.607s] writing dependency_links to ../../build/rfid_serial_node/rfid_serial_node.egg-info/dependency_links.txt
[1.607s] writing entry points to ../../build/rfid_serial_node/rfid_serial_node.egg-info/entry_points.txt
[1.607s] writing requirements to ../../build/rfid_serial_node/rfid_serial_node.egg-info/requires.txt
[1.609s] writing top-level names to ../../build/rfid_serial_node/rfid_serial_node.egg-info/top_level.txt
[1.609s] reading manifest file '../../build/rfid_serial_node/rfid_serial_node.egg-info/SOURCES.txt'
[1.611s] writing manifest file '../../build/rfid_serial_node/rfid_serial_node.egg-info/SOURCES.txt'
[1.612s] running build
[1.612s] running build_py
[1.613s] running install
[1.613s] running install_lib
[1.615s] running install_data
[1.615s] running install_egg_info
[1.617s] removing '/home/eddy/ros2_ws/install/rfid_serial_node/lib/python3.10/site-packages/rfid_serial_node-0.0.0-py3.10.egg-info' (and everything under it)
[1.622s] Copying ../../build/rfid_serial_node/rfid_serial_node.egg-info to /home/eddy/ros2_ws/install/rfid_serial_node/lib/python3.10/site-packages/rfid_serial_node-0.0.0-py3.10.egg-info
[1.624s] running install_scripts
[1.684s] Installing rfid_reader script to /home/eddy/ros2_ws/install/rfid_serial_node/lib/rfid_serial_node
[1.685s] writing list of installed files to '/home/eddy/ros2_ws/build/rfid_serial_node/install.log'
[2.037s] Invoked command in '/home/eddy/ros2_ws/src/rfid_serial_node' returned '0': PYTHONPATH=/home/eddy/ros2_ws/build/rfid_serial_node/prefix_override:/usr/lib/python3/dist-packages/colcon_core/task/python/colcon_distutils_commands:/home/eddy/ros2_ws/install/rfid_serial_node/lib/python3.10/site-packages:${PYTHONPATH} VIRTUAL_ENV_PROMPT=(myvenv) /usr/bin/python3 -W ignore:setup.py install is deprecated -W ignore:easy_install command is deprecated setup.py egg_info --egg-base ../../build/rfid_serial_node build --build-base /home/eddy/ros2_ws/build/rfid_serial_node/build install --record /home/eddy/ros2_ws/build/rfid_serial_node/install.log --single-version-externally-managed install_data
