[0.020s] Invoking command in '/home/eddy/ros2_ws/build/image_rotate': CMAKE_PREFIX_PATH=/home/eddy/ros2_ws/install/scout_base:/home/eddy/ros2_ws/install/scout_navigation2:/home/eddy/ros2_ws/install/rfid_serial_node:/home/eddy/ros2_ws/install/my_nav2_controller:/home/eddy/ros2_ws/install/camera_calibration:/opt/ros/humble:/home/eddy/ros2_ws/install/ugv_sdk:/home/eddy/ros2_ws/install/image_pipeline:/home/eddy/ros2_ws/install/stereo_image_proc:/home/eddy/ros2_ws/install/image_proc:/home/eddy/ros2_ws/install/tracetools_image_pipeline:/home/eddy/ros2_ws/install/scout_msgs:/home/eddy/ros2_ws/install/scout_description:/home/eddy/ros2_ws/install/rplidar_ros:/home/eddy/ros2_ws/install/image_view:/home/eddy/ros2_ws/install/image_rotate:/home/eddy/ros2_ws/install/image_publisher:/home/eddy/ros2_ws/install/depth_image_proc /usr/bin/cmake --build /home/eddy/ros2_ws/build/image_rotate -- -j2 -l2
[0.086s] [35m[1mConsolidate compiler generated dependencies of target image_rotate[0m
[0.111s] [ 50%] Built target image_rotate
[0.137s] [35m[1mConsolidate compiler generated dependencies of target image_rotate_bin[0m
[0.163s] [100%] Built target image_rotate_bin
[0.175s] Invoked command in '/home/eddy/ros2_ws/build/image_rotate' returned '0': CMAKE_PREFIX_PATH=/home/eddy/ros2_ws/install/scout_base:/home/eddy/ros2_ws/install/scout_navigation2:/home/eddy/ros2_ws/install/rfid_serial_node:/home/eddy/ros2_ws/install/my_nav2_controller:/home/eddy/ros2_ws/install/camera_calibration:/opt/ros/humble:/home/eddy/ros2_ws/install/ugv_sdk:/home/eddy/ros2_ws/install/image_pipeline:/home/eddy/ros2_ws/install/stereo_image_proc:/home/eddy/ros2_ws/install/image_proc:/home/eddy/ros2_ws/install/tracetools_image_pipeline:/home/eddy/ros2_ws/install/scout_msgs:/home/eddy/ros2_ws/install/scout_description:/home/eddy/ros2_ws/install/rplidar_ros:/home/eddy/ros2_ws/install/image_view:/home/eddy/ros2_ws/install/image_rotate:/home/eddy/ros2_ws/install/image_publisher:/home/eddy/ros2_ws/install/depth_image_proc /usr/bin/cmake --build /home/eddy/ros2_ws/build/image_rotate -- -j2 -l2
[0.182s] Invoking command in '/home/eddy/ros2_ws/build/image_rotate': CMAKE_PREFIX_PATH=/home/eddy/ros2_ws/install/scout_base:/home/eddy/ros2_ws/install/scout_navigation2:/home/eddy/ros2_ws/install/rfid_serial_node:/home/eddy/ros2_ws/install/my_nav2_controller:/home/eddy/ros2_ws/install/camera_calibration:/opt/ros/humble:/home/eddy/ros2_ws/install/ugv_sdk:/home/eddy/ros2_ws/install/image_pipeline:/home/eddy/ros2_ws/install/stereo_image_proc:/home/eddy/ros2_ws/install/image_proc:/home/eddy/ros2_ws/install/tracetools_image_pipeline:/home/eddy/ros2_ws/install/scout_msgs:/home/eddy/ros2_ws/install/scout_description:/home/eddy/ros2_ws/install/rplidar_ros:/home/eddy/ros2_ws/install/image_view:/home/eddy/ros2_ws/install/image_rotate:/home/eddy/ros2_ws/install/image_publisher:/home/eddy/ros2_ws/install/depth_image_proc /usr/bin/cmake --install /home/eddy/ros2_ws/build/image_rotate
[0.190s] -- Install configuration: ""
[0.191s] -- Up-to-date: /home/eddy/ros2_ws/install/image_rotate/include
[0.191s] -- Up-to-date: /home/eddy/ros2_ws/install/image_rotate/include/image_rotate
[0.191s] -- Up-to-date: /home/eddy/ros2_ws/install/image_rotate/include/image_rotate/visibility.h
[0.191s] -- Up-to-date: /home/eddy/ros2_ws/install/image_rotate/include/image_rotate/image_rotate_node.hpp
[0.191s] -- Up-to-date: /home/eddy/ros2_ws/install/image_rotate/share/image_rotate/environment/library_path.sh
[0.191s] -- Up-to-date: /home/eddy/ros2_ws/install/image_rotate/share/image_rotate/environment/library_path.dsv
[0.193s] -- Up-to-date: /home/eddy/ros2_ws/install/image_rotate/lib/libimage_rotate.so
[0.194s] -- Up-to-date: /home/eddy/ros2_ws/install/image_rotate/lib/image_rotate/image_rotate
[0.194s] -- Up-to-date: /home/eddy/ros2_ws/install/image_rotate/share/image_rotate/launch
[0.195s] -- Up-to-date: /home/eddy/ros2_ws/install/image_rotate/share/image_rotate/launch/image_rotate.launch.py
[0.195s] -- Up-to-date: /home/eddy/ros2_ws/install/image_rotate/share/ament_index/resource_index/package_run_dependencies/image_rotate
[0.195s] -- Up-to-date: /home/eddy/ros2_ws/install/image_rotate/share/ament_index/resource_index/parent_prefix_path/image_rotate
[0.195s] -- Up-to-date: /home/eddy/ros2_ws/install/image_rotate/share/image_rotate/environment/ament_prefix_path.sh
[0.195s] -- Up-to-date: /home/eddy/ros2_ws/install/image_rotate/share/image_rotate/environment/ament_prefix_path.dsv
[0.195s] -- Up-to-date: /home/eddy/ros2_ws/install/image_rotate/share/image_rotate/environment/path.sh
[0.195s] -- Up-to-date: /home/eddy/ros2_ws/install/image_rotate/share/image_rotate/environment/path.dsv
[0.195s] -- Up-to-date: /home/eddy/ros2_ws/install/image_rotate/share/image_rotate/local_setup.bash
[0.195s] -- Up-to-date: /home/eddy/ros2_ws/install/image_rotate/share/image_rotate/local_setup.sh
[0.196s] -- Up-to-date: /home/eddy/ros2_ws/install/image_rotate/share/image_rotate/local_setup.zsh
[0.196s] -- Up-to-date: /home/eddy/ros2_ws/install/image_rotate/share/image_rotate/local_setup.dsv
[0.196s] -- Installing: /home/eddy/ros2_ws/install/image_rotate/share/image_rotate/package.dsv
[0.199s] -- Up-to-date: /home/eddy/ros2_ws/install/image_rotate/share/ament_index/resource_index/packages/image_rotate
[0.199s] -- Up-to-date: /home/eddy/ros2_ws/install/image_rotate/share/ament_index/resource_index/rclcpp_components/image_rotate
[0.201s] -- Up-to-date: /home/eddy/ros2_ws/install/image_rotate/share/image_rotate/cmake/ament_cmake_export_dependencies-extras.cmake
[0.201s] -- Up-to-date: /home/eddy/ros2_ws/install/image_rotate/share/image_rotate/cmake/ament_cmake_export_include_directories-extras.cmake
[0.201s] -- Up-to-date: /home/eddy/ros2_ws/install/image_rotate/share/image_rotate/cmake/ament_cmake_export_libraries-extras.cmake
[0.201s] -- Up-to-date: /home/eddy/ros2_ws/install/image_rotate/share/image_rotate/cmake/image_rotateConfig.cmake
[0.202s] -- Up-to-date: /home/eddy/ros2_ws/install/image_rotate/share/image_rotate/cmake/image_rotateConfig-version.cmake
[0.202s] -- Up-to-date: /home/eddy/ros2_ws/install/image_rotate/share/image_rotate/package.xml
[0.205s] Invoked command in '/home/eddy/ros2_ws/build/image_rotate' returned '0': CMAKE_PREFIX_PATH=/home/eddy/ros2_ws/install/scout_base:/home/eddy/ros2_ws/install/scout_navigation2:/home/eddy/ros2_ws/install/rfid_serial_node:/home/eddy/ros2_ws/install/my_nav2_controller:/home/eddy/ros2_ws/install/camera_calibration:/opt/ros/humble:/home/eddy/ros2_ws/install/ugv_sdk:/home/eddy/ros2_ws/install/image_pipeline:/home/eddy/ros2_ws/install/stereo_image_proc:/home/eddy/ros2_ws/install/image_proc:/home/eddy/ros2_ws/install/tracetools_image_pipeline:/home/eddy/ros2_ws/install/scout_msgs:/home/eddy/ros2_ws/install/scout_description:/home/eddy/ros2_ws/install/rplidar_ros:/home/eddy/ros2_ws/install/image_view:/home/eddy/ros2_ws/install/image_rotate:/home/eddy/ros2_ws/install/image_publisher:/home/eddy/ros2_ws/install/depth_image_proc /usr/bin/cmake --install /home/eddy/ros2_ws/build/image_rotate
