[0.019s] Invoking command in '/home/eddy/ros2_ws/build/scout_msgs': CMAKE_PREFIX_PATH=${CMAKE_PREFIX_PATH}:/opt/ros/humble /usr/bin/cmake /home/eddy/ros2_ws/src/scout_ros2/scout_msgs -DCMAKE_INSTALL_PREFIX=/home/eddy/ros2_ws/install/scout_msgs
[0.060s] -- The C compiler identification is GNU 11.4.0
[0.104s] -- The CXX compiler identification is GNU 11.4.0
[0.110s] -- Detecting C compiler ABI info
[0.171s] -- Detecting C compiler ABI info - done
[0.175s] -- Check for working C compiler: /usr/bin/cc - skipped
[0.177s] -- Detecting C compile features
[0.177s] -- Detecting C compile features - done
[0.178s] -- Detecting CXX compiler ABI info
[0.251s] -- Detecting CXX compiler ABI info - done
[0.259s] -- Check for working CXX compiler: /usr/bin/c++ - skipped
[0.259s] -- Detecting CXX compile features
[0.259s] -- Detecting CXX compile features - done
[0.261s] -- Found ament_cmake: 1.3.12 (/opt/ros/humble/share/ament_cmake/cmake)
[0.398s] -- Found Python3: /usr/bin/python3 (found version "3.10.12") found components: Interpreter 
[0.485s] -- Found builtin_interfaces: 1.2.2 (/opt/ros/humble/share/builtin_interfaces/cmake)
[0.540s] -- Found rosidl_generator_c: 3.1.7 (/opt/ros/humble/share/rosidl_generator_c/cmake)
[0.552s] -- Found rosidl_adapter: 3.1.7 (/opt/ros/humble/share/rosidl_adapter/cmake)
[0.556s] -- Found rosidl_generator_cpp: 3.1.7 (/opt/ros/humble/share/rosidl_generator_cpp/cmake)
[0.567s] -- Using all available rosidl_typesupport_c: rosidl_typesupport_fastrtps_c;rosidl_typesupport_introspection_c
[0.582s] -- Using all available rosidl_typesupport_cpp: rosidl_typesupport_fastrtps_cpp;rosidl_typesupport_introspection_cpp
[0.596s] -- Found rosidl_default_generators: 1.2.0 (/opt/ros/humble/share/rosidl_default_generators/cmake)
[0.614s] -- Found std_msgs: 4.9.0 (/opt/ros/humble/share/std_msgs/cmake)
[1.084s] -- Found ament_cmake_ros: 0.10.0 (/opt/ros/humble/share/ament_cmake_ros/cmake)
[1.763s] -- Using all available rosidl_typesupport_c: rosidl_typesupport_fastrtps_c;rosidl_typesupport_introspection_c
[2.020s] -- Using all available rosidl_typesupport_cpp: rosidl_typesupport_fastrtps_cpp;rosidl_typesupport_introspection_cpp
[2.065s] -- Found PythonInterp: /usr/bin/python3 (found suitable version "3.10.12", minimum required is "3.6") 
[2.066s] -- Found python_cmake_module: 0.10.0 (/opt/ros/humble/share/python_cmake_module/cmake)
[2.115s] -- Found PythonLibs: /usr/lib/x86_64-linux-gnu/libpython3.10.so (found suitable version "3.10.12", minimum required is "3.5") 
[2.115s] -- Using PYTHON_EXECUTABLE: /usr/bin/python3
[2.115s] -- Using PYTHON_INCLUDE_DIRS: /usr/include/python3.10
[2.115s] -- Using PYTHON_LIBRARIES: /usr/lib/x86_64-linux-gnu/libpython3.10.so
[2.156s] -- Found PythonExtra: .so  
[2.242s] -- Found ament_lint_auto: 0.12.14 (/opt/ros/humble/share/ament_lint_auto/cmake)
[2.281s] -- Added test 'copyright' to check source files copyright and LICENSE
[2.285s] -- Added test 'lint_cmake' to check CMake code style
[2.287s] -- Added test 'xmllint' to check XML markup files
[2.291s] -- Configuring done
[2.365s] -- Generating done
[2.387s] -- Build files have been written to: /home/eddy/ros2_ws/build/scout_msgs
[2.400s] Invoked command in '/home/eddy/ros2_ws/build/scout_msgs' returned '0': CMAKE_PREFIX_PATH=${CMAKE_PREFIX_PATH}:/opt/ros/humble /usr/bin/cmake /home/eddy/ros2_ws/src/scout_ros2/scout_msgs -DCMAKE_INSTALL_PREFIX=/home/eddy/ros2_ws/install/scout_msgs
[2.403s] Invoking command in '/home/eddy/ros2_ws/build/scout_msgs': CMAKE_PREFIX_PATH=${CMAKE_PREFIX_PATH}:/opt/ros/humble /usr/bin/cmake --build /home/eddy/ros2_ws/build/scout_msgs -- -j2 -l2
[2.495s] [  1%] [34m[1mGenerating C code for ROS interfaces[0m
[2.508s] [  3%] [34m[1mGenerating C++ code for ROS interfaces[0m
[3.917s] [  3%] Built target scout_msgs__cpp
[3.936s] [  4%] [32mBuilding C object CMakeFiles/scout_msgs__rosidl_generator_c.dir/rosidl_generator_c/scout_msgs/msg/detail/scout_actuator_state__functions.c.o[0m
[3.964s] [  4%] Built target ament_cmake_python_copy_scout_msgs
[3.983s] [  6%] [34m[1mGenerating C++ type support dispatch for ROS interfaces[0m
[4.025s] [  7%] [32mBuilding C object CMakeFiles/scout_msgs__rosidl_generator_c.dir/rosidl_generator_c/scout_msgs/msg/detail/scout_light_cmd__functions.c.o[0m
[4.107s] [  9%] [32mBuilding C object CMakeFiles/scout_msgs__rosidl_generator_c.dir/rosidl_generator_c/scout_msgs/msg/detail/scout_light_state__functions.c.o[0m
[4.193s] [ 11%] [32mBuilding C object CMakeFiles/scout_msgs__rosidl_generator_c.dir/rosidl_generator_c/scout_msgs/msg/detail/scout_rc_state__functions.c.o[0m
[4.279s] [ 12%] [32mBuilding C object CMakeFiles/scout_msgs__rosidl_generator_c.dir/rosidl_generator_c/scout_msgs/msg/detail/scout_status__functions.c.o[0m
[4.384s] [ 14%] [32m[1mLinking C shared library libscout_msgs__rosidl_generator_c.so[0m
[4.430s] [ 14%] Built target scout_msgs__rosidl_generator_c
[4.450s] [ 15%] [34m[1mGenerating C++ type support for eProsima Fast-RTPS[0m
[4.926s] [ 17%] [32mBuilding CXX object CMakeFiles/scout_msgs__rosidl_typesupport_cpp.dir/rosidl_typesupport_cpp/scout_msgs/msg/scout_actuator_state__type_support.cpp.o[0m
[5.434s] [ 19%] [32mBuilding CXX object CMakeFiles/scout_msgs__rosidl_typesupport_cpp.dir/rosidl_typesupport_cpp/scout_msgs/msg/scout_light_cmd__type_support.cpp.o[0m
[5.532s] [ 20%] [32mBuilding CXX object CMakeFiles/scout_msgs__rosidl_typesupport_fastrtps_cpp.dir/rosidl_typesupport_fastrtps_cpp/scout_msgs/msg/detail/dds_fastrtps/scout_actuator_state__type_support.cpp.o[0m
[5.899s] [ 22%] [32mBuilding CXX object CMakeFiles/scout_msgs__rosidl_typesupport_cpp.dir/rosidl_typesupport_cpp/scout_msgs/msg/scout_light_state__type_support.cpp.o[0m
[6.262s] [ 23%] [32mBuilding CXX object CMakeFiles/scout_msgs__rosidl_typesupport_fastrtps_cpp.dir/rosidl_typesupport_fastrtps_cpp/scout_msgs/msg/detail/dds_fastrtps/scout_light_cmd__type_support.cpp.o[0m
[6.391s] [ 25%] [32mBuilding CXX object CMakeFiles/scout_msgs__rosidl_typesupport_cpp.dir/rosidl_typesupport_cpp/scout_msgs/msg/scout_rc_state__type_support.cpp.o[0m
[6.878s] [ 26%] [32mBuilding CXX object CMakeFiles/scout_msgs__rosidl_typesupport_cpp.dir/rosidl_typesupport_cpp/scout_msgs/msg/scout_status__type_support.cpp.o[0m
[6.995s] [ 28%] [32mBuilding CXX object CMakeFiles/scout_msgs__rosidl_typesupport_fastrtps_cpp.dir/rosidl_typesupport_fastrtps_cpp/scout_msgs/msg/detail/dds_fastrtps/scout_light_state__type_support.cpp.o[0m
[7.432s] [ 30%] [32m[1mLinking CXX shared library libscout_msgs__rosidl_typesupport_cpp.so[0m
[7.530s] [ 30%] Built target scout_msgs__rosidl_typesupport_cpp
[7.550s] [ 31%] [34m[1mGenerating C introspection for ROS interfaces[0m
[7.670s] [ 33%] [32mBuilding CXX object CMakeFiles/scout_msgs__rosidl_typesupport_fastrtps_cpp.dir/rosidl_typesupport_fastrtps_cpp/scout_msgs/msg/detail/dds_fastrtps/scout_rc_state__type_support.cpp.o[0m
[8.416s] [ 34%] [32mBuilding CXX object CMakeFiles/scout_msgs__rosidl_typesupport_fastrtps_cpp.dir/rosidl_typesupport_fastrtps_cpp/scout_msgs/msg/detail/dds_fastrtps/scout_status__type_support.cpp.o[0m
[8.655s] [ 36%] [32mBuilding C object CMakeFiles/scout_msgs__rosidl_typesupport_introspection_c.dir/rosidl_typesupport_introspection_c/scout_msgs/msg/detail/scout_actuator_state__type_support.c.o[0m
[8.717s] [ 38%] [32mBuilding C object CMakeFiles/scout_msgs__rosidl_typesupport_introspection_c.dir/rosidl_typesupport_introspection_c/scout_msgs/msg/detail/scout_light_cmd__type_support.c.o[0m
[8.780s] [ 39%] [32mBuilding C object CMakeFiles/scout_msgs__rosidl_typesupport_introspection_c.dir/rosidl_typesupport_introspection_c/scout_msgs/msg/detail/scout_light_state__type_support.c.o[0m
[8.842s] [ 41%] [32mBuilding C object CMakeFiles/scout_msgs__rosidl_typesupport_introspection_c.dir/rosidl_typesupport_introspection_c/scout_msgs/msg/detail/scout_rc_state__type_support.c.o[0m
[8.901s] [ 42%] [32mBuilding C object CMakeFiles/scout_msgs__rosidl_typesupport_introspection_c.dir/rosidl_typesupport_introspection_c/scout_msgs/msg/detail/scout_status__type_support.c.o[0m
[8.982s] [ 44%] [32m[1mLinking C shared library libscout_msgs__rosidl_typesupport_introspection_c.so[0m
[9.035s] [ 44%] Built target scout_msgs__rosidl_typesupport_introspection_c
[9.054s] [ 46%] [34m[1mGenerating C type support dispatch for ROS interfaces[0m
[9.190s] [ 47%] [32m[1mLinking CXX shared library libscout_msgs__rosidl_typesupport_fastrtps_cpp.so[0m
[9.359s] [ 47%] Built target scout_msgs__rosidl_typesupport_fastrtps_cpp
[9.380s] [ 49%] [34m[1mGenerating C++ introspection for ROS interfaces[0m
[9.977s] [ 50%] [32mBuilding CXX object CMakeFiles/scout_msgs__rosidl_typesupport_c.dir/rosidl_typesupport_c/scout_msgs/msg/scout_actuator_state__type_support.cpp.o[0m
[10.008s] [ 52%] [32mBuilding CXX object CMakeFiles/scout_msgs__rosidl_typesupport_c.dir/rosidl_typesupport_c/scout_msgs/msg/scout_light_cmd__type_support.cpp.o[0m
[10.035s] [ 53%] [32mBuilding CXX object CMakeFiles/scout_msgs__rosidl_typesupport_c.dir/rosidl_typesupport_c/scout_msgs/msg/scout_light_state__type_support.cpp.o[0m
[10.065s] [ 55%] [32mBuilding CXX object CMakeFiles/scout_msgs__rosidl_typesupport_c.dir/rosidl_typesupport_c/scout_msgs/msg/scout_rc_state__type_support.cpp.o[0m
[10.091s] [ 57%] [32mBuilding CXX object CMakeFiles/scout_msgs__rosidl_typesupport_c.dir/rosidl_typesupport_c/scout_msgs/msg/scout_status__type_support.cpp.o[0m
[10.136s] [ 58%] [32m[1mLinking CXX shared library libscout_msgs__rosidl_typesupport_c.so[0m
[10.226s] [ 58%] Built target scout_msgs__rosidl_typesupport_c
[10.497s] [ 60%] [32mBuilding CXX object CMakeFiles/scout_msgs__rosidl_typesupport_introspection_cpp.dir/rosidl_typesupport_introspection_cpp/scout_msgs/msg/detail/scout_actuator_state__type_support.cpp.o[0m
[10.716s] running egg_info
[10.717s] creating scout_msgs.egg-info
[10.717s] writing scout_msgs.egg-info/PKG-INFO
[10.717s] writing dependency_links to scout_msgs.egg-info/dependency_links.txt
[10.718s] writing top-level names to scout_msgs.egg-info/top_level.txt
[10.721s] writing manifest file 'scout_msgs.egg-info/SOURCES.txt'
[10.722s] reading manifest file 'scout_msgs.egg-info/SOURCES.txt'
[10.723s] writing manifest file 'scout_msgs.egg-info/SOURCES.txt'
[10.787s] [ 60%] Built target ament_cmake_python_build_scout_msgs_egg
[10.805s] [ 61%] [34m[1mGenerating C type support for eProsima Fast-RTPS[0m
[11.239s] [ 63%] [32mBuilding CXX object CMakeFiles/scout_msgs__rosidl_typesupport_introspection_cpp.dir/rosidl_typesupport_introspection_cpp/scout_msgs/msg/detail/scout_light_cmd__type_support.cpp.o[0m
[11.912s] [ 65%] [32mBuilding CXX object CMakeFiles/scout_msgs__rosidl_typesupport_fastrtps_c.dir/rosidl_typesupport_fastrtps_c/scout_msgs/msg/detail/scout_actuator_state__type_support_c.cpp.o[0m
[11.979s] [ 66%] [32mBuilding CXX object CMakeFiles/scout_msgs__rosidl_typesupport_introspection_cpp.dir/rosidl_typesupport_introspection_cpp/scout_msgs/msg/detail/scout_light_state__type_support.cpp.o[0m
[12.569s] [ 68%] [32mBuilding CXX object CMakeFiles/scout_msgs__rosidl_typesupport_fastrtps_c.dir/rosidl_typesupport_fastrtps_c/scout_msgs/msg/detail/scout_light_cmd__type_support_c.cpp.o[0m
[12.676s] [ 69%] [32mBuilding CXX object CMakeFiles/scout_msgs__rosidl_typesupport_introspection_cpp.dir/rosidl_typesupport_introspection_cpp/scout_msgs/msg/detail/scout_rc_state__type_support.cpp.o[0m
[13.128s] [ 71%] [32mBuilding CXX object CMakeFiles/scout_msgs__rosidl_typesupport_fastrtps_c.dir/rosidl_typesupport_fastrtps_c/scout_msgs/msg/detail/scout_light_state__type_support_c.cpp.o[0m
[13.422s] [ 73%] [32mBuilding CXX object CMakeFiles/scout_msgs__rosidl_typesupport_introspection_cpp.dir/rosidl_typesupport_introspection_cpp/scout_msgs/msg/detail/scout_status__type_support.cpp.o[0m
[13.800s] [ 74%] [32mBuilding CXX object CMakeFiles/scout_msgs__rosidl_typesupport_fastrtps_c.dir/rosidl_typesupport_fastrtps_c/scout_msgs/msg/detail/scout_rc_state__type_support_c.cpp.o[0m
[14.119s] [ 76%] [32m[1mLinking CXX shared library libscout_msgs__rosidl_typesupport_introspection_cpp.so[0m
[14.291s] [ 76%] Built target scout_msgs__rosidl_typesupport_introspection_cpp
[14.312s] [ 77%] [32mBuilding CXX object CMakeFiles/scout_msgs__rosidl_typesupport_fastrtps_c.dir/rosidl_typesupport_fastrtps_c/scout_msgs/msg/detail/scout_status__type_support_c.cpp.o[0m
[14.993s] [ 79%] [32m[1mLinking CXX shared library libscout_msgs__rosidl_typesupport_fastrtps_c.so[0m
[15.158s] [ 79%] Built target scout_msgs__rosidl_typesupport_fastrtps_c
[15.196s] [ 79%] Built target scout_msgs
[15.236s] [ 80%] [34m[1mGenerating Python code for ROS interfaces[0m
[16.535s] [ 80%] Built target scout_msgs__py
[16.558s] [ 82%] [32mBuilding C object CMakeFiles/scout_msgs__rosidl_generator_py.dir/rosidl_generator_py/scout_msgs/msg/_scout_actuator_state_s.c.o[0m
[16.565s] [ 84%] [32mBuilding C object CMakeFiles/scout_msgs__rosidl_generator_py.dir/rosidl_generator_py/scout_msgs/msg/_scout_light_cmd_s.c.o[0m
[16.766s] [ 85%] [32mBuilding C object CMakeFiles/scout_msgs__rosidl_generator_py.dir/rosidl_generator_py/scout_msgs/msg/_scout_light_state_s.c.o[0m
[16.786s] [ 87%] [32mBuilding C object CMakeFiles/scout_msgs__rosidl_generator_py.dir/rosidl_generator_py/scout_msgs/msg/_scout_rc_state_s.c.o[0m
[16.966s] [ 88%] [32mBuilding C object CMakeFiles/scout_msgs__rosidl_generator_py.dir/rosidl_generator_py/scout_msgs/msg/_scout_status_s.c.o[0m
[17.181s] [ 90%] [32m[1mLinking C shared library rosidl_generator_py/scout_msgs/libscout_msgs__rosidl_generator_py.so[0m
[17.265s] [ 90%] Built target scout_msgs__rosidl_generator_py
[17.306s] [ 92%] [32mBuilding C object CMakeFiles/scout_msgs__rosidl_typesupport_fastrtps_c__pyext.dir/rosidl_generator_py/scout_msgs/_scout_msgs_s.ep.rosidl_typesupport_fastrtps_c.c.o[0m
[17.316s] [ 93%] [32mBuilding C object CMakeFiles/scout_msgs__rosidl_typesupport_introspection_c__pyext.dir/rosidl_generator_py/scout_msgs/_scout_msgs_s.ep.rosidl_typesupport_introspection_c.c.o[0m
[17.526s] [ 95%] [32m[1mLinking C shared library rosidl_generator_py/scout_msgs/scout_msgs_s__rosidl_typesupport_introspection_c.cpython-310-x86_64-linux-gnu.so[0m
[17.535s] [ 96%] [32m[1mLinking C shared library rosidl_generator_py/scout_msgs/scout_msgs_s__rosidl_typesupport_fastrtps_c.cpython-310-x86_64-linux-gnu.so[0m
[17.602s] [ 96%] Built target scout_msgs__rosidl_typesupport_introspection_c__pyext
[17.615s] [ 96%] Built target scout_msgs__rosidl_typesupport_fastrtps_c__pyext
[17.645s] [ 98%] [32mBuilding C object CMakeFiles/scout_msgs__rosidl_typesupport_c__pyext.dir/rosidl_generator_py/scout_msgs/_scout_msgs_s.ep.rosidl_typesupport_c.c.o[0m
[17.778s] [100%] [32m[1mLinking C shared library rosidl_generator_py/scout_msgs/scout_msgs_s__rosidl_typesupport_c.cpython-310-x86_64-linux-gnu.so[0m
[17.850s] [100%] Built target scout_msgs__rosidl_typesupport_c__pyext
[17.875s] Invoked command in '/home/eddy/ros2_ws/build/scout_msgs' returned '0': CMAKE_PREFIX_PATH=${CMAKE_PREFIX_PATH}:/opt/ros/humble /usr/bin/cmake --build /home/eddy/ros2_ws/build/scout_msgs -- -j2 -l2
[17.889s] Invoking command in '/home/eddy/ros2_ws/build/scout_msgs': CMAKE_PREFIX_PATH=${CMAKE_PREFIX_PATH}:/opt/ros/humble /usr/bin/cmake --install /home/eddy/ros2_ws/build/scout_msgs
[17.905s] -- Install configuration: ""
[17.905s] -- Installing: /home/eddy/ros2_ws/install/scout_msgs/share/ament_index/resource_index/rosidl_interfaces/scout_msgs
[17.905s] -- Installing: /home/eddy/ros2_ws/install/scout_msgs/include/scout_msgs/scout_msgs
[17.905s] -- Installing: /home/eddy/ros2_ws/install/scout_msgs/include/scout_msgs/scout_msgs/msg
[17.906s] -- Installing: /home/eddy/ros2_ws/install/scout_msgs/include/scout_msgs/scout_msgs/msg/rosidl_generator_c__visibility_control.h
[17.906s] -- Installing: /home/eddy/ros2_ws/install/scout_msgs/include/scout_msgs/scout_msgs/msg/scout_status.h
[17.906s] -- Installing: /home/eddy/ros2_ws/install/scout_msgs/include/scout_msgs/scout_msgs/msg/scout_light_state.h
[17.907s] -- Installing: /home/eddy/ros2_ws/install/scout_msgs/include/scout_msgs/scout_msgs/msg/scout_rc_state.h
[17.907s] -- Installing: /home/eddy/ros2_ws/install/scout_msgs/include/scout_msgs/scout_msgs/msg/scout_light_cmd.h
[17.907s] -- Installing: /home/eddy/ros2_ws/install/scout_msgs/include/scout_msgs/scout_msgs/msg/detail
[17.907s] -- Installing: /home/eddy/ros2_ws/install/scout_msgs/include/scout_msgs/scout_msgs/msg/detail/scout_light_cmd__struct.h
[17.907s] -- Installing: /home/eddy/ros2_ws/install/scout_msgs/include/scout_msgs/scout_msgs/msg/detail/scout_light_state__struct.h
[17.908s] -- Installing: /home/eddy/ros2_ws/install/scout_msgs/include/scout_msgs/scout_msgs/msg/detail/scout_status__functions.h
[17.908s] -- Installing: /home/eddy/ros2_ws/install/scout_msgs/include/scout_msgs/scout_msgs/msg/detail/scout_rc_state__functions.c
[17.908s] -- Installing: /home/eddy/ros2_ws/install/scout_msgs/include/scout_msgs/scout_msgs/msg/detail/scout_light_cmd__functions.c
[17.908s] -- Installing: /home/eddy/ros2_ws/install/scout_msgs/include/scout_msgs/scout_msgs/msg/detail/scout_light_state__functions.h
[17.908s] -- Installing: /home/eddy/ros2_ws/install/scout_msgs/include/scout_msgs/scout_msgs/msg/detail/scout_status__struct.h
[17.908s] -- Installing: /home/eddy/ros2_ws/install/scout_msgs/include/scout_msgs/scout_msgs/msg/detail/scout_status__type_support.h
[17.908s] -- Installing: /home/eddy/ros2_ws/install/scout_msgs/include/scout_msgs/scout_msgs/msg/detail/scout_rc_state__struct.h
[17.909s] -- Installing: /home/eddy/ros2_ws/install/scout_msgs/include/scout_msgs/scout_msgs/msg/detail/scout_rc_state__type_support.h
[17.909s] -- Installing: /home/eddy/ros2_ws/install/scout_msgs/include/scout_msgs/scout_msgs/msg/detail/scout_actuator_state__type_support.h
[17.909s] -- Installing: /home/eddy/ros2_ws/install/scout_msgs/include/scout_msgs/scout_msgs/msg/detail/scout_light_cmd__type_support.h
[17.909s] -- Installing: /home/eddy/ros2_ws/install/scout_msgs/include/scout_msgs/scout_msgs/msg/detail/scout_light_state__functions.c
[17.911s] -- Installing: /home/eddy/ros2_ws/install/scout_msgs/include/scout_msgs/scout_msgs/msg/detail/scout_status__functions.c
[17.911s] -- Installing: /home/eddy/ros2_ws/install/scout_msgs/include/scout_msgs/scout_msgs/msg/detail/scout_light_state__type_support.h
[17.911s] -- Installing: /home/eddy/ros2_ws/install/scout_msgs/include/scout_msgs/scout_msgs/msg/detail/scout_actuator_state__struct.h
[17.911s] -- Installing: /home/eddy/ros2_ws/install/scout_msgs/include/scout_msgs/scout_msgs/msg/detail/scout_actuator_state__functions.h
[17.911s] -- Installing: /home/eddy/ros2_ws/install/scout_msgs/include/scout_msgs/scout_msgs/msg/detail/scout_rc_state__functions.h
[17.911s] -- Installing: /home/eddy/ros2_ws/install/scout_msgs/include/scout_msgs/scout_msgs/msg/detail/scout_light_cmd__functions.h
[17.911s] -- Installing: /home/eddy/ros2_ws/install/scout_msgs/include/scout_msgs/scout_msgs/msg/detail/scout_actuator_state__functions.c
[17.911s] -- Installing: /home/eddy/ros2_ws/install/scout_msgs/include/scout_msgs/scout_msgs/msg/scout_actuator_state.h
[17.911s] -- Installing: /home/eddy/ros2_ws/install/scout_msgs/share/scout_msgs/environment/library_path.sh
[17.911s] -- Installing: /home/eddy/ros2_ws/install/scout_msgs/share/scout_msgs/environment/library_path.dsv
[17.912s] -- Installing: /home/eddy/ros2_ws/install/scout_msgs/lib/libscout_msgs__rosidl_generator_c.so
[17.912s] -- Set runtime path of "/home/eddy/ros2_ws/install/scout_msgs/lib/libscout_msgs__rosidl_generator_c.so" to ""
[17.912s] -- Up-to-date: /home/eddy/ros2_ws/install/scout_msgs/include/scout_msgs/scout_msgs
[17.912s] -- Up-to-date: /home/eddy/ros2_ws/install/scout_msgs/include/scout_msgs/scout_msgs/msg
[17.912s] -- Up-to-date: /home/eddy/ros2_ws/install/scout_msgs/include/scout_msgs/scout_msgs/msg/detail
[17.913s] -- Installing: /home/eddy/ros2_ws/install/scout_msgs/include/scout_msgs/scout_msgs/msg/detail/scout_light_state__rosidl_typesupport_fastrtps_c.h
[17.913s] -- Installing: /home/eddy/ros2_ws/install/scout_msgs/include/scout_msgs/scout_msgs/msg/detail/scout_light_cmd__rosidl_typesupport_fastrtps_c.h
[17.913s] -- Installing: /home/eddy/ros2_ws/install/scout_msgs/include/scout_msgs/scout_msgs/msg/detail/scout_rc_state__rosidl_typesupport_fastrtps_c.h
[17.913s] -- Installing: /home/eddy/ros2_ws/install/scout_msgs/include/scout_msgs/scout_msgs/msg/detail/scout_actuator_state__rosidl_typesupport_fastrtps_c.h
[17.913s] -- Installing: /home/eddy/ros2_ws/install/scout_msgs/include/scout_msgs/scout_msgs/msg/detail/scout_status__rosidl_typesupport_fastrtps_c.h
[17.914s] -- Installing: /home/eddy/ros2_ws/install/scout_msgs/include/scout_msgs/scout_msgs/msg/rosidl_typesupport_fastrtps_c__visibility_control.h
[17.914s] -- Installing: /home/eddy/ros2_ws/install/scout_msgs/lib/libscout_msgs__rosidl_typesupport_fastrtps_c.so
[17.915s] -- Set runtime path of "/home/eddy/ros2_ws/install/scout_msgs/lib/libscout_msgs__rosidl_typesupport_fastrtps_c.so" to ""
[17.915s] -- Up-to-date: /home/eddy/ros2_ws/install/scout_msgs/include/scout_msgs/scout_msgs
[17.915s] -- Up-to-date: /home/eddy/ros2_ws/install/scout_msgs/include/scout_msgs/scout_msgs/msg
[17.915s] -- Installing: /home/eddy/ros2_ws/install/scout_msgs/include/scout_msgs/scout_msgs/msg/rosidl_generator_cpp__visibility_control.hpp
[17.915s] -- Up-to-date: /home/eddy/ros2_ws/install/scout_msgs/include/scout_msgs/scout_msgs/msg/detail
[17.916s] -- Installing: /home/eddy/ros2_ws/install/scout_msgs/include/scout_msgs/scout_msgs/msg/detail/scout_light_cmd__type_support.hpp
[17.916s] -- Installing: /home/eddy/ros2_ws/install/scout_msgs/include/scout_msgs/scout_msgs/msg/detail/scout_light_cmd__traits.hpp
[17.918s] -- Installing: /home/eddy/ros2_ws/install/scout_msgs/include/scout_msgs/scout_msgs/msg/detail/scout_status__builder.hpp
[17.918s] -- Installing: /home/eddy/ros2_ws/install/scout_msgs/include/scout_msgs/scout_msgs/msg/detail/scout_actuator_state__builder.hpp
[17.918s] -- Installing: /home/eddy/ros2_ws/install/scout_msgs/include/scout_msgs/scout_msgs/msg/detail/scout_rc_state__builder.hpp
[17.918s] -- Installing: /home/eddy/ros2_ws/install/scout_msgs/include/scout_msgs/scout_msgs/msg/detail/scout_status__traits.hpp
[17.918s] -- Installing: /home/eddy/ros2_ws/install/scout_msgs/include/scout_msgs/scout_msgs/msg/detail/scout_rc_state__type_support.hpp
[17.918s] -- Installing: /home/eddy/ros2_ws/install/scout_msgs/include/scout_msgs/scout_msgs/msg/detail/scout_actuator_state__type_support.hpp
[17.918s] -- Installing: /home/eddy/ros2_ws/install/scout_msgs/include/scout_msgs/scout_msgs/msg/detail/scout_light_state__type_support.hpp
[17.918s] -- Installing: /home/eddy/ros2_ws/install/scout_msgs/include/scout_msgs/scout_msgs/msg/detail/scout_rc_state__struct.hpp
[17.918s] -- Installing: /home/eddy/ros2_ws/install/scout_msgs/include/scout_msgs/scout_msgs/msg/detail/scout_light_state__struct.hpp
[17.918s] -- Installing: /home/eddy/ros2_ws/install/scout_msgs/include/scout_msgs/scout_msgs/msg/detail/scout_light_cmd__builder.hpp
[17.918s] -- Installing: /home/eddy/ros2_ws/install/scout_msgs/include/scout_msgs/scout_msgs/msg/detail/scout_status__type_support.hpp
[17.918s] -- Installing: /home/eddy/ros2_ws/install/scout_msgs/include/scout_msgs/scout_msgs/msg/detail/scout_status__struct.hpp
[17.918s] -- Installing: /home/eddy/ros2_ws/install/scout_msgs/include/scout_msgs/scout_msgs/msg/detail/scout_rc_state__traits.hpp
[17.919s] -- Installing: /home/eddy/ros2_ws/install/scout_msgs/include/scout_msgs/scout_msgs/msg/detail/scout_actuator_state__struct.hpp
[17.919s] -- Installing: /home/eddy/ros2_ws/install/scout_msgs/include/scout_msgs/scout_msgs/msg/detail/scout_light_cmd__struct.hpp
[17.919s] -- Installing: /home/eddy/ros2_ws/install/scout_msgs/include/scout_msgs/scout_msgs/msg/detail/scout_light_state__traits.hpp
[17.919s] -- Installing: /home/eddy/ros2_ws/install/scout_msgs/include/scout_msgs/scout_msgs/msg/detail/scout_light_state__builder.hpp
[17.919s] -- Installing: /home/eddy/ros2_ws/install/scout_msgs/include/scout_msgs/scout_msgs/msg/detail/scout_actuator_state__traits.hpp
[17.919s] -- Installing: /home/eddy/ros2_ws/install/scout_msgs/include/scout_msgs/scout_msgs/msg/scout_actuator_state.hpp
[17.919s] -- Installing: /home/eddy/ros2_ws/install/scout_msgs/include/scout_msgs/scout_msgs/msg/scout_rc_state.hpp
[17.919s] -- Installing: /home/eddy/ros2_ws/install/scout_msgs/include/scout_msgs/scout_msgs/msg/scout_light_state.hpp
[17.919s] -- Installing: /home/eddy/ros2_ws/install/scout_msgs/include/scout_msgs/scout_msgs/msg/scout_status.hpp
[17.919s] -- Installing: /home/eddy/ros2_ws/install/scout_msgs/include/scout_msgs/scout_msgs/msg/scout_light_cmd.hpp
[17.920s] -- Up-to-date: /home/eddy/ros2_ws/install/scout_msgs/include/scout_msgs/scout_msgs
[17.920s] -- Up-to-date: /home/eddy/ros2_ws/install/scout_msgs/include/scout_msgs/scout_msgs/msg
[17.920s] -- Installing: /home/eddy/ros2_ws/install/scout_msgs/include/scout_msgs/scout_msgs/msg/rosidl_typesupport_fastrtps_cpp__visibility_control.h
[17.920s] -- Up-to-date: /home/eddy/ros2_ws/install/scout_msgs/include/scout_msgs/scout_msgs/msg/detail
[17.920s] -- Installing: /home/eddy/ros2_ws/install/scout_msgs/include/scout_msgs/scout_msgs/msg/detail/scout_light_cmd__rosidl_typesupport_fastrtps_cpp.hpp
[17.922s] -- Installing: /home/eddy/ros2_ws/install/scout_msgs/include/scout_msgs/scout_msgs/msg/detail/scout_rc_state__rosidl_typesupport_fastrtps_cpp.hpp
[17.922s] -- Installing: /home/eddy/ros2_ws/install/scout_msgs/include/scout_msgs/scout_msgs/msg/detail/scout_light_state__rosidl_typesupport_fastrtps_cpp.hpp
[17.922s] -- Installing: /home/eddy/ros2_ws/install/scout_msgs/include/scout_msgs/scout_msgs/msg/detail/dds_fastrtps
[17.922s] -- Installing: /home/eddy/ros2_ws/install/scout_msgs/include/scout_msgs/scout_msgs/msg/detail/scout_actuator_state__rosidl_typesupport_fastrtps_cpp.hpp
[17.922s] -- Installing: /home/eddy/ros2_ws/install/scout_msgs/include/scout_msgs/scout_msgs/msg/detail/scout_status__rosidl_typesupport_fastrtps_cpp.hpp
[17.922s] -- Installing: /home/eddy/ros2_ws/install/scout_msgs/lib/libscout_msgs__rosidl_typesupport_fastrtps_cpp.so
[17.922s] -- Set runtime path of "/home/eddy/ros2_ws/install/scout_msgs/lib/libscout_msgs__rosidl_typesupport_fastrtps_cpp.so" to ""
[17.922s] -- Up-to-date: /home/eddy/ros2_ws/install/scout_msgs/include/scout_msgs/scout_msgs
[17.923s] -- Up-to-date: /home/eddy/ros2_ws/install/scout_msgs/include/scout_msgs/scout_msgs/msg
[17.923s] -- Up-to-date: /home/eddy/ros2_ws/install/scout_msgs/include/scout_msgs/scout_msgs/msg/detail
[17.923s] -- Installing: /home/eddy/ros2_ws/install/scout_msgs/include/scout_msgs/scout_msgs/msg/detail/scout_light_state__rosidl_typesupport_introspection_c.h
[17.923s] -- Installing: /home/eddy/ros2_ws/install/scout_msgs/include/scout_msgs/scout_msgs/msg/detail/scout_status__rosidl_typesupport_introspection_c.h
[17.923s] -- Installing: /home/eddy/ros2_ws/install/scout_msgs/include/scout_msgs/scout_msgs/msg/detail/scout_actuator_state__rosidl_typesupport_introspection_c.h
[17.923s] -- Installing: /home/eddy/ros2_ws/install/scout_msgs/include/scout_msgs/scout_msgs/msg/detail/scout_light_cmd__rosidl_typesupport_introspection_c.h
[17.923s] -- Installing: /home/eddy/ros2_ws/install/scout_msgs/include/scout_msgs/scout_msgs/msg/detail/scout_status__type_support.c
[17.923s] -- Installing: /home/eddy/ros2_ws/install/scout_msgs/include/scout_msgs/scout_msgs/msg/detail/scout_actuator_state__type_support.c
[17.923s] -- Installing: /home/eddy/ros2_ws/install/scout_msgs/include/scout_msgs/scout_msgs/msg/detail/scout_rc_state__rosidl_typesupport_introspection_c.h
[17.925s] -- Installing: /home/eddy/ros2_ws/install/scout_msgs/include/scout_msgs/scout_msgs/msg/detail/scout_rc_state__type_support.c
[17.925s] -- Installing: /home/eddy/ros2_ws/install/scout_msgs/include/scout_msgs/scout_msgs/msg/detail/scout_light_cmd__type_support.c
[17.925s] -- Installing: /home/eddy/ros2_ws/install/scout_msgs/include/scout_msgs/scout_msgs/msg/detail/scout_light_state__type_support.c
[17.925s] -- Installing: /home/eddy/ros2_ws/install/scout_msgs/include/scout_msgs/scout_msgs/msg/rosidl_typesupport_introspection_c__visibility_control.h
[17.925s] -- Installing: /home/eddy/ros2_ws/install/scout_msgs/lib/libscout_msgs__rosidl_typesupport_introspection_c.so
[17.925s] -- Set runtime path of "/home/eddy/ros2_ws/install/scout_msgs/lib/libscout_msgs__rosidl_typesupport_introspection_c.so" to ""
[17.925s] -- Installing: /home/eddy/ros2_ws/install/scout_msgs/lib/libscout_msgs__rosidl_typesupport_c.so
[17.925s] -- Set runtime path of "/home/eddy/ros2_ws/install/scout_msgs/lib/libscout_msgs__rosidl_typesupport_c.so" to ""
[17.925s] -- Up-to-date: /home/eddy/ros2_ws/install/scout_msgs/include/scout_msgs/scout_msgs
[17.925s] -- Up-to-date: /home/eddy/ros2_ws/install/scout_msgs/include/scout_msgs/scout_msgs/msg
[17.925s] -- Up-to-date: /home/eddy/ros2_ws/install/scout_msgs/include/scout_msgs/scout_msgs/msg/detail
[17.927s] -- Installing: /home/eddy/ros2_ws/install/scout_msgs/include/scout_msgs/scout_msgs/msg/detail/scout_light_cmd__type_support.cpp
[17.927s] -- Installing: /home/eddy/ros2_ws/install/scout_msgs/include/scout_msgs/scout_msgs/msg/detail/scout_status__rosidl_typesupport_introspection_cpp.hpp
[17.927s] -- Installing: /home/eddy/ros2_ws/install/scout_msgs/include/scout_msgs/scout_msgs/msg/detail/scout_light_state__type_support.cpp
[17.927s] -- Installing: /home/eddy/ros2_ws/install/scout_msgs/include/scout_msgs/scout_msgs/msg/detail/scout_actuator_state__rosidl_typesupport_introspection_cpp.hpp
[17.927s] -- Installing: /home/eddy/ros2_ws/install/scout_msgs/include/scout_msgs/scout_msgs/msg/detail/scout_status__type_support.cpp
[17.927s] -- Installing: /home/eddy/ros2_ws/install/scout_msgs/include/scout_msgs/scout_msgs/msg/detail/scout_rc_state__type_support.cpp
[17.929s] -- Installing: /home/eddy/ros2_ws/install/scout_msgs/include/scout_msgs/scout_msgs/msg/detail/scout_light_state__rosidl_typesupport_introspection_cpp.hpp
[17.929s] -- Installing: /home/eddy/ros2_ws/install/scout_msgs/include/scout_msgs/scout_msgs/msg/detail/scout_rc_state__rosidl_typesupport_introspection_cpp.hpp
[17.929s] -- Installing: /home/eddy/ros2_ws/install/scout_msgs/include/scout_msgs/scout_msgs/msg/detail/scout_actuator_state__type_support.cpp
[17.929s] -- Installing: /home/eddy/ros2_ws/install/scout_msgs/include/scout_msgs/scout_msgs/msg/detail/scout_light_cmd__rosidl_typesupport_introspection_cpp.hpp
[17.929s] -- Installing: /home/eddy/ros2_ws/install/scout_msgs/lib/libscout_msgs__rosidl_typesupport_introspection_cpp.so
[17.929s] -- Set runtime path of "/home/eddy/ros2_ws/install/scout_msgs/lib/libscout_msgs__rosidl_typesupport_introspection_cpp.so" to ""
[17.929s] -- Installing: /home/eddy/ros2_ws/install/scout_msgs/lib/libscout_msgs__rosidl_typesupport_cpp.so
[17.929s] -- Set runtime path of "/home/eddy/ros2_ws/install/scout_msgs/lib/libscout_msgs__rosidl_typesupport_cpp.so" to ""
[17.929s] -- Installing: /home/eddy/ros2_ws/install/scout_msgs/share/scout_msgs/environment/pythonpath.sh
[17.933s] -- Installing: /home/eddy/ros2_ws/install/scout_msgs/share/scout_msgs/environment/pythonpath.dsv
[17.933s] -- Installing: /home/eddy/ros2_ws/install/scout_msgs/local/lib/python3.10/dist-packages/scout_msgs-0.1.0-py3.10.egg-info
[17.933s] -- Installing: /home/eddy/ros2_ws/install/scout_msgs/local/lib/python3.10/dist-packages/scout_msgs-0.1.0-py3.10.egg-info/PKG-INFO
[17.933s] -- Installing: /home/eddy/ros2_ws/install/scout_msgs/local/lib/python3.10/dist-packages/scout_msgs-0.1.0-py3.10.egg-info/dependency_links.txt
[17.933s] -- Installing: /home/eddy/ros2_ws/install/scout_msgs/local/lib/python3.10/dist-packages/scout_msgs-0.1.0-py3.10.egg-info/top_level.txt
[17.933s] -- Installing: /home/eddy/ros2_ws/install/scout_msgs/local/lib/python3.10/dist-packages/scout_msgs-0.1.0-py3.10.egg-info/SOURCES.txt
[17.933s] -- Installing: /home/eddy/ros2_ws/install/scout_msgs/local/lib/python3.10/dist-packages/scout_msgs
[17.933s] -- Installing: /home/eddy/ros2_ws/install/scout_msgs/local/lib/python3.10/dist-packages/scout_msgs/_scout_msgs_s.ep.rosidl_typesupport_c.c
[17.933s] -- Installing: /home/eddy/ros2_ws/install/scout_msgs/local/lib/python3.10/dist-packages/scout_msgs/msg
[17.933s] -- Installing: /home/eddy/ros2_ws/install/scout_msgs/local/lib/python3.10/dist-packages/scout_msgs/msg/_scout_status.py
[17.933s] -- Installing: /home/eddy/ros2_ws/install/scout_msgs/local/lib/python3.10/dist-packages/scout_msgs/msg/_scout_light_cmd_s.c
[17.934s] -- Installing: /home/eddy/ros2_ws/install/scout_msgs/local/lib/python3.10/dist-packages/scout_msgs/msg/_scout_rc_state.py
[17.934s] -- Installing: /home/eddy/ros2_ws/install/scout_msgs/local/lib/python3.10/dist-packages/scout_msgs/msg/_scout_status_s.c
[17.934s] -- Installing: /home/eddy/ros2_ws/install/scout_msgs/local/lib/python3.10/dist-packages/scout_msgs/msg/_scout_light_state.py
[17.934s] -- Installing: /home/eddy/ros2_ws/install/scout_msgs/local/lib/python3.10/dist-packages/scout_msgs/msg/_scout_actuator_state.py
[17.934s] -- Installing: /home/eddy/ros2_ws/install/scout_msgs/local/lib/python3.10/dist-packages/scout_msgs/msg/_scout_actuator_state_s.c
[17.934s] -- Installing: /home/eddy/ros2_ws/install/scout_msgs/local/lib/python3.10/dist-packages/scout_msgs/msg/_scout_rc_state_s.c
[17.934s] -- Installing: /home/eddy/ros2_ws/install/scout_msgs/local/lib/python3.10/dist-packages/scout_msgs/msg/__init__.py
[17.934s] -- Installing: /home/eddy/ros2_ws/install/scout_msgs/local/lib/python3.10/dist-packages/scout_msgs/msg/_scout_light_state_s.c
[17.937s] -- Installing: /home/eddy/ros2_ws/install/scout_msgs/local/lib/python3.10/dist-packages/scout_msgs/msg/_scout_light_cmd.py
[17.937s] -- Installing: /home/eddy/ros2_ws/install/scout_msgs/local/lib/python3.10/dist-packages/scout_msgs/_scout_msgs_s.ep.rosidl_typesupport_introspection_c.c
[17.937s] -- Installing: /home/eddy/ros2_ws/install/scout_msgs/local/lib/python3.10/dist-packages/scout_msgs/scout_msgs_s__rosidl_typesupport_introspection_c.cpython-310-x86_64-linux-gnu.so
[17.937s] -- Installing: /home/eddy/ros2_ws/install/scout_msgs/local/lib/python3.10/dist-packages/scout_msgs/libscout_msgs__rosidl_generator_py.so
[17.937s] -- Installing: /home/eddy/ros2_ws/install/scout_msgs/local/lib/python3.10/dist-packages/scout_msgs/_scout_msgs_s.ep.rosidl_typesupport_fastrtps_c.c
[17.937s] -- Installing: /home/eddy/ros2_ws/install/scout_msgs/local/lib/python3.10/dist-packages/scout_msgs/scout_msgs_s__rosidl_typesupport_c.cpython-310-x86_64-linux-gnu.so
[17.937s] -- Installing: /home/eddy/ros2_ws/install/scout_msgs/local/lib/python3.10/dist-packages/scout_msgs/__init__.py
[17.937s] -- Installing: /home/eddy/ros2_ws/install/scout_msgs/local/lib/python3.10/dist-packages/scout_msgs/scout_msgs_s__rosidl_typesupport_fastrtps_c.cpython-310-x86_64-linux-gnu.so
[18.019s] Listing '/home/eddy/ros2_ws/install/scout_msgs/local/lib/python3.10/dist-packages/scout_msgs'...
[18.019s] Compiling '/home/eddy/ros2_ws/install/scout_msgs/local/lib/python3.10/dist-packages/scout_msgs/__init__.py'...
[18.019s] Listing '/home/eddy/ros2_ws/install/scout_msgs/local/lib/python3.10/dist-packages/scout_msgs/msg'...
[18.019s] Compiling '/home/eddy/ros2_ws/install/scout_msgs/local/lib/python3.10/dist-packages/scout_msgs/msg/__init__.py'...
[18.019s] Compiling '/home/eddy/ros2_ws/install/scout_msgs/local/lib/python3.10/dist-packages/scout_msgs/msg/_scout_actuator_state.py'...
[18.019s] Compiling '/home/eddy/ros2_ws/install/scout_msgs/local/lib/python3.10/dist-packages/scout_msgs/msg/_scout_light_cmd.py'...
[18.020s] Compiling '/home/eddy/ros2_ws/install/scout_msgs/local/lib/python3.10/dist-packages/scout_msgs/msg/_scout_light_state.py'...
[18.020s] Compiling '/home/eddy/ros2_ws/install/scout_msgs/local/lib/python3.10/dist-packages/scout_msgs/msg/_scout_rc_state.py'...
[18.020s] Compiling '/home/eddy/ros2_ws/install/scout_msgs/local/lib/python3.10/dist-packages/scout_msgs/msg/_scout_status.py'...
[18.027s] -- Installing: /home/eddy/ros2_ws/install/scout_msgs/local/lib/python3.10/dist-packages/scout_msgs/scout_msgs_s__rosidl_typesupport_fastrtps_c.cpython-310-x86_64-linux-gnu.so
[18.027s] -- Set runtime path of "/home/eddy/ros2_ws/install/scout_msgs/local/lib/python3.10/dist-packages/scout_msgs/scout_msgs_s__rosidl_typesupport_fastrtps_c.cpython-310-x86_64-linux-gnu.so" to ""
[18.027s] -- Installing: /home/eddy/ros2_ws/install/scout_msgs/local/lib/python3.10/dist-packages/scout_msgs/scout_msgs_s__rosidl_typesupport_introspection_c.cpython-310-x86_64-linux-gnu.so
[18.027s] -- Set runtime path of "/home/eddy/ros2_ws/install/scout_msgs/local/lib/python3.10/dist-packages/scout_msgs/scout_msgs_s__rosidl_typesupport_introspection_c.cpython-310-x86_64-linux-gnu.so" to ""
[18.027s] -- Installing: /home/eddy/ros2_ws/install/scout_msgs/local/lib/python3.10/dist-packages/scout_msgs/scout_msgs_s__rosidl_typesupport_c.cpython-310-x86_64-linux-gnu.so
[18.028s] -- Set runtime path of "/home/eddy/ros2_ws/install/scout_msgs/local/lib/python3.10/dist-packages/scout_msgs/scout_msgs_s__rosidl_typesupport_c.cpython-310-x86_64-linux-gnu.so" to ""
[18.028s] -- Installing: /home/eddy/ros2_ws/install/scout_msgs/lib/libscout_msgs__rosidl_generator_py.so
[18.029s] -- Set runtime path of "/home/eddy/ros2_ws/install/scout_msgs/lib/libscout_msgs__rosidl_generator_py.so" to ""
[18.029s] -- Installing: /home/eddy/ros2_ws/install/scout_msgs/share/scout_msgs/msg/ScoutActuatorState.idl
[18.029s] -- Installing: /home/eddy/ros2_ws/install/scout_msgs/share/scout_msgs/msg/ScoutLightCmd.idl
[18.029s] -- Installing: /home/eddy/ros2_ws/install/scout_msgs/share/scout_msgs/msg/ScoutLightState.idl
[18.029s] -- Installing: /home/eddy/ros2_ws/install/scout_msgs/share/scout_msgs/msg/ScoutRCState.idl
[18.029s] -- Installing: /home/eddy/ros2_ws/install/scout_msgs/share/scout_msgs/msg/ScoutStatus.idl
[18.029s] -- Installing: /home/eddy/ros2_ws/install/scout_msgs/share/scout_msgs/msg/ScoutActuatorState.msg
[18.029s] -- Installing: /home/eddy/ros2_ws/install/scout_msgs/share/scout_msgs/msg/ScoutLightCmd.msg
[18.029s] -- Installing: /home/eddy/ros2_ws/install/scout_msgs/share/scout_msgs/msg/ScoutLightState.msg
[18.029s] -- Installing: /home/eddy/ros2_ws/install/scout_msgs/share/scout_msgs/msg/ScoutRCState.msg
[18.030s] -- Installing: /home/eddy/ros2_ws/install/scout_msgs/share/scout_msgs/msg/ScoutStatus.msg
[18.036s] -- Installing: /home/eddy/ros2_ws/install/scout_msgs/share/ament_index/resource_index/package_run_dependencies/scout_msgs
[18.036s] -- Installing: /home/eddy/ros2_ws/install/scout_msgs/share/ament_index/resource_index/parent_prefix_path/scout_msgs
[18.036s] -- Installing: /home/eddy/ros2_ws/install/scout_msgs/share/scout_msgs/environment/ament_prefix_path.sh
[18.036s] -- Installing: /home/eddy/ros2_ws/install/scout_msgs/share/scout_msgs/environment/ament_prefix_path.dsv
[18.036s] -- Installing: /home/eddy/ros2_ws/install/scout_msgs/share/scout_msgs/environment/path.sh
[18.036s] -- Installing: /home/eddy/ros2_ws/install/scout_msgs/share/scout_msgs/environment/path.dsv
[18.036s] -- Installing: /home/eddy/ros2_ws/install/scout_msgs/share/scout_msgs/local_setup.bash
[18.036s] -- Installing: /home/eddy/ros2_ws/install/scout_msgs/share/scout_msgs/local_setup.sh
[18.036s] -- Installing: /home/eddy/ros2_ws/install/scout_msgs/share/scout_msgs/local_setup.zsh
[18.036s] -- Installing: /home/eddy/ros2_ws/install/scout_msgs/share/scout_msgs/local_setup.dsv
[18.036s] -- Installing: /home/eddy/ros2_ws/install/scout_msgs/share/scout_msgs/package.dsv
[18.036s] -- Installing: /home/eddy/ros2_ws/install/scout_msgs/share/ament_index/resource_index/packages/scout_msgs
[18.036s] -- Installing: /home/eddy/ros2_ws/install/scout_msgs/share/scout_msgs/cmake/export_scout_msgs__rosidl_generator_cExport.cmake
[18.036s] -- Installing: /home/eddy/ros2_ws/install/scout_msgs/share/scout_msgs/cmake/export_scout_msgs__rosidl_generator_cExport-noconfig.cmake
[18.036s] -- Installing: /home/eddy/ros2_ws/install/scout_msgs/share/scout_msgs/cmake/export_scout_msgs__rosidl_typesupport_fastrtps_cExport.cmake
[18.036s] -- Installing: /home/eddy/ros2_ws/install/scout_msgs/share/scout_msgs/cmake/export_scout_msgs__rosidl_typesupport_fastrtps_cExport-noconfig.cmake
[18.037s] -- Installing: /home/eddy/ros2_ws/install/scout_msgs/share/scout_msgs/cmake/export_scout_msgs__rosidl_generator_cppExport.cmake
[18.041s] -- Installing: /home/eddy/ros2_ws/install/scout_msgs/share/scout_msgs/cmake/export_scout_msgs__rosidl_typesupport_fastrtps_cppExport.cmake
[18.041s] -- Installing: /home/eddy/ros2_ws/install/scout_msgs/share/scout_msgs/cmake/export_scout_msgs__rosidl_typesupport_fastrtps_cppExport-noconfig.cmake
[18.041s] -- Installing: /home/eddy/ros2_ws/install/scout_msgs/share/scout_msgs/cmake/scout_msgs__rosidl_typesupport_introspection_cExport.cmake
[18.041s] -- Installing: /home/eddy/ros2_ws/install/scout_msgs/share/scout_msgs/cmake/scout_msgs__rosidl_typesupport_introspection_cExport-noconfig.cmake
[18.041s] -- Installing: /home/eddy/ros2_ws/install/scout_msgs/share/scout_msgs/cmake/scout_msgs__rosidl_typesupport_cExport.cmake
[18.042s] -- Installing: /home/eddy/ros2_ws/install/scout_msgs/share/scout_msgs/cmake/scout_msgs__rosidl_typesupport_cExport-noconfig.cmake
[18.042s] -- Installing: /home/eddy/ros2_ws/install/scout_msgs/share/scout_msgs/cmake/scout_msgs__rosidl_typesupport_introspection_cppExport.cmake
[18.042s] -- Installing: /home/eddy/ros2_ws/install/scout_msgs/share/scout_msgs/cmake/scout_msgs__rosidl_typesupport_introspection_cppExport-noconfig.cmake
[18.042s] -- Installing: /home/eddy/ros2_ws/install/scout_msgs/share/scout_msgs/cmake/scout_msgs__rosidl_typesupport_cppExport.cmake
[18.043s] -- Installing: /home/eddy/ros2_ws/install/scout_msgs/share/scout_msgs/cmake/scout_msgs__rosidl_typesupport_cppExport-noconfig.cmake
[18.046s] -- Installing: /home/eddy/ros2_ws/install/scout_msgs/share/scout_msgs/cmake/export_scout_msgs__rosidl_generator_pyExport.cmake
[18.046s] -- Installing: /home/eddy/ros2_ws/install/scout_msgs/share/scout_msgs/cmake/export_scout_msgs__rosidl_generator_pyExport-noconfig.cmake
[18.046s] -- Installing: /home/eddy/ros2_ws/install/scout_msgs/share/scout_msgs/cmake/rosidl_cmake-extras.cmake
[18.047s] -- Installing: /home/eddy/ros2_ws/install/scout_msgs/share/scout_msgs/cmake/ament_cmake_export_dependencies-extras.cmake
[18.050s] -- Installing: /home/eddy/ros2_ws/install/scout_msgs/share/scout_msgs/cmake/ament_cmake_export_include_directories-extras.cmake
[18.050s] -- Installing: /home/eddy/ros2_ws/install/scout_msgs/share/scout_msgs/cmake/ament_cmake_export_libraries-extras.cmake
[18.050s] -- Installing: /home/eddy/ros2_ws/install/scout_msgs/share/scout_msgs/cmake/ament_cmake_export_targets-extras.cmake
[18.050s] -- Installing: /home/eddy/ros2_ws/install/scout_msgs/share/scout_msgs/cmake/rosidl_cmake_export_typesupport_targets-extras.cmake
[18.050s] -- Installing: /home/eddy/ros2_ws/install/scout_msgs/share/scout_msgs/cmake/rosidl_cmake_export_typesupport_libraries-extras.cmake
[18.050s] -- Installing: /home/eddy/ros2_ws/install/scout_msgs/share/scout_msgs/cmake/scout_msgsConfig.cmake
[18.051s] -- Installing: /home/eddy/ros2_ws/install/scout_msgs/share/scout_msgs/cmake/scout_msgsConfig-version.cmake
[18.051s] -- Installing: /home/eddy/ros2_ws/install/scout_msgs/share/scout_msgs/package.xml
[18.054s] Invoked command in '/home/eddy/ros2_ws/build/scout_msgs' returned '0': CMAKE_PREFIX_PATH=${CMAKE_PREFIX_PATH}:/opt/ros/humble /usr/bin/cmake --install /home/eddy/ros2_ws/build/scout_msgs
