[0.031s] Invoking command in '/home/eddy/ros2_ws/build/image_pipeline': AMENT_PREFIX_PATH=/home/eddy/ros2_ws/install/stereo_image_proc:/home/eddy/ros2_ws/install/image_proc:/home/eddy/ros2_ws/install/tracetools_image_pipeline:/home/eddy/ros2_ws/install/image_view:/home/eddy/ros2_ws/install/image_rotate:/home/eddy/ros2_ws/install/image_publisher:/home/eddy/ros2_ws/install/depth_image_proc:/home/eddy/ros2_ws/install/camera_calibration:${AMENT_PREFIX_PATH} CMAKE_PREFIX_PATH=/home/eddy/ros2_ws/install/stereo_image_proc:/home/eddy/ros2_ws/install/image_proc:/home/eddy/ros2_ws/install/tracetools_image_pipeline:/home/eddy/ros2_ws/install/image_view:/home/eddy/ros2_ws/install/image_rotate:/home/eddy/ros2_ws/install/image_publisher:/home/eddy/ros2_ws/install/depth_image_proc:/home/eddy/ros2_ws/install/scout_description:/home/eddy/ros2_ws/install/rplidar_ros:/opt/ros/humble LD_LIBRARY_PATH=/home/eddy/ros2_ws/install/stereo_image_proc/lib:/home/eddy/ros2_ws/install/image_proc/lib:/home/eddy/ros2_ws/install/tracetools_image_pipeline/lib:/home/eddy/ros2_ws/install/image_view/lib:/home/eddy/ros2_ws/install/image_rotate/lib:/home/eddy/ros2_ws/install/image_publisher/lib:/home/eddy/ros2_ws/install/depth_image_proc/lib:${LD_LIBRARY_PATH} PATH=/home/eddy/ros2_ws/install/image_proc/bin:${PATH} PYTHONPATH=/home/eddy/ros2_ws/install/camera_calibration/lib/python3.10/site-packages:${PYTHONPATH} /usr/bin/cmake /home/eddy/ros2_ws/src/image_pipeline/image_pipeline -DCMAKE_INSTALL_PREFIX=/home/eddy/ros2_ws/install/image_pipeline
[0.085s] -- The C compiler identification is GNU 11.4.0
[0.139s] -- The CXX compiler identification is GNU 11.4.0
[0.145s] -- Detecting C compiler ABI info
[0.212s] -- Detecting C compiler ABI info - done
[0.221s] -- Check for working C compiler: /usr/bin/cc - skipped
[0.221s] -- Detecting C compile features
[0.221s] -- Detecting C compile features - done
[0.222s] -- Detecting CXX compiler ABI info
[0.303s] -- Detecting CXX compiler ABI info - done
[0.309s] -- Check for working CXX compiler: /usr/bin/c++ - skipped
[0.309s] -- Detecting CXX compile features
[0.310s] -- Detecting CXX compile features - done
[0.312s] -- Found ament_cmake: 1.3.12 (/opt/ros/humble/share/ament_cmake/cmake)
[0.455s] -- Found Python3: /usr/bin/python3 (found version "3.10.12") found components: Interpreter 
[0.551s] -- Found ament_lint_auto: 0.12.14 (/opt/ros/humble/share/ament_lint_auto/cmake)
[0.620s] -- Added test 'lint_cmake' to check CMake code style
[0.628s] -- Added test 'xmllint' to check XML markup files
[0.628s] -- Configuring done
[0.628s] -- Generating done
[0.632s] -- Build files have been written to: /home/eddy/ros2_ws/build/image_pipeline
[0.635s] Invoked command in '/home/eddy/ros2_ws/build/image_pipeline' returned '0': AMENT_PREFIX_PATH=/home/eddy/ros2_ws/install/stereo_image_proc:/home/eddy/ros2_ws/install/image_proc:/home/eddy/ros2_ws/install/tracetools_image_pipeline:/home/eddy/ros2_ws/install/image_view:/home/eddy/ros2_ws/install/image_rotate:/home/eddy/ros2_ws/install/image_publisher:/home/eddy/ros2_ws/install/depth_image_proc:/home/eddy/ros2_ws/install/camera_calibration:${AMENT_PREFIX_PATH} CMAKE_PREFIX_PATH=/home/eddy/ros2_ws/install/stereo_image_proc:/home/eddy/ros2_ws/install/image_proc:/home/eddy/ros2_ws/install/tracetools_image_pipeline:/home/eddy/ros2_ws/install/image_view:/home/eddy/ros2_ws/install/image_rotate:/home/eddy/ros2_ws/install/image_publisher:/home/eddy/ros2_ws/install/depth_image_proc:/home/eddy/ros2_ws/install/scout_description:/home/eddy/ros2_ws/install/rplidar_ros:/opt/ros/humble LD_LIBRARY_PATH=/home/eddy/ros2_ws/install/stereo_image_proc/lib:/home/eddy/ros2_ws/install/image_proc/lib:/home/eddy/ros2_ws/install/tracetools_image_pipeline/lib:/home/eddy/ros2_ws/install/image_view/lib:/home/eddy/ros2_ws/install/image_rotate/lib:/home/eddy/ros2_ws/install/image_publisher/lib:/home/eddy/ros2_ws/install/depth_image_proc/lib:${LD_LIBRARY_PATH} PATH=/home/eddy/ros2_ws/install/image_proc/bin:${PATH} PYTHONPATH=/home/eddy/ros2_ws/install/camera_calibration/lib/python3.10/site-packages:${PYTHONPATH} /usr/bin/cmake /home/eddy/ros2_ws/src/image_pipeline/image_pipeline -DCMAKE_INSTALL_PREFIX=/home/eddy/ros2_ws/install/image_pipeline
[0.636s] Invoking command in '/home/eddy/ros2_ws/build/image_pipeline': AMENT_PREFIX_PATH=/home/eddy/ros2_ws/install/stereo_image_proc:/home/eddy/ros2_ws/install/image_proc:/home/eddy/ros2_ws/install/tracetools_image_pipeline:/home/eddy/ros2_ws/install/image_view:/home/eddy/ros2_ws/install/image_rotate:/home/eddy/ros2_ws/install/image_publisher:/home/eddy/ros2_ws/install/depth_image_proc:/home/eddy/ros2_ws/install/camera_calibration:${AMENT_PREFIX_PATH} CMAKE_PREFIX_PATH=/home/eddy/ros2_ws/install/stereo_image_proc:/home/eddy/ros2_ws/install/image_proc:/home/eddy/ros2_ws/install/tracetools_image_pipeline:/home/eddy/ros2_ws/install/image_view:/home/eddy/ros2_ws/install/image_rotate:/home/eddy/ros2_ws/install/image_publisher:/home/eddy/ros2_ws/install/depth_image_proc:/home/eddy/ros2_ws/install/scout_description:/home/eddy/ros2_ws/install/rplidar_ros:/opt/ros/humble LD_LIBRARY_PATH=/home/eddy/ros2_ws/install/stereo_image_proc/lib:/home/eddy/ros2_ws/install/image_proc/lib:/home/eddy/ros2_ws/install/tracetools_image_pipeline/lib:/home/eddy/ros2_ws/install/image_view/lib:/home/eddy/ros2_ws/install/image_rotate/lib:/home/eddy/ros2_ws/install/image_publisher/lib:/home/eddy/ros2_ws/install/depth_image_proc/lib:${LD_LIBRARY_PATH} PATH=/home/eddy/ros2_ws/install/image_proc/bin:${PATH} PYTHONPATH=/home/eddy/ros2_ws/install/camera_calibration/lib/python3.10/site-packages:${PYTHONPATH} /usr/bin/cmake --build /home/eddy/ros2_ws/build/image_pipeline -- -j2 -l2
[0.672s] Invoked command in '/home/eddy/ros2_ws/build/image_pipeline' returned '0': AMENT_PREFIX_PATH=/home/eddy/ros2_ws/install/stereo_image_proc:/home/eddy/ros2_ws/install/image_proc:/home/eddy/ros2_ws/install/tracetools_image_pipeline:/home/eddy/ros2_ws/install/image_view:/home/eddy/ros2_ws/install/image_rotate:/home/eddy/ros2_ws/install/image_publisher:/home/eddy/ros2_ws/install/depth_image_proc:/home/eddy/ros2_ws/install/camera_calibration:${AMENT_PREFIX_PATH} CMAKE_PREFIX_PATH=/home/eddy/ros2_ws/install/stereo_image_proc:/home/eddy/ros2_ws/install/image_proc:/home/eddy/ros2_ws/install/tracetools_image_pipeline:/home/eddy/ros2_ws/install/image_view:/home/eddy/ros2_ws/install/image_rotate:/home/eddy/ros2_ws/install/image_publisher:/home/eddy/ros2_ws/install/depth_image_proc:/home/eddy/ros2_ws/install/scout_description:/home/eddy/ros2_ws/install/rplidar_ros:/opt/ros/humble LD_LIBRARY_PATH=/home/eddy/ros2_ws/install/stereo_image_proc/lib:/home/eddy/ros2_ws/install/image_proc/lib:/home/eddy/ros2_ws/install/tracetools_image_pipeline/lib:/home/eddy/ros2_ws/install/image_view/lib:/home/eddy/ros2_ws/install/image_rotate/lib:/home/eddy/ros2_ws/install/image_publisher/lib:/home/eddy/ros2_ws/install/depth_image_proc/lib:${LD_LIBRARY_PATH} PATH=/home/eddy/ros2_ws/install/image_proc/bin:${PATH} PYTHONPATH=/home/eddy/ros2_ws/install/camera_calibration/lib/python3.10/site-packages:${PYTHONPATH} /usr/bin/cmake --build /home/eddy/ros2_ws/build/image_pipeline -- -j2 -l2
[0.673s] Invoking command in '/home/eddy/ros2_ws/build/image_pipeline': AMENT_PREFIX_PATH=/home/eddy/ros2_ws/install/stereo_image_proc:/home/eddy/ros2_ws/install/image_proc:/home/eddy/ros2_ws/install/tracetools_image_pipeline:/home/eddy/ros2_ws/install/image_view:/home/eddy/ros2_ws/install/image_rotate:/home/eddy/ros2_ws/install/image_publisher:/home/eddy/ros2_ws/install/depth_image_proc:/home/eddy/ros2_ws/install/camera_calibration:${AMENT_PREFIX_PATH} CMAKE_PREFIX_PATH=/home/eddy/ros2_ws/install/stereo_image_proc:/home/eddy/ros2_ws/install/image_proc:/home/eddy/ros2_ws/install/tracetools_image_pipeline:/home/eddy/ros2_ws/install/image_view:/home/eddy/ros2_ws/install/image_rotate:/home/eddy/ros2_ws/install/image_publisher:/home/eddy/ros2_ws/install/depth_image_proc:/home/eddy/ros2_ws/install/scout_description:/home/eddy/ros2_ws/install/rplidar_ros:/opt/ros/humble LD_LIBRARY_PATH=/home/eddy/ros2_ws/install/stereo_image_proc/lib:/home/eddy/ros2_ws/install/image_proc/lib:/home/eddy/ros2_ws/install/tracetools_image_pipeline/lib:/home/eddy/ros2_ws/install/image_view/lib:/home/eddy/ros2_ws/install/image_rotate/lib:/home/eddy/ros2_ws/install/image_publisher/lib:/home/eddy/ros2_ws/install/depth_image_proc/lib:${LD_LIBRARY_PATH} PATH=/home/eddy/ros2_ws/install/image_proc/bin:${PATH} PYTHONPATH=/home/eddy/ros2_ws/install/camera_calibration/lib/python3.10/site-packages:${PYTHONPATH} /usr/bin/cmake --install /home/eddy/ros2_ws/build/image_pipeline
[0.680s] -- Install configuration: ""
[0.680s] -- Installing: /home/eddy/ros2_ws/install/image_pipeline/share/ament_index/resource_index/package_run_dependencies/image_pipeline
[0.680s] -- Installing: /home/eddy/ros2_ws/install/image_pipeline/share/ament_index/resource_index/parent_prefix_path/image_pipeline
[0.680s] -- Installing: /home/eddy/ros2_ws/install/image_pipeline/share/image_pipeline/environment/ament_prefix_path.sh
[0.681s] -- Installing: /home/eddy/ros2_ws/install/image_pipeline/share/image_pipeline/environment/ament_prefix_path.dsv
[0.681s] -- Installing: /home/eddy/ros2_ws/install/image_pipeline/share/image_pipeline/environment/path.sh
[0.681s] -- Installing: /home/eddy/ros2_ws/install/image_pipeline/share/image_pipeline/environment/path.dsv
[0.681s] -- Installing: /home/eddy/ros2_ws/install/image_pipeline/share/image_pipeline/local_setup.bash
[0.681s] -- Installing: /home/eddy/ros2_ws/install/image_pipeline/share/image_pipeline/local_setup.sh
[0.681s] -- Installing: /home/eddy/ros2_ws/install/image_pipeline/share/image_pipeline/local_setup.zsh
[0.681s] -- Installing: /home/eddy/ros2_ws/install/image_pipeline/share/image_pipeline/local_setup.dsv
[0.681s] -- Installing: /home/eddy/ros2_ws/install/image_pipeline/share/image_pipeline/package.dsv
[0.682s] -- Installing: /home/eddy/ros2_ws/install/image_pipeline/share/ament_index/resource_index/packages/image_pipeline
[0.682s] -- Installing: /home/eddy/ros2_ws/install/image_pipeline/share/image_pipeline/cmake/image_pipelineConfig.cmake
[0.682s] -- Installing: /home/eddy/ros2_ws/install/image_pipeline/share/image_pipeline/cmake/image_pipelineConfig-version.cmake
[0.683s] -- Installing: /home/eddy/ros2_ws/install/image_pipeline/share/image_pipeline/package.xml
[0.686s] Invoked command in '/home/eddy/ros2_ws/build/image_pipeline' returned '0': AMENT_PREFIX_PATH=/home/eddy/ros2_ws/install/stereo_image_proc:/home/eddy/ros2_ws/install/image_proc:/home/eddy/ros2_ws/install/tracetools_image_pipeline:/home/eddy/ros2_ws/install/image_view:/home/eddy/ros2_ws/install/image_rotate:/home/eddy/ros2_ws/install/image_publisher:/home/eddy/ros2_ws/install/depth_image_proc:/home/eddy/ros2_ws/install/camera_calibration:${AMENT_PREFIX_PATH} CMAKE_PREFIX_PATH=/home/eddy/ros2_ws/install/stereo_image_proc:/home/eddy/ros2_ws/install/image_proc:/home/eddy/ros2_ws/install/tracetools_image_pipeline:/home/eddy/ros2_ws/install/image_view:/home/eddy/ros2_ws/install/image_rotate:/home/eddy/ros2_ws/install/image_publisher:/home/eddy/ros2_ws/install/depth_image_proc:/home/eddy/ros2_ws/install/scout_description:/home/eddy/ros2_ws/install/rplidar_ros:/opt/ros/humble LD_LIBRARY_PATH=/home/eddy/ros2_ws/install/stereo_image_proc/lib:/home/eddy/ros2_ws/install/image_proc/lib:/home/eddy/ros2_ws/install/tracetools_image_pipeline/lib:/home/eddy/ros2_ws/install/image_view/lib:/home/eddy/ros2_ws/install/image_rotate/lib:/home/eddy/ros2_ws/install/image_publisher/lib:/home/eddy/ros2_ws/install/depth_image_proc/lib:${LD_LIBRARY_PATH} PATH=/home/eddy/ros2_ws/install/image_proc/bin:${PATH} PYTHONPATH=/home/eddy/ros2_ws/install/camera_calibration/lib/python3.10/site-packages:${PYTHONPATH} /usr/bin/cmake --install /home/eddy/ros2_ws/build/image_pipeline
