[0.024s] Invoking command in '/home/eddy/ros2_ws/build/stereo_image_proc': AMENT_PREFIX_PATH=/home/eddy/ros2_ws/install/image_proc:/home/eddy/ros2_ws/install/tracetools_image_pipeline:${AMENT_PREFIX_PATH} CMAKE_PREFIX_PATH=/home/eddy/ros2_ws/install/image_proc:/home/eddy/ros2_ws/install/tracetools_image_pipeline:/home/eddy/ros2_ws/install/scout_description:/home/eddy/ros2_ws/install/rplidar_ros:/opt/ros/humble LD_LIBRARY_PATH=/home/eddy/ros2_ws/install/image_proc/lib:/home/eddy/ros2_ws/install/tracetools_image_pipeline/lib:${LD_LIBRARY_PATH} PATH=/home/eddy/ros2_ws/install/image_proc/bin:${PATH} /usr/bin/cmake /home/eddy/ros2_ws/src/image_pipeline/stereo_image_proc -DCMAKE_INSTALL_PREFIX=/home/eddy/ros2_ws/install/stereo_image_proc
[0.105s] -- The C compiler identification is GNU 11.4.0
[0.182s] -- The CXX compiler identification is GNU 11.4.0
[0.191s] -- Detecting C compiler ABI info
[0.277s] -- Detecting C compiler ABI info - done
[0.286s] -- Check for working C compiler: /usr/bin/cc - skipped
[0.287s] -- Detecting C compile features
[0.287s] -- Detecting C compile features - done
[0.292s] -- Detecting CXX compiler ABI info
[0.390s] -- Detecting CXX compiler ABI info - done
[0.399s] -- Check for working CXX compiler: /usr/bin/c++ - skipped
[0.399s] -- Detecting CXX compile features
[0.401s] -- Detecting CXX compile features - done
[0.406s] -- Found ament_cmake_auto: 1.3.12 (/opt/ros/humble/share/ament_cmake_auto/cmake)
[0.600s] -- Found Python3: /usr/bin/python3 (found version "3.10.12") found components: Interpreter 
[0.858s] -- Found rosidl_generator_c: 3.1.7 (/opt/ros/humble/share/rosidl_generator_c/cmake)
[0.865s] -- Found rosidl_adapter: 3.1.7 (/opt/ros/humble/share/rosidl_adapter/cmake)
[0.880s] -- Found rosidl_generator_cpp: 3.1.7 (/opt/ros/humble/share/rosidl_generator_cpp/cmake)
[0.894s] -- Using all available rosidl_typesupport_c: rosidl_typesupport_fastrtps_c;rosidl_typesupport_introspection_c
[0.915s] -- Using all available rosidl_typesupport_cpp: rosidl_typesupport_fastrtps_cpp;rosidl_typesupport_introspection_cpp
[1.118s] -- Found rmw_implementation_cmake: 6.1.2 (/opt/ros/humble/share/rmw_implementation_cmake/cmake)
[1.125s] -- Found rmw_cyclonedds_cpp: 1.3.4 (/opt/ros/humble/share/rmw_cyclonedds_cpp/cmake)
[1.180s] -- Using RMW implementation 'rmw_cyclonedds_cpp' as default
[1.192s] -- Looking for pthread.h
[1.268s] -- Looking for pthread.h - found
[1.268s] -- Performing Test CMAKE_HAVE_LIBC_PTHREAD
[1.351s] -- Performing Test CMAKE_HAVE_LIBC_PTHREAD - Success
[1.351s] -- Found Threads: TRUE  
[1.551s] -- Found OpenCV: /usr (found version "4.5.4") 
[1.566s] -- Found ament_lint_auto: 0.12.14 (/opt/ros/humble/share/ament_lint_auto/cmake)
[1.637s] -- Found python_cmake_module: 0.10.0 (/opt/ros/humble/share/python_cmake_module/cmake)
[1.658s] -- Found PythonInterp: /usr/bin/python3 (found suitable version "3.10.12", minimum required is "3.6") 
[1.665s] -- Found PythonLibs: /usr/lib/x86_64-linux-gnu/libpython3.10.so (found suitable version "3.10.12", minimum required is "3.5") 
[1.665s] -- Using PYTHON_EXECUTABLE: /usr/bin/python3
[1.665s] -- Using PYTHON_INCLUDE_DIRS: /usr/include/python3.10
[1.665s] -- Using PYTHON_LIBRARIES: /usr/lib/x86_64-linux-gnu/libpython3.10.so
[1.692s] -- Found PythonExtra: .so  
[2.805s] [0mIn this package, headers install destination is set to `include` by ament_auto_package. It is recommended to install `include/stereo_image_proc` instead and will be the default behavior of ament_auto_package from ROS 2 Kilted Kaiju. On distributions before Kilted, ament_auto_package behaves the same way when you use USE_SCOPED_HEADER_INSTALL_DIR option.[0m
[2.812s] -- Added test 'copyright' to check source files copyright and LICENSE
[2.816s] -- Added test 'cppcheck' to perform static code analysis on C / C++ code
[2.816s] -- Configured cppcheck include dirs: /home/eddy/ros2_ws/src/image_pipeline/stereo_image_proc/include
[2.816s] -- Configured cppcheck exclude dirs and/or files: 
[2.819s] -- Added test 'cpplint' to check C / C++ code against the Google style
[2.819s] -- Configured cpplint exclude dirs and/or files: 
[2.819s] -- Added test 'flake8' to check Python code syntax and style conventions
[2.820s] -- Added test 'lint_cmake' to check CMake code style
[2.821s] -- Added test 'pep257' to check Python code against some of the docstring style conventions in PEP 257
[2.823s] -- Added test 'uncrustify' to check C / C++ code style
[2.824s] -- Configured uncrustify additional arguments: 
[2.824s] -- Added test 'xmllint' to check XML markup files
[2.828s] -- Configuring done
[2.876s] -- Generating done
[2.887s] -- Build files have been written to: /home/eddy/ros2_ws/build/stereo_image_proc
[2.902s] Invoked command in '/home/eddy/ros2_ws/build/stereo_image_proc' returned '0': AMENT_PREFIX_PATH=/home/eddy/ros2_ws/install/image_proc:/home/eddy/ros2_ws/install/tracetools_image_pipeline:${AMENT_PREFIX_PATH} CMAKE_PREFIX_PATH=/home/eddy/ros2_ws/install/image_proc:/home/eddy/ros2_ws/install/tracetools_image_pipeline:/home/eddy/ros2_ws/install/scout_description:/home/eddy/ros2_ws/install/rplidar_ros:/opt/ros/humble LD_LIBRARY_PATH=/home/eddy/ros2_ws/install/image_proc/lib:/home/eddy/ros2_ws/install/tracetools_image_pipeline/lib:${LD_LIBRARY_PATH} PATH=/home/eddy/ros2_ws/install/image_proc/bin:${PATH} /usr/bin/cmake /home/eddy/ros2_ws/src/image_pipeline/stereo_image_proc -DCMAKE_INSTALL_PREFIX=/home/eddy/ros2_ws/install/stereo_image_proc
[2.903s] Invoking command in '/home/eddy/ros2_ws/build/stereo_image_proc': AMENT_PREFIX_PATH=/home/eddy/ros2_ws/install/image_proc:/home/eddy/ros2_ws/install/tracetools_image_pipeline:${AMENT_PREFIX_PATH} CMAKE_PREFIX_PATH=/home/eddy/ros2_ws/install/image_proc:/home/eddy/ros2_ws/install/tracetools_image_pipeline:/home/eddy/ros2_ws/install/scout_description:/home/eddy/ros2_ws/install/rplidar_ros:/opt/ros/humble LD_LIBRARY_PATH=/home/eddy/ros2_ws/install/image_proc/lib:/home/eddy/ros2_ws/install/tracetools_image_pipeline/lib:${LD_LIBRARY_PATH} PATH=/home/eddy/ros2_ws/install/image_proc/bin:${PATH} /usr/bin/cmake --build /home/eddy/ros2_ws/build/stereo_image_proc -- -j2 -l2
[2.968s] [ 12%] [32mBuilding CXX object CMakeFiles/stereo_image_proc.dir/src/stereo_image_proc/stereo_processor.cpp.o[0m
[4.617s] [ 25%] [32mBuilding CXX object CMakeFiles/stereo_image_proc.dir/src/stereo_image_proc/disparity_node.cpp.o[0m
[22.411s] [ 37%] [32mBuilding CXX object CMakeFiles/stereo_image_proc.dir/src/stereo_image_proc/point_cloud_node.cpp.o[0m
[42.112s] [ 50%] [32m[1mLinking CXX shared library libstereo_image_proc.so[0m
[44.162s] [ 50%] Built target stereo_image_proc
[44.188s] [ 62%] [32mBuilding CXX object CMakeFiles/disparity_node.dir/rclcpp_components/node_main_disparity_node.cpp.o[0m
[47.906s] [ 75%] [32m[1mLinking CXX executable disparity_node[0m
[48.030s] [ 75%] Built target disparity_node
[48.053s] [ 87%] [32mBuilding CXX object CMakeFiles/point_cloud_node.dir/rclcpp_components/node_main_point_cloud_node.cpp.o[0m
[51.166s] [100%] [32m[1mLinking CXX executable point_cloud_node[0m
[51.287s] [100%] Built target point_cloud_node
[51.300s] Invoked command in '/home/eddy/ros2_ws/build/stereo_image_proc' returned '0': AMENT_PREFIX_PATH=/home/eddy/ros2_ws/install/image_proc:/home/eddy/ros2_ws/install/tracetools_image_pipeline:${AMENT_PREFIX_PATH} CMAKE_PREFIX_PATH=/home/eddy/ros2_ws/install/image_proc:/home/eddy/ros2_ws/install/tracetools_image_pipeline:/home/eddy/ros2_ws/install/scout_description:/home/eddy/ros2_ws/install/rplidar_ros:/opt/ros/humble LD_LIBRARY_PATH=/home/eddy/ros2_ws/install/image_proc/lib:/home/eddy/ros2_ws/install/tracetools_image_pipeline/lib:${LD_LIBRARY_PATH} PATH=/home/eddy/ros2_ws/install/image_proc/bin:${PATH} /usr/bin/cmake --build /home/eddy/ros2_ws/build/stereo_image_proc -- -j2 -l2
[51.302s] Invoking command in '/home/eddy/ros2_ws/build/stereo_image_proc': AMENT_PREFIX_PATH=/home/eddy/ros2_ws/install/image_proc:/home/eddy/ros2_ws/install/tracetools_image_pipeline:${AMENT_PREFIX_PATH} CMAKE_PREFIX_PATH=/home/eddy/ros2_ws/install/image_proc:/home/eddy/ros2_ws/install/tracetools_image_pipeline:/home/eddy/ros2_ws/install/scout_description:/home/eddy/ros2_ws/install/rplidar_ros:/opt/ros/humble LD_LIBRARY_PATH=/home/eddy/ros2_ws/install/image_proc/lib:/home/eddy/ros2_ws/install/tracetools_image_pipeline/lib:${LD_LIBRARY_PATH} PATH=/home/eddy/ros2_ws/install/image_proc/bin:${PATH} /usr/bin/cmake --install /home/eddy/ros2_ws/build/stereo_image_proc
[51.310s] -- Install configuration: ""
[51.311s] -- Installing: /home/eddy/ros2_ws/install/stereo_image_proc/lib/stereo_image_proc/disparity_node
[51.311s] -- Set runtime path of "/home/eddy/ros2_ws/install/stereo_image_proc/lib/stereo_image_proc/disparity_node" to ""
[51.312s] -- Installing: /home/eddy/ros2_ws/install/stereo_image_proc/lib/stereo_image_proc/point_cloud_node
[51.313s] -- Set runtime path of "/home/eddy/ros2_ws/install/stereo_image_proc/lib/stereo_image_proc/point_cloud_node" to ""
[51.313s] -- Installing: /home/eddy/ros2_ws/install/stereo_image_proc/include
[51.314s] -- Installing: /home/eddy/ros2_ws/install/stereo_image_proc/include/stereo_image_proc
[51.314s] -- Installing: /home/eddy/ros2_ws/install/stereo_image_proc/include/stereo_image_proc/stereo_processor.hpp
[51.314s] -- Installing: /home/eddy/ros2_ws/install/stereo_image_proc/share/stereo_image_proc/environment/library_path.sh
[51.314s] -- Installing: /home/eddy/ros2_ws/install/stereo_image_proc/share/stereo_image_proc/environment/library_path.dsv
[51.314s] -- Installing: /home/eddy/ros2_ws/install/stereo_image_proc/lib/libstereo_image_proc.so
[51.324s] -- Set runtime path of "/home/eddy/ros2_ws/install/stereo_image_proc/lib/libstereo_image_proc.so" to ""
[51.324s] -- Installing: /home/eddy/ros2_ws/install/stereo_image_proc/share/stereo_image_proc/launch
[51.324s] -- Installing: /home/eddy/ros2_ws/install/stereo_image_proc/share/stereo_image_proc/launch/stereo_image_proc.launch.py
[51.325s] -- Installing: /home/eddy/ros2_ws/install/stereo_image_proc/share/ament_index/resource_index/package_run_dependencies/stereo_image_proc
[51.325s] -- Installing: /home/eddy/ros2_ws/install/stereo_image_proc/share/ament_index/resource_index/parent_prefix_path/stereo_image_proc
[51.325s] -- Installing: /home/eddy/ros2_ws/install/stereo_image_proc/share/stereo_image_proc/environment/ament_prefix_path.sh
[51.325s] -- Installing: /home/eddy/ros2_ws/install/stereo_image_proc/share/stereo_image_proc/environment/ament_prefix_path.dsv
[51.325s] -- Installing: /home/eddy/ros2_ws/install/stereo_image_proc/share/stereo_image_proc/environment/path.sh
[51.325s] -- Installing: /home/eddy/ros2_ws/install/stereo_image_proc/share/stereo_image_proc/environment/path.dsv
[51.326s] -- Installing: /home/eddy/ros2_ws/install/stereo_image_proc/share/stereo_image_proc/local_setup.bash
[51.326s] -- Installing: /home/eddy/ros2_ws/install/stereo_image_proc/share/stereo_image_proc/local_setup.sh
[51.326s] -- Installing: /home/eddy/ros2_ws/install/stereo_image_proc/share/stereo_image_proc/local_setup.zsh
[51.326s] -- Installing: /home/eddy/ros2_ws/install/stereo_image_proc/share/stereo_image_proc/local_setup.dsv
[51.326s] -- Installing: /home/eddy/ros2_ws/install/stereo_image_proc/share/stereo_image_proc/package.dsv
[51.327s] -- Installing: /home/eddy/ros2_ws/install/stereo_image_proc/share/ament_index/resource_index/packages/stereo_image_proc
[51.327s] -- Installing: /home/eddy/ros2_ws/install/stereo_image_proc/share/ament_index/resource_index/rclcpp_components/stereo_image_proc
[51.327s] -- Installing: /home/eddy/ros2_ws/install/stereo_image_proc/share/stereo_image_proc/cmake/ament_cmake_export_dependencies-extras.cmake
[51.327s] -- Installing: /home/eddy/ros2_ws/install/stereo_image_proc/share/stereo_image_proc/cmake/ament_cmake_export_include_directories-extras.cmake
[51.327s] -- Installing: /home/eddy/ros2_ws/install/stereo_image_proc/share/stereo_image_proc/cmake/ament_cmake_export_libraries-extras.cmake
[51.327s] -- Installing: /home/eddy/ros2_ws/install/stereo_image_proc/share/stereo_image_proc/cmake/stereo_image_procConfig.cmake
[51.327s] -- Installing: /home/eddy/ros2_ws/install/stereo_image_proc/share/stereo_image_proc/cmake/stereo_image_procConfig-version.cmake
[51.327s] -- Installing: /home/eddy/ros2_ws/install/stereo_image_proc/share/stereo_image_proc/package.xml
[51.331s] Invoked command in '/home/eddy/ros2_ws/build/stereo_image_proc' returned '0': AMENT_PREFIX_PATH=/home/eddy/ros2_ws/install/image_proc:/home/eddy/ros2_ws/install/tracetools_image_pipeline:${AMENT_PREFIX_PATH} CMAKE_PREFIX_PATH=/home/eddy/ros2_ws/install/image_proc:/home/eddy/ros2_ws/install/tracetools_image_pipeline:/home/eddy/ros2_ws/install/scout_description:/home/eddy/ros2_ws/install/rplidar_ros:/opt/ros/humble LD_LIBRARY_PATH=/home/eddy/ros2_ws/install/image_proc/lib:/home/eddy/ros2_ws/install/tracetools_image_pipeline/lib:${LD_LIBRARY_PATH} PATH=/home/eddy/ros2_ws/install/image_proc/bin:${PATH} /usr/bin/cmake --install /home/eddy/ros2_ws/build/stereo_image_proc
