[0.012s] Invoking command in '/home/eddy/ros2_ws/build/scout_description': CMAKE_PREFIX_PATH=${CMAKE_PREFIX_PATH}:/opt/ros/humble /usr/bin/cmake --build /home/eddy/ros2_ws/build/scout_description -- -j2 -l2
[0.054s] Invoked command in '/home/eddy/ros2_ws/build/scout_description' returned '0': CMAKE_PREFIX_PATH=${CMAKE_PREFIX_PATH}:/opt/ros/humble /usr/bin/cmake --build /home/eddy/ros2_ws/build/scout_description -- -j2 -l2
[0.064s] Invoking command in '/home/eddy/ros2_ws/build/scout_description': CMAKE_PREFIX_PATH=${CMAKE_PREFIX_PATH}:/opt/ros/humble /usr/bin/cmake --install /home/eddy/ros2_ws/build/scout_description
[0.072s] -- Install configuration: ""
[0.072s] -- Up-to-date: /home/eddy/ros2_ws/install/scout_description/share/scout_description//launch
[0.072s] -- Up-to-date: /home/eddy/ros2_ws/install/scout_description/share/scout_description//launch/scout_base_description.launch.py
[0.072s] -- Installing: /home/eddy/ros2_ws/install/scout_description/share/scout_description//launch/robot_bringup.launch.py
[0.073s] -- Up-to-date: /home/eddy/ros2_ws/install/scout_description/share/scout_description//urdf
[0.073s] -- Up-to-date: /home/eddy/ros2_ws/install/scout_description/share/scout_description//urdf/scout_v2.urdf
[0.073s] -- Up-to-date: /home/eddy/ros2_ws/install/scout_description/share/scout_description//urdf/scout_v2.xacro
[0.074s] -- Up-to-date: /home/eddy/ros2_ws/install/scout_description/share/scout_description//urdf/scout_wheel_type1.xacro
[0.074s] -- Up-to-date: /home/eddy/ros2_ws/install/scout_description/share/scout_description//urdf/scout_wheel_type2.xacro
[0.074s] -- Up-to-date: /home/eddy/ros2_ws/install/scout_description/share/scout_description//urdf/generate_urdf.sh
[0.074s] -- Up-to-date: /home/eddy/ros2_ws/install/scout_description/share/scout_description//meshes
[0.074s] -- Up-to-date: /home/eddy/ros2_ws/install/scout_description/share/scout_description//meshes/hokuyo.dae
[0.074s] -- Up-to-date: /home/eddy/ros2_ws/install/scout_description/share/scout_description//meshes/base_link.dae
[0.074s] -- Up-to-date: /home/eddy/ros2_ws/install/scout_description/share/scout_description//meshes/wheel_type2.dae
[0.074s] -- Up-to-date: /home/eddy/ros2_ws/install/scout_description/share/scout_description//meshes/wheel_type1.dae
[0.074s] -- Up-to-date: /home/eddy/ros2_ws/install/scout_description/share/scout_description//meshes/base_link_full.dae
[0.074s] -- Up-to-date: /home/eddy/ros2_ws/install/scout_description/share/ament_index/resource_index/package_run_dependencies/scout_description
[0.074s] -- Up-to-date: /home/eddy/ros2_ws/install/scout_description/share/ament_index/resource_index/parent_prefix_path/scout_description
[0.074s] -- Up-to-date: /home/eddy/ros2_ws/install/scout_description/share/scout_description/environment/ament_prefix_path.sh
[0.074s] -- Up-to-date: /home/eddy/ros2_ws/install/scout_description/share/scout_description/environment/ament_prefix_path.dsv
[0.074s] -- Up-to-date: /home/eddy/ros2_ws/install/scout_description/share/scout_description/environment/path.sh
[0.074s] -- Up-to-date: /home/eddy/ros2_ws/install/scout_description/share/scout_description/environment/path.dsv
[0.074s] -- Up-to-date: /home/eddy/ros2_ws/install/scout_description/share/scout_description/local_setup.bash
[0.074s] -- Up-to-date: /home/eddy/ros2_ws/install/scout_description/share/scout_description/local_setup.sh
[0.074s] -- Up-to-date: /home/eddy/ros2_ws/install/scout_description/share/scout_description/local_setup.zsh
[0.075s] -- Up-to-date: /home/eddy/ros2_ws/install/scout_description/share/scout_description/local_setup.dsv
[0.075s] -- Installing: /home/eddy/ros2_ws/install/scout_description/share/scout_description/package.dsv
[0.076s] -- Up-to-date: /home/eddy/ros2_ws/install/scout_description/share/ament_index/resource_index/packages/scout_description
[0.076s] -- Up-to-date: /home/eddy/ros2_ws/install/scout_description/share/scout_description/cmake/scout_descriptionConfig.cmake
[0.076s] -- Up-to-date: /home/eddy/ros2_ws/install/scout_description/share/scout_description/cmake/scout_descriptionConfig-version.cmake
[0.076s] -- Up-to-date: /home/eddy/ros2_ws/install/scout_description/share/scout_description/package.xml
[0.079s] Invoked command in '/home/eddy/ros2_ws/build/scout_description' returned '0': CMAKE_PREFIX_PATH=${CMAKE_PREFIX_PATH}:/opt/ros/humble /usr/bin/cmake --install /home/eddy/ros2_ws/build/scout_description
