[0.017s] Invoking command in '/home/eddy/ros2_ws/build/tracetools_image_pipeline': CMAKE_PREFIX_PATH=${CMAKE_PREFIX_PATH}:/opt/ros/humble /usr/bin/cmake /home/eddy/ros2_ws/src/image_pipeline/tracetools_image_pipeline -DCMAKE_INSTALL_PREFIX=/home/eddy/ros2_ws/install/tracetools_image_pipeline
[0.177s] -- The C compiler identification is GNU 11.4.0
[0.306s] -- The CXX compiler identification is GNU 11.4.0
[0.321s] -- Detecting C compiler ABI info
[0.389s] -- Detecting C compiler ABI info - done
[0.395s] -- Check for working C compiler: /usr/bin/cc - skipped
[0.396s] -- Detecting C compile features
[0.397s] -- Detecting C compile features - done
[0.404s] -- Detecting CXX compiler ABI info
[0.476s] -- Detecting CXX compiler ABI info - done
[0.484s] -- Check for working CXX compiler: /usr/bin/c++ - skipped
[0.484s] -- Detecting CXX compile features
[0.484s] -- Detecting CXX compile features - done
[0.489s] -- Found ament_cmake_ros: 0.10.0 (/opt/ros/humble/share/ament_cmake_ros/cmake)
[0.649s] -- Found Python3: /usr/bin/python3 (found version "3.10.12") found components: Interpreter 
[0.770s] -- Found PkgConfig: /usr/bin/pkg-config (found version "0.29.2") 
[0.771s] -- Checking for module 'lttng-ust'
[0.776s] --   No package 'lttng-ust' found
[0.782s] -- Found ament_lint_auto: 0.12.14 (/opt/ros/humble/share/ament_lint_auto/cmake)
[0.885s] -- Added test 'copyright' to check source files copyright and LICENSE
[0.885s] -- Added test 'cppcheck' to perform static code analysis on C / C++ code
[0.885s] -- Configured cppcheck include dirs: 
[0.886s] -- Configured cppcheck exclude dirs and/or files: 
[0.887s] -- Added test 'cpplint' to check C / C++ code against the Google style
[0.887s] -- Configured cpplint exclude dirs and/or files: 
[0.889s] -- Added test 'lint_cmake' to check CMake code style
[0.891s] -- Added test 'uncrustify' to check C / C++ code style
[0.891s] -- Configured uncrustify additional arguments: 
[0.892s] -- Added test 'xmllint' to check XML markup files
[0.894s] -- Configuring done
[0.900s] -- Generating done
[0.903s] -- Build files have been written to: /home/eddy/ros2_ws/build/tracetools_image_pipeline
[0.906s] Invoked command in '/home/eddy/ros2_ws/build/tracetools_image_pipeline' returned '0': CMAKE_PREFIX_PATH=${CMAKE_PREFIX_PATH}:/opt/ros/humble /usr/bin/cmake /home/eddy/ros2_ws/src/image_pipeline/tracetools_image_pipeline -DCMAKE_INSTALL_PREFIX=/home/eddy/ros2_ws/install/tracetools_image_pipeline
[0.909s] Invoking command in '/home/eddy/ros2_ws/build/tracetools_image_pipeline': CMAKE_PREFIX_PATH=${CMAKE_PREFIX_PATH}:/opt/ros/humble /usr/bin/cmake --build /home/eddy/ros2_ws/build/tracetools_image_pipeline -- -j2 -l2
[0.954s] [ 20%] [32mBuilding CXX object CMakeFiles/tracetools_image_pipeline.dir/src/utils.cpp.o[0m
[0.964s] [ 40%] [32mBuilding C object CMakeFiles/tracetools_image_pipeline.dir/src/tracetools.c.o[0m
[1.086s] [ 60%] [32m[1mLinking CXX shared library libtracetools_image_pipeline.so[0m
[1.123s] [ 60%] Built target tracetools_image_pipeline
[1.146s] [ 80%] [32mBuilding C object CMakeFiles/status.dir/src/status.c.o[0m
[1.176s] [100%] [32m[1mLinking C executable status[0m
[1.216s] [100%] Built target status
[1.231s] Invoked command in '/home/eddy/ros2_ws/build/tracetools_image_pipeline' returned '0': CMAKE_PREFIX_PATH=${CMAKE_PREFIX_PATH}:/opt/ros/humble /usr/bin/cmake --build /home/eddy/ros2_ws/build/tracetools_image_pipeline -- -j2 -l2
[1.246s] Invoking command in '/home/eddy/ros2_ws/build/tracetools_image_pipeline': CMAKE_PREFIX_PATH=${CMAKE_PREFIX_PATH}:/opt/ros/humble /usr/bin/cmake --install /home/eddy/ros2_ws/build/tracetools_image_pipeline
[1.251s] -- Install configuration: ""
[1.251s] -- Installing: /home/eddy/ros2_ws/install/tracetools_image_pipeline/share/tracetools_image_pipeline/environment/library_path.sh
[1.253s] -- Installing: /home/eddy/ros2_ws/install/tracetools_image_pipeline/share/tracetools_image_pipeline/environment/library_path.dsv
[1.253s] -- Installing: /home/eddy/ros2_ws/install/tracetools_image_pipeline/lib/tracetools_image_pipeline/status
[1.253s] -- Set runtime path of "/home/eddy/ros2_ws/install/tracetools_image_pipeline/lib/tracetools_image_pipeline/status" to ""
[1.253s] -- Installing: /home/eddy/ros2_ws/install/tracetools_image_pipeline/include
[1.253s] -- Installing: /home/eddy/ros2_ws/install/tracetools_image_pipeline/include/tracetools_image_pipeline
[1.253s] -- Installing: /home/eddy/ros2_ws/install/tracetools_image_pipeline/include/tracetools_image_pipeline/tracetools.h
[1.253s] -- Installing: /home/eddy/ros2_ws/install/tracetools_image_pipeline/include/tracetools_image_pipeline/visibility_control.hpp
[1.253s] -- Installing: /home/eddy/ros2_ws/install/tracetools_image_pipeline/include/tracetools_image_pipeline/config.h
[1.253s] -- Installing: /home/eddy/ros2_ws/install/tracetools_image_pipeline/include/tracetools_image_pipeline/utils.hpp
[1.253s] -- Installing: /home/eddy/ros2_ws/install/tracetools_image_pipeline/lib/libtracetools_image_pipeline.so
[1.253s] -- Installing: /home/eddy/ros2_ws/install/tracetools_image_pipeline/share/ament_index/resource_index/package_run_dependencies/tracetools_image_pipeline
[1.253s] -- Installing: /home/eddy/ros2_ws/install/tracetools_image_pipeline/share/ament_index/resource_index/parent_prefix_path/tracetools_image_pipeline
[1.254s] -- Installing: /home/eddy/ros2_ws/install/tracetools_image_pipeline/share/tracetools_image_pipeline/environment/ament_prefix_path.sh
[1.254s] -- Installing: /home/eddy/ros2_ws/install/tracetools_image_pipeline/share/tracetools_image_pipeline/environment/ament_prefix_path.dsv
[1.254s] -- Installing: /home/eddy/ros2_ws/install/tracetools_image_pipeline/share/tracetools_image_pipeline/environment/path.sh
[1.254s] -- Installing: /home/eddy/ros2_ws/install/tracetools_image_pipeline/share/tracetools_image_pipeline/environment/path.dsv
[1.255s] -- Installing: /home/eddy/ros2_ws/install/tracetools_image_pipeline/share/tracetools_image_pipeline/local_setup.bash
[1.255s] -- Installing: /home/eddy/ros2_ws/install/tracetools_image_pipeline/share/tracetools_image_pipeline/local_setup.sh
[1.255s] -- Installing: /home/eddy/ros2_ws/install/tracetools_image_pipeline/share/tracetools_image_pipeline/local_setup.zsh
[1.256s] -- Installing: /home/eddy/ros2_ws/install/tracetools_image_pipeline/share/tracetools_image_pipeline/local_setup.dsv
[1.256s] -- Installing: /home/eddy/ros2_ws/install/tracetools_image_pipeline/share/tracetools_image_pipeline/package.dsv
[1.256s] -- Installing: /home/eddy/ros2_ws/install/tracetools_image_pipeline/share/ament_index/resource_index/packages/tracetools_image_pipeline
[1.256s] -- Installing: /home/eddy/ros2_ws/install/tracetools_image_pipeline/share/tracetools_image_pipeline/cmake/tracetools_image_pipeline_exportExport.cmake
[1.257s] -- Installing: /home/eddy/ros2_ws/install/tracetools_image_pipeline/share/tracetools_image_pipeline/cmake/tracetools_image_pipeline_exportExport-noconfig.cmake
[1.257s] -- Installing: /home/eddy/ros2_ws/install/tracetools_image_pipeline/share/tracetools_image_pipeline/cmake/ament_cmake_export_targets-extras.cmake
[1.259s] -- Installing: /home/eddy/ros2_ws/install/tracetools_image_pipeline/share/tracetools_image_pipeline/cmake/ament_cmake_export_include_directories-extras.cmake
[1.259s] -- Installing: /home/eddy/ros2_ws/install/tracetools_image_pipeline/share/tracetools_image_pipeline/cmake/ament_cmake_export_libraries-extras.cmake
[1.260s] -- Installing: /home/eddy/ros2_ws/install/tracetools_image_pipeline/share/tracetools_image_pipeline/cmake/tracetools_image_pipelineConfig.cmake
[1.260s] -- Installing: /home/eddy/ros2_ws/install/tracetools_image_pipeline/share/tracetools_image_pipeline/cmake/tracetools_image_pipelineConfig-version.cmake
[1.260s] -- Installing: /home/eddy/ros2_ws/install/tracetools_image_pipeline/share/tracetools_image_pipeline/package.xml
[1.264s] Invoked command in '/home/eddy/ros2_ws/build/tracetools_image_pipeline' returned '0': CMAKE_PREFIX_PATH=${CMAKE_PREFIX_PATH}:/opt/ros/humble /usr/bin/cmake --install /home/eddy/ros2_ws/build/tracetools_image_pipeline
