[0.049s] Invoking command in '/home/eddy/ros2_ws/build/tracetools_image_pipeline': CMAKE_PREFIX_PATH=/home/eddy/ros2_ws/install/scout_base:/home/eddy/ros2_ws/install/scout_robot:/home/eddy/ros2_ws/install/scout_navigation2:/home/eddy/ros2_ws/install/rfid_serial_node:/home/eddy/ros2_ws/install/my_nav2_controller:/home/eddy/ros2_ws/install/camera_calibration:/opt/ros/humble:/home/eddy/ros2_ws/install/ugv_sdk:/home/eddy/ros2_ws/install/image_pipeline:/home/eddy/ros2_ws/install/stereo_image_proc:/home/eddy/ros2_ws/install/image_proc:/home/eddy/ros2_ws/install/tracetools_image_pipeline:/home/eddy/ros2_ws/install/scout_msgs:/home/eddy/ros2_ws/install/scout_description:/home/eddy/ros2_ws/install/rplidar_ros:/home/eddy/ros2_ws/install/image_view:/home/eddy/ros2_ws/install/image_rotate:/home/eddy/ros2_ws/install/image_publisher:/home/eddy/ros2_ws/install/depth_image_proc VIRTUAL_ENV_PROMPT=(myvenv) /usr/bin/cmake --build /home/eddy/ros2_ws/build/tracetools_image_pipeline -- -j2 -l2
[0.241s] [ 60%] Built target tracetools_image_pipeline
[0.275s] [100%] Built target status
[0.430s] Invoked command in '/home/eddy/ros2_ws/build/tracetools_image_pipeline' returned '0': CMAKE_PREFIX_PATH=/home/eddy/ros2_ws/install/scout_base:/home/eddy/ros2_ws/install/scout_robot:/home/eddy/ros2_ws/install/scout_navigation2:/home/eddy/ros2_ws/install/rfid_serial_node:/home/eddy/ros2_ws/install/my_nav2_controller:/home/eddy/ros2_ws/install/camera_calibration:/opt/ros/humble:/home/eddy/ros2_ws/install/ugv_sdk:/home/eddy/ros2_ws/install/image_pipeline:/home/eddy/ros2_ws/install/stereo_image_proc:/home/eddy/ros2_ws/install/image_proc:/home/eddy/ros2_ws/install/tracetools_image_pipeline:/home/eddy/ros2_ws/install/scout_msgs:/home/eddy/ros2_ws/install/scout_description:/home/eddy/ros2_ws/install/rplidar_ros:/home/eddy/ros2_ws/install/image_view:/home/eddy/ros2_ws/install/image_rotate:/home/eddy/ros2_ws/install/image_publisher:/home/eddy/ros2_ws/install/depth_image_proc VIRTUAL_ENV_PROMPT=(myvenv) /usr/bin/cmake --build /home/eddy/ros2_ws/build/tracetools_image_pipeline -- -j2 -l2
[0.445s] Invoking command in '/home/eddy/ros2_ws/build/tracetools_image_pipeline': CMAKE_PREFIX_PATH=/home/eddy/ros2_ws/install/scout_base:/home/eddy/ros2_ws/install/scout_robot:/home/eddy/ros2_ws/install/scout_navigation2:/home/eddy/ros2_ws/install/rfid_serial_node:/home/eddy/ros2_ws/install/my_nav2_controller:/home/eddy/ros2_ws/install/camera_calibration:/opt/ros/humble:/home/eddy/ros2_ws/install/ugv_sdk:/home/eddy/ros2_ws/install/image_pipeline:/home/eddy/ros2_ws/install/stereo_image_proc:/home/eddy/ros2_ws/install/image_proc:/home/eddy/ros2_ws/install/tracetools_image_pipeline:/home/eddy/ros2_ws/install/scout_msgs:/home/eddy/ros2_ws/install/scout_description:/home/eddy/ros2_ws/install/rplidar_ros:/home/eddy/ros2_ws/install/image_view:/home/eddy/ros2_ws/install/image_rotate:/home/eddy/ros2_ws/install/image_publisher:/home/eddy/ros2_ws/install/depth_image_proc VIRTUAL_ENV_PROMPT=(myvenv) /usr/bin/cmake --install /home/eddy/ros2_ws/build/tracetools_image_pipeline
[0.457s] -- Install configuration: ""
[0.458s] -- Up-to-date: /home/eddy/ros2_ws/install/tracetools_image_pipeline/share/tracetools_image_pipeline/environment/library_path.sh
[0.459s] -- Up-to-date: /home/eddy/ros2_ws/install/tracetools_image_pipeline/share/tracetools_image_pipeline/environment/library_path.dsv
[0.459s] -- Up-to-date: /home/eddy/ros2_ws/install/tracetools_image_pipeline/lib/tracetools_image_pipeline/status
[0.460s] -- Up-to-date: /home/eddy/ros2_ws/install/tracetools_image_pipeline/include
[0.461s] -- Up-to-date: /home/eddy/ros2_ws/install/tracetools_image_pipeline/include/tracetools_image_pipeline
[0.461s] -- Up-to-date: /home/eddy/ros2_ws/install/tracetools_image_pipeline/include/tracetools_image_pipeline/tracetools.h
[0.462s] -- Up-to-date: /home/eddy/ros2_ws/install/tracetools_image_pipeline/include/tracetools_image_pipeline/visibility_control.hpp
[0.462s] -- Up-to-date: /home/eddy/ros2_ws/install/tracetools_image_pipeline/include/tracetools_image_pipeline/config.h
[0.462s] -- Up-to-date: /home/eddy/ros2_ws/install/tracetools_image_pipeline/include/tracetools_image_pipeline/utils.hpp
[0.462s] -- Up-to-date: /home/eddy/ros2_ws/install/tracetools_image_pipeline/lib/libtracetools_image_pipeline.so
[0.462s] -- Up-to-date: /home/eddy/ros2_ws/install/tracetools_image_pipeline/share/ament_index/resource_index/package_run_dependencies/tracetools_image_pipeline
[0.463s] -- Up-to-date: /home/eddy/ros2_ws/install/tracetools_image_pipeline/share/ament_index/resource_index/parent_prefix_path/tracetools_image_pipeline
[0.466s] -- Up-to-date: /home/eddy/ros2_ws/install/tracetools_image_pipeline/share/tracetools_image_pipeline/environment/ament_prefix_path.sh
[0.466s] -- Up-to-date: /home/eddy/ros2_ws/install/tracetools_image_pipeline/share/tracetools_image_pipeline/environment/ament_prefix_path.dsv
[0.466s] -- Up-to-date: /home/eddy/ros2_ws/install/tracetools_image_pipeline/share/tracetools_image_pipeline/environment/path.sh
[0.466s] -- Up-to-date: /home/eddy/ros2_ws/install/tracetools_image_pipeline/share/tracetools_image_pipeline/environment/path.dsv
[0.466s] -- Up-to-date: /home/eddy/ros2_ws/install/tracetools_image_pipeline/share/tracetools_image_pipeline/local_setup.bash
[0.466s] -- Up-to-date: /home/eddy/ros2_ws/install/tracetools_image_pipeline/share/tracetools_image_pipeline/local_setup.sh
[0.466s] -- Up-to-date: /home/eddy/ros2_ws/install/tracetools_image_pipeline/share/tracetools_image_pipeline/local_setup.zsh
[0.466s] -- Up-to-date: /home/eddy/ros2_ws/install/tracetools_image_pipeline/share/tracetools_image_pipeline/local_setup.dsv
[0.466s] -- Installing: /home/eddy/ros2_ws/install/tracetools_image_pipeline/share/tracetools_image_pipeline/package.dsv
[0.467s] -- Up-to-date: /home/eddy/ros2_ws/install/tracetools_image_pipeline/share/ament_index/resource_index/packages/tracetools_image_pipeline
[0.467s] -- Up-to-date: /home/eddy/ros2_ws/install/tracetools_image_pipeline/share/tracetools_image_pipeline/cmake/tracetools_image_pipeline_exportExport.cmake
[0.471s] -- Up-to-date: /home/eddy/ros2_ws/install/tracetools_image_pipeline/share/tracetools_image_pipeline/cmake/tracetools_image_pipeline_exportExport-noconfig.cmake
[0.471s] -- Up-to-date: /home/eddy/ros2_ws/install/tracetools_image_pipeline/share/tracetools_image_pipeline/cmake/ament_cmake_export_targets-extras.cmake
[0.471s] -- Up-to-date: /home/eddy/ros2_ws/install/tracetools_image_pipeline/share/tracetools_image_pipeline/cmake/ament_cmake_export_include_directories-extras.cmake
[0.471s] -- Up-to-date: /home/eddy/ros2_ws/install/tracetools_image_pipeline/share/tracetools_image_pipeline/cmake/ament_cmake_export_libraries-extras.cmake
[0.471s] -- Up-to-date: /home/eddy/ros2_ws/install/tracetools_image_pipeline/share/tracetools_image_pipeline/cmake/tracetools_image_pipelineConfig.cmake
[0.471s] -- Up-to-date: /home/eddy/ros2_ws/install/tracetools_image_pipeline/share/tracetools_image_pipeline/cmake/tracetools_image_pipelineConfig-version.cmake
[0.471s] -- Up-to-date: /home/eddy/ros2_ws/install/tracetools_image_pipeline/share/tracetools_image_pipeline/package.xml
[0.475s] Invoked command in '/home/eddy/ros2_ws/build/tracetools_image_pipeline' returned '0': CMAKE_PREFIX_PATH=/home/eddy/ros2_ws/install/scout_base:/home/eddy/ros2_ws/install/scout_robot:/home/eddy/ros2_ws/install/scout_navigation2:/home/eddy/ros2_ws/install/rfid_serial_node:/home/eddy/ros2_ws/install/my_nav2_controller:/home/eddy/ros2_ws/install/camera_calibration:/opt/ros/humble:/home/eddy/ros2_ws/install/ugv_sdk:/home/eddy/ros2_ws/install/image_pipeline:/home/eddy/ros2_ws/install/stereo_image_proc:/home/eddy/ros2_ws/install/image_proc:/home/eddy/ros2_ws/install/tracetools_image_pipeline:/home/eddy/ros2_ws/install/scout_msgs:/home/eddy/ros2_ws/install/scout_description:/home/eddy/ros2_ws/install/rplidar_ros:/home/eddy/ros2_ws/install/image_view:/home/eddy/ros2_ws/install/image_rotate:/home/eddy/ros2_ws/install/image_publisher:/home/eddy/ros2_ws/install/depth_image_proc VIRTUAL_ENV_PROMPT=(myvenv) /usr/bin/cmake --install /home/eddy/ros2_ws/build/tracetools_image_pipeline
