[0.010s] Invoking command in '/home/eddy/ros2_ws/build/image_view': CMAKE_PREFIX_PATH=${CMAKE_PREFIX_PATH}:/opt/ros/humble /usr/bin/cmake /home/eddy/ros2_ws/src/image_pipeline/image_view -DCMAKE_INSTALL_PREFIX=/home/eddy/ros2_ws/install/image_view
[0.064s] -- The C compiler identification is GNU 11.4.0
[0.123s] -- The CXX compiler identification is GNU 11.4.0
[0.130s] -- Detecting C compiler ABI info
[0.201s] -- Detecting C compiler ABI info - done
[0.210s] -- Check for working C compiler: /usr/bin/cc - skipped
[0.210s] -- Detecting C compile features
[0.211s] -- Detecting C compile features - done
[0.215s] -- Detecting CXX compiler ABI info
[0.303s] -- Detecting CXX compiler ABI info - done
[0.311s] -- Check for working CXX compiler: /usr/bin/c++ - skipped
[0.311s] -- Detecting CXX compile features
[0.312s] -- Detecting CXX compile features - done
[0.316s] -- Found ament_cmake_auto: 1.3.12 (/opt/ros/humble/share/ament_cmake_auto/cmake)
[0.473s] -- Found Python3: /usr/bin/python3 (found version "3.10.12") found components: Interpreter 
[0.689s] -- Found rosidl_generator_c: 3.1.7 (/opt/ros/humble/share/rosidl_generator_c/cmake)
[0.695s] -- Found rosidl_adapter: 3.1.7 (/opt/ros/humble/share/rosidl_adapter/cmake)
[0.705s] -- Found rosidl_generator_cpp: 3.1.7 (/opt/ros/humble/share/rosidl_generator_cpp/cmake)
[0.721s] -- Using all available rosidl_typesupport_c: rosidl_typesupport_fastrtps_c;rosidl_typesupport_introspection_c
[0.738s] -- Using all available rosidl_typesupport_cpp: rosidl_typesupport_fastrtps_cpp;rosidl_typesupport_introspection_cpp
[0.788s] -- Found rmw_implementation_cmake: 6.1.2 (/opt/ros/humble/share/rmw_implementation_cmake/cmake)
[0.791s] -- Found rmw_cyclonedds_cpp: 1.3.4 (/opt/ros/humble/share/rmw_cyclonedds_cpp/cmake)
[0.816s] -- Using RMW implementation 'rmw_cyclonedds_cpp' as default
[0.825s] -- Looking for pthread.h
[0.898s] -- Looking for pthread.h - found
[0.900s] -- Performing Test CMAKE_HAVE_LIBC_PTHREAD
[0.984s] -- Performing Test CMAKE_HAVE_LIBC_PTHREAD - Success
[0.985s] -- Found Threads: TRUE  
[1.241s] -- Found Boost: /usr/lib/x86_64-linux-gnu/cmake/Boost-1.74.0/BoostConfig.cmake (found version "1.74.0")  
[1.247s] -- Found OpenCV: /usr (found version "4.5.4") 
[1.267s] -- Found ament_lint_auto: 0.12.14 (/opt/ros/humble/share/ament_lint_auto/cmake)
[1.286s] [0mIn this package, headers install destination is set to `include` by ament_auto_package. It is recommended to install `include/image_view` instead and will be the default behavior of ament_auto_package from ROS 2 Kilted Kaiju. On distributions before Kilted, ament_auto_package behaves the same way when you use USE_SCOPED_HEADER_INSTALL_DIR option.[0m
[1.290s] -- Added test 'copyright' to check source files copyright and LICENSE
[1.291s] -- Added test 'cppcheck' to perform static code analysis on C / C++ code
[1.294s] -- Configured cppcheck include dirs: /home/eddy/ros2_ws/src/image_pipeline/image_view/include
[1.294s] -- Configured cppcheck exclude dirs and/or files: 
[1.295s] -- Added test 'cpplint' to check C / C++ code against the Google style
[1.295s] -- Configured cpplint exclude dirs and/or files: 
[1.295s] -- Added test 'lint_cmake' to check CMake code style
[1.296s] -- Added test 'uncrustify' to check C / C++ code style
[1.296s] -- Configured uncrustify additional arguments: 
[1.297s] -- Added test 'xmllint' to check XML markup files
[1.300s] -- Configuring done
[1.359s] -- Generating done
[1.379s] -- Build files have been written to: /home/eddy/ros2_ws/build/image_view
[1.390s] Invoked command in '/home/eddy/ros2_ws/build/image_view' returned '0': CMAKE_PREFIX_PATH=${CMAKE_PREFIX_PATH}:/opt/ros/humble /usr/bin/cmake /home/eddy/ros2_ws/src/image_pipeline/image_view -DCMAKE_INSTALL_PREFIX=/home/eddy/ros2_ws/install/image_view
[1.392s] Invoking command in '/home/eddy/ros2_ws/build/image_view': CMAKE_PREFIX_PATH=${CMAKE_PREFIX_PATH}:/opt/ros/humble /usr/bin/cmake --build /home/eddy/ros2_ws/build/image_view -- -j2 -l2
[1.455s] [  5%] [32mBuilding CXX object CMakeFiles/image_view_nodes.dir/src/disparity_view_node.cpp.o[0m
[11.552s] [ 10%] [32mBuilding CXX object CMakeFiles/image_view_nodes.dir/src/extract_images_node.cpp.o[0m
[16.754s] [ 15%] [32mBuilding CXX object CMakeFiles/image_view_nodes.dir/src/image_view_node.cpp.o[0m
[23.695s] [ 21%] [32mBuilding CXX object CMakeFiles/image_view_nodes.dir/src/image_saver_node.cpp.o[0m
[30.361s] [ 26%] [32mBuilding CXX object CMakeFiles/image_view_nodes.dir/src/stereo_view_node.cpp.o[0m
[45.455s] [ 31%] [32mBuilding CXX object CMakeFiles/image_view_nodes.dir/src/video_recorder_node.cpp.o[0m
[50.032s] [ 36%] [32m[1mLinking CXX shared library libimage_view_nodes.so[0m
[51.452s] [ 36%] Built target image_view_nodes
[51.477s] [ 42%] [32mBuilding CXX object CMakeFiles/disparity_view.dir/src/disparity_view.cpp.o[0m
[55.097s] [ 47%] [32m[1mLinking CXX executable disparity_view[0m
[55.999s] [ 47%] Built target disparity_view
[56.025s] [ 52%] [32mBuilding CXX object CMakeFiles/image_view.dir/src/image_view.cpp.o[0m
[60.864s] [ 57%] [32m[1mLinking CXX executable image_view[0m
[61.842s] [ 57%] Built target image_view
[61.870s] [ 63%] [32mBuilding CXX object CMakeFiles/stereo_view.dir/src/stereo_view.cpp.o[0m
[66.300s] [ 68%] [32m[1mLinking CXX executable stereo_view[0m
[67.190s] [ 68%] Built target stereo_view
[67.215s] [ 73%] [32mBuilding CXX object CMakeFiles/extract_images.dir/src/extract_images.cpp.o[0m
[70.906s] [ 78%] [32m[1mLinking CXX executable extract_images[0m
[71.743s] [ 78%] Built target extract_images
[71.768s] [ 84%] [32mBuilding CXX object CMakeFiles/image_saver.dir/src/image_saver.cpp.o[0m
[75.555s] [ 89%] [32m[1mLinking CXX executable image_saver[0m
[76.437s] [ 89%] Built target image_saver
[76.464s] [ 94%] [32mBuilding CXX object CMakeFiles/video_recorder.dir/src/video_recorder.cpp.o[0m
[80.176s] [100%] [32m[1mLinking CXX executable video_recorder[0m
[81.042s] [100%] Built target video_recorder
[81.055s] Invoked command in '/home/eddy/ros2_ws/build/image_view' returned '0': CMAKE_PREFIX_PATH=${CMAKE_PREFIX_PATH}:/opt/ros/humble /usr/bin/cmake --build /home/eddy/ros2_ws/build/image_view -- -j2 -l2
[81.062s] Invoking command in '/home/eddy/ros2_ws/build/image_view': CMAKE_PREFIX_PATH=${CMAKE_PREFIX_PATH}:/opt/ros/humble /usr/bin/cmake --install /home/eddy/ros2_ws/build/image_view
[81.069s] -- Install configuration: ""
[81.070s] -- Installing: /home/eddy/ros2_ws/install/image_view/include
[81.070s] -- Installing: /home/eddy/ros2_ws/install/image_view/include/image_view
[81.070s] -- Installing: /home/eddy/ros2_ws/install/image_view/include/image_view/extract_images_node.hpp
[81.070s] -- Installing: /home/eddy/ros2_ws/install/image_view/include/image_view/disparity_view_node.hpp
[81.071s] -- Installing: /home/eddy/ros2_ws/install/image_view/include/image_view/video_recorder_node.hpp
[81.071s] -- Installing: /home/eddy/ros2_ws/install/image_view/include/image_view/image_view_node.hpp
[81.071s] -- Installing: /home/eddy/ros2_ws/install/image_view/include/image_view/image_saver_node.hpp
[81.071s] -- Installing: /home/eddy/ros2_ws/install/image_view/include/image_view/stereo_view_node.hpp
[81.072s] -- Installing: /home/eddy/ros2_ws/install/image_view/share/image_view/environment/library_path.sh
[81.072s] -- Installing: /home/eddy/ros2_ws/install/image_view/share/image_view/environment/library_path.dsv
[81.073s] -- Installing: /home/eddy/ros2_ws/install/image_view/lib/libimage_view_nodes.so
[81.082s] -- Set runtime path of "/home/eddy/ros2_ws/install/image_view/lib/libimage_view_nodes.so" to ""
[81.083s] -- Installing: /home/eddy/ros2_ws/install/image_view/lib/image_view/disparity_view
[81.083s] -- Set runtime path of "/home/eddy/ros2_ws/install/image_view/lib/image_view/disparity_view" to ""
[81.084s] -- Installing: /home/eddy/ros2_ws/install/image_view/lib/image_view/image_view
[81.084s] -- Set runtime path of "/home/eddy/ros2_ws/install/image_view/lib/image_view/image_view" to ""
[81.084s] -- Installing: /home/eddy/ros2_ws/install/image_view/lib/image_view/stereo_view
[81.084s] -- Set runtime path of "/home/eddy/ros2_ws/install/image_view/lib/image_view/stereo_view" to ""
[81.085s] -- Installing: /home/eddy/ros2_ws/install/image_view/lib/image_view/extract_images
[81.085s] -- Set runtime path of "/home/eddy/ros2_ws/install/image_view/lib/image_view/extract_images" to ""
[81.086s] -- Installing: /home/eddy/ros2_ws/install/image_view/lib/image_view/image_saver
[81.086s] -- Set runtime path of "/home/eddy/ros2_ws/install/image_view/lib/image_view/image_saver" to ""
[81.086s] -- Installing: /home/eddy/ros2_ws/install/image_view/lib/image_view/video_recorder
[81.087s] -- Set runtime path of "/home/eddy/ros2_ws/install/image_view/lib/image_view/video_recorder" to ""
[81.087s] -- Installing: /home/eddy/ros2_ws/install/image_view/share/ament_index/resource_index/package_run_dependencies/image_view
[81.088s] -- Installing: /home/eddy/ros2_ws/install/image_view/share/ament_index/resource_index/parent_prefix_path/image_view
[81.088s] -- Installing: /home/eddy/ros2_ws/install/image_view/share/image_view/environment/ament_prefix_path.sh
[81.088s] -- Installing: /home/eddy/ros2_ws/install/image_view/share/image_view/environment/ament_prefix_path.dsv
[81.089s] -- Installing: /home/eddy/ros2_ws/install/image_view/share/image_view/environment/path.sh
[81.089s] -- Installing: /home/eddy/ros2_ws/install/image_view/share/image_view/environment/path.dsv
[81.089s] -- Installing: /home/eddy/ros2_ws/install/image_view/share/image_view/local_setup.bash
[81.090s] -- Installing: /home/eddy/ros2_ws/install/image_view/share/image_view/local_setup.sh
[81.091s] -- Installing: /home/eddy/ros2_ws/install/image_view/share/image_view/local_setup.zsh
[81.091s] -- Installing: /home/eddy/ros2_ws/install/image_view/share/image_view/local_setup.dsv
[81.092s] -- Installing: /home/eddy/ros2_ws/install/image_view/share/image_view/package.dsv
[81.093s] -- Installing: /home/eddy/ros2_ws/install/image_view/share/ament_index/resource_index/packages/image_view
[81.093s] -- Installing: /home/eddy/ros2_ws/install/image_view/share/ament_index/resource_index/rclcpp_components/image_view
[81.093s] -- Installing: /home/eddy/ros2_ws/install/image_view/share/image_view/cmake/ament_cmake_export_dependencies-extras.cmake
[81.094s] -- Installing: /home/eddy/ros2_ws/install/image_view/share/image_view/cmake/ament_cmake_export_include_directories-extras.cmake
[81.094s] -- Installing: /home/eddy/ros2_ws/install/image_view/share/image_view/cmake/ament_cmake_export_libraries-extras.cmake
[81.095s] -- Installing: /home/eddy/ros2_ws/install/image_view/share/image_view/cmake/image_viewConfig.cmake
[81.095s] -- Installing: /home/eddy/ros2_ws/install/image_view/share/image_view/cmake/image_viewConfig-version.cmake
[81.097s] -- Installing: /home/eddy/ros2_ws/install/image_view/share/image_view/package.xml
[81.101s] Invoked command in '/home/eddy/ros2_ws/build/image_view' returned '0': CMAKE_PREFIX_PATH=${CMAKE_PREFIX_PATH}:/opt/ros/humble /usr/bin/cmake --install /home/eddy/ros2_ws/build/image_view
