[0.022s] Invoking command in '/home/eddy/ros2_ws/build/image_view': CMAKE_PREFIX_PATH=/home/eddy/ros2_ws/install/scout_base:/home/eddy/ros2_ws/install/scout_navigation2:/home/eddy/ros2_ws/install/rfid_serial_node:/home/eddy/ros2_ws/install/my_nav2_controller:/home/eddy/ros2_ws/install/camera_calibration:/opt/ros/humble:/home/eddy/ros2_ws/install/ugv_sdk:/home/eddy/ros2_ws/install/image_pipeline:/home/eddy/ros2_ws/install/stereo_image_proc:/home/eddy/ros2_ws/install/image_proc:/home/eddy/ros2_ws/install/tracetools_image_pipeline:/home/eddy/ros2_ws/install/scout_msgs:/home/eddy/ros2_ws/install/scout_description:/home/eddy/ros2_ws/install/rplidar_ros:/home/eddy/ros2_ws/install/image_view:/home/eddy/ros2_ws/install/image_rotate:/home/eddy/ros2_ws/install/image_publisher:/home/eddy/ros2_ws/install/depth_image_proc /usr/bin/cmake --build /home/eddy/ros2_ws/build/image_view -- -j2 -l2
[0.112s] [35m[1mConsolidate compiler generated dependencies of target image_view_nodes[0m
[0.152s] [ 36%] Built target image_view_nodes
[0.189s] [35m[1mConsolidate compiler generated dependencies of target disparity_view[0m
[0.192s] [35m[1mConsolidate compiler generated dependencies of target image_view[0m
[0.224s] [ 47%] Built target disparity_view
[0.232s] [ 57%] Built target image_view
[0.259s] [35m[1mConsolidate compiler generated dependencies of target extract_images[0m
[0.260s] [35m[1mConsolidate compiler generated dependencies of target stereo_view[0m
[0.305s] [ 68%] Built target stereo_view
[0.311s] [ 78%] Built target extract_images
[0.330s] [35m[1mConsolidate compiler generated dependencies of target image_saver[0m
[0.347s] [35m[1mConsolidate compiler generated dependencies of target video_recorder[0m
[0.363s] [ 89%] Built target image_saver
[0.381s] [100%] Built target video_recorder
[0.404s] Invoked command in '/home/eddy/ros2_ws/build/image_view' returned '0': CMAKE_PREFIX_PATH=/home/eddy/ros2_ws/install/scout_base:/home/eddy/ros2_ws/install/scout_navigation2:/home/eddy/ros2_ws/install/rfid_serial_node:/home/eddy/ros2_ws/install/my_nav2_controller:/home/eddy/ros2_ws/install/camera_calibration:/opt/ros/humble:/home/eddy/ros2_ws/install/ugv_sdk:/home/eddy/ros2_ws/install/image_pipeline:/home/eddy/ros2_ws/install/stereo_image_proc:/home/eddy/ros2_ws/install/image_proc:/home/eddy/ros2_ws/install/tracetools_image_pipeline:/home/eddy/ros2_ws/install/scout_msgs:/home/eddy/ros2_ws/install/scout_description:/home/eddy/ros2_ws/install/rplidar_ros:/home/eddy/ros2_ws/install/image_view:/home/eddy/ros2_ws/install/image_rotate:/home/eddy/ros2_ws/install/image_publisher:/home/eddy/ros2_ws/install/depth_image_proc /usr/bin/cmake --build /home/eddy/ros2_ws/build/image_view -- -j2 -l2
[0.408s] Invoking command in '/home/eddy/ros2_ws/build/image_view': CMAKE_PREFIX_PATH=/home/eddy/ros2_ws/install/scout_base:/home/eddy/ros2_ws/install/scout_navigation2:/home/eddy/ros2_ws/install/rfid_serial_node:/home/eddy/ros2_ws/install/my_nav2_controller:/home/eddy/ros2_ws/install/camera_calibration:/opt/ros/humble:/home/eddy/ros2_ws/install/ugv_sdk:/home/eddy/ros2_ws/install/image_pipeline:/home/eddy/ros2_ws/install/stereo_image_proc:/home/eddy/ros2_ws/install/image_proc:/home/eddy/ros2_ws/install/tracetools_image_pipeline:/home/eddy/ros2_ws/install/scout_msgs:/home/eddy/ros2_ws/install/scout_description:/home/eddy/ros2_ws/install/rplidar_ros:/home/eddy/ros2_ws/install/image_view:/home/eddy/ros2_ws/install/image_rotate:/home/eddy/ros2_ws/install/image_publisher:/home/eddy/ros2_ws/install/depth_image_proc /usr/bin/cmake --install /home/eddy/ros2_ws/build/image_view
[0.422s] -- Install configuration: ""
[0.422s] -- Up-to-date: /home/eddy/ros2_ws/install/image_view/include
[0.422s] -- Up-to-date: /home/eddy/ros2_ws/install/image_view/include/image_view
[0.425s] -- Up-to-date: /home/eddy/ros2_ws/install/image_view/include/image_view/extract_images_node.hpp
[0.425s] -- Up-to-date: /home/eddy/ros2_ws/install/image_view/include/image_view/disparity_view_node.hpp
[0.425s] -- Up-to-date: /home/eddy/ros2_ws/install/image_view/include/image_view/video_recorder_node.hpp
[0.425s] -- Up-to-date: /home/eddy/ros2_ws/install/image_view/include/image_view/image_view_node.hpp
[0.425s] -- Up-to-date: /home/eddy/ros2_ws/install/image_view/include/image_view/image_saver_node.hpp
[0.426s] -- Up-to-date: /home/eddy/ros2_ws/install/image_view/include/image_view/stereo_view_node.hpp
[0.426s] -- Up-to-date: /home/eddy/ros2_ws/install/image_view/share/image_view/environment/library_path.sh
[0.426s] -- Up-to-date: /home/eddy/ros2_ws/install/image_view/share/image_view/environment/library_path.dsv
[0.427s] -- Up-to-date: /home/eddy/ros2_ws/install/image_view/lib/libimage_view_nodes.so
[0.430s] -- Up-to-date: /home/eddy/ros2_ws/install/image_view/lib/image_view/disparity_view
[0.431s] -- Up-to-date: /home/eddy/ros2_ws/install/image_view/lib/image_view/image_view
[0.434s] -- Up-to-date: /home/eddy/ros2_ws/install/image_view/lib/image_view/stereo_view
[0.436s] -- Up-to-date: /home/eddy/ros2_ws/install/image_view/lib/image_view/extract_images
[0.437s] -- Up-to-date: /home/eddy/ros2_ws/install/image_view/lib/image_view/image_saver
[0.440s] -- Up-to-date: /home/eddy/ros2_ws/install/image_view/lib/image_view/video_recorder
[0.444s] -- Up-to-date: /home/eddy/ros2_ws/install/image_view/share/ament_index/resource_index/package_run_dependencies/image_view
[0.444s] -- Up-to-date: /home/eddy/ros2_ws/install/image_view/share/ament_index/resource_index/parent_prefix_path/image_view
[0.444s] -- Up-to-date: /home/eddy/ros2_ws/install/image_view/share/image_view/environment/ament_prefix_path.sh
[0.444s] -- Up-to-date: /home/eddy/ros2_ws/install/image_view/share/image_view/environment/ament_prefix_path.dsv
[0.444s] -- Up-to-date: /home/eddy/ros2_ws/install/image_view/share/image_view/environment/path.sh
[0.444s] -- Up-to-date: /home/eddy/ros2_ws/install/image_view/share/image_view/environment/path.dsv
[0.444s] -- Up-to-date: /home/eddy/ros2_ws/install/image_view/share/image_view/local_setup.bash
[0.444s] -- Up-to-date: /home/eddy/ros2_ws/install/image_view/share/image_view/local_setup.sh
[0.444s] -- Up-to-date: /home/eddy/ros2_ws/install/image_view/share/image_view/local_setup.zsh
[0.445s] -- Up-to-date: /home/eddy/ros2_ws/install/image_view/share/image_view/local_setup.dsv
[0.445s] -- Installing: /home/eddy/ros2_ws/install/image_view/share/image_view/package.dsv
[0.447s] -- Up-to-date: /home/eddy/ros2_ws/install/image_view/share/ament_index/resource_index/packages/image_view
[0.447s] -- Up-to-date: /home/eddy/ros2_ws/install/image_view/share/ament_index/resource_index/rclcpp_components/image_view
[0.447s] -- Up-to-date: /home/eddy/ros2_ws/install/image_view/share/image_view/cmake/ament_cmake_export_dependencies-extras.cmake
[0.448s] -- Up-to-date: /home/eddy/ros2_ws/install/image_view/share/image_view/cmake/ament_cmake_export_include_directories-extras.cmake
[0.448s] -- Up-to-date: /home/eddy/ros2_ws/install/image_view/share/image_view/cmake/ament_cmake_export_libraries-extras.cmake
[0.448s] -- Up-to-date: /home/eddy/ros2_ws/install/image_view/share/image_view/cmake/image_viewConfig.cmake
[0.448s] -- Up-to-date: /home/eddy/ros2_ws/install/image_view/share/image_view/cmake/image_viewConfig-version.cmake
[0.449s] -- Up-to-date: /home/eddy/ros2_ws/install/image_view/share/image_view/package.xml
[0.451s] Invoked command in '/home/eddy/ros2_ws/build/image_view' returned '0': CMAKE_PREFIX_PATH=/home/eddy/ros2_ws/install/scout_base:/home/eddy/ros2_ws/install/scout_navigation2:/home/eddy/ros2_ws/install/rfid_serial_node:/home/eddy/ros2_ws/install/my_nav2_controller:/home/eddy/ros2_ws/install/camera_calibration:/opt/ros/humble:/home/eddy/ros2_ws/install/ugv_sdk:/home/eddy/ros2_ws/install/image_pipeline:/home/eddy/ros2_ws/install/stereo_image_proc:/home/eddy/ros2_ws/install/image_proc:/home/eddy/ros2_ws/install/tracetools_image_pipeline:/home/eddy/ros2_ws/install/scout_msgs:/home/eddy/ros2_ws/install/scout_description:/home/eddy/ros2_ws/install/rplidar_ros:/home/eddy/ros2_ws/install/image_view:/home/eddy/ros2_ws/install/image_rotate:/home/eddy/ros2_ws/install/image_publisher:/home/eddy/ros2_ws/install/depth_image_proc /usr/bin/cmake --install /home/eddy/ros2_ws/build/image_view
